   3.7813923805643485E-004
   6.5946340908198606E-004
   9.1792988961330712E-004
   1.1103301474164281E-003
   1.3726112119704507E-003
   1.6923082869591132E-003
   1.8334720533323245E-003
   2.2532945710184919E-003
   2.3836235042553112E-003
   2.6575447747016969E-003
   2.6656673279391654E-003
   2.8900149915587312E-003
   2.9509592456788297E-003
   3.0481534096337714E-003
   3.0768834676417156E-003
   3.1044337618239700E-003
   3.3155132660663373E-003
   3.3848839971076993E-003
   3.4297980761280626E-003
   3.5265938771067719E-003
   3.7392928756240129E-003
   3.7460881750478467E-003
   3.7909287438813396E-003
   3.8054797969947159E-003
   3.9522867399491074E-003
   4.1633222756414859E-003
   4.1637337930145622E-003
   4.1753199138495596E-003
   4.3688039010790847E-003
   4.4168566035255770E-003
   4.4751239689443277E-003
   4.5118794053973206E-003
   4.5668347892837543E-003
   4.7525082138207570E-003
   4.7617508263392014E-003
   4.8113054643836575E-003
   4.9586617529474974E-003
   4.9988325544534353E-003
   5.0665497715092532E-003
   5.1048419028010645E-003
   5.1660874203685210E-003
   5.2727850921425153E-003
   5.3770862388915191E-003
   5.4223580745851353E-003
   5.5862484509910859E-003
   5.5974357208666827E-003
   5.7071590111238265E-003
   5.7593323876954155E-003
   5.8593979583808440E-003
   5.9431648086444968E-003
   6.0774481709695485E-003
   6.1190336573205975E-003
   6.2701573514491356E-003
   6.3063496247335584E-003
   6.4278445796123853E-003
   6.4881789164346095E-003
   6.6273885368304652E-003
   6.6758171044471459E-003
   6.8225660448757710E-003
   6.8683339305977992E-003
   6.9878050770732563E-003
   7.0627039347573523E-003
   7.1632143524216381E-003
   7.2649456696393683E-003
   7.3446476944972645E-003
   7.4788851308542894E-003
   7.5300165970844527E-003
   7.6912108440895894E-003
   7.7398163645704685E-003
   7.9183710327505371E-003
   7.9550105604346399E-003
   8.1559477318818210E-003
   8.1773623317598423E-003
   8.3929434331409744E-003
   8.4187323871747072E-003
   8.6438850633132683E-003
   8.6632900912728336E-003
   8.9049203155122988E-003
   8.9139499455870679E-003
   9.1667935846210316E-003
   9.1798702935351820E-003
   9.4402949150930188E-003
   9.4497823495069324E-003
   9.7235744865766926E-003
   9.7253543566736059E-003
   1.0006934683221301E-002
   1.0015991078511130E-002
   1.0302185181748882E-002
   1.0309811637313121E-002
   1.0606979346602253E-002
   1.0608868184409537E-002
   1.0913900717294651E-002
   1.0920583184675025E-002
   1.1230133975460124E-002
   1.1237662761442658E-002
   1.1556046246682890E-002
   1.1559565228960133E-002
   1.1886686033384539E-002
   1.1891213835392373E-002
   1.2224463671578815E-002
   1.2230175526696412E-002
   1.2571641681660495E-002
   1.2574082168150119E-002
   1.2924541060969141E-002
   1.2926577797727833E-002
   1.3283935611903549E-002
   1.3286842323503025E-002
   1.3651462779309103E-002
   1.3653234505454132E-002
   1.4024909314992102E-002
   1.4027902634796518E-002
   1.4406184729114948E-002
   1.4408918557927959E-002
   1.4795322807621030E-002
   1.4796221329773561E-002
   1.5189469361484227E-002
   1.5192642854907894E-002
   1.5592033951700737E-002
   1.5594752821749743E-002
   1.6002502994275063E-002
   1.6003039337199650E-002
   1.6417889689986906E-002
   1.6420467927483213E-002
   1.6840953662548213E-002
   1.6844286738300008E-002
   1.7272359813392313E-002
   1.7273787981903131E-002
   1.7710069714666415E-002
   1.7711008498367032E-002
   1.8153396996533250E-002
   1.8156626798795712E-002
   1.8605140036584613E-002
   1.8607833148750096E-002
   1.9064755884150467E-002
   1.9065149655622164E-002
   1.9529707888677448E-002
   1.9531107312769632E-002
   2.0002532870129479E-002
   2.0003164262029065E-002
   2.0481922909927772E-002
   2.0482622776706684E-002
   2.0967924640877249E-002
   2.0969422920736489E-002
   2.1461549482585600E-002
   2.1462551210356451E-002
   2.1961842087370457E-002
   2.1962953715308438E-002
   2.2469282910364336E-002
   2.2470143997215988E-002
   2.2983880035281828E-002
   2.2984109331604753E-002
   2.3504523065715176E-002
   2.3505954825080368E-002
   2.4032510419032350E-002
   2.4034380244810593E-002
   2.4568195240083732E-002
   2.4569024910274122E-002
   2.5110289991891226E-002
   2.5111168451900947E-002
   2.5658930961706697E-002
   2.5660678234177059E-002
   2.6215104366662911E-002
   2.6216559289774698E-002
   2.6778702780383284E-002
   2.6778917085930089E-002
   2.7347998776551672E-002
   2.7349475314864945E-002
   2.7924855585675958E-002
   2.7926369559776034E-002
   2.8509313028676920E-002
   2.8509555122348072E-002
   2.9099789047057987E-002
   2.9100611460583625E-002
   2.9697623615192955E-002
   2.9698196453880225E-002
   3.0302373502515991E-002
   3.0302752114076990E-002
   3.0913662325366284E-002
   3.0914651327414215E-002
   3.1532437710660693E-002
   3.1532945209860774E-002
   3.2157877326025174E-002
   3.2158453443613837E-002
   3.2790397670408422E-002
   3.2790757971826914E-002
   3.3429867949018990E-002
   3.3429987595951588E-002
   3.4075858344321044E-002
   3.4076570491837814E-002
   3.4728797044562748E-002
   3.4730078344616250E-002
   3.5389222402339784E-002
   3.5389970138611740E-002
   3.6056533250661937E-002
   3.6056844092146156E-002
   3.6730213812340914E-002
   3.6731217035487061E-002
   3.7411100557811307E-002
   3.7412249931956416E-002
   3.8099397721103580E-002
   3.8099737858187183E-002
   3.8794011570679847E-002
   3.8794772643559940E-002
   3.9495709567013128E-002
   3.9496586502320519E-002
   4.0204707724751730E-002
   4.0204962234485192E-002
   4.0920137626837869E-002
   4.0920767157728258E-002
   4.1642731357885952E-002
   4.1643267947428765E-002
   4.2372336508872017E-002
   4.2372616677145494E-002
   4.3108550226226311E-002
   4.3109214967385914E-002
   4.3852088650620374E-002
   4.3852346100039859E-002
   4.4602306431307373E-002
   4.4602654410173775E-002
   4.5359567318241194E-002
   4.5359775651122078E-002
   4.6123709134876970E-002
   4.6123871074205791E-002
   4.6894645183823344E-002
   4.6895026657941957E-002
   4.7672363810754563E-002
   4.7673254109609042E-002
   4.8457400770256301E-002
   4.8458016597067693E-002
   4.9249451433344839E-002
   4.9249617546618232E-002
   5.0047974273413183E-002
   5.0048598779458463E-002
   5.0853523951523816E-002
   5.0854404625673567E-002
   5.1666405582639276E-002
   5.1666729756134899E-002
   5.2485869706434866E-002
   5.2486322675309824E-002
   5.3312268960052353E-002
   5.3312830552489851E-002
   5.4145835716530026E-002
   5.4146020691661523E-002
   5.4985993358800528E-002
   5.4986469221168316E-002
   5.5833227149063552E-002
   5.5833690194383133E-002
   5.6687489392285802E-002
   5.6687731201949268E-002
   5.7548456610144662E-002
   5.7548915162475518E-002
   5.8416616127662017E-002
   5.8416754482454411E-002
   5.9291493036465748E-002
   5.9291723619196879E-002
   6.0173375876727074E-002
   6.0173533836487519E-002
   6.1062137853397203E-002
   6.1062311477811076E-002
   6.1957811936594907E-002
   6.1958023191880096E-002
   6.2860216032194646E-002
   6.2860851122860537E-002
   6.3769822083995925E-002
   6.3770322846573496E-002
   6.4686452077716519E-002
   6.4686615822306823E-002
   6.5609710754309353E-002
   6.5610125400334243E-002
   6.6539882335322015E-002
   6.6540566869977488E-002
   6.7477312371388834E-002
   6.7477594622591480E-002
   6.8421450693704214E-002
   6.8421758331719817E-002
   6.9372478359411030E-002
   6.9372876801322370E-002
   7.0330610157891382E-002
   7.0330735143115830E-002
   7.1295409625093148E-002
   7.1295769595649677E-002
   7.2267234644815423E-002
   7.2267621885720210E-002
   7.3246083068894088E-002
   7.3246294129142367E-002
   7.4231706789612287E-002
   7.4232034138494260E-002
   7.5224433161387785E-002
   7.5224514425651534E-002
   7.6223916922815160E-002
   7.6224080028123184E-002
   7.7230377039893272E-002
   7.7230511892026579E-002
   7.8243725441941234E-002
   7.8243897852782573E-002
   7.9264043211361393E-002
   7.9264156602841584E-002
   8.0291076872070377E-002
   8.0291541651916196E-002
   8.1325234218806747E-002
   8.1325644975535363E-002
   8.2366405268696152E-002
   8.2366576266191732E-002
   8.3414318285718242E-002
   8.3414607299183346E-002
   8.4469082772550122E-002
   8.4469628296767948E-002
   8.5531047071374711E-002
   8.5531290910195526E-002
   8.6599787647969398E-002
   8.6600018406240598E-002
   8.7675404087809730E-002
   8.7675711097159201E-002
   8.8758090759747596E-002
   8.8758174578529303E-002
   8.9847489993096066E-002
   8.9847766417232744E-002
   9.0943883247461707E-002
   9.0944204919237243E-002
   9.2047289153252956E-002
   9.2047471446735307E-002
   9.3157515383019876E-002
   9.3157758157333015E-002
   9.4274786413423642E-002
   9.4274840502445653E-002
   9.5398849552680853E-002
   9.5398971051699991E-002
   9.6529867972975067E-002
   9.6529986592007025E-002
   9.7667780301145327E-002
   9.7667948365868520E-002
   9.8812694905740767E-002
   9.8812747860968636E-002
   9.9964324832032922E-002
   9.9964672054484408E-002
  0.10112302436054568     
  0.10112336655167539     
  0.10228872634167971     
  0.10228889833044513     
  0.10346124485529880     
  0.10346145333929707     
  0.10464058240441609     
  0.10464102890270045     
  0.10582707488985127     
  0.10582728912981745     
  0.10702038565248198     
  0.10702057052994504     
  0.10822056819720889     
  0.10822081952211116     
  0.10942780062774031     
  0.10942785798532237     
  0.11064177610562199     
  0.11064199271385743     
  0.11186272499446819     
  0.11186299319429176     
  0.11309067507624047     
  0.11309083164635803     
  0.11432547329259081     
  0.11432566102505366     
  0.11556727944443096     
  0.11556732148766374     
  0.11681590563207009     
  0.11681600086144946     
  0.11807147308791240     
  0.11807157789640740     
  0.11933393507211676     
  0.11933409925562123     
  0.12060341513305826     
  0.12060344129250426     
  0.12187962704218788     
  0.12187989025145834     
  0.12316286329817858     
  0.12316315357763935     
  0.12445309239201201     
  0.12445326266568003     
  0.12575018910748559     
  0.12575034276015690     
  0.12705408603700077     
  0.12705446115092206     
  0.12836510392041670     
  0.12836529711244316     
  0.12968296936031606     
  0.12968312395620249     
  0.13100770443425738     
  0.13100791954732316     
  0.13233947605487700     
  0.13233951696041807     
  0.13367801351897632     
  0.13367818688508135     
  0.13502351031933710     
  0.13502373572739187     
  0.13637599765757302     
  0.13637613229069173     
  0.13773534990806224     
  0.13773550213531124     
  0.13910168720522459     
  0.13910172510050223     
  0.14047486561081127     
  0.14047494507815736     
  0.14185497718191706     
  0.14185507000645170     
  0.14324197979449593     
  0.14324214196213564     
  0.14463599488987131     
  0.14463603943234499     
  0.14603679180338511     
  0.14603699309367982     
  0.14744456111071313     
  0.14744481234614609     
  0.14885931546430883     
  0.14885948445168740     
  0.15028097499630091     
  0.15028108930933121     
  0.15170942166354887     
  0.15170974487615460     
  0.15314496357353047     
  0.15314514305885440     
  0.15458737565489750     
  0.15458750887947431     
  0.15603665475741460     
  0.15603684544444463     
  0.15749296128512108     
  0.15749299233698785     
  0.15895605159439732     
  0.15895619320331431     
  0.16042609120081069     
  0.16042628245630594     
  0.16190311180086672     
  0.16190322840538932     
  0.16338700697932759     
  0.16338713742360947     
  0.16487787408756330     
  0.16487791214146783     
  0.16637559687040757     
  0.16637566878215959     
  0.16788024986479225     
  0.16788033281198333     
  0.16939178728858786     
  0.16939194998270105     
  0.17091032865587730     
  0.17091040072467695     
  0.17243570215197523     
  0.17243585686209872     
  0.17396800183804181     
  0.17396822432887732     
  0.17550728039416286     
  0.17550745037332371     
  0.17705349395090075     
  0.17705357889963691     
  0.17860648341454358     
  0.17860676893490990     
  0.18016654859442668     
  0.18016672068202613     
  0.18173350297222784     
  0.18173362063229764     
  0.18330732053753548     
  0.18330749476227282     
  0.18488815940867276     
  0.18488818493921619     
  0.18647579643857309     
  0.18647591432152208     
  0.18807037529930073     
  0.18807053918461852     
  0.18967192658595602     
  0.18967202893938154     
  0.19128035745109409     
  0.19128047640585885     
  0.19289575427789979     
  0.19289579518703490     
  0.19451801555599299     
  0.19451808676944229     
  0.19614720835445001     
  0.19614728409293361     
  0.19778327677383467     
  0.19778344303669956     
  0.19942634225038394     
  0.19942644211844990     
  0.20107628311048639     
  0.20107640301966956     
  0.20273311128226912     
  0.20273331382081106     
  0.20439691339381147     
  0.20439708782742202     
  0.20606767582070618     
  0.20606773870294809     
  0.20774520313977488     
  0.20774546181639653     
  0.20942979107294207     
  0.20942996145520446     
  0.21112128540852992     
  0.21112139181863468     
  0.21281963762712114     
  0.21281980139983139     
  0.21452500751313050     
  0.21452503039741480     
  0.21623718701337469     
  0.21623728688057517     
  0.21795630256768195     
  0.21795644437004325     
  0.21968238264917458     
  0.21968247439831706     
  0.22141534426900356     
  0.22141545993691031     
  0.22315527125215742     
  0.22315531714897938     
  0.22490206666191484     
  0.22490214295185909     
  0.22665579794895710     
  0.22665586990869943     
  0.22841639483981557     
  0.22841656827892876     
  0.23018398326564288     
  0.23018411209055434     
  0.23195848421735729     
  0.23195858035935105     
  0.23373984001888878     
  0.23374003078115857     
  0.23552816530939222     
  0.23552834864938829     
  0.23732347305483367     
  0.23732352104250726     
  0.23912553527268601     
  0.23912577589705208     
  0.24093464548751839     
  0.24093481969422698     
  0.24275067865356334     
  0.24275077747791615     
  0.24457356280163431     
  0.24457372119718154     
  0.24640346326192558     
  0.24640348550150751     
  0.24824018222362340     
  0.24824026822003753     
  0.25008383257611971     
  0.25008395643364856     
  0.25193443984034736     
  0.25193452462647464     
  0.25379192874413159     
  0.25379204806075767     
  0.25565638650595346     
  0.25565643950652256     
  0.25752771285141662     
  0.25752779922084534     
  0.25940598125654518     
  0.25940605374663689     
  0.26129110489186441     
  0.26129128990314693     
  0.26318321530988736     
  0.26318337609903214     
  0.26508226968110299     
  0.26508235516954826     
  0.26698815391939484     
  0.26698834123179555     
  0.26890100221266350     
  0.26890120002364559     
  0.27082085154592545     
  0.27082089461181663     
  0.27274744830559017     
  0.27274767856932114     
  0.27468108025197774     
  0.27468126413707411     
  0.27662165195404470     
  0.27662174675289991     
  0.27856906599478998     
  0.27856922381914423     
  0.28052349726484666     
  0.28052352042040762     
  0.28248475356660468     
  0.28248482877340175     
  0.28445293728582643     
  0.28445304647068781     
  0.28642807015615573     
  0.28642815178298237     
  0.28841008378037014     
  0.28841021310366166     
  0.29039907300794138     
  0.29039913557071512     
  0.29239492786086746     
  0.29239502914503507     
  0.29439773201686520     
  0.29439781017406341     
  0.29640738098398245     
  0.29640758314175802     
  0.29842401234835880     
  0.29842421042232836     
  0.30044761364638989     
  0.30044770448425179     
  0.30247802860616579     
  0.30247822164371974     
  0.30451539983704334     
  0.30451561920372355     
  0.30655978693111591     
  0.30655983763433636     
  0.30861091974401417     
  0.30861114704284126     
  0.31066907268601479     
  0.31066927301414671     
  0.31273418331913899     
  0.31273427800138354     
  0.31480612564232319     
  0.31480628799649485     
  0.31688508856006048     
  0.31688511406409303     
  0.31897088076144070     
  0.31897094753364913     
  0.32106359674851581     
  0.32106369388916772     
  0.32316325352507119     
  0.32316333613031251     
  0.32526978973641241     
  0.32526993561377676     
  0.32738331121308811     
  0.32738338649382109     
  0.32950369252173267     
  0.32950381418512337     
  0.33163103134614691     
  0.33163112103756054     
  0.33376520401999715     
  0.33376543071051723     
  0.33590635497842503     
  0.33590659872527434     
  0.33805449858742753     
  0.33805461071977444     
  0.34020944603616426     
  0.34020965556706739     
  0.34237134009452452     
  0.34237159038695636     
  0.34454026348047256     
  0.34454033253921645     
  0.34671593296674902     
  0.34671616521608811     
  0.34889860585068488     
  0.34889883110680808     
  0.35108825654254988     
  0.35108835582580727     
  0.35328472575208097     
  0.35328489866080370     
  0.35548822182938483     
  0.35548825122190958     
  0.35769854905088078     
  0.35769860924917268     
  0.35991579645040811     
  0.35991588370366739     
  0.36213997518190522     
  0.36214006343363431     
  0.36437103177853131     
  0.36437120191460676     
  0.36660908651672491     
  0.36660917885003125     
  0.36885399224895354     
  0.36885414136499467     
  0.37110586522146805     
  0.37110597325952227     
  0.37336455924647288     
  0.37336482071445870     
  0.37563022788079703     
  0.37563053012132908     
  0.37790291229736073     
  0.37790306030994397     
  0.38018239221056399     
  0.38018263165466265     
  0.38246880870997824     
  0.38246910291836439     
  0.38476226978879313     
  0.38476236620986343     
  0.38706247514071235     
  0.38706272180135798     
  0.38936966639324233     
  0.38936992803873777     
  0.39168385925991833     
  0.39168396924581866     
  0.39400485393818319     
  0.39400504523171903     
  0.39633288560204771     
  0.39633292076906501     
  0.39866774748135869     
  0.39866780263990359     
  0.40100952561737763     
  0.40100960480990044     
  0.40335822392177184     
  0.40335832336761490     
  0.40571379805408453     
  0.40571400267137625     
  0.40807638751525854     
  0.40807650319141686     
  0.41044581528605462     
  0.41044600191752473     
  0.41282222265459118     
  0.41282235762784525     
  0.41520543439044688     
  0.41520574554463802     
  0.41759561781442966     
  0.41759599828086358     
  0.41999284439040047     
  0.41999304437355495     
  0.42239685538352750     
  0.42239714268878115     
  0.42480779335525259     
  0.42480815045499942     
  0.42722579591141813     
  0.42722593020811733     
  0.42965053567036193     
  0.42965080929562510     
  0.43208224284713304     
  0.43208255745427293     
  0.43452098155497759     
  0.43452111062703674     
  0.43696649993658021     
  0.43696672069234016     
  0.43941907103151984     
  0.43941911453523030     
  0.44187846777227641     
  0.44187851922579763     
  0.44434477610012663     
  0.44434484884868769     
  0.44681799081151347     
  0.44681810860436288     
  0.44929807820252105     
  0.44929833222913285     
  0.45178520465714739     
  0.45178535329447789     
  0.45427915121737400     
  0.45427939071634710     
  0.45678009424303523     
  0.45678026823500523     
  0.45928781792928502     
  0.45928820164425066     
  0.46180251157366603     
  0.46180300155408011     
  0.46432428441560575     
  0.46432455872271650     
  0.46685282427760433     
  0.46685318553221644     
  0.46938828173248198     
  0.46938873108917495     
  0.47193083235284516     
  0.47193102003197229     
  0.47448010476340707     
  0.47448042370078547     
  0.47703632388897504     
  0.47703671708432072     
  0.47959961473805268     
  0.47959977526157382     
  0.48216965420072982     
  0.48216992138962184     
  0.48474677098379026     
  0.48474682664797553     
  0.48733070355332353     
  0.48733075255371139     
  0.48992154161650098     
  0.48992160945938612     
  0.49251926805933743     
  0.49251941446963010     
  0.49512386172322803     
  0.49512418880167031     
  0.49773552889908629     
  0.49773572609007505     
  0.50035398925248842     
  0.50035430660363622     
  0.50297947070113835     
  0.50297970258686453     
  0.50561169683387786     
  0.50561219043406835     
  0.50825089303520166     
  0.50825154461878141     
  0.51089721994612780     
  0.51089760449112653     
  0.51355028561237337     
  0.51355076234793284     
  0.51621025875388338     
  0.51621084893854263     
  0.51887736858278244     
  0.51887763539245157     
  0.52155117154993691     
  0.52155156522223722     
  0.52423189576133322     
  0.52423241016117794     
  0.52691974984935908     
  0.52691996172173761     
  0.52961430598933112     
  0.52961464782830103     
  0.53231597921861451     
  0.53231605325700693     
  0.53502444982381381     
  0.53502449766105253     
  0.53773981721326580     
  0.53773988175990362     
  0.54046204768261341     
  0.54046223923551295     
  0.54319113534558816     
  0.54319157608580904     
  0.54592734975655388     
  0.54592762261944527     
  0.54867031532967891     
  0.54867075430885393     
  0.55142034059712974     
  0.55142066290961422     
  0.55417705237191250     
  0.55417772158064194     
  0.55694073730019222     
  0.55694164343171271     
  0.55971163253979395     
  0.55971219128099237     
  0.56248921933511853     
  0.56248988451631265     
  0.56527370083483719     
  0.56527451901476544     
  0.56806538981627452     
  0.56806578261455876     
  0.57086372051263756     
  0.57086424104563960     
  0.57366893698724075     
  0.57366964992230818     
  0.57648137497397545     
  0.57648167377424786     
  0.57930043960744859     
  0.57930090768641118     
  0.58212668932824385     
  0.58212679287616598     
  0.58495970253972085     
  0.58495975077238194     
  0.58779959883777855     
  0.58779966206201628     
  0.59064631910998300     
  0.59064658580391627     
  0.59349987718216202     
  0.59350050840857460     
  0.59636065117701187     
  0.59636105146847374     
  0.59922810545618210     
  0.59922875039899870     
  0.60210268529490774     
  0.60210316050340718     
  0.60498384985199638     
  0.60498482257177522     
  0.60787199589318486     
  0.60787333935368826     
  0.61076748714145823     
  0.61076834706042582     
  0.61366958649670256     
  0.61367058412972042     
  0.61657856105518205     
  0.61657978140866787     
  0.61949486853951785     
  0.61949548245576525     
  0.62241772235577209     
  0.62241847383674842     
  0.62534740427273561     
  0.62534847304923313     
  0.62828446844327313     
  0.62828492649013690     
  0.63122802437425007     
  0.63122872519821649     
  0.63417889258974147     
  0.63417904791822766     
  0.63713645809636377     
  0.63713650916007258     
  0.64010088287556210     
  0.64010094764959491     
  0.64307206300027675     
  0.64307246717185385     
  0.64605003982596099     
  0.64605102695781358     
  0.64903539982080038     
  0.64903603983566427     
  0.65202730584977109     
  0.65202834241321306     
  0.65502646388478203     
  0.65502723010971553     
  0.65803200692284547     
  0.65803356982969474     
  0.66104455029489584     
  0.66104674506631045     
  0.66406469810965130     
  0.66406615149635795     
  0.66709129037913539     
  0.66709295258165391     
  0.67012472097614262     
  0.67012674910905112     
  0.67316573681209413     
  0.67316679745638819     
  0.67621310395000112     
  0.67621433159681066     
  0.67926718499342531     
  0.67926898686958626     
  0.68232897599246878     
  0.68232976864209260     
  0.68539698003820682     
  0.68539817550347981     
  0.68847257144203922     
  0.68847283116887581     
  0.69155471155686521     
  0.69155477260163289     
  0.69464366472054484     
  0.69464373765840937     
  0.69773922911395492     
  0.69773992768128235     
  0.70084148687538184     
  0.70084326244935657     
  0.70395150060986111     
  0.70395267706313658     
  0.70706775537243094     
  0.70706968480143073     
  0.71019155325971706     
  0.71019298804603548     
  0.71332126410397079     
  0.71332421678460989     
  0.71645801883658911     
  0.71646223617676597     
  0.71960298373684550     
  0.71960587894122974     
  0.72275400773482534     
  0.72275730885058320     
