   1.9475510617897424E-004
   1.9574149395089013E-004
   1.9649139647593764E-004
   1.9781010899320908E-004
   5.1719375641003649E-004
   5.1911307221373692E-004
   5.1969969164290721E-004
   5.2196380720652619E-004
   8.2116821885312339E-004
   8.2283008199669869E-004
   8.2634071552043593E-004
   8.2757220474641085E-004
   1.1070034540687597E-003
   1.1110140783590981E-003
   1.1145346573255711E-003
   1.1169348296734655E-003
   1.3924859104425911E-003
   1.3963056999636654E-003
   1.4025538533352353E-003
   1.4038747483091168E-003
   1.6591211397334806E-003
   1.6642351479281062E-003
   1.6687812796162944E-003
   1.6710387517385008E-003
   1.9208182733960405E-003
   1.9247376268877387E-003
   1.9329349940428969E-003
   1.9343588777207877E-003
   2.1397079116426852E-003
   2.1412428852070728E-003
   2.1867329149360213E-003
   2.1881779246624320E-003
   2.3292076046183014E-003
   2.3322860833344954E-003
   2.4318154935865669E-003
   2.4388024930301218E-003
   2.5540091236656410E-003
   2.5700107372751326E-003
   2.6631349790264816E-003
   2.6964552437565592E-003
   2.7724252357164757E-003
   2.8343468339145535E-003
   2.8766233103867849E-003
   2.9686108409470082E-003
   2.9994702008258396E-003
   3.1183332553412647E-003
   3.1290900370473424E-003
   3.2657059366996773E-003
   3.2811051783452733E-003
   3.4292180085879181E-003
   3.4360600347391984E-003
   3.5937452228550879E-003
   3.6073026977169968E-003
   3.7725391106313796E-003
   3.7809314978321834E-003
   3.9563967964463438E-003
   3.9652183801964945E-003
   4.1496798297024334E-003
   4.1556163998628225E-003
   4.3493667643227235E-003
   4.3547944246246605E-003
   4.5577550743723027E-003
   4.5602687915819312E-003
   4.7725635744009049E-003
   4.7741300722312615E-003
   4.9945837959027416E-003
   4.9954779687520733E-003
   5.2233645455712430E-003
   5.2246465875605882E-003
   5.4598707427877093E-003
   5.4605728804481557E-003
   5.7028453860552804E-003
   5.7044363238385395E-003
   5.9540886591369496E-003
   5.9543678196455705E-003
   6.2108406802510053E-003
   6.2130767262170757E-003
   6.4766639039758244E-003
   6.4769490439470258E-003
   6.7474646213453379E-003
   6.7500408988219159E-003
   7.0273489444835618E-003
   7.0282105477234517E-003
   7.3126021500210846E-003
   7.3151410052837516E-003
   7.6062669245893638E-003
   7.6077674679047701E-003
   7.9062504721132843E-003
   7.9081534706848949E-003
   8.2139482733321247E-003
   8.2148869532340674E-003
   8.5284861751838779E-003
   8.5288208087277821E-003
   8.8498185135395969E-003
   8.8499883808519832E-003
   9.1781489231062986E-003
   9.1781721093931092E-003
   9.5132610845570335E-003
   9.5135754536174351E-003
   9.8551902956460647E-003
   9.8561528537290145E-003
   1.0204869204252674E-002
   1.0204960100920526E-002
   1.0560428759252257E-002
   1.0561858849816258E-002
   1.0924089151793364E-002
   1.0924620102015441E-002
   1.1294264517932704E-002
   1.1294820135878382E-002
   1.1671690247647257E-002
   1.1671718678693450E-002
   1.2055309732738989E-002
   1.2056367246062788E-002
   1.2446835199067464E-002
   1.2447047138418982E-002
   1.2844453629774639E-002
   1.2845566509392265E-002
   1.3249808922511904E-002
   1.3250277094100574E-002
   1.3661552673605491E-002
   1.3662522613108749E-002
   1.4080709262389489E-002
   1.4081275494827806E-002
   1.4506655044360007E-002
   1.4507155050554704E-002
   1.4939701496404178E-002
   1.4939847057196918E-002
   1.5379524916225989E-002
   1.5379672227248920E-002
   1.5826329092657822E-002
   1.5826424194137580E-002
   1.6280056263807033E-002
   1.6280158140558623E-002
   1.6740707195513346E-002
   1.6740870970237080E-002
   1.7208265901503036E-002
   1.7208576551658337E-002
   1.7682943051403749E-002
   1.7683062024686072E-002
   1.8164050379238430E-002
   1.8165014607956526E-002
   1.8652873493797892E-002
   1.8653146396607086E-002
   1.9148329422567976E-002
   1.9148538021091826E-002
   1.9650775538415592E-002
   1.9650831359010818E-002
   2.0159794298886004E-002
   2.0160442846115404E-002
   2.0676293590855842E-002
   2.0676462983658994E-002
   2.1199279023528639E-002
   2.1199884923156231E-002
   2.1729592656181271E-002
   2.1729865607459931E-002
   2.2266580451156506E-002
   2.2267057867315195E-002
   2.2810719511470411E-002
   2.2810983765770766E-002
   2.3361743137400949E-002
   2.3361908914379188E-002
   2.3919736946026855E-002
   2.3919746936480649E-002
   2.4484522110140274E-002
   2.4484675876073368E-002
   2.5056354827342139E-002
   2.5056438770129530E-002
   2.5635104506256390E-002
   2.5635165467781541E-002
   2.6220776957044240E-002
   2.6220849498063765E-002
   2.6813381103975954E-002
   2.6813481293102581E-002
   2.7412924811705101E-002
   2.7413052354000780E-002
   2.8019161083000590E-002
   2.8019809414344524E-002
   2.8632846341800824E-002
   2.8632995273222515E-002
   2.9253248994264267E-002
   2.9253340762458748E-002
   2.9880585808374410E-002
   2.9880628918614094E-002
   3.0514635528936664E-002
   3.0515080653009168E-002
   3.1155981025558659E-002
   3.1156112549580645E-002
   3.1803986393479249E-002
   3.1804360076344372E-002
   3.2459151410306468E-002
   3.2459323140209960E-002
   3.3121102138836227E-002
   3.3121375263944292E-002
   3.3790106210213409E-002
   3.3790248522011866E-002
   3.4466023654703269E-002
   3.4466082515140141E-002
   3.5148846940432008E-002
   3.5148884499420989E-002
   3.5838554745058336E-002
   3.5838675517829884E-002
   3.6535271464086652E-002
   3.6535330889146685E-002
   3.7238907845600099E-002
   3.7238939591446620E-002
   3.7949466297173141E-002
   3.7949498974884345E-002
   3.8666965238904651E-002
   3.8666990372491140E-002
   3.9391355791841762E-002
   3.9391462426728766E-002
   4.0122548325616986E-002
   4.0123004674350878E-002
   4.0861035632578188E-002
   4.0861124010413960E-002
   4.1606296026142339E-002
   4.1606341818731032E-002
   4.2358478675975822E-002
   4.2358508859236976E-002
   4.3117441504614641E-002
   4.3117767076583512E-002
   4.3883599099376933E-002
   4.3883701658847085E-002
   4.4656506803065141E-002
   4.4656757076646743E-002
   4.5436491323134494E-002
   4.5436606499766267E-002
   4.6223314824917192E-002
   4.6223487591697032E-002
   4.7017146431074290E-002
   4.7017231104458997E-002
   4.7817902207037806E-002
   4.7817920820705885E-002
   4.8625548139162388E-002
   4.8625590635008993E-002
   4.9440116197326425E-002
   4.9440208457436442E-002
   5.0261669412546756E-002
   5.0261711131904252E-002
   5.1090145363908650E-002
   5.1090160960163139E-002
   5.1925543478076319E-002
   5.1925558410967215E-002
   5.2767881696625191E-002
   5.2767885430958686E-002
   5.3617108226639822E-002
   5.3617193709553507E-002
   5.4473185281615183E-002
   5.4473520992161260E-002
   5.5336461873769657E-002
   5.5336518123783901E-002
   5.6206548925311892E-002
   5.6206574042823046E-002
   5.7083557070565331E-002
   5.7083578084442019E-002
   5.7967383910594347E-002
   5.7967632587842155E-002
   5.8858342799756359E-002
   5.8858424093236744E-002
   5.9756104203092721E-002
   5.9756282044811107E-002
   6.0660896636434071E-002
   6.0660977871537139E-002
   6.1572557102326925E-002
   6.1572674490379960E-002
   6.2491201657824652E-002
   6.2491255783559685E-002
   6.3416774034283821E-002
   6.3416777948124989E-002
   6.4349237312775281E-002
   6.4349277844980415E-002
   6.5288637765058125E-002
   6.5288709143805981E-002
   6.6235008576362234E-002
   6.6235038597862603E-002
   6.7188304506592564E-002
   6.7188311388861652E-002
   6.8148523024983698E-002
   6.8148529997310442E-002
   6.9115671837414988E-002
   6.9115686659570810E-002
   7.0089731914232012E-002
   7.0089800355037618E-002
   7.1070659069546432E-002
   7.1070915248788599E-002
   7.2058723367953131E-002
   7.2058761204646188E-002
   7.3053624079248494E-002
   7.3053638880744703E-002
   7.4055447311146078E-002
   7.4055462154822768E-002
   7.5064113932530985E-002
   7.5064310127791620E-002
   7.6079870511443631E-002
   7.6079936177136528E-002
   7.7102462585640158E-002
   7.7102594716502368E-002
   7.8132058136285237E-002
   7.8132117737138573E-002
   7.9168539118825279E-002
   7.9168623241953201E-002
   8.0211990126724170E-002
   8.0212026605086889E-002
   8.1262365959484856E-002
   8.1262372989756901E-002
   8.2319645971955041E-002
   8.2319683010202260E-002
   8.3383865210587563E-002
   8.3383921588624510E-002
   8.4455045053404162E-002
   8.4455067313947946E-002
   8.5533151642182365E-002
   8.5533154013091292E-002
   8.6618181399933977E-002
   8.6618185237259226E-002
   8.7710138334842716E-002
   8.7710156944715789E-002
   8.8809018125931435E-002
   8.8809073430479335E-002
   8.9914777034998117E-002
   8.9914978421015798E-002
   9.1027630177915639E-002
   9.1027656762127374E-002
   9.2147338374608381E-002
   9.2147347592717171E-002
   9.3273970923910349E-002
   9.3273981606905781E-002
   9.4407463918140200E-002
   9.4407622695525009E-002
   9.5548017083566139E-002
   9.5548071102098148E-002
   9.6695427791263222E-002
   9.6695529427502522E-002
   9.7849824291697751E-002
   9.7849869406343812E-002
   9.9011117395598092E-002
   9.9011180204714735E-002
  0.10017937166602767     
  0.10017939724092603     
  0.10135454885947397     
  0.10135455873752151     
  0.10253664003876270     
  0.10253667361405021     
  0.10372567078979421     
  0.10372571626658546     
  0.10492165539937121     
  0.10492167238928359     
  0.10612456710682859     
  0.10612456872476830     
  0.10733440400068688     
  0.10733440717098931     
  0.10855116728194121     
  0.10855118650510891     
  0.10977485923065218     
  0.10977490443341964     
  0.11100543930306463     
  0.11100560149242578     
  0.11224308291092475     
  0.11224310224904542     
  0.11348759536921005     
  0.11348760136244111     
  0.11473903383383370     
  0.11473904167366816     
  0.11599734515132104     
  0.11599747632591084     
  0.11726269471879232     
  0.11726273990441818     
  0.11853491727336635     
  0.11853499765484456     
  0.11981411368423922     
  0.11981414869941549     
  0.12110021426652674     
  0.12110026270935695     
  0.12239327011461724     
  0.12239328857890373     
  0.12369324824606606     
  0.12369325927794539     
  0.12500014644565294     
  0.12500017701111588     
  0.12631398453854159     
  0.12631402194226848     
  0.12763477163459894     
  0.12763478494993630     
  0.12896248554993020     
  0.12896248820695660     
  0.13029712733030860     
  0.13029713066077658     
  0.13163869540927439     
  0.13163871386186821     
  0.13298719511867046     
  0.13298723247160207     
  0.13434258984803116     
  0.13434272309555081     
  0.13570502542516968     
  0.13570503989397459     
  0.13707434033535335     
  0.13707434436368068     
  0.13845058260167675     
  0.13845058848098687     
  0.13983370711030393     
  0.13983381735283967     
  0.14122385322962866     
  0.14122389160021054     
  0.14262088356890698     
  0.14262094860266653     
  0.14402487937381275     
  0.14402490710938212     
  0.14543578469970148     
  0.14543582305658392     
  0.14685364118384509     
  0.14685365479968981     
  0.14827841991700022     
  0.14827843124001422     
  0.14971012259741692     
  0.14971015067269380     
  0.15114876550405901     
  0.15114879681174059     
  0.15259435379819650     
  0.15259436448848920     
  0.15404686891811747     
  0.15404687225747604     
  0.15550631365697637     
  0.15550631732287562     
  0.15697268528791505     
  0.15697270239836711     
  0.15844599006400101     
  0.15844602122831888     
  0.15992619524810869     
  0.15992630654623441     
  0.16141342405200348     
  0.16141343513407858     
  0.16290754033927424     
  0.16290754311443328     
  0.16440858503029690     
  0.16440858956805665     
  0.16591651930658816     
  0.16591661330834268     
  0.16743146223401015     
  0.16743149526293719     
  0.16895329780572224     
  0.16895335143104517     
  0.17048209274501036     
  0.17048211508620001     
  0.17201780111971102     
  0.17201783215518737     
  0.17356045768954972     
  0.17356046787337603     
  0.17511003674375827     
  0.17511004794627874     
  0.17666654229379541     
  0.17666656835819114     
  0.17822998841090115     
  0.17823001503318617     
  0.17980037714280003     
  0.17980038591864650     
  0.18137769291012784     
  0.18137769658899869     
  0.18296193933729513     
  0.18296194341998021     
  0.18455311362391483     
  0.18455312919980502     
  0.18615122174433288     
  0.18615124795449831     
  0.18775623455580320     
  0.18775632882384036     
  0.18936825760074003     
  0.18936826626289355     
  0.19098717459831130     
  0.19098717654053302     
  0.19261302077391917     
  0.19261302443393041     
  0.19424576245560574     
  0.19424584361086369     
  0.19588550246344294     
  0.19588553124737529     
  0.19753214159837298     
  0.19753218653702861     
  0.19918573554387592     
  0.19918575379436573     
  0.20084624587231750     
  0.20084627144348519     
  0.20251370219382342     
  0.20251370987084577     
  0.20418808133941321     
  0.20418809224176596     
  0.20586938869723118     
  0.20586941316534463     
  0.20755763696931154     
  0.20755765993629074     
  0.20925282567461828     
  0.20925283303230929     
  0.21095494173127977     
  0.21095494553163582     
  0.21266398899590869     
  0.21266399358005753     
  0.21437996530346290     
  0.21437997933017811     
  0.21610287562712255     
  0.21610289781156017     
  0.21783269409767070     
  0.21783277489071720     
  0.21956951219179652     
  0.21956951909125255     
  0.22131322947259155     
  0.22131323083849755     
  0.22306387646071799     
  0.22306387961579677     
  0.22482142387545573     
  0.22482149470003659     
  0.22658596121743529     
  0.22658598658846515     
  0.22835740278648040     
  0.22835744097707208     
  0.23013579567925568     
  0.23013581076799869     
  0.23192110722884959     
  0.23192112862577904     
  0.23371336309151600     
  0.23371336889170072     
  0.23551254214349676     
  0.23551255268682808     
  0.23731865058486182     
  0.23731867380931862     
  0.23913170029468531     
  0.23913172037774053     
  0.24095168868219421     
  0.24095169498055710     
  0.24277860478619598     
  0.24277860857604766     
  0.24461245230348277     
  0.24461245747195651     
  0.24645323017229173     
  0.24645324271621824     
  0.24830094192000429     
  0.24830096078646433     
  0.25015556463946992     
  0.25015563458711082     
  0.25201717842445431     
  0.25201718402715917     
  0.25388569570947028     
  0.25388569665967459     
  0.25576114301227754     
  0.25576114597255700     
  0.25764349494844169     
  0.25764355734633654     
  0.25953282984815096     
  0.25953285245001045     
  0.26142907306535595     
  0.26142910592621987     
  0.26333226488324751     
  0.26333227749113497     
  0.26524237714949395     
  0.26524239529545562     
  0.26715943241310819     
  0.26715943678835230     
  0.26908341122604545     
  0.26908342141574709     
  0.27101432024126665     
  0.27101434252360723     
  0.27295217088752416     
  0.27295218868138843     
  0.27489695877121978     
  0.27489696428107852     
  0.27684867475529690     
  0.27684867845714528     
  0.27880732211534498     
  0.27880732794093055     
  0.28077290120306908     
  0.28077291236424856     
  0.28274541382880447     
  0.28274542992434326     
  0.28472483976189267     
  0.28472490084882041     
  0.28671124974680973     
  0.28671125439856066     
  0.28870456685230916     
  0.28870456749026246     
  0.29070481409560778     
  0.29070481711450508     
  0.29271196965227919     
  0.29271202509134914     
  0.29472610230112189     
  0.29472612264227271     
  0.29674714660580837     
  0.29674717520060873     
  0.29877513734559258     
  0.29877514798689953     
  0.30081004997273753     
  0.30081006554774037     
  0.30285190453216093     
  0.30285190783684729     
  0.30490068299968787     
  0.30490069287656701     
  0.30695639221906867     
  0.30695641382262179     
  0.30901904344147296     
  0.30901905942239744     
  0.31108863070170711     
  0.31108863563999328     
  0.31316514645075139     
  0.31316515002183087     
  0.31524859336060013     
  0.31524859990591247     
  0.31733897340676387     
  0.31733898329590182     
  0.31943628651921085     
  0.31943630027270520     
  0.32154051488984764     
  0.32154056864071417     
  0.32365172147815663     
  0.32365172544897269     
  0.32576983828063177     
  0.32576983868265780     
  0.32789488518343474     
  0.32789488846640247     
  0.33002684367489310     
  0.33002689330658630     
  0.33216577423372851     
  0.33216579272583391     
  0.33431161921754082     
  0.33431164436365640     
  0.33646440888404633     
  0.33646441796254350     
  0.33862412161673228     
  0.33862413513818018     
  0.34079077537166019     
  0.34079077793347379     
  0.34296435343458559     
  0.34296436306091105     
  0.34514486258117960     
  0.34514488374477742     
  0.34733231411204191     
  0.34733232868321062     
  0.34952670067326391     
  0.34952670522944063     
  0.35172801611213494     
  0.35172801953322325     
  0.35393626235781306     
  0.35393626967974789     
  0.35615144316177655     
  0.35615145188977076     
  0.35837355647500707     
  0.35837356822786809     
  0.36060258669113904     
  0.36060263429557121     
  0.36283859020194981     
  0.36283859371403970     
  0.36508150659670568     
  0.36508150686939733     
  0.36733135296099212     
  0.36733135669134215     
  0.36958811386160828     
  0.36958815860618910     
  0.37185184246358849     
  0.37185185945148824     
  0.37412248782419216     
  0.37412251016689957     
  0.37640007642177564     
  0.37640008427472293     
  0.37868458907499675     
  0.37868460095565720     
  0.38097604190192369     
  0.38097604409088598     
  0.38327441956332070     
  0.38327442901772224     
  0.38557972842087118     
  0.38557974937494893     
  0.38789198005108610     
  0.38789199358482696     
  0.39021116587023807     
  0.39021117023081137     
  0.39253728095825330     
  0.39253728422917855     
  0.39487032638012554     
  0.39487033453597437     
  0.39721030778684685     
  0.39721031546115809     
  0.39955722108841962     
  0.39955723111749075     
  0.40191105269193295     
  0.40191109509112000     
  0.40427185337719468     
  0.40427185662195420     
  0.40663956923239702     
  0.40663956958670405     
  0.40901421494345791     
  0.40901421932188886     
  0.41139577785786158     
  0.41139581847045070     
  0.41378430461180216     
  0.41378432040046148     
  0.41617975012344233     
  0.41617977019009234     
  0.41858213764582497     
  0.41858214458756221     
  0.42099145008630723     
  0.42099146068492949     
  0.42340770184308879     
  0.42340770408353207     
  0.42583087915897361     
  0.42583088853815670     
  0.42826098754697806     
  0.42826100853691329     
  0.43069803909862708     
  0.43069805198690431     
  0.43314202416267711     
  0.43314202853956624     
  0.43559293889297401     
  0.43559294203563653     
  0.43805078337100706     
  0.43805079242574907     
  0.44051556526151719     
  0.44051557198695968     
  0.44298727839141633     
  0.44298728692703426     
  0.44546591102424632     
  0.44546594897232289     
  0.44795150908284204     
  0.44795151223102508     
  0.45044402430658348     
  0.45044402491046703     
  0.45294346922150941     
  0.45294347451917605     
  0.45544983386872567     
  0.45544987100180950     
  0.45796315886389216     
  0.45796317374958523     
  0.46048340435999180     
  0.46048342260465464     
  0.46301059077292345     
  0.46301059715331722     
  0.46554470290720895     
  0.46554471259037233     
  0.46808575349760650     
  0.46808575618097353     
  0.47063373051868673     
  0.47063373994711855     
  0.47318863826627039     
  0.47318865959511464     
  0.47575048956562194     
  0.47575050229791432     
  0.47831927390098011     
  0.47831927857217299     
  0.48089498830367300     
  0.48089499137804226     
  0.48347763175231351     
  0.48347764178884062     
  0.48606721403756509     
  0.48606721992105273     
  0.48866372687419513     
  0.48866373411588709     
  0.49126716025527056     
  0.49126719436400168     
  0.49387755584358894     
  0.49387755905426395     
  0.49649487037901635     
  0.49649487135979903     
  0.49911911427833183     
  0.49911912092067290     
  0.50175028048248616     
  0.50175031477306409     
  0.50438840379990535     
  0.50438841811998536     
  0.50703344916767690     
  0.50703346601709420     
  0.50968543437663283     
  0.50968544067743915     
  0.51234434613896807     
  0.51234435538777923     
  0.51501019557224337     
  0.51501019903107970     
  0.51768297231208416     
  0.51768298196618734     
  0.52036267921595791     
  0.52036270133955354     
  0.52304933006244836     
  0.52304934336987385     
  0.52574291376522930     
  0.52574291914557236     
  0.52844342791381871     
  0.52844343106231573     
  0.53115087029079300     
  0.53115088142844691     
  0.53386525290891196     
  0.53386525806994722     
  0.53658656536014160     
  0.53658657149264488     
  0.53931479926980153     
  0.53931483004256953     
  0.54204999250713126     
  0.54204999594373737     
  0.54479210628246955     
  0.54479210783038279     
  0.54754114883490801     
  0.54754115756519650     
  0.55029711650643864     
  0.55029714876583291     
  0.55306003825583527     
  0.55306005249400403     
  0.55582988345043916     
  0.55582989937014093     
  0.55860666724405250     
  0.55860667424771993     
  0.56139037856511398     
  0.56139038819627085     
  0.56418102700649675     
  0.56418103162476585     
  0.56697860346223694     
  0.56697861362903212     
  0.56978310918802932     
  0.56978313296098693     
  0.57259455932136916     
  0.57259457447824191     
  0.57541294262880782     
  0.57541294941900645     
  0.57823825665496109     
  0.57823826020969438     
  0.58107049799490118     
  0.58107051043257008     
  0.58390968091527584     
  0.58390968550764655     
  0.58675579291415780     
  0.58675579812735401     
  0.58960882718285046     
  0.58960885504365068     
  0.59246881814966901     
  0.59246882201717133     
  0.59533573103609749     
  0.59533573351332991     
  0.59820957166029476     
  0.59820958391931478     
  0.60109034070335321     
  0.60109037247338026     
  0.60397806116251884     
  0.60397807621929156     
  0.60687270627089118     
  0.60687272189998942     
  0.60977428822119906     
  0.60977429733810995     
  0.61268279894896949     
  0.61268281059341967     
  0.61559824684525088     
  0.61559825328000950     
  0.61852062302539224     
  0.61852063426081472     
  0.62144992682171363     
  0.62144995422014282     
  0.62438617591781120     
  0.62438619546381535     
  0.62732935937550760     
  0.62732936894114477     
  0.63027947352693203     
  0.63027947825357999     
  0.63323651401831793     
  0.63323652816019982     
  0.63620049726788841     
  0.63620050152882723     
  0.63917140877522849     
  0.63917141329412674     
  0.64214924326777389     
  0.64214926859585220     
  0.64513403199573949     
  0.64513403663786006     
  0.64812574371433662     
  0.64812574791518007     
  0.65112438118234084     
  0.65112440016055340     
  0.65412995107932925     
  0.65412998650144250     
  0.65714247122217440     
  0.65714248921983420     
  0.66016191667355428     
  0.66016193319550776     
  0.66318829586733763     
  0.66318831003353229     
  0.66622160561702370     
  0.66622162290713671     
  0.66926185401042815     
  0.66926186374452146     
  0.67230902994970143     
  0.67230904358559118     
  0.67536312969108703     
  0.67536316621842218     
  0.67842417748032036     
  0.67842420736794007     
  0.68149216241240940     
  0.68149217797221295     
  0.68456707728585742     
  0.68456708503937147     
  0.68764891745949652     
  0.68764893439212638     
  0.69073770124909106     
  0.69073770563321935     
  0.69383341227146522     
  0.69383341641003760     
  0.69693604681424137     
  0.69693607003085445     
  0.70004563329166403     
  0.70004563951582888     
  0.70316214308451541     
  0.70316215112216029     
  0.70628557412665738     
  0.70628560847019217     
  0.70941594247448669     
  0.70941599488927720     
  0.71255326583725853     
  0.71255329298622228     
  0.71569751313771890     
  0.71569753364843414     
  0.71884868707951410     
  0.71884871430774433     
  0.72200679479764807     
  0.72200682777879477     
