   1.3354940516006601E-004
   1.3354941632035276E-004
   1.3854384795036875E-004
   1.3854385792231552E-004
   4.6575223089901057E-004
   4.6575223722749475E-004
   4.7330162595420674E-004
   4.7330163345054297E-004
   8.0553747544835283E-004
   8.0553748009714774E-004
   8.0640254898627594E-004
   8.0640255283359326E-004
   1.1305903571397361E-003
   1.1305903594461355E-003
   1.1438796339494717E-003
   1.1438796348981228E-003
   1.4377592179469086E-003
   1.4377592227888731E-003
   1.4698637080624417E-003
   1.4698637197196097E-003
   1.7093234272199738E-003
   1.7093234312124095E-003
   1.7729037790622862E-003
   1.7729038036707959E-003
   1.9445441511773472E-003
   1.9445441576078323E-003
   2.0737085779602479E-003
   2.0737086019807839E-003
   2.2339850634349539E-003
   2.2339850653608599E-003
   2.3981188058193278E-003
   2.3981188200395457E-003
   2.5699354475220027E-003
   2.5699354560048517E-003
   2.7478098133754754E-003
   2.7478098202464193E-003
   2.9306740595257670E-003
   2.9306740760580521E-003
   3.1180602554969142E-003
   3.1180602564007901E-003
   3.3095785384644511E-003
   3.3095785578917945E-003
   3.5047087844124604E-003
   3.5047087929364223E-003
   3.7033113651723350E-003
   3.7033113730838086E-003
   3.9049652439099142E-003
   3.9049652467707577E-003
   4.1095778781039902E-003
   4.1095778885347177E-003
   4.3168724331285437E-003
   4.3168724394466885E-003
   4.5266977755089935E-003
   4.5266977766950127E-003
   4.7389171524212801E-003
   4.7389171626420834E-003
   4.9533319426529679E-003
   4.9533319469392857E-003
   5.1698560994849017E-003
   5.1698561132086374E-003
   5.3883090504480329E-003
   5.3883090557434081E-003
   5.6085904787478436E-003
   5.6085904854744351E-003
   5.8305492301765766E-003
   5.8305492304011461E-003
   6.0540673541693750E-003
   6.0540673551140699E-003
   6.2789831757222546E-003
   6.2789831839981242E-003
   6.5051769612017862E-003
   6.5051769648923653E-003
   6.7324803540859332E-003
   6.7324803541389845E-003
   6.9607614029057610E-003
   6.9607614077289229E-003
   7.1898693839476851E-003
   7.1898693840722746E-003
   7.4196390480076781E-003
   7.4196390481460596E-003
   7.6499352060274963E-003
   7.6499352169322266E-003
   7.8805903563516702E-003
   7.8805903577357367E-003
   8.1114716277313273E-003
   8.1114716428973502E-003
   8.3424318984036926E-003
   8.3424319022002077E-003
   8.5733478196140609E-003
   8.5733478273227748E-003
   8.8040864525701923E-003
   8.8040864553611906E-003
   9.0345299284282504E-003
   9.0345299338760957E-003
   9.2645586909817484E-003
   9.2645586958557766E-003
   9.4940664520078120E-003
   9.4940664573715562E-003
   9.7229451479863040E-003
   9.7229451536995914E-003
   9.9510940793387636E-003
   9.9510940802516375E-003
   1.0178406543410359E-002
   1.0178406548900015E-002
   1.0404791783591822E-002
   1.0404791788979939E-002
   1.0630158656014880E-002
   1.0630158656146953E-002
   1.0854441759935647E-002
   1.0854441761143082E-002
   1.1077569090251481E-002
   1.1077569091284718E-002
   1.1299485803529376E-002
   1.1299485814739460E-002
   1.1520124361387917E-002
   1.1520124368935403E-002
   1.1739426173398168E-002
   1.1739426181843246E-002
   1.1957329886771825E-002
   1.1957329890725333E-002
   1.2173776935854306E-002
   1.2173776937391688E-002
   1.2388711849775823E-002
   1.2388711853646723E-002
   1.2602078974460860E-002
   1.2602078979067488E-002
   1.2813827536008430E-002
   1.2813827538595217E-002
   1.3023911159737875E-002
   1.3023911162320675E-002
   1.3232280186771887E-002
   1.3232280187451775E-002
   1.3438881079313656E-002
   1.3438881079904189E-002
   1.3643661797364127E-002
   1.3643661798483595E-002
   1.3846575439635129E-002
   1.3846575445264310E-002
   1.4047574432089319E-002
   1.4047574434850475E-002
   1.4246608413286881E-002
   1.4246608417004194E-002
   1.4443624118995160E-002
   1.4443624121409884E-002
   1.4638569701649090E-002
   1.4638569702649529E-002
   1.4831390344359145E-002
   1.4831390347491773E-002
   1.5022033660219945E-002
   1.5022033661765452E-002
   1.5210439198724343E-002
   1.5210439201717378E-002
   1.5396546743336355E-002
   1.5396546744053439E-002
   1.5580289836646541E-002
   1.5580289839182604E-002
   1.5761602695216068E-002
   1.5761602702981721E-002
   1.5940410485525074E-002
   1.5940410489449820E-002
   1.6116634199167069E-002
   1.6116634201355728E-002
   1.6290185691233545E-002
   1.6290185691728191E-002
   1.6460971563507020E-002
   1.6460971569596639E-002
   1.6628886073823040E-002
   1.6628886079320126E-002
   1.6793810253160443E-002
   1.6793810258468659E-002
   1.6955609469990068E-002
   1.6955609473480977E-002
   1.7114131014354758E-002
   1.7114131032314850E-002
   1.7269193899813979E-002
   1.7269194002447377E-002
   1.7420584288903380E-002
   1.7420584888536060E-002
   1.7568041038916959E-002
   1.7568044382692629E-002
   1.7711235890596581E-002
   1.7711253557821435E-002
   1.7849723145125927E-002
   1.7849811035174207E-002
   1.7982826851412257E-002
   1.7983234880515259E-002
   1.8109300120394141E-002
   1.8111042475681141E-002
   1.8226425184383624E-002
   1.8233070910242410E-002
   1.8329048906214368E-002
   1.8350160767842984E-002
   1.8414941582429536E-002
   1.8464759459235053E-002
   1.8496640118039309E-002
   1.8580425305496546E-002
   1.8591682791024123E-002
   1.8700241561661057E-002
   1.8703396139969231E-002
   1.8825721446235698E-002
   1.8826492206720873E-002
   1.8957048650127498E-002
   1.8957220530392775E-002
   1.9093831182649245E-002
   1.9093866758410499E-002
   1.9235578418713217E-002
   1.9235584913232406E-002
   1.9381863492434846E-002
   1.9381865038406918E-002
   1.9532346199132921E-002
   1.9532346503353289E-002
   1.9686754118686013E-002
   1.9686754277157888E-002
   1.9844867151215122E-002
   1.9844867368580290E-002
   2.0006503566501587E-002
   2.0006503667217186E-002
   2.0171510251461498E-002
   2.0171510563719217E-002
   2.0339757088660201E-002
   2.0339757411158527E-002
   2.0511131478959332E-002
   2.0511131618120571E-002
   2.0685534955444593E-002
   2.0685535143453913E-002
   2.0862881136774696E-002
   2.0862881356803514E-002
   2.1043093297822186E-002
   2.1043093483213659E-002
   2.1226102893431121E-002
   2.1226102962536356E-002
   2.1411848112417860E-002
   2.1411848419337142E-002
   2.1600273514660522E-002
   2.1600274031739818E-002
   2.1791328754647003E-002
   2.1791329182508250E-002
   2.1984967760391345E-002
   2.1984967940955152E-002
   2.2181148301880522E-002
   2.2181148380415235E-002
   2.2379831620745704E-002
   2.2379832013638433E-002
   2.2580982428938672E-002
   2.2580983003290370E-002
   2.2784568021120614E-002
   2.2784568375801489E-002
   2.2990557801571158E-002
   2.2990557916634347E-002
   2.3198923330782394E-002
   2.3198923625135700E-002
   2.3409638688855358E-002
   2.3409638918569002E-002
   2.3622679227082482E-002
   2.3622679503276706E-002
   2.3838022260143737E-002
   2.3838022351891940E-002
   2.4055646098737705E-002
   2.4055646379716199E-002
   2.4275530922290667E-002
   2.4275531314813772E-002
   2.4497658012444246E-002
   2.4497658236315830E-002
   2.4722009448058871E-002
   2.4722009676197382E-002
   2.4948568712929865E-002
   2.4948568829976318E-002
   2.5177319953321255E-002
   2.5177320136409179E-002
   2.5408248463646609E-002
   2.5408248645465963E-002
   2.5641340259019825E-002
   2.5641340313829714E-002
   2.5876581896458362E-002
   2.5876582064405171E-002
   2.6113961049036499E-002
   2.6113961104050114E-002
   2.6353465617151503E-002
   2.6353465714085304E-002
   2.6595084413300354E-002
   2.6595084476077498E-002
   2.6838806666502825E-002
   2.6838806685798917E-002
   2.7084622115392476E-002
   2.7084622185503684E-002
   2.7332521045138898E-002
   2.7332521258628003E-002
   2.7582494333148602E-002
   2.7582494521324517E-002
   2.7834533130408193E-002
   2.7834533183405348E-002
   2.8088628832086300E-002
   2.8088629024580935E-002
   2.8344773559799082E-002
   2.8344773863150013E-002
   2.8602959713424185E-002
   2.8602959958868118E-002
   2.8863179964485348E-002
   2.8863179977627156E-002
   2.9125426991638260E-002
   2.9125427217107640E-002
   2.9389694406582362E-002
   2.9389694644804919E-002
   2.9655975722191884E-002
   2.9655975896388635E-002
   2.9924264782787400E-002
   2.9924264814258091E-002
   3.0194555465216814E-002
   3.0194555717422841E-002
   3.0466842393752545E-002
   3.0466842659526417E-002
   3.0741120129297250E-002
   3.0741120214358986E-002
   3.1017383301966447E-002
   3.1017383319647377E-002
   3.1295626880429347E-002
   3.1295626985608588E-002
   3.1575846132098191E-002
   3.1575846314058124E-002
   3.1858036514438116E-002
   3.1858036587693365E-002
   3.2142193424181467E-002
   3.2142193502670502E-002
   3.2428312648468190E-002
   3.2428312700362824E-002
   3.2716390041704541E-002
   3.2716390074427608E-002
   3.3006421619683715E-002
   3.3006421661563659E-002
   3.3298403541078596E-002
   3.3298403645780759E-002
   3.3592332196644988E-002
   3.3592332255779782E-002
   3.3888203954465464E-002
   3.3888204007058241E-002
   3.4186015394202574E-002
   3.4186015455717839E-002
   3.4485763210374540E-002
   3.4485763283914048E-002
   3.4787444194405034E-002
   3.4787444307150514E-002
   3.5091055293361761E-002
   3.5091055405464082E-002
   3.5396593540872393E-002
   3.5396593582973535E-002
   3.5704055954562164E-002
   3.5704056061412130E-002
   3.6013439817680917E-002
   3.6013439989945120E-002
   3.6324742504739140E-002
   3.6324742611422732E-002
   3.6637961355529457E-002
   3.6637961380663220E-002
   3.6953093729156387E-002
   3.6953093903120161E-002
   3.7270137359212009E-002
   3.7270137572769424E-002
   3.7589089911184162E-002
   3.7589090008109879E-002
   3.7909949001373830E-002
   3.7909949026979112E-002
   3.8232712371925562E-002
   3.8232712465562271E-002
   3.8557377968704322E-002
   3.8557378094841083E-002
   3.8883943754830452E-002
   3.8883943801657404E-002
   3.9212407611514441E-002
   3.9212407682732008E-002
   3.9542767663164363E-002
   3.9542767714652198E-002
   3.9875022006679244E-002
   3.9875022019901396E-002
   4.0209168779245540E-002
   4.0209168794601499E-002
   4.0545206191610290E-002
   4.0545206270981606E-002
   4.0883132585168770E-002
   4.0883132656224085E-002
   4.1222946269425860E-002
   4.1222946291121387E-002
   4.1564645562923046E-002
   4.1564645605437198E-002
   4.1908228914223605E-002
   4.1908228993374680E-002
   4.2253694835047761E-002
   4.2253694877048407E-002
   4.2601041779304211E-002
   4.2601041824207840E-002
   4.2950268334066136E-002
   4.2950268354155413E-002
   4.3301373044949701E-002
   4.3301373109393686E-002
   4.3654354601684035E-002
   4.3654354667208337E-002
   4.4009211681900008E-002
   4.4009211693149697E-002
   4.4365942904820148E-002
   4.4365942984727839E-002
   4.4724547089903248E-002
   4.4724547210261673E-002
   4.5085023041453752E-002
   4.5085023121863368E-002
   4.5447369533049731E-002
   4.5447369568704807E-002
   4.5811585352191903E-002
   4.5811585450153777E-002
   4.6177669455403560E-002
   4.6177669558549128E-002
   4.6545620752397751E-002
   4.6545620792993035E-002
   4.6915438100875166E-002
   4.6915438162592006E-002
   4.7287120501429039E-002
   4.7287120589668788E-002
   4.7660666979932889E-002
   4.7660667025564922E-002
   4.8036076505175239E-002
   4.8036076531263766E-002
   4.8413348101042676E-002
   4.8413348163535687E-002
   4.8792480876375902E-002
   4.8792480943470710E-002
   4.9173473925084990E-002
   4.9173473954813966E-002
   4.9556326329844261E-002
   4.9556326338780876E-002
   4.9941037208485355E-002
   4.9941037246227650E-002
   5.0327605757001161E-002
   5.0327605793264923E-002
   5.0716031150486639E-002
   5.0716031158986985E-002
   5.1106312558855109E-002
   5.1106312568471188E-002
   5.1498449204191790E-002
   5.1498449234189274E-002
   5.1892440346971880E-002
   5.1892440368597435E-002
   5.2288285215097395E-002
   5.2288285253951322E-002
   5.2685983102316918E-002
   5.2685983142776782E-002
   5.3085533292692139E-002
   5.3085533332337231E-002
   5.3486935095108636E-002
   5.3486935129090009E-002
   5.3890187822024392E-002
   5.3890187868944082E-002
   5.4295290814137892E-002
   5.4295290891630509E-002
   5.4702243465105264E-002
   5.4702243515059375E-002
   5.5111045123909096E-002
   5.5111045132054712E-002
   5.5521695119426777E-002
   5.5521695184922643E-002
   5.5934192926398965E-002
   5.5934192998646097E-002
   5.6348537958813706E-002
   5.6348537986695146E-002
   5.6764729591336015E-002
   5.6764729628815958E-002
   5.7182767279454066E-002
   5.7182767350131683E-002
   5.7602650510297185E-002
   5.7602650569594439E-002
   5.8024378741219247E-002
   5.8024378760698360E-002
   5.8447951419225569E-002
   5.8447951431369501E-002
   5.8873368045922900E-002
   5.8873368058356745E-002
   5.9300628124599589E-002
   5.9300628139514269E-002
   5.9729731163717208E-002
   5.9729731189690480E-002
   6.0160676700090017E-002
   6.0160676716953160E-002
   6.0593464252401738E-002
   6.0593464268491756E-002
   6.1028093371430225E-002
   6.1028093379834170E-002
   6.1464563591187869E-002
   6.1464563623162390E-002
   6.1902874507364571E-002
   6.1902874528345385E-002
   6.2343025674898092E-002
   6.2343025684857875E-002
   6.2785016666960916E-002
   6.2785016682301534E-002
   6.3228847069606908E-002
   6.3228847115280068E-002
   6.3674516513593821E-002
   6.3674516551112600E-002
   6.4122024593233184E-002
   6.4122024610535788E-002
   6.4571370911548728E-002
   6.4571370922108698E-002
   6.5022555079670211E-002
   6.5022555122397879E-002
   6.5475576771416868E-002
   6.5475576800983343E-002
   6.5930435595657963E-002
   6.5930435627701206E-002
   6.6387131196074700E-002
   6.6387131252496970E-002
   6.6845663253543297E-002
   6.6845663302667516E-002
   6.7306031425409155E-002
   6.7306031443224223E-002
   6.7768235346271466E-002
   6.7768235375757546E-002
   6.8232274716130623E-002
   6.8232274749945546E-002
   6.8698149222475371E-002
   6.8698149241136264E-002
   6.9165858537427238E-002
   6.9165858552881057E-002
   6.9635402351491349E-002
   6.9635402382869735E-002
   7.0106780384941600E-002
   7.0106780411242589E-002
   7.0579992335860500E-002
   7.0579992352254387E-002
   7.1055037906807700E-002
   7.1055037927319778E-002
   7.1531916825365180E-002
   7.1531916844188803E-002
   7.2010628814518016E-002
   7.2010628826295400E-002
   7.2491173597904662E-002
   7.2491173607243026E-002
   7.2973550906262230E-002
   7.2973550924105957E-002
   7.3457760487060458E-002
   7.3457760507543060E-002
   7.3943802091675573E-002
   7.3943802094385475E-002
   7.4431675447911863E-002
   7.4431675454876570E-002
   7.4921380318513461E-002
   7.4921380333934307E-002
   7.5412916467895677E-002
   7.5412916484195971E-002
   7.5906283656170567E-002
   7.5906283671775585E-002
   7.6401481640520560E-002
   7.6401481674681582E-002
   7.6898510214031365E-002
   7.6898510243776974E-002
   7.7397369145653899E-002
   7.7397369162619800E-002
   7.7898058199169312E-002
   7.7898058228302244E-002
   7.8400577173315389E-002
   7.8400577211137454E-002
   7.8904925870763962E-002
   7.8904925885496566E-002
   7.9411104054648740E-002
   7.9411104073102784E-002
   7.9919111529270948E-002
   7.9919111562151132E-002
   8.0428948109708395E-002
   8.0428948137529988E-002
   8.0940613593979999E-002
   8.0940613608490655E-002
   8.1454107777351403E-002
   8.1454107794181552E-002
   8.1969430478118027E-002
   8.1969430497707843E-002
   8.2486581514165200E-002
   8.2486581529418387E-002
   8.3005560701280651E-002
   8.3005560708445114E-002
   8.3526367855731323E-002
   8.3526367859980272E-002
   8.4049002801322478E-002
   8.4049002808076964E-002
   8.4573465367508621E-002
   8.4573465377399556E-002
   8.5099755384403911E-002
   8.5099755398079818E-002
   8.5627872692666016E-002
   8.5627872695700991E-002
   8.6157817112732266E-002
   8.6157817121935598E-002
   8.6689588494473530E-002
   8.6689588504765824E-002
   8.7223186673317590E-002
   8.7223186692239163E-002
   8.7758611508685858E-002
   8.7758611513914661E-002
   8.8295862831317462E-002
   8.8295862833421057E-002
   8.8834940485520528E-002
   8.8834940506094515E-002
   8.9375844338932198E-002
   8.9375844369109156E-002
   8.9918574256232578E-002
   8.9918574267654636E-002
   9.0463130071573680E-002
   9.0463130082403920E-002
   9.1009511648086919E-002
   9.1009511669902524E-002
   9.1557718859986467E-002
   9.1557718880367678E-002
   9.2107751566125357E-002
   9.2107751584032518E-002
   9.2659609626848188E-002
   9.2659609654200559E-002
   9.3213292925312483E-002
   9.3213292945831541E-002
   9.3768801327772378E-002
   9.3768801335165963E-002
   9.4326134697355721E-002
   9.4326134705861861E-002
   9.4885292915836819E-002
   9.4885292927134116E-002
   9.5446275864797606E-002
   9.5446275872511074E-002
   9.6009083418628141E-002
   9.6009083426749672E-002
   9.6573715460331985E-002
   9.6573715469951957E-002
   9.7140171874391446E-002
   9.7140171884620388E-002
   9.7708452546157412E-002
   9.7708452556191774E-002
   9.8278557361630658E-002
   9.8278557373181280E-002
   9.8850486211065375E-002
   9.8850486223505327E-002
   9.9424238991340563E-002
   9.9424238992040295E-002
   9.9999815580277859E-002
   9.9999815586233040E-002
  0.10057721588184537     
  0.10057721589083067     
  0.10115643978994435     
  0.10115643980402621     
  0.10173748721203027     
  0.10173748721377240     
  0.10232035802961773     
  0.10232035803721440     
  0.10290505215564333     
  0.10290505216326329     
  0.10349156949041816     
  0.10349156949658408     
  0.10407990993272287     
  0.10407990994643956     
  0.10467007339012023     
  0.10467007341632174     
  0.10526205978236279     
  0.10526205980048550     
  0.10585586900912988     
  0.10585586901615729     
  0.10645150096982652     
  0.10645150098368120     
  0.10704895558748960     
  0.10704895560255993     
  0.10764823277588151     
  0.10764823278430935     
  0.10824933243956444     
  0.10824933245233240     
  0.10885225450135270     
  0.10885225451441846     
  0.10945699887724593     
  0.10945699888776057     
  0.11006356548380555     
  0.11006356549153136     
  0.11067195423992687     
  0.11067195424506483     
  0.11128216506588252     
  0.11128216506876715     
  0.11189419788146016     
  0.11189419788593359     
  0.11250805261266815     
  0.11250805261600097     
  0.11312372918047472     
  0.11312372918576315     
  0.11374122751229475     
  0.11374122751784517     
  0.11436054753259257     
  0.11436054754005795     
  0.11498168916971813     
  0.11498168917852172     
  0.11560465235559793     
  0.11560465235793783     
  0.11622943701252515     
  0.11622943701475699     
  0.11685604307034299     
  0.11685604307996160     
  0.11748447046592950     
  0.11748447047954180     
  0.11811471913612312     
  0.11811471914153494     
  0.11874678900358114     
  0.11874678901013225     
  0.11938068000371628     
  0.11938068001870512     
  0.12001639208060599     
  0.12001639209386591     
  0.12065392516804126     
  0.12065392517438181     
  0.12129327919286284     
  0.12129327920780929     
  0.12193445410627356     
  0.12193445411914829     
  0.12257744984305183     
  0.12257744985159774     
  0.12322226633890726     
  0.12322226634916993     
  0.12386890353886497     
  0.12386890354827555     
  0.12451736138586147     
  0.12451736138909852     
  0.12516763981750004     
  0.12516763981881152     
  0.12581973877744551     
  0.12581973878015487     
  0.12647365821128922     
  0.12647365821554160     
  0.12712939806387094     
  0.12712939806970949     
  0.12778695828159825     
  0.12778695828737438     
  0.12844633881136167     
  0.12844633881429082     
  0.12910753959699453     
  0.12910753960076563     
  0.12977056058765016     
  0.12977056059325492     
  0.13043540173133933     
  0.13043540174080176     
  0.13110206298178653     
  0.13110206298815913     
  0.13177054428612486     
  0.13177054428806817     
  0.13244084559117361     
  0.13244084559495778     
  0.13311296685010832     
  0.13311296685825322     
  0.13378690801960946     
  0.13378690802520429     
  0.13446266904692578     
  0.13446266905380161     
  0.13514024988717263     
  0.13514024989545345     
  0.13581965049724196     
  0.13581965050105968     
  0.13650087082508625     
  0.13650087083170229     
  0.13718391082657913     
  0.13718391084176787     
  0.13786877046575796     
  0.13786877047868590     
  0.13855544969677833     
  0.13855544970094977     
  0.13924394846836372     
  0.13924394847365276     
  0.13993426674332110     
  0.13993426674895373     
  0.14062640447977254     
  0.14062640448482636     
  0.14132036163509029     
  0.14132036164110176     
  0.14201613817022835     
  0.14201613817512301     
  0.14271373404382021     
  0.14271373404763688     
  0.14341314921513532     
  0.14341314921980708     
  0.14411438364646167     
  0.14411438365082013     
  0.14481743729941268     
  0.14481743730157029     
  0.14552231013423281     
  0.14552231013532915     
  0.14622900211215731     
  0.14622900211536036     
  0.14693751319884574     
  0.14693751320149345     
  0.14764784335584424     
  0.14764784335863693     
  0.14835999254698787     
  0.14835999255035220     
  0.14907396073475523     
  0.14907396074249080     
  0.14978974788929503     
  0.14978974789415794     
  0.15050735397256490     
  0.15050735397355383     
  0.15122677894548436     
  0.15122677895080433     
  0.15194802277795394     
  0.15194802278793521     
  0.15267108544049854     
  0.15267108544721292     
  0.15339596689462320     
  0.15339596690077484     
  0.15412266710815467     
  0.15412266711527139     
  0.15485118605073361     
  0.15485118605637313     
  0.15558152368887895     
  0.15558152369366893     
  0.15631367998828094     
  0.15631367999838358     
  0.15704765492481965     
  0.15704765493235515     
  0.15778344846479950     
  0.15778344846776127     
  0.15852106057471485     
  0.15852106057735313     
  0.15926049122645905     
  0.15926049122924169     
  0.16000174039157983     
  0.16000174039265075     
  0.16074480803891356     
  0.16074480804017899     
  0.16148969414050668     
  0.16148969414196210     
  0.16223639866788911     
  0.16223639866941325     
  0.16298492159157152     
  0.16298492159564454     
  0.16373526288574314     
  0.16373526289071538     
  0.16448742252314699     
  0.16448742252688170     
  0.16524140047635022     
  0.16524140047724184     
  0.16599719671493327     
  0.16599719671848251     
  0.16675481121523777     
  0.16675481122121560     
  0.16751424395284376     
  0.16751424395746975     
  0.16827549490093235     
  0.16827549490228741     
  0.16903856402978062     
  0.16903856403423625     
  0.16980345131857910     
  0.16980345132357363     
  0.17057015674194564     
  0.17057015674575182     
  0.17133868027257890     
  0.17133868027873117     
  0.17210902188854238     
  0.17210902189568858     
  0.17288118156722571     
  0.17288118157104057     
  0.17365515928038971     
  0.17365515928540409     
  0.17443095500612155     
  0.17443095501371800     
  0.17520856872420584     
  0.17520856872990101     
  0.17598800041016957     
  0.17598800041229803     
  0.17676925003789273     
  0.17676925004132676     
  0.17755231758904455     
  0.17755231759063619     
  0.17833720303871403     
  0.17833720304104900     
  0.17912390636571715     
  0.17912390636968514     
  0.17991242754987555     
  0.17991242755330947     
  0.18070276656942971     
  0.18070276657138323     
  0.18149492340130682     
  0.18149492340404763     
  0.18228889802560042     
  0.18228889802931825     
  0.18308469042339628     
  0.18308469042517506     
  0.18388230057228550     
  0.18388230057340724     
  0.18468172845080322     
  0.18468172845404704     
  0.18548297404164785     
  0.18548297404503528     
  0.18628603732531765     
  0.18628603732645729     
  0.18709091827883256     
  0.18709091828215085     
  0.18789761688483786     
  0.18789761689073881     
  0.18870613312663381     
  0.18870613313080817     
  0.18951646698356855     
  0.18951646698534078     
  0.19032861843395185     
  0.19032861843846388     
  0.19114258746249974     
  0.19114258746855389     
  0.19195837405195140     
  0.19195837405668528     
  0.19277597818230549     
  0.19277597818775810     
  0.19359539983785887     
  0.19359539984147761     
  0.19441663899955816     
  0.19441663900028167     
  0.19523969564437682     
  0.19523969564746707     
  0.19606456975889283     
  0.19606456976432751     
  0.19689126133802282     
  0.19689126134113946     
  0.19771977035669208     
  0.19771977035783003     
  0.19855009678636149     
  0.19855009678856742     
  0.19938224062065527     
  0.19938224062345744     
  0.20021620185648559     
  0.20021620185842987     
  0.20105198045109074     
  0.20105198045398326     
  0.20188957639092650     
  0.20188957639355501     
  0.20272898967010775     
  0.20272898967203806     
  0.20357022026949123     
  0.20357022027285651     
  0.20441326813414865     
  0.20441326813868760     
  0.20525813327022935     
  0.20525813327328035     
  0.20610481560304775     
  0.20610481560407257     
  0.20695331506836634     
  0.20695331507156273     
  0.20780363166178059     
  0.20780363166583782     
  0.20865576531530683     
  0.20865576531746355     
  0.20950971598530019     
  0.20950971598837054     
  0.21036548361690002     
  0.21036548362165877     
  0.21122306812686364     
  0.21122306813065408     
  0.21208246931419572     
  0.21208246931691579     
  0.21294368654478957     
  0.21294368654935522     
  0.21380671828852330     
  0.21380671829225342     
  0.21467156238772370     
  0.21467156239061883     
  0.21553822096839259     
  0.21553822097188430     
  0.21640670834945322     
  0.21640670835314249     
  0.21727703944489882     
  0.21727703944744162     
  0.21814914750700107     
  0.21814914750766326     
  0.21902298480142568     
  0.21902298480302665     
  0.21989829625473584     
  0.21989829625699259     
  0.22077480269105343     
  0.22077480269454061     
  0.22165039448632107     
  0.22165039449107463     
  0.22252185705910044     
  0.22252185706254551     
  0.22338996183708257     
  0.22338996183782578     
  0.22427433123045154     
  0.22427433123196491     
  0.22521538686029652     
  0.22521538686353240     
  0.22615162363690028     
  0.22615162364212923     
  0.22688031581055923     
  0.22688031581605697     
  0.22787312734555421     
  0.22787312734694379     
  0.22913574619056537     
  0.22913574619301338     
  0.23058609634652255     
  0.23058609634948171     
  0.23212269955319989     
  0.23212269955570286     
  0.23382592870305588     
  0.23382592870470717     
  0.23562536401164189     
  0.23562536401252968     
  0.23769993210200616     
  0.23769993210242202     
  0.23996635889295309     
  0.23996635889309825     
  0.24325702239923483     
  0.24325702239928812     
