   7.6527776802829181E-005
   7.6527778223429079E-005
   8.0231813242966321E-005
   8.0231813819065914E-005
   2.7605857033666909E-004
   2.7605857085019267E-004
   2.8417927140114821E-004
   2.8417927307341741E-004
   4.6958521054471340E-004
   4.6958521103683586E-004
   4.7569627102590762E-004
   4.7569627228615923E-004
   6.5475763126788221E-004
   6.5475763459187076E-004
   6.5698761256434467E-004
   6.5698761428186663E-004
   8.2501688162910807E-004
   8.2501688177159154E-004
   8.3855387079979124E-004
   8.3855387362810694E-004
   9.8870680873184257E-004
   9.8870680885542492E-004
   1.0141155314824504E-003
   1.0141155347855907E-003
   1.1435698397352641E-003
   1.1435698413648210E-003
   1.1828217856079172E-003
   1.1828217858048632E-003
   1.2777199447694190E-003
   1.2777199654651007E-003
   1.3426771804354062E-003
   1.3426771886270248E-003
   1.3479930775015607E-003
   1.3479932949510606E-003
   1.4359226054417493E-003
   1.4359228244148333E-003
   1.4900179413854695E-003
   1.4900179563588269E-003
   1.5358463768400644E-003
   1.5358465673580392E-003
   1.6084025335286519E-003
   1.6084025511921814E-003
   1.6499498524721685E-003
   1.6499499131815793E-003
   1.7206968587653506E-003
   1.7206969083071574E-003
   1.7816966664080600E-003
   1.7816966821848864E-003
   1.8487789410881821E-003
   1.8487790328136835E-003
   1.9176245884373379E-003
   1.9176245915417491E-003
   1.9866379313010223E-003
   1.9866380270896311E-003
   2.0576167016110032E-003
   2.0576167077648211E-003
   2.1286508533367994E-003
   2.1286509385675450E-003
   2.2002426782164386E-003
   2.2002427504840536E-003
   2.2718941491533312E-003
   2.2718944782819440E-003
   2.3431219000733974E-003
   2.3431233525544430E-003
   2.4138568554915758E-003
   2.4138633684688288E-003
   2.4833211781728334E-003
   2.4833499393420431E-003
   2.5512850779999003E-003
   2.5514095211082895E-003
   2.6167457267513025E-003
   2.6172620844419135E-003
   2.6786701631007627E-003
   2.6806767627204934E-003
   2.7345449375362199E-003
   2.7414298585866749E-003
   2.7816893564623375E-003
   2.8003337516721277E-003
   2.8228860166678448E-003
   2.8589480698331285E-003
   2.8677297073951852E-003
   2.9191096062952848E-003
   2.9215948885759568E-003
   2.9821040770961356E-003
   2.9826062178847355E-003
   3.0482403775309716E-003
   3.0484015864343183E-003
   3.1175838417763137E-003
   3.1176746860612399E-003
   3.1898653536155306E-003
   3.1899710208888633E-003
   3.2649348376065012E-003
   3.2649701167549745E-003
   3.3425534314988395E-003
   3.3425791835881391E-003
   3.4226157424341462E-003
   3.4226576766908856E-003
   3.5050541951704458E-003
   3.5050840036390920E-003
   3.5897770105087316E-003
   3.5898005063117271E-003
   3.6767251366915869E-003
   3.6767456718210835E-003
   3.7658438456331087E-003
   3.7658752704637895E-003
   3.8571161820297566E-003
   3.8571238669604419E-003
   3.9504712396462478E-003
   3.9504929544134804E-003
   4.0459089373351921E-003
   4.0459235341753262E-003
   4.1433940605711999E-003
   4.1434000783415513E-003
   4.2428964537650476E-003
   4.2429088304395852E-003
   4.3444082234364309E-003
   4.3444194157609807E-003
   4.4479076723974850E-003
   4.4479199769701981E-003
   4.5533790634939850E-003
   4.5533966698280718E-003
   4.6608156558124491E-003
   4.6608300244463993E-003
   4.7702006700137255E-003
   4.7702134917244985E-003
   4.8815209721028863E-003
   4.8815393593327960E-003
   4.9947759936016618E-003
   4.9947894939819564E-003
   5.1099515762823003E-003
   5.1099612184662864E-003
   5.2270359662598452E-003
   5.2270510853503604E-003
   5.3460330152716512E-003
   5.3460414730196817E-003
   5.4669271068251033E-003
   5.4669354912392706E-003
   5.5897159416009702E-003
   5.5897240518428884E-003
   5.7143955941160937E-003
   5.7144006851846865E-003
   5.8409579255515130E-003
   5.8409640202704231E-003
   5.9694009185011889E-003
   5.9694073559998905E-003
   6.0997206642454827E-003
   6.0997265917305749E-003
   6.2319123495693587E-003
   6.2319191691393352E-003
   6.3659734056333859E-003
   6.3659808603523486E-003
   6.5019008685370198E-003
   6.5019083518108832E-003
   6.6396910068364521E-003
   6.6396995678989559E-003
   6.7793432236860239E-003
   6.7793497251163676E-003
   6.9208520129944596E-003
   6.9208593374716831E-003
   7.0642171664375549E-003
   7.0642239750299722E-003
   7.2094370117146561E-003
   7.2094409945326369E-003
   7.3565058423890493E-003
   7.3565120824110033E-003
   7.5054258281053460E-003
   7.5054313195387131E-003
   7.6561943411509242E-003
   7.6561978322108575E-003
   7.8088076804146631E-003
   7.8088120484376654E-003
   7.9632662250674752E-003
   7.9632705259136630E-003
   8.1195683310847505E-003
   8.1195720389716630E-003
   8.2777119249331024E-003
   8.2777159701111318E-003
   8.4376963300489705E-003
   8.4377004699238162E-003
   8.5995201755468577E-003
   8.5995245360343340E-003
   8.7631824138041572E-003
   8.7631869843047185E-003
   8.9286824651602995E-003
   8.9286862938414632E-003
   9.0960183246858832E-003
   9.0960224908977552E-003
   9.2651901796278590E-003
   9.2651935228149091E-003
   9.4361960599432231E-003
   9.4361995996180437E-003
   9.6090358477383675E-003
   9.6090391773770312E-003
   9.7837089417566192E-003
   9.7837112870298986E-003
   9.9602133669991315E-003
   9.9602164187168225E-003
   1.0138549518964250E-002
   1.0138552771886859E-002
   1.0318716982161283E-002
   1.0318719431551581E-002
   1.0500713896648584E-002
   1.0500716997020206E-002
   1.0684540694181168E-002
   1.0684543841300234E-002
   1.0870196903411804E-002
   1.0870199301759795E-002
   1.1057681010131647E-002
   1.1057683816144873E-002
   1.1246993258828235E-002
   1.1246996117483333E-002
   1.1438133132620858E-002
   1.1438135750859262E-002
   1.1631099980777221E-002
   1.1631102442887488E-002
   1.1825893492123636E-002
   1.1825895625476453E-002
   1.2022512933638286E-002
   1.2022515194612171E-002
   1.2220958482424084E-002
   1.2220960175932863E-002
   1.2421229092255614E-002
   1.2421230855908906E-002
   1.2623324699417019E-002
   1.2623326573886028E-002
   1.2827245088877740E-002
   1.2827246853910844E-002
   1.3032989602517510E-002
   1.3032991694664561E-002
   1.3240558289035177E-002
   1.3240560417816735E-002
   1.3449950882150605E-002
   1.3449952688195196E-002
   1.3661166541865132E-002
   1.3661168771023215E-002
   1.3874205633927984E-002
   1.3874207751020657E-002
   1.4089067803734373E-002
   1.4089069457164372E-002
   1.4305752235547919E-002
   1.4305754202234872E-002
   1.4524259381491867E-002
   1.4524261052637197E-002
   1.4744588657315517E-002
   1.4744590131528556E-002
   1.4966739771639521E-002
   1.4966741288547870E-002
   1.5190712760647969E-002
   1.5190714064138860E-002
   1.5416507242575025E-002
   1.5416508434148067E-002
   1.5644123122695468E-002
   1.5644124103971587E-002
   1.5873559929829216E-002
   1.5873561171236252E-002
   1.6104817782302390E-002
   1.6104819159070864E-002
   1.6337896548172338E-002
   1.6337897855153879E-002
   1.6572795824890421E-002
   1.6572797331372627E-002
   1.6809515676879532E-002
   1.6809517205598996E-002
   1.7048055936620132E-002
   1.7048057339991943E-002
   1.7288416272416597E-002
   1.7288417772659471E-002
   1.7530596816989086E-002
   1.7530598088519672E-002
   1.7774597204834201E-002
   1.7774598381424971E-002
   1.8020417248964655E-002
   1.8020418576938722E-002
   1.8268057203074631E-002
   1.8268058169702527E-002
   1.8517516534157542E-002
   1.8517517450384265E-002
   1.8768795232649647E-002
   1.8768796195122523E-002
   1.9021893323527068E-002
   1.9021894154032402E-002
   1.9276810540512376E-002
   1.9276811376627963E-002
   1.9533546835270824E-002
   1.9533547702272953E-002
   1.9792102081348711E-002
   1.9792103055906323E-002
   2.0052476270669178E-002
   2.0052477251226865E-002
   2.0314669240783113E-002
   2.0314670263139722E-002
   2.0578680861342093E-002
   2.0578682040996676E-002
   2.0844511250706941E-002
   2.0844512291711390E-002
   2.1112160162601507E-002
   2.1112161092846256E-002
   2.1381627446105805E-002
   2.1381628432372974E-002
   2.1652913213131546E-002
   2.1652914040959075E-002
   2.1926017207122128E-002
   2.1926018023043496E-002
   2.2200939426188979E-002
   2.2200940233487246E-002
   2.2477679884186259E-002
   2.2477680516293296E-002
   2.2756238289582398E-002
   2.2756239025541636E-002
   2.3036614777219886E-002
   2.3036615493444181E-002
   2.3318809263659541E-002
   2.3318809874821978E-002
   2.3602821545207851E-002
   2.3602822248911158E-002
   2.3888651672461944E-002
   2.3888652444655926E-002
   2.4176299618120498E-002
   2.4176300372743147E-002
   2.4465765274339513E-002
   2.4465766028100411E-002
   2.4757048583132994E-002
   2.4757049359355091E-002
   2.5050149511205946E-002
   2.5050150293866490E-002
   2.5345068058666809E-002
   2.5345068728885329E-002
   2.5641804058985137E-002
   2.5641804731473424E-002
   2.5940357535968472E-002
   2.5940358181409721E-002
   2.6240728488087381E-002
   2.6240728986752327E-002
   2.6542916697281330E-002
   2.6542917274925457E-002
   2.6846922263011646E-002
   2.6846922858563920E-002
   2.7152745151817967E-002
   2.7152745685856839E-002
   2.7460385218737310E-002
   2.7460385819035701E-002
   2.7769842543031199E-002
   2.7769843098555385E-002
   2.8081117006371840E-002
   2.8081117564822199E-002
   2.8394208565041504E-002
   2.8394209185910724E-002
   2.8709117266119605E-002
   2.8709117841297482E-002
   2.9025843007926683E-002
   2.9025843561339727E-002
   2.9344385738140882E-002
   2.9344386329086369E-002
   2.9664745497020764E-002
   2.9664746036983970E-002
   2.9986922210242423E-002
   2.9986922693972701E-002
   3.0310915834936909E-002
   3.0310916279383510E-002
   3.0636726319147725E-002
   3.0636726783418316E-002
   3.0964353689098757E-002
   3.0964354119822419E-002
   3.1293797892071311E-002
   3.1293798282949210E-002
   3.1625058829477352E-002
   3.1625059314632713E-002
   3.1958136602160007E-002
   3.1958137058832825E-002
   3.2293031106124602E-002
   3.2293031565853517E-002
   3.2629742300202567E-002
   3.2629742824630208E-002
   3.2968270249721911E-002
   3.2968270719010720E-002
   3.3308614846002574E-002
   3.3308615308215959E-002
   3.3650776086028900E-002
   3.3650776547122563E-002
   3.3994753966937602E-002
   3.3994754391732641E-002
   3.4340548424499913E-002
   3.4340548860652020E-002
   3.4688159484747620E-002
   3.4688159883424045E-002
   3.5037587114718584E-002
   3.5037587449747054E-002
   3.5388831246445596E-002
   3.5388831585448782E-002
   3.5741891898282176E-002
   3.5741892231125803E-002
   3.6096769044056676E-002
   3.6096769372955820E-002
   3.6453462665107135E-002
   3.6453462990630098E-002
   3.6811972718820751E-002
   3.6811973088782542E-002
   3.7172299207994614E-002
   3.7172299627599291E-002
   3.7534442167289031E-002
   3.7534442536335748E-002
   3.7898401484205015E-002
   3.7898401892310862E-002
   3.8264177203062633E-002
   3.8264177616902317E-002
   3.8631769320611735E-002
   3.8631769679908889E-002
   3.9001177757417974E-002
   3.9001178128139607E-002
   3.9372402551022159E-002
   3.9372402892230068E-002
   3.9745443673648913E-002
   3.9745443968909604E-002
   4.0120301074581290E-002
   4.0120301378604450E-002
   4.0496974785864455E-002
   4.0496975059712184E-002
   4.0875464763992640E-002
   4.0875465026892939E-002
   4.1255770997017480E-002
   4.1255771263941310E-002
   4.1637893487041097E-002
   4.1637893741272573E-002
   4.2021832192884946E-002
   4.2021832473235356E-002
   4.2407587119467856E-002
   4.2407587428714845E-002
   4.2795158259306104E-002
   4.2795158589614794E-002
   4.3184545610911125E-002
   4.3184545932442371E-002
   4.3575749145422643E-002
   4.3575749461658243E-002
   4.3968768837386582E-002
   4.3968769178882663E-002
   4.4363604728009862E-002
   4.4363605019624941E-002
   4.4760256755072947E-002
   4.4760257023355524E-002
   4.5158724902890544E-002
   4.5158725183530875E-002
   4.5559009204453105E-002
   4.5559009445437483E-002
   4.5961109613013376E-002
   4.5961109834591382E-002
   4.6365026111948253E-002
   4.6365026346863687E-002
   4.6770758726733121E-002
   4.6770758936492497E-002
   4.7178307407600609E-002
   4.7178307633412096E-002
   4.7587672167631163E-002
   4.7587672405150300E-002
   4.7998853001000895E-002
   4.7998853238568527E-002
   4.8411849883600186E-002
   4.8411850139231966E-002
   4.8826662823875128E-002
   4.8826663080557331E-002
   4.9243291798946841E-002
   4.9243292067682500E-002
   4.9661736814047244E-002
   4.9661737078020574E-002
   5.0081997853758269E-002
   5.0081998110010691E-002
   5.0504074915988427E-002
   5.0504075149131473E-002
   5.0927967987795711E-002
   5.0927968192068782E-002
   5.1353677037717885E-002
   5.1353677254376603E-002
   5.1781202090369141E-002
   5.1781202295870715E-002
   5.2210543135851370E-002
   5.2210543311209529E-002
   5.2641700131428271E-002
   5.2641700328211360E-002
   5.3074673100731495E-002
   5.3074673308639839E-002
   5.3509462047590689E-002
   5.3509462234366686E-002
   5.3946066926447184E-002
   5.3946067136949709E-002
   5.4384487764757093E-002
   5.4384487975222481E-002
   5.4824724542972630E-002
   5.4824724755306073E-002
   5.5266777253114859E-002
   5.5266777472028843E-002
   5.5710645899873394E-002
   5.5710646107819985E-002
   5.6156330462792760E-002
   5.6156330670517236E-002
   5.6603830948066945E-002
   5.6603831141565066E-002
   5.7053147339191417E-002
   5.7053147525356604E-002
   5.7504279637706247E-002
   5.7504279808484861E-002
   5.7957227831376745E-002
   5.7957227991555921E-002
   5.8411991909834433E-002
   5.8411992073542057E-002
   5.8868571878542733E-002
   5.8868572037810832E-002
   5.9326967720311249E-002
   5.9326967890605278E-002
   5.9787179432613073E-002
   5.9787179623720939E-002
   6.0249207034195194E-002
   6.0249207207890919E-002
   6.0713050491067913E-002
   6.0713050666791606E-002
   6.1178709798917361E-002
   6.1178709994624533E-002
   6.1646184981970067E-002
   6.1646185157247554E-002
   6.2115476004985945E-002
   6.2115476180177542E-002
   6.2586582874733107E-002
   6.2586583047110608E-002
   6.3059505590419757E-002
   6.3059505749486197E-002
   6.3534244138548995E-002
   6.3534244291628017E-002
   6.4010798521760962E-002
   6.4010798661897753E-002
   6.4489168727351748E-002
   6.4489168864172330E-002
   6.4969354755634687E-002
   6.4969354889477873E-002
   6.5451356599062357E-002
   6.5451356736865696E-002
   6.5935174254694695E-002
   6.5935174400938379E-002
   6.6420807723715905E-002
   6.6420807872330720E-002
   6.6908256994619789E-002
   6.6908257154520895E-002
   6.7397522070641910E-002
   6.7397522236393767E-002
   6.7888602952821314E-002
   6.7888603109176840E-002
   6.8381499620130085E-002
   6.8381499786307406E-002
   6.8876212091542682E-002
   6.8876212241360008E-002
   6.9372740349392836E-002
   6.9372740484685322E-002
   6.9871084378505977E-002
   6.9871084524277011E-002
   7.0371244201234154E-002
   7.0371244330731719E-002
   7.0873219799623591E-002
   7.0873219915080152E-002
   7.1377011164278456E-002
   7.1377011279919425E-002
   7.1882618300412912E-002
   7.1882618413359550E-002
   7.2390041200817476E-002
   7.2390041316052867E-002
   7.2899279863782293E-002
   7.2899279983269935E-002
   7.3410334285048076E-002
   7.3410334412944533E-002
   7.3923204463281419E-002
   7.3923204600197509E-002
   7.4437890399280685E-002
   7.4437890538126786E-002
   7.4954392085259239E-002
   7.4954392228523486E-002
   7.5472709523870959E-002
   7.5472709662841905E-002
   7.5992842708729191E-002
   7.5992842841681757E-002
   7.6514791633197715E-002
   7.6514791765991533E-002
   7.7038556307278003E-002
   7.7038556420181356E-002
   7.7564136708704115E-002
   7.7564136821025129E-002
   7.8091532846363679E-002
   7.8091532954238013E-002
   7.8620744720572372E-002
   7.8620744814199672E-002
   7.9151772312533286E-002
   7.9151772414493018E-002
   7.9684615633826242E-002
   7.9684615738413345E-002
   8.0219274683526159E-002
   8.0219274781847871E-002
   8.0755749447890351E-002
   8.0755749553586678E-002
   8.1294039929650494E-002
   8.1294040046029123E-002
   8.1834146131527605E-002
   8.1834146251667059E-002
   8.2376068049102205E-002
   8.2376068170212771E-002
   8.2919805679846359E-002
   8.2919805799566537E-002
   8.3465359019633131E-002
   8.3465359139303419E-002
   8.4012728071297782E-002
   8.4012728182113180E-002
   8.4561912826393484E-002
   8.4561912932040892E-002
   8.5112913285137551E-002
   8.5112913384540120E-002
   8.5665729447021943E-002
   8.5665729535860699E-002
   8.6220361300382506E-002
   8.6220361393478648E-002
   8.6776808855767162E-002
   8.6776808942726782E-002
   8.7335072103384565E-002
   8.7335072189343402E-002
   8.7895151037994515E-002
   8.7895151134581531E-002
   8.8457045670219989E-002
   8.8457045763895653E-002
   8.9020755988260980E-002
   8.9020756085226374E-002
   8.9586281990783265E-002
   8.9586282096110248E-002
   9.0153623684658443E-002
   9.0153623785939607E-002
   9.0722781059924679E-002
   9.0722781160998772E-002
   9.1293754114859724E-002
   9.1293754219391551E-002
   9.1866542853971014E-002
   9.1866542953049635E-002
   9.2441147272333477E-002
   9.2441147363392789E-002
   9.3017567366748433E-002
   9.3017567450170202E-002
   9.3595803131798730E-002
   9.3595803215403978E-002
   9.4175854571970280E-002
   9.4175854651264893E-002
   9.4757721681936621E-002
   9.4757721759790262E-002
   9.5341404458195111E-002
   9.5341404541243860E-002
   9.5926902905940720E-002
   9.5926902987240936E-002
   9.6514217016261755E-002
   9.6514217103554692E-002
   9.7103346792732553E-002
   9.7103346883519612E-002
   9.7694292236383443E-002
   9.7694292323061288E-002
   9.8287053336835364E-002
   9.8287053429562427E-002
   9.8881630101818274E-002
   9.8881630192341918E-002
   9.9478022527981699E-002
   9.9478022611843908E-002
  0.10007623060706414     
  0.10007623069346759     
  0.10067625434661344     
  0.10067625442684670     
  0.10127809374110401     
  0.10127809381473021     
  0.10188174878610091     
  0.10188174885881880     
  0.10248721948396287     
  0.10248721955406008     
  0.10309450583159457     
  0.10309450590089632     
  0.10370360782852042     
  0.10370360789718928     
  0.10431452546896705     
  0.10431452554613822     
  0.10492725875855106     
  0.10492725883958857     
  0.10554180769650806     
  0.10554180777580659     
  0.10615817227616164     
  0.10615817235900595     
  0.10677635250165833     
  0.10677635258261359     
  0.10739634836902562     
  0.10739634844821180     
  0.10801815987607763     
  0.10801815995563059     
  0.10864178702690160     
  0.10864178709846102     
  0.10926722981340896     
  0.10926722988250395     
  0.10989448823648484     
  0.10989448830461940     
  0.11052356229930388     
  0.11052356235941102     
  0.11115445199251416     
  0.11115445205404008     
  0.11178715731986166     
  0.11178715738260235     
  0.11242167828114537     
  0.11242167834317070     
  0.11305801487184160     
  0.11305801493817082     
  0.11369616709361749     
  0.11369616716386907     
  0.11433613494519758     
  0.11433613501950218     
  0.11497791842841890     
  0.11497791850122248     
  0.11562151753734803     
  0.11562151761298460     
  0.11626693227484872     
  0.11626693234996907     
  0.11691416264183432     
  0.11691416270933737     
  0.11756320863090730     
  0.11756320869658905     
  0.11821407024432798     
  0.11821407030759014     
  0.11886674748240092     
  0.11886674754018982     
  0.11952124034014783     
  0.11952124039754584     
  0.12017754882054035     
  0.12017754887489099     
  0.12083567292085869     
  0.12083567297317413     
  0.12149561263670154     
  0.12149561269504960     
  0.12215736797420500     
  0.12215736803265956     
  0.12282093892828588     
  0.12282093898938778     
  0.12348632549818885     
  0.12348632556431344     
  0.12415352768657661     
  0.12415352775312184     
  0.12482254549035263     
  0.12482254555727737     
  0.12549337890915852     
  0.12549337897553173     
  0.12616602794189527     
  0.12616602800739646     
  0.12684049259012004     
  0.12684049264974670     
  0.12751677284956675     
  0.12751677290530758     
  0.12819486871883001     
  0.12819486877395808     
  0.12887478020108742     
  0.12887478025101765     
  0.12955650729142215     
  0.12955650733992027     
  0.13024004998839833     
  0.13024005004063813     
  0.13092540829619068     
  0.13092540834755168     
  0.13161258221055136     
  0.13161258226348332     
  0.13230157173112478     
  0.13230157178738364     
  0.13299237685985732     
  0.13299237691591781     
  0.13368499759180527     
  0.13368499765265704     
  0.13437943393118884     
  0.13437943399203239     
  0.13507568587604621     
  0.13507568593467131     
  0.13577375342375658     
  0.13577375348187468     
  0.13647363657556125     
  0.13647363663110562     
  0.13717533533038648     
  0.13717533538215060     
  0.13787884968657935     
  0.13787884973539730     
  0.13858417964307734     
  0.13858417969066028     
  0.13929132520011611     
  0.13929132524646348     
  0.14000028635714354     
  0.14000028640214687     
  0.14071106311083301     
  0.14071106315983425     
  0.14142365546428254     
  0.14142365551523600     
  0.14213806341743873     
  0.14213806346723570     
  0.14285428696533073     
  0.14285428701964839     
  0.14357232611253298     
  0.14357232616675325     
  0.14429218085687129     
  0.14429218090959628     
  0.14501385119563612     
  0.14501385124977606     
  0.14573733713167722     
  0.14573733718334189     
  0.14646263866181253     
  0.14646263871238127     
  0.14718975578702798     
  0.14718975583484453     
  0.14791868850644840     
  0.14791868855054971     
  0.14864943681791032     
  0.14864943686059881     
  0.14938200072108757     
  0.14938200076429814     
  0.15011638021655696     
  0.15011638026004487     
  0.15085257530322210     
  0.15085257534792235     
  0.15159058598068240     
  0.15159058602734829     
  0.15233041224843630     
  0.15233041229783076     
  0.15307205410794286     
  0.15307205415693667     
  0.15381551155635392     
  0.15381551160657472     
  0.15456078459388775     
  0.15456078464555636     
  0.15530787322319844     
  0.15530787327028933     
  0.15605677743846216     
  0.15605677748569025     
  0.15680749724222881     
  0.15680749728828502     
  0.15756003263470267     
  0.15756003267696309     
  0.15831438361254502     
  0.15831438365417219     
  0.15907055017735861     
  0.15907055021744632     
  0.15982853232791577     
  0.15982853236711445     
  0.16058833006331238     
  0.16058833010322221     
  0.16134994338360878     
  0.16134994342490122     
  0.16211337228831543     
  0.16211337233174886     
  0.16287861677696538     
  0.16287861682341076     
  0.16364567685065171     
  0.16364567689801568     
  0.16441455250837064     
  0.16441455255570633     
  0.16518524374966820     
  0.16518524379617505     
  0.16595775057331622     
  0.16595775061985751     
  0.16673207298063544     
  0.16673207302457635     
  0.16750821097013430     
  0.16750821101115035     
  0.16828616453976492     
  0.16828616458080192     
  0.16906593369254411     
  0.16906593372973636     
  0.16984751842477466     
  0.16984751846097929     
  0.17063091873611341     
  0.17063091877410203     
  0.17141613462874108     
  0.17141613466619970     
  0.17220316610039668     
  0.17220316613874020     
  0.17299201315063173     
  0.17299201319158536     
  0.17378267578046372     
  0.17378267582298204     
  0.17457515398894324     
  0.17457515403300100     
  0.17536944777618740     
  0.17536944782115749     
  0.17616555714197557     
  0.17616555718688234     
  0.17696348208580509     
  0.17696348212971380     
  0.17776322260784605     
  0.17776322264926661     
  0.17856477870663037     
  0.17856477874608315     
  0.17936815038229237     
  0.17936815041928406     
  0.18017333763348917     
  0.18017333766984420     
  0.18098034046069519     
  0.18098034049626116     
  0.18178915886407013     
  0.18178915889805505     
  0.18259979284109693     
  0.18259979287724298     
  0.18341224239359682     
  0.18341224243096288     
  0.18422650752135972     
  0.18422650755916470     
  0.18504258822239683     
  0.18504258826316217     
  0.18586048449864162     
  0.18586048454068446     
  0.18668019634950228     
  0.18668019639070238     
  0.18750172377312668     
  0.18750172381539210     
  0.18832506677173833     
  0.18832506681337322     
  0.18915022534302828     
  0.18915022538318388     
  0.18997719948763725     
  0.18997719952551592     
  0.19080598920549605     
  0.19080598924132830     
  0.19163659449379941     
  0.19163659452820625     
  0.19246901535455366     
  0.19246901538753999     
  0.19330325178601127     
  0.19330325182001576     
  0.19413930378810756     
  0.19413930382289560     
  0.19497717136134074     
  0.19497717139756490     
  0.19581685450512867     
  0.19581685454312392     
  0.19665835321931646     
  0.19665835325745412     
  0.19750166750588705     
  0.19750166754543202     
  0.19834679736047084     
  0.19834679740140354     
  0.19919374278510435     
  0.19919374282472499     
  0.20004250377807337     
  0.20004250381707192     
  0.20089308034535017     
  0.20089308038406184     
  0.20174547247769659     
  0.20174547251338143     
  0.20259968017285179     
  0.20259968020759561     
  0.20345570346272673     
  0.20345570349648232     
  0.20431354230370813     
  0.20431354233648283     
  0.20517319668436898     
  0.20517319671679055     
  0.20603466665319373     
  0.20603466668667297     
  0.20689795217239329     
  0.20689795220835852     
  0.20776305321894270     
  0.20776305325584229     
  0.20862996989699870     
  0.20862996993555555     
  0.20949870212825186     
  0.20949870216755193     
  0.21036924983687694     
  0.21036924987578834     
  0.21124161309686551     
  0.21124161313550247     
  0.21211579171154346     
  0.21211579174924236     
  0.21299178575674266     
  0.21299178579308384     
  0.21386959490139537     
  0.21386959493713811     
  0.21474921888801415     
  0.21474921892155960     
  0.21563065768740039     
  0.21563065771913828     
  0.21651391243917048     
  0.21651391247189147     
  0.21739897868261024     
  0.21739897871490785     
  0.21828583871427518     
  0.21828583874756533     
  0.21917448800568740     
  0.21917448804144712     
  0.22006492940203901     
  0.22006492943899161     
  0.22095701458773398     
  0.22095701462564349     
  0.22185039668410644     
  0.22185039672501139     
  0.22274487977150231     
  0.22274487981379379     
  0.22363858994104702     
  0.22363858998074962     
  0.22454327802447951     
  0.22454327805430369     
  0.22539723410465987     
  0.22539723412271609     
  0.22635162436625494     
  0.22635162438996412     
  0.22731038968400119     
  0.22731038977150816     
  0.22861797312522408     
  0.22861797313258916     
