   1.2024191114089856E-004
   1.2024191124793853E-004
   3.6299819252465183E-004
   3.6299819263106302E-004
   6.0618780735963455E-004
   6.0618780776659960E-004
   8.4775226529074294E-004
   8.4775226553013457E-004
   1.0870387171136972E-003
   1.0870387178272877E-003
   1.3231044922975882E-003
   1.3231044924363459E-003
   1.5570033733350106E-003
   1.5570033737551299E-003
   1.7896493834165435E-003
   1.7896493847078664E-003
   1.8562017253914689E-003
   1.8562049255439342E-003
   2.0204752021772982E-003
   2.0204752023108108E-003
   2.2486029142663394E-003
   2.2486029166753209E-003
   2.3035080516291230E-003
   2.3035127039799440E-003
   2.4736937900571481E-003
   2.4736937950529093E-003
   2.6961679095288474E-003
   2.6961679385472813E-003
   2.8466207731274690E-003
   2.8466255793333476E-003
   2.9149162846047166E-003
   2.9149163266841793E-003
   3.1312948628828413E-003
   3.1312948834222791E-003
   3.3538081677714280E-003
   3.3538085475073409E-003
   3.4118715212221383E-003
   3.4118775364721343E-003
   3.5910068368221093E-003
   3.5910075641507840E-003
   3.8337975077595561E-003
   3.8338015379989609E-003
   3.9593562051445002E-003
   3.9593686712361383E-003
   4.1070962321716606E-003
   4.1071121292990736E-003
   4.3604200618863687E-003
   4.3604713734995745E-003
   4.5099617770781465E-003
   4.5100822156475800E-003
   4.6886323662664528E-003
   4.6888289054201442E-003
   4.9326185182531311E-003
   4.9331598919489378E-003
   5.0946219194632960E-003
   5.0956832244714130E-003
   5.3112466567758520E-003
   5.3131623656932003E-003
   5.5298310053243996E-003
   5.5341273828458434E-003
   5.7160477434796643E-003
   5.7236406266960608E-003
   5.9412074110306145E-003
   5.9550329949466466E-003
   6.1377062480609239E-003
   6.1610462811314669E-003
   6.3493497369889887E-003
   6.3846445606702750E-003
   6.5628311840665579E-003
   6.6150031160646088E-003
   6.7742416586922009E-003
   6.8443886330980756E-003
   7.0018862643702199E-003
   7.0936042954013725E-003
   7.2251319611927938E-003
   7.3413048091736620E-003
   7.4609637713707816E-003
   7.6013058331064615E-003
   7.7018569019795787E-003
   7.8692362222136138E-003
   7.9488445618375106E-003
   8.1409539531468941E-003
   8.2083152833543286E-003
   8.4234210006513387E-003
   8.4739796124211862E-003
   8.7109153969878259E-003
   8.7507186290277789E-003
   9.0054810469963175E-003
   9.0370542362256962E-003
   9.3084117767387245E-003
   9.3310998522911897E-003
   9.6169351719223965E-003
   9.6353171023257807E-003
   9.9333485314586634E-003
   9.9472449081341018E-003
   1.0257130776056464E-002
   1.0267043792466833E-002
   1.0587180786469204E-002
   1.0595652397534983E-002
   1.0925080815560683E-002
   1.0931329616687913E-002
   1.1270192798621683E-002
   1.1274540870037189E-002
   1.1621728247534676E-002
   1.1625980206376405E-002
   1.1981102827732754E-002
   1.1984137619226740E-002
   1.2347623402749697E-002
   1.2349613764868057E-002
   1.2720612243023800E-002
   1.2723028855990297E-002
   1.3101504376599044E-002
   1.3102889307607739E-002
   1.3489103571220970E-002
   1.3490337831163513E-002
   1.3883659270714900E-002
   1.3885086783046995E-002
   1.4285810611588836E-002
   1.4286457464980390E-002
   1.4694448564878787E-002
   1.4695526036575257E-002
   1.5110476074466132E-002
   1.5111361764597663E-002
   1.5533609449579905E-002
   1.5534221096995144E-002
   1.5963539558415160E-002
   1.5964390925436205E-002
   1.6400766783517123E-002
   1.6401350201796148E-002
   1.6844928603997847E-002
   1.6845442406691724E-002
   1.7296048193567649E-002
   1.7296628075029765E-002
   1.7754319790233737E-002
   1.7754697635886836E-002
   1.8219511717416332E-002
   1.8219868887885717E-002
   1.8691695481924456E-002
   1.8692057959540823E-002
   1.9170946090245906E-002
   1.9171178313428620E-002
   1.9657130688509303E-002
   1.9657352316021434E-002
   2.0150305593633157E-002
   2.0150514109468536E-002
   2.0650495811240226E-002
   2.0650629842448660E-002
   2.1157632722004993E-002
   2.1157760021408824E-002
   2.1671752349651560E-002
   2.1671861159048404E-002
   2.2192854792196317E-002
   2.2192926243791950E-002
   2.2720910835734413E-002
   2.2720978104965706E-002
   2.3255941887097290E-002
   2.3255989422796757E-002
   2.3797936140935488E-002
   2.3797966513825267E-002
   2.4346879723685301E-002
   2.4346918156735013E-002
   2.4902791846216698E-002
   2.4902820400512279E-002
   2.5465667914575454E-002
   2.5465673423293089E-002
   2.6035470182784383E-002
   2.6035510856608154E-002
   2.6612237775860810E-002
   2.6612289734737216E-002
   2.7195984608254131E-002
   2.7195992549271967E-002
   2.7786629117785417E-002
   2.7786697505805386E-002
   2.8384243989366609E-002
   2.8384328778024510E-002
   2.8988852551961167E-002
   2.8988860079005373E-002
   2.9600312107085809E-002
   2.9600431348885816E-002
   3.0218778448129070E-002
   3.0218884199740802E-002
   3.0844211522173898E-002
   3.0844256224882818E-002
   3.1476504898059608E-002
   3.1476651574377491E-002
   3.2115814314395363E-002
   3.2115912344724343E-002
   3.2762052806708859E-002
   3.2762123444882670E-002
   3.3415188336694178E-002
   3.3415315007101286E-002
   3.4075315817641331E-002
   3.4075390298824754E-002
   3.4742359231918679E-002
   3.4742423615177764E-002
   3.5416323990246641E-002
   3.5416407934343905E-002
   3.6097252026136992E-002
   3.6097299787162106E-002
   3.6785098704016819E-002
   3.6785142356162974E-002
   3.7479875096836639E-002
   3.7479923197516855E-002
   3.8181597428799757E-002
   3.8181624783485101E-002
   3.8890243062191916E-002
   3.8890268516235983E-002
   3.9605819506613599E-002
   3.9605845715035622E-002
   4.0328333577984529E-002
   4.0328348450735407E-002
   4.1057773409451409E-002
   4.1057787532844038E-002
   4.1794143466613642E-002
   4.1794157490988713E-002
   4.2537446463925953E-002
   4.2537454654724915E-002
   4.3287676486370309E-002
   4.3287684029418717E-002
   4.4044835834126980E-002
   4.4044842448861837E-002
   4.4808924857329180E-002
   4.4808928737854713E-002
   4.5579941138178121E-002
   4.5579944527854604E-002
   4.6357885886609648E-002
   4.6357887859109249E-002
   4.7142758309228983E-002
   4.7142758809661366E-002
   4.7934556435878024E-002
   4.7934558666896512E-002
   4.8733281446431929E-002
   4.8733285598957524E-002
   4.9538934868669803E-002
   4.9538937455185540E-002
   5.0351513036465276E-002
   5.0351517306385395E-002
   5.1171015219834311E-002
   5.1171025313367181E-002
   5.1997448702525997E-002
   5.1997453647820706E-002
   5.2830802133524757E-002
   5.2830813139665464E-002
   5.3671079098638094E-002
   5.3671099704438438E-002
   5.4518293213688292E-002
   5.4518299248260058E-002
   5.5372416244694217E-002
   5.5372439547405075E-002
   5.6233467775310873E-002
   5.6233500579963736E-002
   5.7101461316376140E-002
   5.7101468413601197E-002
   5.7976353430000988E-002
   5.7976386082914638E-002
   5.8858180827589188E-002
   5.8858216489965726E-002
   5.9746945883929481E-002
   5.9746956887210871E-002
   6.0642612756300333E-002
   6.0642642760818488E-002
   6.1545213976413049E-002
   6.1545241236761652E-002
   6.2454745275921632E-002
   6.2454756253275866E-002
   6.3371187092915657E-002
   6.3371207055891776E-002
   6.4294558294694396E-002
   6.4294574473083274E-002
   6.5224854718985939E-002
   6.5224862374050938E-002
   6.6162067988124143E-002
   6.6162078854835660E-002
   6.7106206761608569E-002
   6.7106214984859275E-002
   6.8057268674655794E-002
   6.8057272867818583E-002
   6.9015250299571090E-002
   6.9015255680072010E-002
   6.9980155436201424E-002
   6.9980159379651186E-002
   7.0951982843569267E-002
   7.0951984974212623E-002
   7.1930731025804551E-002
   7.1930733734765925E-002
   7.2916401732729355E-002
   7.2916403694695153E-002
   7.3908994233493258E-002
   7.3908995375779232E-002
   7.4908507944213359E-002
   7.4908509160230161E-002
   7.5914943471874621E-002
   7.5914944246472951E-002
   7.6928300392918134E-002
   7.6928300870259397E-002
   7.7948578609102911E-002
   7.7948578948526054E-002
   7.8975778114091955E-002
   7.8975778312535383E-002
   8.0009898817687913E-002
   8.0009898883384806E-002
   8.1050940182889969E-002
   8.1050941034705684E-002
   8.2098902741815041E-002
   8.2098904076510396E-002
   8.3153787110858191E-002
   8.3153787239804475E-002
   8.4215590649157804E-002
   8.4215593017920420E-002
   8.5284315761552404E-002
   8.5284318863354136E-002
   8.6359963270921908E-002
   8.6359963815220056E-002
   8.7442527489401706E-002
   8.7442533427884730E-002
   8.8532014845551801E-002
   8.8532021143598399E-002
   8.9628425071589801E-002
   8.9628427105060124E-002
   9.0731749040991114E-002
   9.0731760317778826E-002
   9.1841998875479364E-002
   9.1842008542806552E-002
   9.2959170928822513E-002
   9.2959175312756270E-002
   9.4083255703670030E-002
   9.4083270015080739E-002
   9.5214267763859453E-002
   9.5214277979365491E-002
   9.6352200382288658E-002
   9.6352205829332668E-002
   9.7497047526864153E-002
   9.7497059497053479E-002
   9.8648820247472360E-002
   9.8648827835574215E-002
   9.9807512456396463E-002
   9.9807516838433669E-002
  0.10097312163852686     
  0.10097312892950280     
  0.10214565371164448     
  0.10214565810244333     
  0.10332510515131338     
  0.10332510779575120     
  0.10451147514386724     
  0.10451147873972612     
  0.10570476621603439     
  0.10570476832670785     
  0.10690497677771663     
  0.10690497806822236     
  0.10811210656193239     
  0.10811210815496891     
  0.10932615657991467     
  0.10932615750162915     
  0.11054712612150114     
  0.11054712674640692     
  0.11177501513399583     
  0.11177501587209268     
  0.11300982399772634     
  0.11300982443043575     
  0.11425155238171181     
  0.11425155268640869     
  0.11550020029107699     
  0.11550020057073052     
  0.11675576780368206     
  0.11675576794317195     
  0.11801825478243740     
  0.11801825488018278     
  0.11928766123529089     
  0.11928766131484768     
  0.12056398711731205     
  0.12056398723474490     
  0.12184723247659446     
  0.12184723253599154     
  0.12313739702341829     
  0.12313739745403292     
  0.12443448110030528     
  0.12443448159353242     
  0.12573848469640864     
  0.12573848491393969     
  0.12704940697957279     
  0.12704940819738472     
  0.12836724913143704     
  0.12836725021352774     
  0.12969201058670896     
  0.12969201148024417     
  0.13102369015459339     
  0.13102369314216242     
  0.13236229040065473     
  0.13236229258874854     
  0.13370780950330022     
  0.13370781159779374     
  0.13506024607447709     
  0.13506025151469375     
  0.13641960454713456     
  0.13641960786491952     
  0.13778588110925744     
  0.13778588441996989     
  0.13915907513253095     
  0.13915908176869868     
  0.14053919148837538     
  0.14053919500119291     
  0.14192622546544528     
  0.14192622879127750     
  0.14332017741932351     
  0.14332018274681230     
  0.14472105078487860     
  0.14472105339725905     
  0.14612884198299111     
  0.14612884428695314     
  0.14754355164198180     
  0.14754355475366107     
  0.14896518150564286     
  0.14896518302050094     
  0.15039372969819356     
  0.15039373093096831     
  0.15182919661198144     
  0.15182919806122433     
  0.15327158296306970     
  0.15327158366446791     
  0.15472088795857150     
  0.15472088850359109     
  0.15617711177673424     
  0.15617711237106863     
  0.15764025468655268     
  0.15764025496932599     
  0.15911031635500456     
  0.15911031660348215     
  0.16058729688407758     
  0.16058729714430653     
  0.16207119635604106     
  0.16207119648292523     
  0.16356201463024647     
  0.16356201473400434     
  0.16505975174631046     
  0.16505975183254951     
  0.16656440771210576     
  0.16656440774589704     
  0.16807598248029665     
  0.16807598249716454     
  0.16959447603631003     
  0.16959447607726030     
  0.17111988839441894     
  0.17111988844878903     
  0.17265221954366045     
  0.17265221960011598     
  0.17419146938469030     
  0.17419146960849871     
  0.17573763808691142     
  0.17573763828294528     
  0.17729072552247599     
  0.17729072573019825     
  0.17885073148618613     
  0.17885073213482117     
  0.18041765652064848     
  0.18041765693403286     
  0.18199150002367914     
  0.18199150071028719     
  0.18357226192869044     
  0.18357226351087760     
  0.18515994335406921     
  0.18515994419854256     
  0.18675454279117557     
  0.18675454426346411     
  0.18835606055262363     
  0.18835606337497107     
  0.18996449843251870     
  0.18996449972128404     
  0.19157985378085374     
  0.19157985593512475     
  0.19320212761282107     
  0.19320213098438757     
  0.19483132169308859     
  0.19483132308784273     
  0.19646743311654322     
  0.19646743513440068     
  0.19811046317209552     
  0.19811046581929373     
  0.19976041296597369     
  0.19976041402076242     
  0.20141728045579460     
  0.20141728176599061     
  0.20308106658427391     
  0.20308106809738133     
  0.20475177186513205     
  0.20475177248663967     
  0.20642939528293583     
  0.20642939593492773     
  0.20811393729207533     
  0.20811393797387853     
  0.20980539809946158     
  0.20980539838289250     
  0.21150377729520736     
  0.21150377755844785     
  0.21320907505189135     
  0.21320907531482947     
  0.21492129144803476     
  0.21492129156064746     
  0.21664042632893374     
  0.21664042643799666     
  0.21836647976226833     
  0.21836647986684235     
  0.22009945176581441     
  0.22009945181730037     
  0.22183934228894309     
  0.22183934232813540     
  0.22358615134733301     
  0.22358615137203885     
  0.22533987893288576     
  0.22533987894571042     
  0.22710052503588427     
  0.22710052504769329     
  0.22886808964582334     
  0.22886808967753816     
  0.23064257278073494     
  0.23064257280647296     
  0.23242397440763482     
  0.23242397445695159     
  0.23421229450611200     
  0.23421229463905985     
  0.23600753316587789     
  0.23600753325295962     
  0.23780969025719992     
  0.23780969041845254     
  0.23961876576436711     
  0.23961876614151101     
  0.24143475996120975     
  0.24143476013874757     
  0.24325767238453744     
  0.24325767286398284     
  0.24508750321889222     
  0.24508750412348429     
  0.24692425300322865     
  0.24692425336926840     
  0.24876792067414941     
  0.24876792165589012     
  0.25061850681115333     
  0.25061850839516736     
  0.25247601221246446     
  0.25247601278034282     
  0.25434043514950372     
  0.25434043653164407     
  0.25621177670035616     
  0.25621177856277594     
  0.25809003754701021     
  0.25809003818368748     
  0.25997521591411410     
  0.25997521716182859     
  0.26186731292666865     
  0.26186731436443422     
  0.26376632893669910     
  0.26376632943185679     
  0.26567226276041223     
  0.26567226354040818     
  0.26758511513733368     
  0.26758511594321743     
  0.26950488620083751     
  0.26950488649969567     
  0.27143157539111079     
  0.27143157576257143     
  0.27336518304195234     
  0.27336518339109150     
  0.27530570919907976     
  0.27530570933270493     
  0.27725315364927061     
  0.27725315379392534     
  0.27920751651796971     
  0.27920751664271504     
  0.28116879781449311     
  0.28116879786328408     
  0.28313699746362292     
  0.28313699752449029     
  0.28511211551909010     
  0.28511211556635374     
  0.28709415197333021     
  0.28709415199029908     
  0.28908310679773680     
  0.28908310681890154     
  0.29107898001341981     
  0.29107898002512406     
  0.29308177161049531     
  0.29308177161302496     
  0.29509148158002335     
  0.29509148158582044     
  0.29710810992114883     
  0.29710810993874021     
  0.29913165663947078     
  0.29913165666065578     
  0.30116212172351631     
  0.30116212175760576     
  0.30319950515988564     
  0.30319950523764816     
  0.30524380699665576     
  0.30524380704745330     
  0.30729502715184631     
  0.30729502726383984     
  0.30935316564054272     
  0.30935316586664757     
  0.31141822260899615     
  0.31141822270462849     
  0.31349019775251163     
  0.31349019807758016     
  0.31556909125502136     
  0.31556909179674741     
  0.31765490339481134     
  0.31765490357907772     
  0.31974763346777491     
  0.31974763412403856     
  0.32184728198077855     
  0.32184728292017051     
  0.32395384930612953     
  0.32395384959062345     
  0.32606733433347485     
  0.32606733524134635     
  0.32818773791872119     
  0.32818773901205367     
  0.33031506031709579     
  0.33031506064320687     
  0.33244930042666676     
  0.33244930123253325     
  0.33459045909432300     
  0.33459045992897818     
  0.33673853639645118     
  0.33673853665206011     
  0.33889353161690122     
  0.33889353211391215     
  0.34105544530104398     
  0.34105544576519875     
  0.34322427744920408     
  0.34322427760170032     
  0.34540002772379519     
  0.34540002795716873     
  0.34758269637600864     
  0.34758269657663804     
  0.34977228339927069     
  0.34977228346296840     
  0.35196878865924475     
  0.35196878874684095     
  0.35417221225359613     
  0.35417221232699220     
  0.35638255417984771     
  0.35638255420235770     
  0.35859981438836747     
  0.35859981441908456     
  0.36082399291247780     
  0.36082399294041673     
  0.36305508975199546     
  0.36305508976315926     
  0.36529310489380673     
  0.36529310489710165     
  0.36753803833525034     
  0.36753803834162874     
  0.36978989008178326     
  0.36978989008805846     
  0.37204866012575538     
  0.37204866014086752     
  0.37431434847543155     
  0.37431434848866502     
  0.37658695512247270     
  0.37658695513670998     
  0.37886648005540774     
  0.37886648009344143     
  0.38115292328923012     
  0.38115292334088124     
  0.38344628483311333     
  0.38344628486691218     
  0.38574656463153517     
  0.38574656472416452     
  0.38805376272283443     
  0.38805376287145393     
  0.39036787917423904     
  0.39036787923870703     
  0.39268891378655307     
  0.39268891402240053     
  0.39501686671434105     
  0.39501686706524586     
  0.39735173810596869     
  0.39735173821609115     
  0.39969352748854120     
  0.39969352794532548     
  0.40204223525664395     
  0.40204223585571164     
  0.40439786159573038     
  0.40439786175910486     
  0.40676040577091715     
  0.40676040638802963     
  0.40912986841611887     
  0.40912986910600585     
  0.41150624962705351     
  0.41150624981479195     
  0.41388954868957994     
  0.41388954922620697     
  0.41627976620947393     
  0.41627976673204697     
  0.41867690218351061     
  0.41867690233316551     
  0.42108095615860336     
  0.42108095648036026     
  0.42349192850896744     
  0.42349192879712000     
  0.42590981921126586     
  0.42590981930452471     
  0.42833462806146316     
  0.42833462820439483     
  0.43076635521716999     
  0.43076635533692725     
  0.43320500066762974     
  0.43320500071072110     
  0.43565056434383165     
  0.43565056439265992     
  0.43810304629485458     
  0.43810304633156733     
  0.44056244651386034     
  0.44056244653221388     
  0.44302876498743587     
  0.44302876500597027     
  0.44550200172923721     
  0.44550200173717530     
  0.44798215672822733     
  0.44798215673488029     
  0.45046922998775668     
  0.45046922999378064     
  0.45296322150765822     
  0.45296322151211638     
  0.45546413128540580     
  0.45546413129051200     
  0.45797195932023976     
  0.45797195932785228     
  0.46048670561048599     
  0.46048670562396427     
  0.46300837015665008     
  0.46300837017651320     
  0.46553695295697717     
  0.46553695298546244     
  0.46807245401038178     
  0.46807245405012515     
  0.47061487332073448     
  0.47061487336484892     
  0.47316421087362470     
  0.47316421094237165     
  0.47572046667256823     
  0.47572046677749336     
  0.47828364075610852     
  0.47828364082978980     
  0.48085373302889906     
  0.48085373319328495     
  0.48343074356046151     
  0.48343074379677625     
  0.48601467244447988     
  0.48601467254436514     
  0.48860551940132885     
  0.48860551971506194     
  0.49120328467253899     
  0.49120328506535132     
  0.49380796836297214     
  0.49380796848808750     
  0.49641957001720360     
  0.49641957043837787     
  0.49903809005237648     
  0.49903809049696141     
  0.50166352849894480     
  0.50166352863154984     
  0.50429588491691923     
  0.50429588528134750     
  0.50693515971056247     
  0.50693516004030692     
  0.50958135284241324     
  0.50958135294437357     
  0.51223446404231165     
  0.51223446426250896     
  0.51489449356331818     
  0.51489449374015994     
  0.51756144136108140     
  0.51756144142029392     
  0.52023530731693046     
  0.52023530742025181     
  0.52291609154883256     
  0.52291609162071306     
  0.52560379402811952     
  0.52560379404902069     
  0.52829841470817518     
  0.52829841475048434     
  0.53099995364300878     
  0.53099995366981456     
  0.53370841081754938     
  0.53370841082080378     
  0.53642378620791609     
  0.53642378622605924     
  0.53914607984198704     
  0.53914607985646035     
  0.54187529171136972     
  0.54187529171917981     
  0.54461142180952804     
  0.54461142181954336     
  0.54735447014259908     
  0.54735447015022831     
  0.55010443670212561     
  0.55010443671851017     
  0.55286132149493539     
  0.55286132151637168     
  0.55562512453085677     
  0.55562512453283985     
  0.55839584577195145     
  0.55839584580468449     
  0.56117348525217026     
  0.56117348529687971     
  0.56395804298022800     
  0.56395804299966334     
  0.56674951890498571     
  0.56674951896267556     
  0.56954791306604979     
  0.56954791314591469     
  0.57235322547185141     
  0.57235322553994528     
  0.57516545608990255     
  0.57516545617386206     
  0.57798460491403225     
  0.57798460505716465     
  0.58081067198455438     
  0.58081067214732574     
  0.58364365732229162     
  0.58364365741530477     
  0.58648356077882258     
  0.58648356102163712     
  0.58933038252015868     
  0.58933038279258321     
  0.59218412258482578     
  0.59218412267975329     
  0.59504478067872169     
  0.59504478099310321     
  0.59791235710709401     
  0.59791235741677229     
  0.60078685186444281     
  0.60078685195123704     
  0.60366826464370393     
  0.60366826491259240     
  0.60655659575258269     
  0.60655659598670464     
  0.60945184515149564     
  0.60945184521134932     
  0.61235401263487732     
  0.61235401279441248     
  0.61526309840176896     
  0.61526309853430095     
  0.61817910242440988     
  0.61817910245781482     
  0.62110202459990238     
  0.62110202466757147     
  0.62403186501575936     
  0.62403186507489838     
  0.62696862366654382     
  0.62696862368437944     
  0.62991230051512126     
  0.62991230053234748     
  0.63286289557879438     
  0.63286289560063125     
  0.63582040886615820     
  0.63582040887979208     
  0.63878484037127425     
  0.63878484037494176     
  0.64175619008471008     
  0.64175619009468332     
  0.64473445801737761     
  0.64473445802725426     
  0.64771964416459871     
  0.64771964417653816     
  0.65071174852757729     
  0.65071174854050429     
  0.65371077111074782     
  0.65371077111373710     
  0.65671671189437331     
  0.65671671191522485     
  0.65972957090230810     
  0.65972957092047091     
  0.66274934811945330     
  0.66274934814216313     
  0.66577604354235975     
  0.66577604358474718     
  0.66880965719288188     
  0.66880965722680796     
  0.67185018903180227     
  0.67185018909193972     
  0.67489763909603628     
  0.67489763917002521     
  0.67795200738674122     
  0.67795200745901285     
  0.68101329383261344     
  0.68101329393230126     
  0.68408149855314970     
  0.68408149866744439     
  0.68715662150233447     
  0.68715662164279323     
  0.69023866254329302     
  0.69023866265821088     
  0.69332762194889985     
  0.69332762211881072     
  0.69642349957202210     
  0.69642349978373375     
  0.69952629523674881     
  0.69952629535392619     
  0.70263600928458680     
  0.70263600948916138     
  0.70575264152157535     
  0.70575264174831698     
  0.70887619185888029     
  0.70887619197193319     
  0.71200666049170747     
  0.71200666065034646     
  0.71514404731046932     
  0.71514404746653559     
  0.71828835228621213     
  0.71828835238337996     
  0.72143957550230742     
  0.72143957558431504     
