   1.6453188935099418E-004
   1.6456350769469919E-004
   1.6495580716100470E-004
   1.6499571379710210E-004
   4.8958876975857459E-004
   4.8960942096312602E-004
   4.9091116596762421E-004
   4.9095420445299418E-004
   8.0656985116954656E-004
   8.0659748325489881E-004
   8.0883537030907089E-004
   8.0898778873686526E-004
   1.1143656369309949E-003
   1.1143870191284971E-003
   1.1177645559073746E-003
   1.1178967359333767E-003
   1.4117958995780991E-003
   1.4118580827829576E-003
   1.4165553426389464E-003
   1.4167256099212756E-003
   1.6981228125737241E-003
   1.6982767988667150E-003
   1.7043050829925216E-003
   1.7046563547448213E-003
   1.9718076438315674E-003
   1.9721921165142932E-003
   1.9793032431586889E-003
   1.9798524145227367E-003
   2.2295873334556965E-003
   2.2311698646301139E-003
   2.2382392483034832E-003
   2.2397165687166390E-003
   2.4600433275585899E-003
   2.4649924783017320E-003
   2.4781382907932631E-003
   2.4840264614117966E-003
   2.6445061427140754E-003
   2.6558848136684662E-003
   2.7037333725267103E-003
   2.7242284725120260E-003
   2.8250833152427793E-003
   2.8590908836868697E-003
   2.9182845094520458E-003
   2.9746956430642697E-003
   3.0292032005035862E-003
   3.1093822094282525E-003
   3.1415323262880390E-003
   3.2465156786327751E-003
   3.2677327923527218E-003
   3.3924714965264629E-003
   3.4039817184247328E-003
   3.5446819801470482E-003
   3.5514286678498563E-003
   3.7043740586339942E-003
   3.7079079144778401E-003
   3.8710103968330823E-003
   3.8730640971692742E-003
   4.0448956640868452E-003
   4.0459848154513270E-003
   4.2257839901517396E-003
   4.2264726152936357E-003
   4.4137412115399901E-003
   4.4141382287897499E-003
   4.6086020584432050E-003
   4.6089000584825686E-003
   4.8103630904872338E-003
   4.8105687029676557E-003
   5.0189173435217669E-003
   5.0190966623459539E-003
   5.2342473534872230E-003
   5.2343756466139476E-003
   5.4562708312925990E-003
   5.4563840610405822E-003
   5.6849742977603803E-003
   5.6850486130528314E-003
   5.9202954831610102E-003
   5.9203583710307596E-003
   6.1622241723273824E-003
   6.1622613021592981E-003
   6.4107162402403705E-003
   6.4107482040326198E-003
   6.6657641910714367E-003
   6.6657806035911992E-003
   6.9273349374898534E-003
   6.9273517325402706E-003
   7.1954233043005382E-003
   7.1954320358327125E-003
   7.4700033775975385E-003
   7.4700170206500162E-003
   7.7510725110615745E-003
   7.7510825986589283E-003
   8.0386106907832724E-003
   8.0386251847967514E-003
   8.3326148025616286E-003
   8.3326269863677038E-003
   8.6330699482061596E-003
   8.6330843167078865E-003
   8.9399722621630352E-003
   8.9399844684648153E-003
   9.2533101226520351E-003
   9.2533242407856851E-003
   9.5730805751520383E-003
   9.5730932941073561E-003
   9.8992749371687970E-003
   9.8992883563530591E-003
   1.0231891431925098E-002
   1.0231900427638165E-002
   1.0570920858701134E-002
   1.0570928971081523E-002
   1.0916361867752805E-002
   1.0916366518186239E-002
   1.1268207573762885E-002
   1.1268211951507994E-002
   1.1626456828877344E-002
   1.1626459141644891E-002
   1.1991104173123102E-002
   1.1991106918244634E-002
   1.2362148742752594E-002
   1.2362150093076129E-002
   1.2739585890250730E-002
   1.2739587779833098E-002
   1.3123414722197045E-002
   1.3123415803386924E-002
   1.3513631115444180E-002
   1.3513633636975136E-002
   1.3910234910465166E-002
   1.3910237167645417E-002
   1.4313222733044244E-002
   1.4313225838068121E-002
   1.4722593944170441E-002
   1.4722596664235072E-002
   1.5138345819292465E-002
   1.5138349027371730E-002
   1.5560477663823768E-002
   1.5560480532723240E-002
   1.5988987194493074E-002
   1.5988990605231061E-002
   1.6423873970069749E-002
   1.6423877038245417E-002
   1.6865136069228636E-002
   1.6865139297214185E-002
   1.7312773329597637E-002
   1.7312775264064450E-002
   1.7766783458981042E-002
   1.7766785111068328E-002
   1.8227166216168312E-002
   1.8227167106593604E-002
   1.8693920004575169E-002
   1.8693921009308175E-002
   1.9167044655129140E-002
   1.9167045274321271E-002
   1.9646538837195991E-002
   1.9646539632307714E-002
   2.0132402350718410E-002
   2.0132402788347679E-002
   2.0624634005355490E-002
   2.0624634534590177E-002
   2.1123233517370062E-002
   2.1123233845914653E-002
   2.1628199772004128E-002
   2.1628200610759787E-002
   2.2139532825895480E-002
   2.2139533622516822E-002
   2.2657231721863996E-002
   2.2657232759087563E-002
   2.3181296279298515E-002
   2.3181297187325655E-002
   2.3711725678319841E-002
   2.3711726774143321E-002
   2.4248519760079773E-002
   2.4248520781873329E-002
   2.4791677826387106E-002
   2.4791679064665017E-002
   2.5341199800090412E-002
   2.5341200904446040E-002
   2.5897085039793322E-002
   2.5897086192849014E-002
   2.6459333560937548E-002
   2.6459334207034405E-002
   2.7027944555603728E-002
   2.7027945087041854E-002
   2.7602917965775679E-002
   2.7602918259900008E-002
   2.8184253263084387E-002
   2.8184253657455492E-002
   2.8771950438229325E-002
   2.8771950724712326E-002
   2.9366009034458383E-002
   2.9366009384279496E-002
   2.9966428987653497E-002
   2.9966429194368142E-002
   3.0573209885566135E-002
   3.0573210087779495E-002
   3.1186351606290574E-002
   3.1186351731784492E-002
   3.1805853748663820E-002
   3.1805854096194928E-002
   3.2431716372584907E-002
   3.2431716711625862E-002
   3.3063939119174386E-002
   3.3063939548015252E-002
   3.3702521925474092E-002
   3.3702522298698363E-002
   3.4347464468556757E-002
   3.4347464935154934E-002
   3.4998766709005633E-002
   3.4998767162466485E-002
   3.5656428375583464E-002
   3.5656428933654928E-002
   3.6320449459087405E-002
   3.6320449954901329E-002
   3.6990829691329323E-002
   3.6990830205703214E-002
   3.7667569102385383E-002
   3.7667569380817403E-002
   3.8350667342673977E-002
   3.8350667567427860E-002
   3.9040124396721415E-002
   3.9040124530673848E-002
   3.9735940047913254E-002
   3.9735940248238115E-002
   4.0438114313803390E-002
   4.0438114474420528E-002
   4.1146646998912462E-002
   4.1146647186758215E-002
   4.1861538081169276E-002
   4.1861538199041232E-002
   4.2582787389266172E-002
   4.2582787483447307E-002
   4.3310394860197679E-002
   4.3310394912523732E-002
   4.4044360317348055E-002
   4.4044360480650496E-002
   4.4784683806079036E-002
   4.4784683968029523E-002
   4.5531365165938253E-002
   4.5531365368078239E-002
   4.6284404371571032E-002
   4.6284404546143389E-002
   4.7043801272158334E-002
   4.7043801499712788E-002
   4.7809555859430634E-002
   4.7809556090066575E-002
   4.8581668010944296E-002
   4.8581668298691115E-002
   4.9360137730497640E-002
   4.9360137986565543E-002
   5.0144964888704131E-002
   5.0144965153312612E-002
   5.0936149509297042E-002
   5.0936149650629786E-002
   5.1733691418862367E-002
   5.1733691532309972E-002
   5.2537590613728306E-002
   5.2537590687116449E-002
   5.3347846990955898E-002
   5.3347847107571907E-002
   5.4164460569405451E-002
   5.4164460668682149E-002
   5.4987431251952767E-002
   5.4987431365522185E-002
   5.5816759031605573E-002
   5.5816759106932533E-002
   5.6652443827321736E-002
   5.6652443879523805E-002
   5.7494485604402457E-002
   5.7494485627114220E-002
   5.8342884270923726E-002
   5.8342884354139771E-002
   5.9197639859820732E-002
   5.9197639943419783E-002
   6.0058752290391960E-002
   6.0058752394507774E-002
   6.0926221551393621E-002
   6.0926221640462283E-002
   6.1800047563564733E-002
   6.1800047685192566E-002
   6.2680230327145051E-002
   6.2680230455818733E-002
   6.3566769780914037E-002
   6.3566769943515428E-002
   6.4459665929999868E-002
   6.4459666075593350E-002
   6.5358918705519076E-002
   6.5358918855753512E-002
   6.6264528124169442E-002
   6.6264528204395545E-002
   6.7176494091129843E-002
   6.7176494155621685E-002
   6.8094816606209099E-002
   6.8094816650998521E-002
   6.9019495614844370E-002
   6.9019495688471863E-002
   6.9950531132566482E-002
   6.9950531197819840E-002
   7.0887923105729750E-002
   7.0887923179843590E-002
   7.1831671533057431E-002
   7.1831671584749360E-002
   7.2781776372039975E-002
   7.2781776405678816E-002
   7.3738237603387907E-002
   7.3738237614187060E-002
   7.4701055173267236E-002
   7.4701055217943707E-002
   7.5670229104252223E-002
   7.5670229149719048E-002
   7.6645759352740192E-002
   7.6645759409910114E-002
   7.7627645913494664E-002
   7.7627645961939912E-002
   7.8615888741146014E-002
   7.8615888810705220E-002
   7.9610487837943777E-002
   7.9610487914772834E-002
   8.0611443170920574E-002
   8.0611443269164224E-002
   8.1618754744194444E-002
   8.1618754833010829E-002
   8.2632422518374049E-002
   8.2632422610099135E-002
   8.3652446505013439E-002
   8.3652446554377397E-002
   8.4678826648343045E-002
   8.4678826688180941E-002
   8.5711562949108283E-002
   8.5711562978355443E-002
   8.6750655375901140E-002
   8.6750655424887746E-002
   8.7796103940653097E-002
   8.7796103985376794E-002
   8.8847908611389456E-002
   8.8847908662244887E-002
   8.9906069388893173E-002
   8.9906069426041943E-002
   9.0970586249009486E-002
   9.0970586273107390E-002
   9.2041459180524199E-002
   9.2041459187663446E-002
   9.3118688151185680E-002
   9.3118688175762035E-002
   9.4202273173758788E-002
   9.4202273199205960E-002
   9.5292214224303007E-002
   9.5292214257240992E-002
   9.6388511300411595E-002
   9.6388511328292584E-002
   9.7491164374516492E-002
   9.7491164416637036E-002
   9.8600173448899583E-002
   9.8600173497365287E-002
   9.9715538504733345E-002
   9.9715538567320100E-002
  0.10083725954494210     
  0.10083725960221282     
  0.10196533654574229     
  0.10196533660506256     
  0.10309976951523760     
  0.10309976954758150     
  0.10424055841868630     
  0.10424055844488665     
  0.10538770325696772     
  0.10538770327701659     
  0.10654120401085901     
  0.10654120404463520     
  0.10770106068923728     
  0.10770106072081329     
  0.10886727327201902     
  0.10886727330807305     
  0.11003984176047935     
  0.11003984178805155     
  0.11121876614018025     
  0.11121876615855895     
  0.11240404640392997     
  0.11240404641060274     
  0.11359568253347130     
  0.11359568254668578     
  0.11479367453306791     
  0.11479367454720724     
  0.11599802239015020     
  0.11599802240980280     
  0.11720872610373707     
  0.11720872612091014     
  0.11842578565656005     
  0.11842578568363224     
  0.11964920105029660     
  0.11964920108249351     
  0.12087897227360020     
  0.12087897231539761     
  0.12211509932847241     
  0.12211509936724409     
  0.12335758219990847     
  0.12335758224027374     
  0.12460642089376524     
  0.12460642091618836     
  0.12586161538732826     
  0.12586161540557486     
  0.12712316568138729     
  0.12712316569582213     
  0.12839107176369630     
  0.12839107178764789     
  0.12966533364061167     
  0.12966533366345576     
  0.13094595129915054     
  0.13094595132526596     
  0.13223292474033196     
  0.13223292476136617     
  0.13352625395543588     
  0.13352625397004564     
  0.13482593893929362     
  0.13482593894629585     
  0.13613197968300594     
  0.13613197968908700     
  0.13744437618403646     
  0.13744437619126371     
  0.13876312843687102     
  0.13876312844888339     
  0.14008823644122881     
  0.14008823645299562     
  0.14141970018645353     
  0.14141970020524403     
  0.14275751967334413     
  0.14275751969603170     
  0.14410169489466787     
  0.14410169492400043     
  0.14545222585179540     
  0.14545222587938869     
  0.14680911253488929     
  0.14680911256384119     
  0.14817235494836067     
  0.14817235496494272     
  0.14954195307669479     
  0.14954195309038973     
  0.15091790692057480     
  0.15091790693186127     
  0.15230021647213521     
  0.15230021648975864     
  0.15368888173553441     
  0.15368888175263115     
  0.15508390270240874     
  0.15508390272171443     
  0.15648527937308310     
  0.15648527938971732     
  0.15789301174258480     
  0.15789301175480341     
  0.15930709980669952     
  0.15930709981452881     
  0.16072754356335539     
  0.16072754356445840     
  0.16215434300371620     
  0.16215434300706313     
  0.16358749812804982     
  0.16358749813585191     
  0.16502700893576061     
  0.16502700894533401     
  0.16647287542093891     
  0.16647287543546596     
  0.16792509758336241     
  0.16792509760064689     
  0.16938367541816007     
  0.16938367544005151     
  0.17084860892628534     
  0.17084860894715245     
  0.17231989810104323     
  0.17231989812319082     
  0.17379754294590319     
  0.17379754295936081     
  0.17528154344982885     
  0.17528154346147617     
  0.17677189961346770     
  0.17677189962377721     
  0.17826861143198100     
  0.17826861144610007     
  0.17977167890752571     
  0.17977167892138921     
  0.18128110203499087     
  0.18128110204996042     
  0.18279688081369602     
  0.18279688082779905     
  0.18431901524134495     
  0.18431901525260369     
  0.18584750531418523     
  0.18584750532362601     
  0.18738235103236053     
  0.18738235103631251     
  0.18892355238867206     
  0.18892355239354316     
  0.19047110938364675     
  0.19047110939056172     
  0.19202502201542590     
  0.19202502202508323     
  0.19358529028207089     
  0.19358529029498533     
  0.19515191418261660     
  0.19515191419725694     
  0.19672489371365701     
  0.19672489373140647     
  0.19830422887584215     
  0.19830422889296465     
  0.19988991966444689     
  0.19988991968291386     
  0.20148196608227831     
  0.20148196609477814     
  0.20308036812124503     
  0.20308036813305397     
  0.20468512578206152     
  0.20468512579350101     
  0.20629623906194516     
  0.20629623907544786     
  0.20791370796154485     
  0.20791370797485620     
  0.20953753247798682     
  0.20953753249128021     
  0.21116771260956091     
  0.21116771262317163     
  0.21280424835577158     
  0.21280424836783229     
  0.21444713971329560     
  0.21444713972545332     
  0.21609638668314690     
  0.21609638669194892     
  0.21775198926012912     
  0.21775198926950115     
  0.21941394744498530     
  0.21941394745441212     
  0.22108226123494384     
  0.22108226124655261     
  0.22275693062987711     
  0.22275693064320598     
  0.22443795562863306     
  0.22443795564273247     
  0.22612533622879516     
  0.22612533624481110     
  0.22781907243074245     
  0.22781907244637309     
  0.22951916423103505     
  0.22951916424822252     
  0.23122561163196842     
  0.23122561164547475     
  0.23293841462756393     
  0.23293841464156737     
  0.23465757321865544     
  0.23465757323317321     
  0.23638308740362687     
  0.23638308741946015     
  0.23811495718244491     
  0.23811495719805850     
  0.23985318255346633     
  0.23985318256825172     
  0.24159776351447931     
  0.24159776352993570     
  0.24334870006571357     
  0.24334870008060477     
  0.24510599220443310     
  0.24510599222076213     
  0.24686963993209946     
  0.24686963994675309     
  0.24863964324490542     
  0.24863964326023016     
  0.25041600214378879     
  0.25041600215814008     
  0.25219871662588933     
  0.25219871664126409     
  0.25398778669157274     
  0.25398778670719591     
  0.25578321233967372     
  0.25578321235509588     
  0.25758499356844466     
  0.25758499358473974     
  0.25939313037799250     
  0.25939313039408740     
  0.26120762276576265     
  0.26120762278379062     
  0.26302847073364766     
  0.26302847075008762     
  0.26485567427729506     
  0.26485567429549595     
  0.26668923339766043     
  0.26668923341725448     
  0.26852914809371087     
  0.26852914811462392     
  0.27037541836531687     
  0.27037541838598961     
  0.27222804421131991     
  0.27222804423079705     
  0.27408702562961856     
  0.27408702564946447     
  0.27595236262028394     
  0.27595236264026440     
  0.27782405518119707     
  0.27782405520368958     
  0.27970210331408935     
  0.27970210333640821     
  0.28158650701624249     
  0.28158650703956600     
  0.28347726628884179     
  0.28347726631043124     
  0.28537438112903135     
  0.28537438115033842     
  0.28727785153728530     
  0.28727785155731850     
  0.28918767751239621     
  0.28918767753110791     
  0.29110385905302993     
  0.29110385907159514     
  0.29302639615900117     
  0.29302639617754278     
  0.29495528882840250     
  0.29495528884945976     
  0.29689053706282170     
  0.29689053708438101     
  0.29883214085920384     
  0.29883214088400906     
  0.30078010021866713     
  0.30078010024589374     
  0.30273441514047994     
  0.30273441516945632     
  0.30469508562463954     
  0.30469508565341069     
  0.30666211167009666     
  0.30666211169753871     
  0.30863549327511475     
  0.30863549330232709     
  0.31061523043916434     
  0.31061523046708067     
  0.31260132316062295     
  0.31260132319221173     
  0.31459377144151313     
  0.31459377147450940     
  0.31659257528002183     
  0.31659257531461615     
  0.31859773467774560     
  0.31859773470978447     
  0.32060924963164478     
  0.32060924966192123     
  0.32262712014218631     
  0.32262712016944184     
  0.32465134620806568     
  0.32465134623255371     
  0.32668192782812150     
  0.32668192785133859     
  0.32871886500185082     
  0.32871886502523306     
  0.33076215772782830     
  0.33076215775461643     
  0.33281180600742805     
  0.33281180603708216     
  0.33486780983868936     
  0.33486780987357478     
  0.33693016922301200     
  0.33693016926169667     
  0.33899888415985019     
  0.33899888420100754     
  0.34107395464933504     
  0.34107395469040680     
  0.34315538069036228     
  0.34315538073004426     
  0.34524316228159663     
  0.34524316232031421     
  0.34733729942164504     
  0.34733729946168346     
  0.34943779210922477     
  0.34943779215452347     
  0.35154464034680682     
  0.35154464039546529     
  0.35365784413338552     
  0.35365784418462809     
  0.35577740347126430     
  0.35577740351883796     
  0.35790331835686506     
  0.35790331840081419     
  0.36003558879060654     
  0.36003558882929093     
  0.36217421477100908     
  0.36217421480491613     
  0.36431919629684856     
  0.36431919632809179     
  0.36647053336725033     
  0.36647053339888425     
  0.36862822598113321     
  0.36862822601757689     
  0.37079227413974947     
  0.37079227418213312     
  0.37296267784216225     
  0.37296267789271442     
  0.37513943709027719     
  0.37513943714665288     
  0.37732255188369829     
  0.37732255194359371     
  0.37951202222257324     
  0.37951202228264852     
  0.38170784810567032     
  0.38170784816431824     
  0.38391002953202374     
  0.38391002958884968     
  0.38611856649908438     
  0.38611856655808235     
  0.38833345900572602     
  0.38833345907244438     
  0.39055470705517964     
  0.39055470712801438     
  0.39278231064723856     
  0.39278231072432040     
  0.39501626978545185     
  0.39501626985714405     
  0.39725658446509476     
  0.39725658453055079     
  0.39950325468652070     
  0.39950325474353304     
  0.40175628044796446     
  0.40175628049721934     
  0.40401566174785758     
  0.40401566179254184     
  0.40628139858483581     
  0.40628139863024160     
  0.40855349095803273     
  0.40855349101057126     
  0.41083193886868141     
  0.41083193893169057     
  0.41311674231694473     
  0.41311674239283713     
  0.41540790130566385     
  0.41540790139058131     
  0.41770541583460580     
  0.41770541592457522     
  0.42000928590364994     
  0.42000928599436471     
  0.42231951151142277     
  0.42231951160075742     
  0.42463609265730906     
  0.42463609274380987     
  0.42695902933711505     
  0.42695902942716746     
  0.42928832154962504     
  0.42928832165150138     
  0.43162396929938801     
  0.43162396941172687     
  0.43396597258709302     
  0.43396597270662673     
  0.43631433141858578     
  0.43631433152983495     
  0.43866904578686783     
  0.43866904588783495     
  0.44103011569222894     
  0.44103011577982981     
  0.44339754113242680     
  0.44339754120756270     
  0.44577132210514026     
  0.44577132217285786     
  0.44815145860827732     
  0.44815145867732242     
  0.45053795064102647     
  0.45053795072128711     
  0.45293079820473259     
  0.45293079830293187     
  0.45533000130095896     
  0.45533000142022534     
  0.45773555993433668     
  0.45773556006807553     
  0.46014747410487078     
  0.46014747424602181     
  0.46256574381150994     
  0.46256574395466216     
  0.46499036905280466     
  0.46499036919500564     
  0.46742134982856487     
  0.46742134996680251     
  0.46985868613204562     
  0.46985868627636584     
  0.47230237796151353     
  0.47230237812500186     
  0.47475242532386541     
  0.47475242550539326     
  0.47720882822093819     
  0.47720882841528456     
  0.47967158666311616     
  0.47967158684388472     
  0.48214070063879111     
  0.48214070080239291     
  0.48461617014821112     
  0.48461617029016352     
  0.48709799518833935     
  0.48709799530983761     
  0.48958617575536734     
  0.48958617586483300     
  0.49208071184597246     
  0.49208071195808867     
  0.49458160345913810     
  0.49458160359023973     
  0.49708885059649816     
  0.49708885075927711     
  0.49960245326173525     
  0.49960245346114834     
  0.50212241146317316     
  0.50212241168716332     
  0.50464872520125426     
  0.50464872543651906     
  0.50718139447225896     
  0.50718139471257673     
  0.50972041927495026     
  0.50972041951622227     
  0.51226579960994567     
  0.51226579984648934     
  0.51481753546617692     
  0.51481753571410371     
  0.51737562684045868     
  0.51737562712190932     
  0.51994007374409634     
  0.51994007405827081     
  0.52251087618053182     
  0.52251087651940842     
  0.52508803417008376     
  0.52508803448467967     
  0.52767154769103486     
  0.52767154797547933     
  0.53026141674368510     
  0.53026141699118823     
  0.53285764132363023     
  0.53285764153589499     
  0.53546022142401661     
  0.53546022161613971     
  0.53806915703916602     
  0.53806915723729853     
  0.54068444816725814     
  0.54068444840088448     
  0.54330609481043113     
  0.54330609510445738     
  0.54593409697618678     
  0.54593409734022424     
  0.54856845468137361     
  0.54856845509103724     
  0.55120916792747299     
  0.55120916835513267     
  0.55385623670275974     
  0.55385623714394638     
  0.55650966100724242     
  0.55650966145718661     
  0.55916944084393716     
  0.55916944129155666     
  0.56183557619370927     
  0.56183557666591966     
  0.56450806704954293     
  0.56450806758701755     
  0.56718691343172067     
  0.56718691403429478     
  0.56987211534573357     
  0.56987211600199905     
  0.57256367283720022     
  0.57256367344424641     
  0.57526158585894172     
  0.57526158640795766     
  0.57796585441169812     
  0.57796585489213226     
  0.58067647848870574     
  0.58067647890328189     
  0.58339345807610621     
  0.58339345845501722     
  0.58611679316294485     
  0.58611679355803925     
  0.58884648374477055     
  0.58884648421656038     
  0.59158252982419368     
  0.59158253042772113     
  0.59432493141692166     
  0.59432493217557703     
  0.59707368856337339     
  0.59707368941948102     
  0.59982880126819149     
  0.59982880215454393     
  0.60259026949157868     
  0.60259027042033619     
  0.60535809323845968     
  0.60535809421170617     
  0.60813227252194735     
  0.60813227351531240     
  0.61091280730619291     
  0.61091280836678641     
  0.61369969757334886     
  0.61369969878374686     
  0.61649294336441718     
  0.61649294472497940     
  0.61929254468387751     
  0.61929254618578355     
  0.62209850165872704     
  0.62209850303894887     
  0.62491081416157923     
  0.62491081541165461     
  0.62772948219558278     
  0.62772948330054001     
  0.63055450575049510     
  0.63055450671564384     
  0.63338588479259017     
  0.63338588569048759     
  0.63622361929626048     
  0.63622362025047119     
  0.63906770924655509     
  0.63906771041035304     
  0.64191815464324886     
  0.64191815617015791     
  0.64477495552362174     
  0.64477495749240887     
  0.64763811201544885     
  0.64763811424915207     
  0.65050762413750551     
  0.65050762642139515     
  0.65338349171734789     
  0.65338349418142228     
  0.65626571477675955     
  0.65626571750723239     
  0.65915429339231679     
  0.65915429632209666     
  0.66204922749000705     
  0.66204923069982247     
