   1.6873932613220062E-004
   1.8457031902817411E-004
   5.0040838622631312E-004
   5.5066619957454678E-004
   8.2812378727234340E-004
   9.1118690790539011E-004
   1.1536684421417157E-003
   1.2664160421317864E-003
   1.4772235463172752E-003
   1.6160484427988546E-003
   1.7984988642621451E-003
   1.9601341181575594E-003
   2.1168978925641172E-003
   2.2983912888215863E-003
   2.4319107191013334E-003
   2.6305156797543109E-003
   2.7431014227030791E-003
   2.9563219768468122E-003
   3.0500111187542985E-003
   3.2756906137104474E-003
   3.3519841706459216E-003
   3.5884996164013074E-003
   3.6483891308889426E-003
   3.8946616159265808E-003
   3.9387654907917556E-003
   4.1941443725398639E-003
   4.2228974417045035E-003
   4.4870404991168965E-003
   4.5008861484977340E-003
   4.7731604806986998E-003
   4.7736461013223657E-003
   5.0403389537555668E-003
   5.0545526477991810E-003
   5.3030335732998767E-003
   5.3305088734744814E-003
   5.5617269298697258E-003
   5.6022472772760176E-003
   5.8168891173892697E-003
   5.8703497243760942E-003
   6.0690564428151871E-003
   6.1352681137549873E-003
   6.3187159123100859E-003
   6.3974017694559612E-003
   6.5662471451843922E-003
   6.6570842424212798E-003
   6.8119743674934707E-003
   6.9145540823653401E-003
   7.0561613780127912E-003
   7.1699871289719417E-003
   7.2989950247272757E-003
   7.4235258914791937E-003
   7.5405863469682755E-003
   7.6752481598742510E-003
   7.7810142797225560E-003
   7.9251412851266724E-003
   8.0203399457066341E-003
   8.1731358844853233E-003
   8.2585966770634660E-003
   8.4191382954086572E-003
   8.4957828810121039E-003
   8.6630520225573736E-003
   8.7318245325849527E-003
   8.9047823737840748E-003
   8.9665750129966464E-003
   9.1442149306867563E-003
   9.1998266524824426E-003
   9.3811981295784455E-003
   9.4312624340062556E-003
   9.6155105234578212E-003
   9.6604009219777767E-003
   9.8467673496776594E-003
   9.8865190940311039E-003
   1.0074202256837901E-002
   1.0108569740104189E-002
   1.0295953997366637E-002
   1.0325331015200754E-002
   1.0505856460825715E-002
   1.0537813089515655E-002
   1.0692485089561655E-002
   1.0751932808574637E-002
   1.0858701010272384E-002
   1.0969964207666128E-002
   1.1026796876006684E-002
   1.1193555149997548E-002
   1.1217735510762040E-002
   1.1425204906278344E-002
   1.1434115321879108E-002
   1.1666531364673029E-002
   1.1669517690332564E-002
   1.1918030978604485E-002
   1.1918925340914793E-002
   1.2179522190696639E-002
   1.2179728157932153E-002
   1.2450559373597039E-002
   1.2450613870055294E-002
   1.2730723236788040E-002
   1.2730799890447923E-002
   1.3019677945986859E-002
   1.3019744977060557E-002
   1.3317078946825774E-002
   1.3317124149481144E-002
   1.3622654161392812E-002
   1.3622681741060532E-002
   1.3936190673053416E-002
   1.3936204561478432E-002
   1.4257513016730242E-002
   1.4257517482426332E-002
   1.4586473999111336E-002
   1.4586474807041908E-002
   1.4922950770021367E-002
   1.4922951599010635E-002
   1.5266838669367434E-002
   1.5266840654289437E-002
   1.5618047387180974E-002
   1.5618049482657628E-002
   1.5976497944977699E-002
   1.5976498095530652E-002
   1.6342117369511248E-002
   1.6342120272672716E-002
   1.6714846991480750E-002
   1.6714852062109709E-002
   1.7094632433142069E-002
   1.7094639234545721E-002
   1.7481426245179225E-002
   1.7481432577728693E-002
   1.7875184317480947E-002
   1.7875189794834503E-002
   1.8275867877243574E-002
   1.8275872111480362E-002
   1.8683442167428895E-002
   1.8683444436516903E-002
   1.9097874957792579E-002
   1.9097875877510918E-002
   1.9519137293346724E-002
   1.9519138170074300E-002
   1.9947203704903823E-002
   1.9947204768502865E-002
   2.0382050872297570E-002
   2.0382051585083064E-002
   2.0823656391890304E-002
   2.0823657708998508E-002
   2.1272000912031425E-002
   2.1272002827147078E-002
   2.1727066605005139E-002
   2.1727068367045025E-002
   2.2188836510982891E-002
   2.2188837817191432E-002
   2.2657294875622395E-002
   2.2657296095689953E-002
   2.3132427312113648E-002
   2.3132429130142084E-002
   2.3614221201483838E-002
   2.3614223229833815E-002
   2.4102664213460998E-002
   2.4102666363684005E-002
   2.4597745164211062E-002
   2.4597747124039386E-002
   2.5099453676939727E-002
   2.5099454907279453E-002
   2.5607779581925751E-002
   2.5607780372142380E-002
   2.6122713819068694E-002
   2.6122714410479076E-002
   2.6644248194230054E-002
   2.6644248277315173E-002
   2.7172374309614142E-002
   2.7172374558388106E-002
   2.7707085088862469E-002
   2.7707085553112080E-002
   2.8248373748107829E-002
   2.8248374220544693E-002
   2.8796233591844078E-002
   2.8796234308478462E-002
   2.9350658695892311E-002
   2.9350659602484397E-002
   2.9911643486746364E-002
   2.9911644284851050E-002
   3.0479182466469270E-002
   3.0479183153578664E-002
   3.1053270528613616E-002
   3.1053271255352639E-002
   3.1633903018527941E-002
   3.1633903778617044E-002
   3.2221075436011951E-002
   3.2221076308329578E-002
   3.2814783682204668E-002
   3.2814784540102955E-002
   3.3415023748031340E-002
   3.3415024556054183E-002
   3.4021791931948618E-002
   3.4021792574303461E-002
   3.4635084733621084E-002
   3.4635085025203800E-002
   3.5254898614991377E-002
   3.5254898762591864E-002
   3.5881230440871256E-002
   3.5881230597704761E-002
   3.6514077342740474E-002
   3.6514077411879134E-002
   3.7153436387298955E-002
   3.7153436466302973E-002
   3.7799304843918767E-002
   3.7799305114517422E-002
   3.8451680334501880E-002
   3.8451680634013732E-002
   3.9110560304485641E-002
   3.9110560738058159E-002
   3.9775942558399432E-002
   3.9775943024215790E-002
   4.0447824931506879E-002
   4.0447825287942080E-002
   4.1126205237093906E-002
   4.1126205561581620E-002
   4.1811081485932884E-002
   4.1811081882156466E-002
   4.2502451874595483E-002
   4.2502452291193579E-002
   4.3200314591854340E-002
   4.3200315017281152E-002
   4.3904667947608549E-002
   4.3904668336854615E-002
   4.4615510287592502E-002
   4.4615510649887780E-002
   4.5332840094133069E-002
   4.5332840370180434E-002
   4.6056655891905940E-002
   4.6056656011233578E-002
   4.6786956200553155E-002
   4.6786956225810063E-002
   4.7523739635847349E-002
   4.7523739697453021E-002
   4.8267004990482643E-002
   4.8267005052845618E-002
   4.9016751024196968E-002
   4.9016751065270689E-002
   4.9772976498831847E-002
   4.9772976613536191E-002
   5.0535680332266637E-002
   5.0535680522398742E-002
   5.1304861455359549E-002
   5.1304861700323341E-002
   5.2080518844180301E-002
   5.2080519102279198E-002
   5.2862651522792937E-002
   5.2862651722279844E-002
   5.3651258494169421E-002
   5.3651258658071098E-002
   5.4446338815835590E-002
   5.4446339031350391E-002
   5.5247891675116033E-002
   5.5247891908626751E-002
   5.6055916226127558E-002
   5.6055916460555945E-002
   5.6870411668892736E-002
   5.6870411879369719E-002
   5.7691377224689318E-002
   5.7691377400265365E-002
   5.8518812138143410E-002
   5.8518812296234152E-002
   5.9352715739276529E-002
   5.9352715813109823E-002
   6.0193087297368511E-002
   6.0193087312961170E-002
   6.1039926140330207E-002
   6.1039926152125328E-002
   6.1893231643738951E-002
   6.1893231689722307E-002
   6.2753003241277014E-002
   6.2753003274897107E-002
   6.3619240309838884E-002
   6.3619240359516369E-002
   6.4491942282294823E-002
   6.4491942383328449E-002
   6.5371108641921666E-002
   6.5371108777563344E-002
   6.6256738861181330E-002
   6.6256739024288649E-002
   6.7148832465373981E-002
   6.7148832590988777E-002
   6.8047388932674049E-002
   6.8047389028852379E-002
   6.8952407775486724E-002
   6.8952407889822154E-002
   6.9863888563579946E-002
   6.9863888701953342E-002
   7.0781830877009025E-002
   7.0781831015054336E-002
   7.1706234287206405E-002
   7.1706234418233705E-002
   7.2637098395412603E-002
   7.2637098500173886E-002
   7.3574422797273262E-002
   7.3574422883302584E-002
   7.4518207119037325E-002
   7.4518207186421992E-002
   7.5468451014471527E-002
   7.5468451026680733E-002
   7.6425154087900293E-002
   7.6425154095471959E-002
   7.7388316016888822E-002
   7.7388316034741472E-002
   7.8357936478204979E-002
   7.8357936510061607E-002
   7.9334015166032334E-002
   7.9334015191502238E-002
   8.0316551747909845E-002
   8.0316551796815849E-002
   8.1305545939405532E-002
   8.1305546015931665E-002
   8.2300997459350947E-002
   8.2300997554925426E-002
   8.3302906033640711E-002
   8.3302906131461296E-002
   8.4311271404671539E-002
   8.4311271464628079E-002
   8.5326093270691822E-002
   8.5326093334900072E-002
   8.6347371394068395E-002
   8.6347371475208642E-002
   8.7375105542264325E-002
   8.7375105629332206E-002
   8.8409295477254762E-002
   8.8409295561880485E-002
   8.9449940969575856E-002
   8.9449941043667269E-002
   9.0497041797425501E-002
   9.0497041852059312E-002
   9.1550597736027112E-002
   9.1550597781083973E-002
   9.2610608585493387E-002
   9.2610608613062959E-002
   9.3677074141152741E-002
   9.3677074147802394E-002
   9.4749994196416623E-002
   9.4749994199261903E-002
   9.5829368559870051E-002
   9.5829368578022725E-002
   9.6915197062299702E-002
   9.6915197083837126E-002
   9.8007479519304275E-002
   9.8007479542607676E-002
   9.9106215747894272E-002
   9.9106215789402013E-002
  0.10021140558938267     
  0.10021140564518757     
  0.10132304888001327     
  0.10132304894584379     
  0.10244114546788434     
  0.10244114552489794     
  0.10356569519661941     
  0.10356569522952211     
  0.10469669788870034     
  0.10469669793688614     
  0.10583415342161405     
  0.10583415347770692     
  0.10697806165390203     
  0.10697806170990656     
  0.10812842244493459     
  0.10812842249855943     
  0.10928523566385617     
  0.10928523570667820     
  0.11044850117717342     
  0.11044850120736641     
  0.11161821885375174     
  0.11161821887857554     
  0.11279438857852830     
  0.11279438858915034     
  0.11397701022227577     
  0.11397701022884026     
  0.11516608367207028     
  0.11516608367760667     
  0.11636160881061076     
  0.11636160882609421     
  0.11756358553803285     
  0.11756358555361027     
  0.11877201373932522     
  0.11877201376051484     
  0.11998689330964833     
  0.11998689334271131     
  0.12120822415258310     
  0.12120822419321481     
  0.12243600616857553     
  0.12243600621353436     
  0.12367023926739709     
  0.12367023930104247     
  0.12491092334717097     
  0.12491092336978575     
  0.12615805830423105     
  0.12615805834047064     
  0.12741164406733477     
  0.12741164410609884     
  0.12867168054609421     
  0.12867168058338874     
  0.12993816765435512     
  0.12993816768926031     
  0.13121110531275709     
  0.13121110533813549     
  0.13249049343638802     
  0.13249049345415587     
  0.13377633194572977     
  0.13377633196010841     
  0.13506862077010451     
  0.13506862077386006     
  0.13636735982594850     
  0.13636735982996764     
  0.13767254904446571     
  0.13767254905190618     
  0.13898418835550080     
  0.13898418836809245     
  0.14030227769334247     
  0.14030227770597162     
  0.14162681698497512     
  0.14162681700366658     
  0.14295780616706155     
  0.14295780619289511     
  0.14429524517743991     
  0.14429524520737924     
  0.14563913395351666     
  0.14563913398435974     
  0.14698947243804225     
  0.14698947245873195     
  0.14834626056216732     
  0.14834626057990280     
  0.14970949826504831     
  0.14970949829210356     
  0.15107918550047089     
  0.15107918552768604     
  0.15245532220908936     
  0.15245532223480510     
  0.15383790833626876     
  0.15383790835950059     
  0.15522694383115229     
  0.15522694384656111     
  0.15662242863743242     
  0.15662242864867734     
  0.15802436270541714     
  0.15802436271431258     
  0.15943274598918286     
  0.15943274599048060     
  0.16084757843376055     
  0.16084757843549960     
  0.16226885999297072     
  0.16226886000109136     
  0.16369659062557335     
  0.16369659063617517     
  0.16513077028536449     
  0.16513077029671158     
  0.16657139892526521     
  0.16657139894155826     
  0.16801847650470486     
  0.16801847652503218     
  0.16947200298200776     
  0.16947200300447002     
  0.17093197831656864     
  0.17093197833800314     
  0.17239840246990409     
  0.17239840248345598     
  0.17387127539477162     
  0.17387127540917879     
  0.17535059705448172     
  0.17535059707469028     
  0.17683636741699363     
  0.17683636743653694     
  0.17832858644242319     
  0.17832858646073960     
  0.17982725409503067     
  0.17982725411076581     
  0.18133237034057162     
  0.18133237035013747     
  0.18284393514043171     
  0.18284393514825611     
  0.18436194846295811     
  0.18436194846903092     
  0.18588641027663905     
  0.18588641027766600     
  0.18741732054424690     
  0.18741732054647645     
  0.18895467923462467     
  0.18895467924307160     
  0.19049848632155936     
  0.19049848633144134     
  0.19204874177236542     
  0.19204874178334594     
  0.19360544555590595     
  0.19360544557025663     
  0.19516859764473804     
  0.19516859766118388     
  0.19673819801026879     
  0.19673819802748896     
  0.19831424662522185     
  0.19831424664038655     
  0.19989674346250613     
  0.19989674347204897     
  0.20148568848952392     
  0.20148568850127110     
  0.20308108168320024     
  0.20308108169841074     
  0.20468292302048491     
  0.20468292303486413     
  0.20629121247396276     
  0.20629121248742721     
  0.20790595001967907     
  0.20790595003044648     
  0.20952713563342884     
  0.20952713563950667     
  0.21115476928798094     
  0.21115476929418042     
  0.21278885096315595     
  0.21278885096792907     
  0.21442938063600195     
  0.21442938063790590     
  0.21607635828069949     
  0.21607635828502780     
  0.21772978387672243     
  0.21772978388579450     
  0.21938965740530655     
  0.21938965741579766     
  0.22105597884394115     
  0.22105597885521222     
  0.22272874817104091     
  0.22272874818410321     
  0.22440796536719146     
  0.22440796538116148     
  0.22609363041265651     
  0.22609363042617955     
  0.22778574328822998     
  0.22778574329918072     
  0.22948430397423869     
  0.22948430398139813     
  0.23118931244811580     
  0.23118931245768581     
  0.23290076869465240     
  0.23290076870625115     
  0.23461867269690115     
  0.23461867270773340     
  0.23634302443556277     
  0.23634302444580230     
  0.23807382389439113     
  0.23807382390173898     
  0.23981107105530364     
  0.23981107105930913     
  0.24155476589867622     
  0.24155476590445438     
  0.24330490841208707     
  0.24330490841653479     
  0.24506149857760179     
  0.24506149858102996     
  0.24682453637720869     
  0.24682453638408802     
  0.24859402179742601     
  0.24859402180791254     
  0.25036995482381419     
  0.25036995483622609     
  0.25215233544150273     
  0.25215233545374244     
  0.25394116363438174     
  0.25394116364695590     
  0.25573643938825386     
  0.25573643940098112     
  0.25753816268973651     
  0.25753816270063723     
  0.25934633352431058     
  0.25934633353238934     
  0.26116095187753058     
  0.26116095188312882     
  0.26298201773369179     
  0.26298201774149138     
  0.26480953108233657     
  0.26480953109134264     
  0.26664349191084202     
  0.26664349191918402     
  0.26848390020522134     
  0.26848390021333646     
  0.27033075595458961     
  0.27033075595946582     
  0.27218405914444432     
  0.27218405914729676     
  0.27404380976044751     
  0.27404380976681358     
  0.27591000779590025     
  0.27591000780079050     
  0.27778265323539514     
  0.27778265324111390     
  0.27966174606668953     
  0.27966174607691252     
  0.28154728628105297     
  0.28154728629419706     
  0.28343927386665840     
  0.28343927388246165     
  0.28533770881458775     
  0.28533770882867304     
  0.28724259111150874     
  0.28724259112457867     
  0.28915392074686741     
  0.28915392075951646     
  0.29107169771211622     
  0.29107169772117020     
  0.29299592199509533     
  0.29299592200118907     
  0.29492659358538381     
  0.29492659358982209     
  0.29686371247192533     
  0.29686371247829263     
  0.29880727864732015     
  0.29880727865449391     
  0.30075729210212715     
  0.30075729210868324     
  0.30271375282577045     
  0.30271375283257024     
  0.30467666081142197     
  0.30467666081442507     
  0.30664601604635700     
  0.30664601604871677     
  0.30862181852000253     
  0.30862181852806214     
  0.31060406823050951     
  0.31060406823664666     
  0.31259276516288481     
  0.31259276517208417     
  0.31458790930967356     
  0.31458790932473191     
  0.31658950066548897     
  0.31658950068315422     
  0.31859753921995093     
  0.31859753924117817     
  0.32061202496918190     
  0.32061202498639368     
  0.32263295790054830     
  0.32263295791540553     
  0.32466033800633570     
  0.32466033802015321     
  0.32669416528190082     
  0.32669416528975909     
  0.32873443971571492     
  0.32873443972047134     
  0.33078116130079172     
  0.33078116130423957     
  0.33283433002909674     
  0.33283433003429447     
  0.33489394589537580     
  0.33489394590131916     
  0.33696000889267702     
  0.33696000889792382     
  0.33903251901241233     
  0.33903251901857523     
  0.34111147625106730     
  0.34111147625288463     
  0.34319688059669395     
  0.34319688059911618     
  0.34528873204089261     
  0.34528873205219079     
  0.34738703058700576     
  0.34738703059549741     
  0.34949177621813593     
  0.34949177623286820     
  0.35160296893156628     
  0.35160296895415144     
  0.35372060872440425     
  0.35372060874957117     
  0.35584469558668735     
  0.35584469561660748     
  0.35797522951950478     
  0.35797522954188399     
  0.36011221050881143     
  0.36011221052733938     
  0.36225563854953463     
  0.36225563856612364     
  0.36440551364032281     
  0.36440551364784213     
  0.36656183576898371     
  0.36656183577312212     
  0.36872460493179521     
  0.36872460493428461     
  0.37089382112232727     
  0.37089382112653496     
  0.37306948433706494     
  0.37306948434232629     
  0.37525159457125318     
  0.37525159457551577     
  0.37744015181701940     
  0.37744015182323815     
  0.37963515607336074     
  0.37963515607591680     
  0.38183660733009811     
  0.38183660733330416     
  0.38404450557763237     
  0.38404450559472814     
  0.38625885082667721     
  0.38625885083935108     
  0.38847964305519173     
  0.38847964307923694     
  0.39070688226632916     
  0.39070688230139872     
  0.39294056845917580     
  0.39294056849706188     
  0.39518070162300328     
  0.39518070166740060     
  0.39742728176487407     
  0.39742728179594022     
  0.39968030886644251     
  0.39968030889174400     
  0.40193978292575366     
  0.40193978294762300     
  0.40420570394419530     
  0.40420570395316835     
  0.40647807190817092     
  0.40647807191308877     
  0.40875688681726907     
  0.40875688681903283     
  0.41104214866527772     
  0.41104214866856670     
  0.41333385745008361     
  0.41333385745529105     
  0.41563201316950205     
  0.41563201317298704     
  0.41793661581486335     
  0.41793661582204100     
  0.42024766538757125     
  0.42024766539288549     
  0.42256516187984594     
  0.42256516188524579     
  0.42488910527760143     
  0.42488910530526541     
  0.42721949560283906     
  0.42721949562311273     
  0.42955633282292177     
  0.42955633286369743     
  0.43189961695003015     
  0.43189961700722396     
  0.43424934798489423     
  0.43424934804544851     
  0.43660552591425039     
  0.43660552598422264     
  0.43896815075399442     
  0.43896815080034041     
  0.44133722247643875     
  0.44133722251428037     
  0.44371274108437031     
  0.44371274111614251     
  0.44609470658123201     
  0.44609470659546724     
  0.44848311895202164     
  0.44848311896033538     
  0.45087797819878467     
  0.45087797820187164     
  0.45327928431630576     
  0.45327928431855535     
  0.45568703730113619     
  0.45568703730718801     
  0.45810123715584361     
  0.45810123715864187     
  0.46052188386863124     
  0.46052188387824500     
  0.46294897744434216     
  0.46294897745476726     
  0.46538251787710683     
  0.46538251788777790     
  0.46782250514495310     
  0.46782250519303298     
  0.47026893928865610     
  0.47026893932361946     
  0.47272182025420545     
  0.47272182032749360     
  0.47518114807032324     
  0.47518114816995655     
  0.47764692273903209     
  0.47764692284309002     
  0.48011914424127805     
  0.48011914436012249     
  0.48259781260859264     
  0.48259781268378177     
  0.48508292779347295     
  0.48508292785589752     
  0.48757448980769624     
  0.48757448985909579     
  0.49007249865587915     
  0.49007249868323338     
  0.49257695432213155     
  0.49257695433874626     
  0.49508785680932449     
  0.49508785681737982     
  0.49760520611531961     
  0.49760520611595666     
  0.50012900223045487     
  0.50012900223889101     
  0.50265924516687210     
  0.50265924516885652     
  0.50519593490513470     
  0.50519593492018144     
  0.50773907145620900     
  0.50773907147684327     
  0.51028865481531094     
  0.51028865483864294     
  0.51284468494592084     
  0.51284468503717329     
  0.51540716192475977     
  0.51540716199085590     
  0.51797608565178599     
  0.51797608579492893     
  0.52055145619093957     
  0.52055145638070666     
  0.52313327354465278     
  0.52313327374108354     
  0.52572153768090757     
  0.52572153790344700     
  0.52831624866378735     
  0.52831624879915307     
  0.53091740640069374     
  0.53091740651628727     
  0.53352501092380988     
  0.53352501101821292     
  0.53613906223708707     
  0.53613906229658037     
  0.53875956032541328     
  0.53875956036215544     
  0.54138650518952913     
  0.54138650520990828     
  0.54401989683107954     
  0.54401989683395036     
  0.54665973523304834     
  0.54665973524711586     
  0.54930602042007581     
  0.54930602042062304     
  0.55195875235735525     
  0.55195875238519332     
  0.55461793106867552     
  0.55461793111300361     
  0.55728355654878803     
  0.55728355660531137     
  0.55995562873034699     
  0.55995562892552531     
  0.56263414777095722     
  0.56263414791214483     
  0.56531911345840613     
  0.56531911377353850     
  0.56801052594444323     
  0.56801052635415572     
  0.57070838522860279     
  0.57070838565070980     
  0.57341269124678163     
  0.57341269172359066     
  0.57612344414406402     
  0.57612344442405039     
  0.57884064371014232     
  0.57884064395877333     
  0.58156429003268129     
  0.58156429023651746     
  0.58429438310846005     
  0.58429438325696237     
  0.58703092293071435     
  0.58703092302337845     
  0.58977390948829178     
  0.58977390954346387     
  0.59252334279096353     
  0.59252334280403518     
  0.59527922280598144     
  0.59527922283446155     
  0.59804154958004108     
  0.59804154958471645     
  0.60081032305075432     
  0.60081032311388849     
  0.60358554326252178     
  0.60358554337432280     
  0.60636721020946760     
  0.60636721036867147     
  0.60915532374377612     
  0.60915532424157037     
  0.61194988424785579     
  0.61194988460746091     
  0.61475089117686910     
  0.61475089200807354     
  0.61755834495220963     
  0.61755834601894077     
  0.62037224555577541     
  0.62037224665512214     
  0.62319259282636053     
  0.62319259407482375     
  0.62601938716536465     
  0.62601938787366984     
  0.62885262797912456     
  0.62885262864238511     
  0.63169231554623406     
  0.63169231609948329     
  0.63453844982515317     
  0.63453845028362532     
  0.63739103085932092     
  0.63739103114853479     
  0.64025005857976947     
  0.64025005876037722     
  0.64311553302488467     
  0.64311553307798663     
  0.64598745410910663     
  0.64598745418418180     
  0.64886582194013331     
  0.64886582196854925     
  0.65175063637712061     
  0.65175063656925258     
  0.65464189751441337     
  0.65464189788929705     
  0.65753960534948330     
  0.65753960592858463     
  0.66044375943813149     
  0.66044376112871861     
  0.66335436102808254     
  0.66335436223941935     
  0.66627140821094488     
  0.66627141116652233     
  0.66919490255602454     
  0.66919490633822620     
  0.67212484394215921     
  0.67212484787322124     
  0.67506123178676269     
  0.67506123635161952     
