   1.2664676503950606E-004
   1.2758726354701125E-004
   1.2781473291727680E-004
   1.3251860341982971E-004
   3.6994777525355387E-004
   3.7074622201806889E-004
   3.8130403558693017E-004
   3.8536731566165769E-004
   5.9159441398759852E-004
   5.9560947540668395E-004
   6.1194001263994427E-004
   6.1587417560243839E-004
   7.6906874897181862E-004
   7.7476514527731336E-004
   8.1839283980996032E-004
   8.2512839990387787E-004
   9.3352553394969570E-004
   9.4265163778239880E-004
   1.0390874261840221E-003
   1.0495014555127731E-003
   1.1613382022777757E-003
   1.1736175710899829E-003
   1.2900378502679235E-003
   1.3038821941141188E-003
   1.4258646511164819E-003
   1.4414648827091674E-003
   1.5674279147801565E-003
   1.5848279747228964E-003
   1.7141310454228335E-003
   1.7334530934488355E-003
   1.8653974192113074E-003
   1.8867249013688749E-003
   2.0207670943526677E-003
   2.0441473982291372E-003
   2.1798951865035793E-003
   2.2052918575384030E-003
   2.3424792710802743E-003
   2.3697650883237010E-003
   2.5083149134000420E-003
   2.5372294969818292E-003
   2.6772073624323979E-003
   2.7073366075412507E-003
   2.8490003437652163E-003
   2.8798102770864233E-003
   3.0235192619954168E-003
   3.0543405635706077E-003
   3.2005883890532934E-003
   3.2306513288924777E-003
   3.3799661420603430E-003
   3.4084220647297762E-003
   3.5613353444035427E-003
   3.5873044641424466E-003
   3.7442389995441592E-003
   3.7668652129375984E-003
   3.9280186970562236E-003
   3.9465837121337695E-003
   4.1115100273134229E-003
   4.1259530924229165E-003
   4.2916031702138965E-003
   4.3056560762726737E-003
   4.4624197403018038E-003
   4.4880879999546642E-003
   4.6210060038463950E-003
   4.6730331322550975E-003
   4.7696999400042572E-003
   4.8606759760441830E-003
   4.9195193618451804E-003
   5.0524423726674324E-003
   5.0830528538079456E-003
   5.2498698058744643E-003
   5.2642841996609104E-003
   5.4540969083589309E-003
   5.4605908510177133E-003
   5.6657339736790194E-003
   5.6686657001261947E-003
   5.8849878977640033E-003
   5.8863717944851708E-003
   6.1118208963800106E-003
   6.1125270807894519E-003
   6.3460885659400064E-003
   6.3464791456175488E-003
   6.5876152219786635E-003
   6.5878508820470492E-003
   6.8362420322963195E-003
   6.8363974696240030E-003
   7.0918349553084374E-003
   7.0919467078653289E-003
   7.3542863499435453E-003
   7.3543671870309104E-003
   7.6235048994633438E-003
   7.6235594816372165E-003
   7.8994122241612275E-003
   7.8994470833167896E-003
   8.1819432955299171E-003
   8.1819674230027891E-003
   8.4710451699306476E-003
   8.4710670492258947E-003
   8.7666750473092084E-003
   8.7666991247802185E-003
   9.0687970687423850E-003
   9.0688233098831002E-003
   9.3773795401921982E-003
   9.3774060123004016E-003
   9.6923947372667060E-003
   9.6924186283747406E-003
   1.0013817542078971E-002
   1.0013837373081570E-002
   1.0341625739771517E-002
   1.0341641765767060E-002
   1.0675799801509317E-002
   1.0675813868976871E-002
   1.1016323526443677E-002
   1.1016336853010894E-002
   1.1363183358835429E-002
   1.1363195029408963E-002
   1.1716366088897767E-002
   1.1716375614457474E-002
   1.2075860003530616E-002
   1.2075867133328420E-002
   1.2441654528039421E-002
   1.2441659405853275E-002
   1.2813740311941574E-002
   1.2813743147140960E-002
   1.3192108524353031E-002
   1.3192110406708571E-002
   1.3576751733992838E-002
   1.3576753462542224E-002
   1.3967662801758566E-002
   1.3967665735278943E-002
   1.4364836079052819E-002
   1.4364840423861457E-002
   1.4768266231617880E-002
   1.4768271538448169E-002
   1.5177948338836560E-002
   1.5177953677016401E-002
   1.5593877532551124E-002
   1.5593882278645312E-002
   1.6016049334673391E-002
   1.6016053191758441E-002
   1.6444459473473373E-002
   1.6444462775405479E-002
   1.6879104300721787E-002
   1.6879107409728814E-002
   1.7319980391538523E-002
   1.7319983832349194E-002
   1.7767085280466291E-002
   1.7767088345959432E-002
   1.8220415836205355E-002
   1.8220418393702531E-002
   1.8679969517511139E-002
   1.8679971258985628E-002
   1.9145743618827017E-002
   1.9145744780412421E-002
   1.9617735943762919E-002
   1.9617736643126663E-002
   2.0095944354145689E-002
   2.0095944798306474E-002
   2.0580366933565967E-002
   2.0580367271433128E-002
   2.1071001751780498E-002
   2.1071002372584316E-002
   2.1567847252615232E-002
   2.1567848285766560E-002
   2.2070901853315703E-002
   2.2070903449046931E-002
   2.2580164328756883E-002
   2.2580166151817554E-002
   2.3095633289552900E-002
   2.3095635039930187E-002
   2.3617307409000598E-002
   2.3617308873575677E-002
   2.4145185343385053E-002
   2.4145186593203038E-002
   2.4679265988376328E-002
   2.4679267050605594E-002
   2.5219548156280136E-002
   2.5219549320278398E-002
   2.5766031044106196E-002
   2.5766032220964838E-002
   2.6318713673430184E-002
   2.6318714866316976E-002
   2.6877595345203641E-002
   2.6877596201422417E-002
   2.7442675016020039E-002
   2.7442675618612702E-002
   2.8013951962150441E-002
   2.8013952286164226E-002
   2.8591425357869942E-002
   2.8591425563307116E-002
   2.9175094569125953E-002
   2.9175094700437630E-002
   2.9764958918696630E-002
   2.9764959068330647E-002
   3.0361017808904021E-002
   3.0361018030246680E-002
   3.0963270613674342E-002
   3.0963271045096191E-002
   3.1571716857607020E-002
   3.1571717483967032E-002
   3.2186356026374520E-002
   3.2186356815655931E-002
   3.2807187706907215E-002
   3.2807188462724832E-002
   3.3434211370585686E-002
   3.3434212014829538E-002
   3.4067426535558318E-002
   3.4067427063178383E-002
   3.4706832727006913E-002
   3.4706833237282173E-002
   3.5352429600682259E-002
   3.5352430078645622E-002
   3.6004216716118975E-002
   3.6004217264979876E-002
   3.6662193815427888E-002
   3.6662194329018190E-002
   3.7326360508479581E-002
   3.7326360971107544E-002
   3.7996716529770443E-002
   3.7996716800270669E-002
   3.8673261450791231E-002
   3.8673261619909520E-002
   3.9355995015926577E-002
   3.9355995090104200E-002
   4.0044916903807397E-002
   4.0044916964584863E-002
   4.0740026878474167E-002
   4.0740026937996554E-002
   4.1441324667347255E-002
   4.1441324766469188E-002
   4.2148810030693831E-002
   4.2148810196775265E-002
   4.2862482723276349E-002
   4.2862483003404631E-002
   4.3582342561938034E-002
   4.3582342919775384E-002
   4.4308389332597717E-002
   4.4308389730115375E-002
   4.5040622858952058E-002
   4.5040623199707093E-002
   4.5779042896715402E-002
   4.5779043179656156E-002
   4.6523649244065851E-002
   4.6523649495518418E-002
   4.7274441710801453E-002
   4.7274441977270071E-002
   4.8031420161375196E-002
   4.8031420415454461E-002
   4.8794584395820052E-002
   4.8794584679484165E-002
   4.9563934311109364E-002
   4.9563934555556258E-002
   5.0339469723839368E-002
   5.0339469923287319E-002
   5.1121190515337256E-002
   5.1121190609960149E-002
   5.1909096482958293E-002
   5.1909096538621920E-002
   5.2703187522794605E-002
   5.2703187544801786E-002
   5.3503463487514946E-002
   5.3503463518133877E-002
   5.4309924273519702E-002
   5.4309924314690491E-002
   5.5122569752619893E-002
   5.5122569824824177E-002
   5.5941399813753866E-002
   5.5941399930994687E-002
   5.6766414346307553E-002
   5.6766414524020821E-002
   5.7597613267760285E-002
   5.7597613475026690E-002
   5.8434996473470779E-002
   5.8434996685271731E-002
   5.9278563876210971E-002
   5.9278564046252750E-002
   6.0128315349165393E-002
   6.0128315496360864E-002
   6.0984250801784393E-002
   6.0984250944699510E-002
   6.1846370147764146E-002
   6.1846370302796772E-002
   6.2714673321791828E-002
   6.2714673467564541E-002
   6.3589160221729113E-002
   6.3589160378838855E-002
   6.4469830800974764E-002
   6.4469830926750099E-002
   6.5356684962840486E-002
   6.5356685057098823E-002
   6.6249722648061934E-002
   6.6249722683604365E-002
   6.7148943750526435E-002
   6.7148943771950534E-002
   6.8054348223699421E-002
   6.8054348233145587E-002
   6.8965935991635210E-002
   6.8965936012303844E-002
   6.9883707003307663E-002
   6.9883707034122264E-002
   7.0807661191558166E-002
   7.0807661243746656E-002
   7.1737798499459257E-002
   7.1737798580229648E-002
   7.2674118871494886E-002
   7.2674118985185804E-002
   7.3616622266071477E-002
   7.3616622390116210E-002
   7.4565308625992380E-002
   7.4565308745784237E-002
   7.5520177903514757E-002
   7.5520177997012286E-002
   7.6481230027889924E-002
   7.6481230115002949E-002
   7.7448464956673888E-002
   7.7448465045893949E-002
   7.8421882645176244E-002
   7.8421882741186597E-002
   7.9401483057829653E-002
   7.9401483146252172E-002
   8.0387266138030988E-002
   8.0387266230377244E-002
   8.1379231862789406E-002
   8.1379231932005733E-002
   8.2377380176632112E-002
   8.2377380224727487E-002
   8.3381711047451082E-002
   8.3381711061330535E-002
   8.4392224415223260E-002
   8.4392224424985895E-002
   8.5408920257661738E-002
   8.5408920263503954E-002
   8.6431798532015922E-002
   8.6431798547446564E-002
   8.7460859211034025E-002
   8.7460859234079563E-002
   8.8496102256540504E-002
   8.8496102293715947E-002
   8.9537527636904285E-002
   8.9537527692170299E-002
   9.0585135321921598E-002
   9.0585135395801750E-002
   9.1638925288778039E-002
   9.1638925365481794E-002
   9.2698897503555255E-002
   9.2698897575018993E-002
   9.3765051938174929E-002
   9.3765051994149529E-002
   9.4837388551324078E-002
   9.4837388607552073E-002
   9.5915907322169813E-002
   9.5915907381070850E-002
   9.7000608224875384E-002
   9.7000608287143492E-002
   9.8091491238586001E-002
   9.8091491294759123E-002
   9.9188556329868172E-002
   9.9188556386968149E-002
  0.10029180348660975     
  0.10029180352692983     
  0.10140123267486494     
  0.10140123270101913     
  0.10251684387609940     
  0.10251684388153445     
  0.10363863705426005     
  0.10363863705958577     
  0.10476661219818176     
  0.10476661220263969     
  0.10590076928212366     
  0.10590076929394618     
  0.10704110829067334     
  0.10704110830759202     
  0.10818762920062940     
  0.10818762922658194     
  0.10934033199313624     
  0.10934033203066461     
  0.11049921665072912     
  0.11049921669925494     
  0.11166428316005338     
  0.11166428320867683     
  0.11283553149972061     
  0.11283553154427907     
  0.11401296165236398     
  0.11401296168834434     
  0.11519657359311417     
  0.11519657363158463     
  0.11638636731112131     
  0.11638636735159061     
  0.11758234279020230     
  0.11758234283215394     
  0.11878450001747864     
  0.11878450005460503     
  0.11999283897214941     
  0.11999283900901103     
  0.12120735964749640     
  0.12120735967214752     
  0.12242806202167342     
  0.12242806203668483     
  0.12365494608340920     
  0.12365494608545899     
  0.12488801181000568     
  0.12488801181345519     
  0.12612725919572007     
  0.12612725919940024     
  0.12737268822423073     
  0.12737268823327744     
  0.12862429888648624     
  0.12862429889845678     
  0.12988209116750626     
  0.12988209118487301     
  0.13114606505526286     
  0.13114606508012921     
  0.13241622053920626     
  0.13241622057094882     
  0.13369255761112642     
  0.13369255764229784     
  0.13497507625688582     
  0.13497507628563510     
  0.13626377646540011     
  0.13626377648991578     
  0.13755865822138452     
  0.13755865824882815     
  0.13885972151871157     
  0.13885972154742030     
  0.14016696634665168     
  0.14016696637584586     
  0.14148039269692048     
  0.14148039272230173     
  0.14280000055600828     
  0.14280000058068462     
  0.14412578992002573     
  0.14412578993573075     
  0.14545776077434147     
  0.14545776078336828     
  0.14679591311178225     
  0.14679591311250179     
  0.14814024691753269     
  0.14814024692010211     
  0.14949076218862287     
  0.14949076219170573     
  0.15084745891428034     
  0.15084745892105192     
  0.15221033708911277     
  0.15221033709688947     
  0.15357939670282217     
  0.15357939671325138     
  0.15495463774715512     
  0.15495463776249538     
  0.15633606021557792     
  0.15633606023561505     
  0.15772366410287958     
  0.15772366412263353     
  0.15911744939937675     
  0.15911744941838335     
  0.16051741609793060     
  0.16051741611548340     
  0.16192356418901574     
  0.16192356420926116     
  0.16333589366875922     
  0.16333589368970389     
  0.16475440452974222     
  0.16475440455064819     
  0.16617909676645312     
  0.16617909678432310     
  0.16760997036979286     
  0.16760997038683217     
  0.16904702533742191     
  0.16904702534780081     
  0.17049026165922815     
  0.17049026166490167     
  0.17193967933044585     
  0.17193967933072785     
  0.17339527834115426     
  0.17339527834328691     
  0.17485705868986107     
  0.17485705869241283     
  0.17632502036922618     
  0.17632502037403350     
  0.17779916337613988     
  0.17779916338008797     
  0.17927948770295293     
  0.17927948770728871     
  0.18076599334349808     
  0.18076599335109547     
  0.18225868029372588     
  0.18225868030507267     
  0.18375754855034068     
  0.18375754856224955     
  0.18526259810654946     
  0.18526259811936402     
  0.18677382895787173     
  0.18677382897104824     
  0.18829124109828707     
  0.18829124111367712     
  0.18981483452495926     
  0.18981483454063633     
  0.19134460923260080     
  0.19134460924795671     
  0.19288056521743788     
  0.19288056523034169     
  0.19442270247315024     
  0.19442270248522439     
  0.19597102099827118     
  0.19597102100536237     
  0.19752552078564511     
  0.19752552078937644     
  0.19908620183196055     
  0.19908620183221271     
  0.20065306413048906     
  0.20065306413240211     
  0.20222610768054927     
  0.20222610768258770     
  0.20380533247699728     
  0.20380533248003491     
  0.20539073851823009     
  0.20539073851862222     
  0.20698232579666870     
  0.20698232579835432     
  0.20858009431152952     
  0.20858009431258928     
  0.21018404405601138     
  0.21018404406084487     
  0.21179417502974499     
  0.21179417503634862     
  0.21341048722791880     
  0.21341048723690706     
  0.21503298064786835     
  0.21503298065831389     
  0.21666165528568035     
  0.21666165529774212     
  0.21829651113895032     
  0.21829651115098539     
  0.21993754820384254     
  0.21993754821539177     
  0.22158476647771316     
  0.22158476648724143     
  0.22323816595605322     
  0.22323816596479731     
  0.22489774663789053     
  0.22489774664290527     
  0.22656350851808785     
  0.22656350852068741     
  0.22823545159421618     
  0.22823545159467057     
  0.22991357586175415     
  0.22991357586358405     
  0.23159788132044332     
  0.23159788132199882     
  0.23328836796636526     
  0.23328836796825217     
  0.23498503579594918     
  0.23498503580043609     
  0.23668788480698688     
  0.23668788481537797     
  0.23839691500014479     
  0.23839691500712859     
  0.24011212637027030     
  0.24011212637565527     
  0.24183351891392085     
  0.24183351891930685     
  0.24356109262844011     
  0.24356109263573880     
  0.24529484751246647     
  0.24529484752139966     
  0.24703478356383352     
  0.24703478357363229     
  0.24878090078037315     
  0.24878090078986648     
  0.25053319915932132     
  0.25053319916820999     
  0.25229167869879676     
  0.25229167870597186     
  0.25405633939550820     
  0.25405633940195210     
  0.25582718124875004     
  0.25582718125244169     
  0.25760420425482988     
  0.25760420425679620     
  0.25938740841183677     
  0.25938740841266744     
  0.26117679371689573     
  0.26117679371874103     
  0.26297236016979703     
  0.26297236017111347     
  0.26477410776651611     
  0.26477410776976434     
  0.26658203650375140     
  0.26658203651402118     
  0.26839614638229808     
  0.26839614639918002     
  0.27021643740390544     
  0.27021643741965412     
  0.27204290956381671     
  0.27204290957642357     
  0.27387556285920245     
  0.27387556286860848     
  0.27571439728731861     
  0.27571439729530206     
  0.27755941284629237     
  0.27755941285479241     
  0.27941060953566643     
  0.27941060954400843     
  0.28126798735359582     
  0.28126798736132608     
  0.28313154629820619     
  0.28313154630521115     
  0.28500128636815497     
  0.28500128637365035     
  0.28687720756099100     
  0.28687720756579882     
  0.28875930987612486     
  0.28875930987899945     
  0.29064759331096951     
  0.29064759331264944     
  0.29254205786386567     
  0.29254205786526793     
  0.29444270353331425     
  0.29444270353526875     
  0.29634953031849270     
  0.29634953032043687     
  0.29826253821518761     
  0.29826253822199589     
  0.30018172722093805     
  0.30018172723946818     
  0.30210709733844665     
  0.30210709736725838     
  0.30403864857130630     
  0.30403864859892815     
  0.30597638091422003     
  0.30597638093697260     
  0.30792029436476365     
  0.30792029438106161     
  0.30987038892023078     
  0.30987038893118840     
  0.31182666457803765     
  0.31182666458726704     
  0.31378912133862952     
  0.31378912134622661     
  0.31575775920045862     
  0.31575775920702803     
  0.31773257816248573     
  0.31773257816816614     
  0.31971357822378504     
  0.31971357822806290     
  0.32170075938249637     
  0.32170075938611020     
  0.32369412163802691     
  0.32369412164047318     
  0.32569366498872121     
  0.32569366499041841     
  0.32769938943294857     
  0.32769938943522264     
  0.32971129497054913     
  0.32971129497272911     
  0.33172938159919751     
  0.33172938160297993     
  0.33375364931497103     
  0.33375364932765311     
  0.33578409811553001     
  0.33578409814687576     
  0.33782072800612201     
  0.33782072805322089     
  0.33986353899295424     
  0.33986353903833666     
  0.34191253106922614     
  0.34191253110691000     
  0.34396770423260037     
  0.34396770425919665     
  0.34602905847995769     
  0.34602905849626731     
  0.34809659380800523     
  0.34809659381939362     
  0.35017031021786588     
  0.35017031022546580     
  0.35225020770806864     
  0.35225020771399185     
  0.35433628627844277     
  0.35433628628321523     
  0.35642854592842521     
  0.35642854593179651     
  0.35852698665658600     
  0.35852698665929150     
  0.36063160846219799     
  0.36063160846458181     
  0.36274241134452578     
  0.36274241134658280     
  0.36485939530170713     
  0.36485939530536421     
  0.36698256033516663     
  0.36698256033773569     
  0.36911190643978997     
  0.36911190644707176     
  0.37124743361228618     
  0.37124743363494606     
  0.37338914184977168     
  0.37338914190255329     
  0.37553703116153869     
  0.37553703123893395     
  0.37769110155783164     
  0.37769110163220265     
  0.37985135302882883     
  0.37985135309056012     
  0.38201778557192317     
  0.38201778561501931     
  0.38419039918292042     
  0.38419039920820164     
  0.38636919385735113     
  0.38636919387302621     
  0.38855416959729583     
  0.38855416960588407     
  0.39074532640109311     
  0.39074532640692905     
  0.39294266426959212     
  0.39294266427382701     
  0.39514618320260714     
  0.39514618320529843     
  0.39735588319902226     
  0.39735588320101456     
  0.39957176425779056     
  0.39957176426059943     
  0.40179382637930161     
  0.40179382638225797     
  0.40402206956106951     
  0.40402206956709258     
  0.40625649380678158     
  0.40625649381004980     
  0.40849709910616144     
  0.40849709912005944     
  0.41074388545709922     
  0.41074388549790136     
  0.41299685285522353     
  0.41299685294664013     
  0.41525600131695362     
  0.41525600144856339     
  0.41752133085945270     
  0.41752133098523403     
  0.41979284146704327     
  0.41979284157107155     
  0.42207053313630971     
  0.42207053320825133     
  0.42435440586086776     
  0.42435440590193746     
  0.42664445963396291     
  0.42664445965767384     
  0.42894069445938005     
  0.42894069447049060     
  0.43124311033491747     
  0.43124311034141127     
  0.43355170726288672     
  0.43355170726696546     
  0.43586648524357008     
  0.43586648524573146     
  0.43818744427607687     
  0.43818744427746892     
  0.44051458435870938     
  0.44051458436276431     
  0.44284790549355563     
  0.44284790549843084     
  0.44518740767679665     
  0.44518740768720588     
  0.44753309091590021     
  0.44753309092055066     
  0.44988495519050914     
  0.44988495521776906     
  0.45224300050088956     
  0.45224300057754968     
  0.45460722683931887     
  0.45460722700659184     
  0.45697763423607551     
  0.45697763447360129     
  0.45935422272151238     
  0.45935422294722389     
  0.46173699226810117     
  0.46173699245400024     
  0.46412594287062736     
  0.46412594299817184     
  0.46652107451822150     
  0.46652107458964137     
  0.46892238719941975     
  0.46892238723892549     
  0.47132988092138828     
  0.47132988093791894     
  0.47374355568068793     
  0.47374355568913545     
  0.47616341148225444     
  0.47616341148672420     
  0.47858944832706724     
  0.47858944832880479     
  0.48102166621433545     
  0.48102166621527626     
  0.48346006514111706     
  0.48346006514820233     
  0.48590464511250270     
  0.48590464512162185     
  0.48835540612183875     
  0.48835540614133099     
  0.49081234818388536     
  0.49081234819172431     
  0.49327547125685084     
  0.49327547131376004     
  0.49574477534604877     
  0.49574477550129148     
  0.49822026043602080     
  0.49822026076896703     
  0.50070192658720836     
  0.50070192705553995     
  0.50318977385838459     
  0.50318977430144030     
  0.50568380219582898     
  0.50568380255960332     
  0.50818401159034543     
  0.50818401183845141     
  0.51069040202112159     
  0.51069040215803063     
  0.51320297346597366     
  0.51320297353976496     
  0.51572172593968990     
  0.51572172596812349     
  0.51824665943574599     
  0.51824665944888804     
  0.52077777396479907     
  0.52077777397067948     
  0.52331506952909190     
  0.52331506953052698     
  0.52585854612758298     
  0.52585854612876326     
  0.52840820375509934     
  0.52840820376986231     
  0.53096404242258688     
  0.53096404244217643     
  0.53352606211693510     
  0.53352606215813669     
  0.53609426286938722     
  0.53609426288581985     
  0.53866864458626884     
  0.53866864471823084     
  0.54124920728454662     
  0.54124920763774143     
  0.54383595092854931     
  0.54383595167936916     
  0.54642887565464471     
  0.54642887670610429     
  0.54902798159356114     
  0.54902798258657437     
  0.55163326862524209     
  0.55163326944020730     
  0.55424473673094254     
  0.55424473728512902     
  0.55686238586443093     
  0.55686238616694972     
  0.55948621597508996     
  0.55948621613568084     
  0.56211622709784170     
  0.56211622715579990     
  0.56475241921718300     
  0.56475241924221553     
  0.56739479235883017     
  0.56739479236862289     
  0.57004334652747879     
  0.57004334652974697     
  0.57269808172258585     
  0.57269808172555736     
  0.57535899793101430     
  0.57535899796862422     
  0.57802609518014736     
  0.57802609523100301     
  0.58069937343843614     
  0.58069937354369083     
  0.58337883278404745     
  0.58337883282796932     
  0.58606447296927122     
  0.58606447333101230     
  0.58875629404161589     
  0.58875629500477344     
  0.59145429589933562     
  0.59145429795047133     
  0.59415847891450446     
  0.59415848179550801     
  0.59686884344806290     
  0.59686884617842639     
  0.59958538917360182     
  0.59958539142512413     
  0.60230811604597911     
  0.60230811758023861     
  0.60503702393814218     
  0.60503702477032262     
  0.60777211270316001     
  0.60777211314181412     
  0.61051338244327602     
  0.61051338259197840     
  0.61326083310880841     
  0.61326083317002067     
  0.61601446477656685     
  0.61601446479864486     
  0.61877427745667934     
  0.61877427746725278     
  0.62154027115836641     
  0.62154027116616584     
  0.62431244582403889     
  0.62431244595250246     
  0.62709080155010655     
  0.62709080172939646     
  0.62987533823115383     
  0.62987533860181633     
  0.63266605613827309     
  0.63266605629821937     
  0.63546295438867750     
  0.63546295570095657     
  0.63826603311673624     
  0.63826603667522430     
  0.64107529190271662     
  0.64107529964033072     
  0.64389073214210590     
  0.64389074320033113     
