   1.1601457265129779E-004
   1.7093264064349002E-004
   3.8837447788531127E-004
   4.5026720919611011E-004
   7.4848866057212993E-004
   7.9203716908290110E-004
   1.1203688527297200E-003
   1.1335004480189875E-003
   1.4662041724478009E-003
   1.4840091146744471E-003
   1.8185375064887249E-003
   1.8266314040159314E-003
   2.1427280146119375E-003
   2.1630352540390465E-003
   2.4334982553891496E-003
   2.5047855805164576E-003
   2.7149508806882344E-003
   2.8464041538761812E-003
   2.9947608101296235E-003
   3.1812480527836588E-003
   3.2903822836257189E-003
   3.5054999843421122E-003
   3.6005895841243582E-003
   3.8190655006672763E-003
   3.9168033030819388E-003
   4.1279284524363196E-003
   4.2441545552336923E-003
   4.4278932727453719E-003
   4.5717539218008175E-003
   4.7183302471530903E-003
   4.8880070527436131E-003
   5.0049527109517888E-003
   5.1971588421942782E-003
   5.2887990475809351E-003
   5.4947387740893507E-003
   5.5677092929694661E-003
   5.7752686294586259E-003
   5.8496162119167456E-003
   6.0375148400635022E-003
   6.1302327034515689E-003
   6.2850965354241924E-003
   6.4123782870726632E-003
   6.5204989749313505E-003
   6.6965924977756613E-003
   6.7468888515765752E-003
   6.9749967273043077E-003
   6.9780618114110857E-003
   7.2037396890543299E-003
   7.2577598326998699E-003
   7.4352845532281728E-003
   7.5309241630053207E-003
   7.6693952383424403E-003
   7.7889529542161063E-003
   7.9014771658671261E-003
   8.0059648051499788E-003
   8.1220678299626092E-003
   8.1922516449838070E-003
   8.3207514789259505E-003
   8.4154277617777759E-003
   8.5100039285471909E-003
   8.6569558256769479E-003
   8.7220107264590809E-003
   8.8938647578026223E-003
   8.9476543605123502E-003
   9.1204730986533880E-003
   9.1793794699467062E-003
   9.3424949751530172E-003
   9.4118802194492149E-003
   9.5585172760062377E-003
   9.6512315962181735E-003
   9.7646115396779476E-003
   9.8979001008501835E-003
   9.9687031106040960E-003
   1.0151561523017244E-002
   1.0190477973135471E-002
   1.0412952593273048E-002
   1.0433759574008970E-002
   1.0684499837155192E-002
   1.0695528681062164E-002
   1.0964921090784868E-002
   1.0975356264495809E-002
   1.1257544989775568E-002
   1.1266488620701840E-002
   1.1561868144619649E-002
   1.1567263429101733E-002
   1.1876506366385460E-002
   1.1878113278445346E-002
   1.2199858173024936E-002
   1.2200110665341836E-002
   1.2531119004227088E-002
   1.2533509677698066E-002
   1.2872966596742008E-002
   1.2875076567584343E-002
   1.3223793801196293E-002
   1.3226074914831694E-002
   1.3583861482530850E-002
   1.3585944848692738E-002
   1.3953169419160623E-002
   1.3954437333376082E-002
   1.4331085517555296E-002
   1.4331923614693442E-002
   1.4717340281823088E-002
   1.4718472273467115E-002
   1.5112453816540805E-002
   1.5113424797600847E-002
   1.5515853505932700E-002
   1.5517252649780433E-002
   1.5928266623710757E-002
   1.5929073110685730E-002
   1.6349129292630910E-002
   1.6349334297500351E-002
   1.6777706586079133E-002
   1.6778666177400349E-002
   1.7214663718745936E-002
   1.7216321117160125E-002
   1.7660055365657727E-002
   1.7662194468921019E-002
   1.8114455463364255E-002
   1.8115625187828350E-002
   1.8576595328557693E-002
   1.8577827871958354E-002
   1.9046780330948105E-002
   1.9048442614930664E-002
   1.9525663677153228E-002
   1.9526761401570805E-002
   2.0012536767276434E-002
   2.0013449039368476E-002
   2.0507648117068723E-002
   2.0508219641721850E-002
   2.1010684597717707E-002
   2.1011346351730156E-002
   2.1521779424376650E-002
   2.1522659949242354E-002
   2.2041203102994150E-002
   2.2041858644635117E-002
   2.2568642998558701E-002
   2.2569228152846347E-002
   2.3104094191787120E-002
   2.3104749714381635E-002
   2.3647876804433494E-002
   2.3648077236682708E-002
   2.4199335307825583E-002
   2.4199837111401515E-002
   2.4758805686404671E-002
   2.4759675618830777E-002
   2.5326418553649106E-002
   2.5327445455488803E-002
   2.5902071383687136E-002
   2.5903230668602457E-002
   2.6485994387846157E-002
   2.6486783615621807E-002
   2.7077867392200038E-002
   2.7078408709276299E-002
   2.7677577128001764E-002
   2.7678206096741643E-002
   2.8285188837693025E-002
   2.8286096307095634E-002
   2.8901159346490915E-002
   2.8901610144589487E-002
   2.9524967525492329E-002
   2.9525256763462557E-002
   3.0156637926898926E-002
   3.0157001770042383E-002
   3.0796346875778261E-002
   3.0796657770790520E-002
   3.1443960294943465E-002
   3.1444349150684309E-002
   3.2099396961262551E-002
   3.2100148686890977E-002
   3.2763245701831388E-002
   3.2763459312918304E-002
   3.3434674058847813E-002
   3.3435106138697317E-002
   3.4114232978117477E-002
   3.4114529772973599E-002
   3.4801616145615451E-002
   3.4802028721195338E-002
   3.5496885686411232E-002
   3.5497535402415452E-002
   3.6200193699414102E-002
   3.6200891793444635E-002
   3.6911525927233818E-002
   3.6912106000582395E-002
   3.7630760579595218E-002
   3.7631294256635708E-002
   3.8358065637562305E-002
   3.8358283314484307E-002
   3.9093048421699209E-002
   3.9093461075293830E-002
   3.9836016076790444E-002
   3.9836515828553014E-002
   4.0587052839969225E-002
   4.0587358770537839E-002
   4.1345962968100607E-002
   4.1346181456807067E-002
   4.2112756691172218E-002
   4.2112969960555725E-002
   4.2887470125268577E-002
   4.2887684043801895E-002
   4.3670010973039707E-002
   4.3670412873769722E-002
   4.4460588695933577E-002
   4.4460943297562457E-002
   4.5259057655869420E-002
   4.5259417812246544E-002
   4.6065598415745979E-002
   4.6065653270471872E-002
   4.6879726332780924E-002
   4.6880130966253007E-002
   4.7701991873959508E-002
   4.7702297413921894E-002
   4.8532065352751334E-002
   4.8532479963352644E-002
   4.9370074450527018E-002
   4.9370548619170049E-002
   5.0216048547165222E-002
   5.0216471491529080E-002
   5.1069971604710891E-002
   5.1070262311144872E-002
   5.1931745957101615E-002
   5.1932016596762332E-002
   5.2801479774703612E-002
   5.2801624125069724E-002
   5.3678941889884368E-002
   5.3679314206425369E-002
   5.4564482549659184E-002
   5.4564734579647375E-002
   5.5457946706815107E-002
   5.5458038480361842E-002
   5.6359213296504417E-002
   5.6359345409379737E-002
   5.7268376264497350E-002
   5.7268559638207289E-002
   5.8185425051234987E-002
   5.8185690179033391E-002
   5.9110378539796136E-002
   5.9110716800209531E-002
   6.0043326205330358E-002
   6.0043548324034426E-002
   6.0984138347480267E-002
   6.0984313299500638E-002
   6.1932888195457628E-002
   6.1932937205677691E-002
   6.2889329332075902E-002
   6.2889664922922056E-002
   6.3853827034790575E-002
   6.3854130098958045E-002
   6.4826194451012120E-002
   6.4826518469234179E-002
   6.5806470921066632E-002
   6.5806789560379872E-002
   6.6794671421691959E-002
   6.6794927304031249E-002
   6.7790785709759369E-002
   6.7790940906421696E-002
   6.8794729573883176E-002
   6.8794913603624192E-002
   6.9806599894406879E-002
   6.9806747572507918E-002
   7.0826280140794326E-002
   7.0826558461812239E-002
   7.1854004490036066E-002
   7.1854111170802454E-002
   7.2889556946585929E-002
   7.2889620816470185E-002
   7.3932958361788315E-002
   7.3933065866824743E-002
   7.4984255050069309E-002
   7.4984399053254658E-002
   7.6043389814864207E-002
   7.6043676988154313E-002
   7.7110513162228306E-002
   7.7110748368152487E-002
   7.8185552998481928E-002
   7.8185684495756344E-002
   7.9268445481830346E-002
   7.9268548756525156E-002
   8.0359217939960953E-002
   8.0359313005298527E-002
   8.1457792324941228E-002
   8.1458054652196368E-002
   8.2564337939143029E-002
   8.2564603878608145E-002
   8.3678786383606971E-002
   8.3679028477747233E-002
   8.4801122610445229E-002
   8.4801342924038250E-002
   8.5931366280347754E-002
   8.5931527021211249E-002
   8.7069501974254754E-002
   8.7069595661549523E-002
   8.8215461728079661E-002
   8.8215616316057330E-002
   8.9369348568227952E-002
   8.9369485474852003E-002
   9.0531088134045409E-002
   9.0531277026992985E-002
   9.1700802093311606E-002
   9.1700868845232972E-002
   9.2878347079189558E-002
   9.2878403843225404E-002
   9.4063749768464169E-002
   9.4063854963813850E-002
   9.5257047196000144E-002
   9.5257184689391247E-002
   9.6458184455415985E-002
   9.6458447637967834E-002
   9.7667326738677604E-002
   9.7667478140834305E-002
   9.8884334880370864E-002
   9.8884414978732002E-002
  0.10010919389323951     
  0.10010927291773568     
  0.10134192405431230     
  0.10134203116561880     
  0.10258250510728210     
  0.10258270970965283     
  0.10383101217140092     
  0.10383123312532741     
  0.10508743203109311     
  0.10508761429132984     
  0.10635172789760129     
  0.10635188968698499     
  0.10762392705449063     
  0.10762403173624668     
  0.10890400204591287     
  0.10890406760439962     
  0.11019190449772380     
  0.11019204539617271     
  0.11148774106949733     
  0.11148785818134739     
  0.11279144890870388     
  0.11279156854219734     
  0.11410306476475790     
  0.11410313947998038     
  0.11542255351135197     
  0.11542260587677741     
  0.11674988857013582     
  0.11674999406692396     
  0.11808511441105982     
  0.11808525934083067     
  0.11942820523229446     
  0.11942842731868310     
  0.12077928199416062     
  0.12077937675944048     
  0.12213820041057749     
  0.12213825175031814     
  0.12350497135922892     
  0.12350504128097302     
  0.12487961801918608     
  0.12487972185586592     
  0.12626213561058619     
  0.12626229812788434     
  0.12765255703278033     
  0.12765273700460708     
  0.12905089015810695     
  0.12905103041956323     
  0.13045709347052070     
  0.13045721971071472     
  0.13187120076384876     
  0.13187127091118661     
  0.13329317157562928     
  0.13329322431304089     
  0.13472297681916440     
  0.13472310884663968     
  0.13616072295251244     
  0.13616081789132856     
  0.13760634588707479     
  0.13760641537303653     
  0.13905983184240892     
  0.13905991492727657     
  0.14052122308668125     
  0.14052127414647886     
  0.14199045230725349     
  0.14199056018009490     
  0.14346757089291082     
  0.14346772151677673     
  0.14495257890803898     
  0.14495275796567156     
  0.14644554226888770     
  0.14644560344380481     
  0.14794634195300019     
  0.14794637686484421     
  0.14945499610247043     
  0.14945505999527534     
  0.15097153124043014     
  0.15097162611882309     
  0.15249594529701355     
  0.15249607723515876     
  0.15402825271486162     
  0.15402839877739477     
  0.15556846673045205     
  0.15556857739189126     
  0.15711654848298354     
  0.15711665183131382     
  0.15867253596364164     
  0.15867258399559220     
  0.16023637790756667     
  0.16023642504478156     
  0.16180806185587829     
  0.16180818734256025     
  0.16338769261058519     
  0.16338776598347493     
  0.16497519760577964     
  0.16497523343152254     
  0.16657053952787024     
  0.16657062691181435     
  0.16817380674830135     
  0.16817385796777620     
  0.16978490636741625     
  0.16978501938903379     
  0.17140389877337681     
  0.17140405072043424     
  0.17303079806277363     
  0.17303093777526904     
  0.17466561917286125     
  0.17466566551465634     
  0.17630828534550000     
  0.17630831063450411     
  0.17795880578627279     
  0.17795886386159362     
  0.17961721053109009     
  0.17961729504114751     
  0.18128349724709747     
  0.18128360646121910     
  0.18295767248428094     
  0.18295779149107855     
  0.18463974841072378     
  0.18463983788861119     
  0.18632969152779055     
  0.18632977908388440     
  0.18802754171472524     
  0.18802757512557725     
  0.18973323991770469     
  0.18973328500063411     
  0.19144678697332917     
  0.19144690781216495     
  0.19316828649437617     
  0.19316833987839288     
  0.19489764733834566     
  0.19489767227574148     
  0.19663484223560096     
  0.19663493221798764     
  0.19837996942661099     
  0.19838002140887973     
  0.20013292392755699     
  0.20013304475796417     
  0.20189377890525281     
  0.20189392905844808     
  0.20366255154736657     
  0.20366265705833000     
  0.20543921274874577     
  0.20543925779866420     
  0.20722373714501330     
  0.20722375660709422     
  0.20901611299774789     
  0.20901616517011426     
  0.21081637463567163     
  0.21081644908469507     
  0.21262451927580089     
  0.21262461110235811     
  0.21444055021075861     
  0.21444064787724604     
  0.21626447636207177     
  0.21626455043927414     
  0.21809627023366554     
  0.21809634623943194     
  0.21993597178531862     
  0.21993599526803201     
  0.22178351677458927     
  0.22178356172367009     
  0.22363891631711436     
  0.22363903445130084     
  0.22550227422076757     
  0.22550230959516698     
  0.22737346971281852     
  0.22737350788383745     
  0.22925251967537444     
  0.22925261239919509     
  0.23113949693292518     
  0.23113955027756097     
  0.23303429590555996     
  0.23303442704874563     
  0.23493700623267322     
  0.23493715304723736     
  0.23684763971955716     
  0.23684771642180452     
  0.23876613152510537     
  0.23876618197164429     
  0.24069250774356571     
  0.24069252358044477     
  0.24262673161383666     
  0.24262677796841758     
  0.24456884146837882     
  0.24456890675584717     
  0.24651883454755930     
  0.24651891267917805     
  0.24847671286094017     
  0.24847679369286219     
  0.25044248171157368     
  0.25044254446130010     
  0.25241611941143938     
  0.25241618664186527     
  0.25439766479048848     
  0.25439768136853136     
  0.25638705018417635     
  0.25638709627663125     
  0.25838429468321755     
  0.25838441224902547     
  0.26038950306755154     
  0.26038952447143465     
  0.26240252558309846     
  0.26240258266757976     
  0.26442342614808978     
  0.26442352289582755     
  0.26645224711548249     
  0.26645230277373810     
  0.26848888329346327     
  0.26848902745947961     
  0.27053344424077730     
  0.27053358737594524     
  0.27258592901156170     
  0.27258598343600854     
  0.27464624739307958     
  0.27464630582407806     
  0.27671447007932681     
  0.27671448383287595     
  0.27879053684710531     
  0.27879057765263909     
  0.28087448889923849     
  0.28087454605004991     
  0.28296632409734201     
  0.28296639114622296     
  0.28506604394298563     
  0.28506611141413873     
  0.28717365044227605     
  0.28717370482598703     
  0.28928912724343092     
  0.28928918771197076     
  0.29141251136689211     
  0.29141252302439974     
  0.29354373259546740     
  0.29354378096097805     
  0.29568281649988482     
  0.29568293593290229     
  0.29782986486236357     
  0.29782988613268591     
  0.29998471599826415     
  0.29998479322348148     
  0.30214746211475346     
  0.30214756498304812     
  0.30431812260266600     
  0.30431818199677158     
  0.30649659057388179     
  0.30649675113052249     
  0.30868299920506759     
  0.30868313919417673     
  0.31087732549037284     
  0.31087736916949166     
  0.31307947127744434     
  0.31307953918918185     
  0.31528953630949791     
  0.31528954950215193     
  0.31750744248547697     
  0.31750747818220498     
  0.31973323251015090     
  0.31973328250472621     
  0.32196690549904933     
  0.32196696334170166     
  0.32420846267924847     
  0.32420851944651757     
  0.32645790329877217     
  0.32645795155756469     
  0.32871521583693808     
  0.32871527117961014     
  0.33098043526854448     
  0.33098044331627036     
  0.33325348881670103     
  0.33325354073174523     
  0.33553440785027627     
  0.33553453204461614     
  0.33782328618773566     
  0.33782332341753357     
  0.34011996971700897     
  0.34012006894681002     
  0.34242455759311141     
  0.34242466946809003     
  0.34473705483297651     
  0.34473711994377992     
  0.34705735015756750     
  0.34705753163881448     
  0.34938560500720406     
  0.34938574310309023     
  0.35172176117507958     
  0.35172181252508689     
  0.35406573970287342     
  0.35406581884939559     
  0.35641764412236365     
  0.35641765853969976     
  0.35877738735654030     
  0.35877741864981844     
  0.36114501241123215     
  0.36114505616102560     
  0.36352052018361869     
  0.36352057016804884     
  0.36590391161860109     
  0.36590395970881168     
  0.36829518378406889     
  0.36829522770880679     
  0.37069432955236514     
  0.37069438128309079     
  0.37310138200857013     
  0.37310138732852233     
  0.37551626492953100     
  0.37551632206066282     
  0.37793901560753401     
  0.37793914817839536     
  0.38036971951776333     
  0.38036978019247619     
  0.38280823499458072     
  0.38280835975636246     
  0.38525466206354569     
  0.38525478683930092     
  0.38770899430772593     
  0.38770906783874071     
  0.39017111284794087     
  0.39017132162593782     
  0.39264121382940942     
  0.39264135204927580     
  0.39511919101079068     
  0.39511926533491548     
  0.39760500642292357     
  0.39760509944270150     
  0.40009874841487270     
  0.40009876602100569     
  0.40260032693689662     
  0.40260035509916381     
  0.40510978511592727     
  0.40510982354200120     
  0.40762712561668468     
  0.40762716868138238     
  0.41015234899195274     
  0.41015238994638675     
  0.41268545072037904     
  0.41268549185889425     
  0.41522642773104229     
  0.41522647747864810     
  0.41777531171588816     
  0.41777531509759142     
  0.42033202134593683     
  0.42033208604133010     
  0.42289660060191725     
  0.42289674632283492     
  0.42546912726957964     
  0.42546921814637634     
  0.42804947330638410     
  0.42804962954422809     
  0.43063773807753325     
  0.43063788114918466     
  0.43323390440867920     
  0.43323399011548297     
  0.43583784170772222     
  0.43583808703247134     
  0.43844979022893760     
  0.43844993164338375     
  0.44106958295139981     
  0.44106969095448684     
  0.44369723693246715     
  0.44369734790294102     
  0.44633281589000107     
  0.44633283876922913     
  0.44897622795056519     
  0.44897625540813085     
  0.45162751833691428     
  0.45162755259182580     
  0.45428669032101004     
  0.45428672705082790     
  0.45695374384312459     
  0.45695377882172350     
  0.45962867348470432     
  0.45962871333249944     
  0.46231148000271510     
  0.46231152981449242     
  0.46500219424975558     
  0.46500219739958926     
  0.46770072828835624     
  0.46770080402592462     
  0.47040713312656030     
  0.47040729868081299     
  0.47312147973652208     
  0.47312161038626571     
  0.47584365498034892     
  0.47584385227024034     
  0.47857375700528226     
  0.47857392618616579     
  0.48131175730225823     
  0.48131186062015846     
  0.48405750783299029     
  0.48405780361287543     
  0.48681130718698784     
  0.48681145657781738     
  0.48957291069007314     
  0.48957306417168561     
  0.49234240472646029     
  0.49234254000895056     
  0.49511982138020366     
  0.49511985200372033     
  0.49790506493150527     
  0.49790509585795256     
  0.50069818749613670     
  0.50069821945295068     
  0.50349919062551562     
  0.50349922124849356     
  0.50630807284018231     
  0.50630810268961424     
  0.50912482885670651     
  0.50912486908243404     
  0.51194946314044065     
  0.51194951594669047     
  0.51478200673288965     
  0.51478201222456033     
  0.51762236269051165     
  0.51762245486492842     
  0.52047058976720761     
  0.52047078511014855     
  0.52332675268456696     
  0.52332693823813214     
  0.52619075592477582     
  0.52619100975508859     
  0.52906269595808153     
  0.52906290319391525     
  0.53194253103390510     
  0.53194266027600023     
  0.53483008703443047     
  0.53483045512781824     
  0.53772574327240952     
  0.53772590844873480     
  0.54062915172275394     
  0.54062936823803820     
  0.54354048854289305     
  0.54354065834279208     
  0.54645974534021746     
  0.54645978715199794     
  0.54938681818717783     
  0.54938685857523539     
  0.55232177328466547     
  0.55232180640995132     
  0.55526460850359916     
  0.55526463281136507     
  0.55821531813876879     
  0.55821534342718526     
  0.56117389885200142     
  0.56117394164115741     
  0.56414035884038205     
  0.56414041923330493     
  0.56711473218694375     
  0.56711474210155999     
  0.57009690585305428     
  0.57009702329648337     
  0.57308695082284677     
  0.57308719183021983     
  0.57608492449059745     
  0.57608519031672556     
  0.57909075463606530     
  0.57909109095956635     
  0.58210453513316640     
  0.58210479989048769     
  0.58512620714969887     
  0.58512637589996130     
  0.58815555645124262     
  0.58815603324076560     
  0.59119308026972439     
  0.59119327471037919     
  0.59423828491747210     
  0.59423859395131928     
  0.59729146992181825     
  0.59729169145093752     
  0.60035257199752601     
  0.60035263048606902     
  0.60342147206017782     
  0.60342153012183319     
  0.60649826004584273     
  0.60649830042053976     
  0.60958293013176967     
  0.60958294726034767     
  0.61267546591743771     
  0.61267548693554730     
  0.61577586912061233     
  0.61577591781905616     
  0.61888415195646629     
  0.61888422765442530     
  0.62200035684714394     
  0.62200037399455765     
  0.62512434122383453     
  0.62512449943162307     
  0.62825619747170902     
  0.62825651157510842     
  0.63139597221890431     
  0.63139636382270681     
  0.63454362825956590     
  0.63454409335130302     
  0.63769925458326748     
  0.63769961117963303     
  0.64086276805911879     
  0.64086300037040789     
  0.64403388940630557     
  0.64403454024131546     
  0.64721330046990400     
  0.64721354901400552     
  0.65040028613456558     
  0.65040074171304185     
  0.65359533012833260     
  0.65359563464641701     
  0.65679828765184634     
  0.65679837259301366     
  0.66000901272866408     
  0.66000910150682324     
  0.66322763462245682     
  0.66322769212006127     
  0.66645414497910660     
  0.66645415290836796     
  0.66968850534795810     
  0.66968852210253349     
  0.67293072753929140     
  0.67293078808546780     
  0.67618082858558159     
  0.67618093373843569     
  0.67943886896142058     
  0.67943889854899464     
  0.68270465120876211     
  0.68270488002212426     
  0.68597830690810335     
  0.68597874656635338     
  0.68925986366990544     
  0.68926047063990981     
  0.69254934465687645     
  0.69255002901983753     
  0.69584682806611398     
  0.69584734351944633     
  0.69915219241379067     
  0.69915253549190115     
  0.70246504377693675     
  0.70246599894036088     
  0.70578638167191110     
  0.70578673450958085     
  0.70911511792018067     
  0.70911583016738222     
  0.71245204392657413     
  0.71245249459928539     
  0.71579687819198490     
  0.71579700925103018     
  0.71914942496170609     
  0.71914956984776979     
  0.72250988419329365     
  0.72250997641669157     
  0.72587823932302986     
  0.72587824582155269     
  0.72925442767338877     
  0.72925444020870567     
  0.73263846227278961     
  0.73263854702221087     
  0.73603037245494651     
  0.73603053671317686     
  0.73943025707992371     
  0.73943031035263584     
  0.74283780960774859     
  0.74283817458903445     
  0.74625323941334221     
  0.74625392001702828     
  0.74967653448463267     
  0.74967755884722131     
  0.75310783952386740     
  0.75310894622431057     
  0.75654720556517330     
  0.75654803112085756     
  0.75999444251730153     
  0.75999500331560588     
  0.76344892585006141     
  0.76345048754736633     
  0.76691228277974421     
  0.76691285705833745     
  0.77038269674052928     
  0.77038392781601583     
  0.77386156074890544     
  0.77386230706598957     
  0.77734832289948974     
  0.77734854654907404     
  0.78084268373191101     
  0.78084294567761392     
  0.78434499030574756     
  0.78434515732970300     
  0.78785519631103573     
  0.78785522874371383     
  0.79137322376412733     
  0.79137323626365030     
  0.79489905666369887     
  0.79489919736110282     
  0.79843275333107044     
  0.79843305302211698     
  0.80197450522478397     
  0.80197461161732431     
  0.80552375423026279     
  0.80552443157822273     
  0.80908088877020112     
  0.80908212436836902     
  0.81264579697963291     
  0.81264780259710079     
  0.81621892488379832     
  0.81622101970979011     
  0.81980024272071084     
  0.81980180542683878     
  0.82338941428972379     
