   2.6001913428876089E-004
   2.7777204978447106E-004
   3.3105503789273541E-004
   3.3417705530378993E-004
   5.3575766367279650E-004
   5.5311535560694598E-004
   6.4285716409795976E-004
   6.5231186241369692E-004
   8.0020157301618133E-004
   8.3813674200614626E-004
   8.7486387440054831E-004
   9.6805977304885904E-004
   1.0619106720761102E-003
   1.1206329232142139E-003
   1.1402725244194513E-003
   1.1836205421920116E-003
   1.2920854329547470E-003
   1.3102135999439990E-003
   1.4064461786114011E-003
   1.4082056583209568E-003
   1.5370111673386794E-003
   1.5537996969235035E-003
   1.6774949307645558E-003
   1.6924956279313107E-003
   1.8254147257652446E-003
   1.8477358559339753E-003
   1.9796298020489261E-003
   2.0050694820660333E-003
   2.1419590181614061E-003
   2.1704210561523767E-003
   2.3117426336976225E-003
   2.3398868361324951E-003
   2.4879117886875946E-003
   2.5199499793291721E-003
   2.6700855800256365E-003
   2.7003231210941379E-003
   2.8500444983108508E-003
   2.8849597131281593E-003
   3.0389156900930232E-003
   3.0729821000006798E-003
   3.2225852603649484E-003
   3.2599721097756472E-003
   3.4092389806710285E-003
   3.4497498687289705E-003
   3.5980329024715165E-003
   3.6373487641895735E-003
   3.7826635017453140E-003
   3.8241018134961627E-003
   3.9712238057805702E-003
   4.0102150770324509E-003
   4.1557306733663400E-003
   4.1964456988194650E-003
   4.3356996527603563E-003
   4.3860413837014762E-003
   4.5069873047306214E-003
   4.5792774250845783E-003
   4.6738522325019197E-003
   4.7799150402275427E-003
   4.8460709084417403E-003
   4.9876611218821259E-003
   5.0325076763564408E-003
   5.2024482628608383E-003
   5.2367249778020476E-003
   5.4281703468635782E-003
   5.4531133125220411E-003
   5.6633368053678771E-003
   5.6807058722079650E-003
   5.9066937636173397E-003
   5.9194901728051898E-003
   6.1582591650429543E-003
   6.1686067501316002E-003
   6.4181092487680010E-003
   6.4272407548607944E-003
   6.6872697169102933E-003
   6.6938296648354958E-003
   6.9639020561177885E-003
   6.9698042682489764E-003
   7.2486230675317667E-003
   7.2543090385840513E-003
   7.5422638157182443E-003
   7.5462518346894733E-003
   7.8434458820996894E-003
   7.8468254405130583E-003
   8.1526953131327417E-003
   8.1553695378701746E-003
   8.4693588905940219E-003
   8.4724227098399232E-003
   8.7942021674336460E-003
   8.7971175618703178E-003
   9.1267314744480927E-003
   9.1298628728863820E-003
   9.4669975142919957E-003
   9.4705414158890722E-003
   9.8161010653963696E-003
   9.8179830272876710E-003
   1.0172262860155068E-002
   1.0173910913329790E-002
   1.0536181734184706E-002
   1.0537590402029461E-002
   1.0907363739839358E-002
   1.0909478836773063E-002
   1.1286866119019598E-002
   1.1288483081269847E-002
   1.1673888399677611E-002
   1.1675370105912687E-002
   1.2068653885108744E-002
   1.2069891774028405E-002
   1.2470695274826893E-002
   1.2472494282067249E-002
   1.2881065649798662E-002
   1.2882101839193876E-002
   1.3298572396898608E-002
   1.3299887670872305E-002
   1.3724125114200628E-002
   1.3724926735490750E-002
   1.4156906629581507E-002
   1.4158020835249424E-002
   1.4597589967794167E-002
   1.4598484033754204E-002
   1.5045740230501493E-002
   1.5046738555261764E-002
   1.5501411570448372E-002
   1.5502720335218174E-002
   1.5964984870093461E-002
   1.5966038045674112E-002
   1.6436019620193164E-002
   1.6437122230714966E-002
   1.6914809775185450E-002
   1.6915671262227788E-002
   1.7401371962279578E-002
   1.7401660436679636E-002
   1.7895063805852426E-002
   1.7895725741204967E-002
   1.8396501872012822E-002
   1.8397244621347206E-002
   1.8905500215653910E-002
   1.8906397266161480E-002
   1.9422290442471492E-002
   1.9422946343711538E-002
   1.9946650075497056E-002
   1.9947109089890541E-002
   2.0478369481485088E-002
   2.0479091105382360E-002
   2.1017683008359406E-002
   2.1018654350659232E-002
   2.1565046142564093E-002
   2.1565338626088407E-002
   2.2119538313136060E-002
   2.2120060785189362E-002
   2.2681821700943371E-002
   2.2682155861254581E-002
   2.3251437016754736E-002
   2.3252080017527470E-002
   2.3828819795046145E-002
   2.3829394883990569E-002
   2.4413737543128051E-002
   2.4414330118605616E-002
   2.5006193407279272E-002
   2.5006880220213253E-002
   2.5606412333265990E-002
   2.5606817809610390E-002
   2.6213992562550869E-002
   2.6214542448896542E-002
   2.6829330590775444E-002
   2.6829655646424273E-002
   2.7452194230582400E-002
   2.7452387650400787E-002
   2.8082415730731117E-002
   2.8082904590108679E-002
   2.8720374927934573E-002
   2.8720824984640434E-002
   2.9365897016321901E-002
   2.9366321959434744E-002
   3.0019030215662403E-002
   3.0019345817514718E-002
   3.0679676741378854E-002
   3.0679992960453782E-002
   3.1347770942387020E-002
   3.1348327911792415E-002
   3.2023572062186249E-002
   3.2024090202866923E-002
   3.2707147767146748E-002
   3.2707210750584942E-002
   3.3397939414180691E-002
   3.3398247206442432E-002
   3.4096450502839090E-002
   3.4096695172318968E-002
   3.4802409543009706E-002
   3.4802825150970371E-002
   3.5516024455593709E-002
   3.5516428328625171E-002
   3.6237214036381013E-002
   3.6237584985819783E-002
   3.6965939159211432E-002
   3.6966333445059091E-002
   3.7702350776674283E-002
   3.7702521955230058E-002
   3.8446124064762652E-002
   3.8446474662155221E-002
   3.9197638791063250E-002
   3.9197811066694517E-002
   3.9956649642666688E-002
   3.9956775810928449E-002
   4.0723077465681538E-002
   4.0723447504471447E-002
   4.1497234275201481E-002
   4.1497513528115031E-002
   4.2278932302025847E-002
   4.2279161011624738E-002
   4.3068202295354650E-002
   4.3068358695853112E-002
   4.3864929889256138E-002
   4.3865220467065313E-002
   4.4669229282940058E-002
   4.4669631698060819E-002
   4.5481202488701619E-002
   4.5481489854577263E-002
   4.6300820762100993E-002
   4.6300823170421224E-002
   4.7127744561822539E-002
   4.7127970835921205E-002
   4.7962357531653496E-002
   4.7962548833188963E-002
   4.8804463505085924E-002
   4.8804752934394277E-002
   4.9654178815587341E-002
   4.9654466456572621E-002
   5.0511473094960277E-002
   5.0511719394471612E-002
   5.1376304321113737E-002
   5.1376553438032296E-002
   5.2248777763238725E-002
   5.2248862995055205E-002
   5.3128646759088877E-002
   5.3128894459020651E-002
   5.4016225689325188E-002
   5.4016333134117481E-002
   5.4911302427007758E-002
   5.4911390861450075E-002
   5.5813830890782165E-002
   5.5814113502421700E-002
   5.6724065626669005E-002
   5.6724246243435694E-002
   5.7641828648872191E-002
   5.7641966787395950E-002
   5.8567157104606388E-002
   5.8567237773139082E-002
   5.9499928687588362E-002
   5.9500181307070944E-002
   6.0440325410214032E-002
   6.0440615180797810E-002
   6.1388358881546957E-002
   6.1388527534443030E-002
   6.2343966445657283E-002
   6.2343980810708265E-002
   6.3306970465305312E-002
   6.3307152494666175E-002
   6.4277631115489287E-002
   6.4277782233152059E-002
   6.5255803111229305E-002
   6.5256015126853681E-002
   6.6241564423503582E-002
   6.6241773046303201E-002
   6.7234898600066803E-002
   6.7235072270282456E-002
   6.8235773588966153E-002
   6.8235944693955275E-002
   6.9244263203539588E-002
   6.9244316353190935E-002
   7.0260185290368662E-002
   7.0260369274568732E-002
   7.1283784889746571E-002
   7.1283858267684769E-002
   7.2314888840078903E-002
   7.2314956353983023E-002
   7.3353470658047107E-002
   7.3353689914508330E-002
   7.4399733541096177E-002
   7.4399855618411281E-002
   7.5453519115549247E-002
   7.5453611699647774E-002
   7.6514870198265167E-002
   7.6514915238366329E-002
   7.7583670049232917E-002
   7.7583882879461857E-002
   7.8660110202889752E-002
   7.8660322987649134E-002
   7.9744160725437566E-002
   7.9744265365330164E-002
   8.0835758760287077E-002
   8.0835772768825073E-002
   8.1934798738198186E-002
   8.1934950691643388E-002
   8.3041479615266520E-002
   8.3041600084658246E-002
   8.4155680565784596E-002
   8.4155841677216375E-002
   8.5277461317435577E-002
   8.5277615661784587E-002
   8.6406807470131644E-002
   8.6406936349583685E-002
   8.7543698547737955E-002
   8.7543824134739143E-002
   8.8688186889151269E-002
   8.8688226600478384E-002
   8.9840137529667741E-002
   8.9840278643827293E-002
   9.0999738579336242E-002
   9.0999792077735037E-002
   9.2166851264611702E-002
   9.2166905599704210E-002
   9.3341460733463277E-002
   9.3341634008753518E-002
   9.4523729098506745E-002
   9.4523815120366464E-002
   9.5713518740449380E-002
   9.5713586478242046E-002
   9.6910874170391209E-002
   9.6910903516520847E-002
   9.8115691897183568E-002
   9.8115869676409076E-002
   9.9328148274511890E-002
   9.9328308548205568E-002
  0.10054819751899868     
  0.10054826584122484     
  0.10177578543628396     
  0.10177579569815620     
  0.10301084040589463     
  0.10301096969787719     
  0.10425352661534451     
  0.10425362360079939     
  0.10550373773622070     
  0.10550386368052117     
  0.10676152371092527     
  0.10676163995110274     
  0.10802686872113551     
  0.10802696818193487     
  0.10929976203717380     
  0.10929985905601587     
  0.11058024195201362     
  0.11058027423716801     
  0.11186820568778727     
  0.11186831646379601     
  0.11316379892579169     
  0.11316384001264096     
  0.11446691080391079     
  0.11446695570137001     
  0.11577753266442707     
  0.11577767215770343     
  0.11709579543930751     
  0.11709585840895387     
  0.11842158028519380     
  0.11842163325403392     
  0.11975493042119620     
  0.11975495344255208     
  0.12109575802709127     
  0.12109590676649869     
  0.12244421621282732     
  0.12244434008318533     
  0.12380025578336476     
  0.12380030254300139     
  0.12516383221328109     
  0.12516383864292457     
  0.12653489120810424     
  0.12653500265276327     
  0.12791357425466376     
  0.12791365305493682     
  0.12929978522750746     
  0.12929988594156219     
  0.13069356830498616     
  0.13069365710904579     
  0.13209490554858241     
  0.13209498446751305     
  0.13350379347976937     
  0.13350387146685710     
  0.13492026157506165     
  0.13492028860539210     
  0.13634422862031140     
  0.13634431707270780     
  0.13777580927254895     
  0.13777584218759184     
  0.13921491495461816     
  0.13921495249979432     
  0.14066153969241824     
  0.14066165396510791     
  0.14211579116741624     
  0.14211583887848203     
  0.14357756660268312     
  0.14357760998842459     
  0.14504690651449317     
  0.14504692675989744     
  0.14652373746176170     
  0.14652386261710970     
  0.14800818943426003     
  0.14800828755058512     
  0.14950021524574528     
  0.14950024871778234     
  0.15099977856049845     
  0.15099978243813075     
  0.15250683549496397     
  0.15250693257957157     
  0.15402151032770436     
  0.15402157484464951     
  0.15554371510914317     
  0.15554379716149050     
  0.15707349039150992     
  0.15707355896249325     
  0.15861081632859778     
  0.15861088007682858     
  0.16015569434687754     
  0.16015575905914192     
  0.16170814872305833     
  0.16170817161765014     
  0.16326811286884080     
  0.16326818432464615     
  0.16483567832882839     
  0.16483570562069030     
  0.16641077453511555     
  0.16641080605621977     
  0.16799339598638749     
  0.16799349112054340     
  0.16958363309377841     
  0.16958367038909214     
  0.17118139652071376     
  0.17118143317849463     
  0.17278672362254346     
  0.17278674212187106     
  0.17439955277346197     
  0.17439965883451178     
  0.17601999386561618     
  0.17602007341237327     
  0.17764800383687718     
  0.17764802889762496     
  0.17928355206531726     
  0.17928355590282263     
  0.18092660379151373     
  0.18092668917687366     
  0.18257726729851148     
  0.18257732042482111     
  0.18423546216321399     
  0.18423553005523571     
  0.18590122652417049     
  0.18590127991982289     
  0.18757453921126449     
  0.18757459117837522     
  0.18925540445022829     
  0.18925545959171136     
  0.19094384388755589     
  0.19094386350430395     
  0.19263980116805829     
  0.19263985926062061     
  0.19434334993042701     
  0.19434337321205458     
  0.19605443455404883     
  0.19605446096799284     
  0.19777304858238143     
  0.19777312897649085     
  0.19949926962221870     
  0.19949929962383328     
  0.20123301946893382     
  0.20123305109906811     
  0.20297433226157119     
  0.20297434925615040     
  0.20472315577625247     
  0.20472324631221170     
  0.20647958315918521     
  0.20647964911416988     
  0.20824357619284847     
  0.20824359586447799     
  0.21001510798080145     
  0.21001511345450702     
  0.21179415231274748     
  0.21179422808699719     
  0.21358080251146183     
  0.21358084643160721     
  0.21537498507291944     
  0.21537504198201074     
  0.21717673634243106     
  0.21717677838650193     
  0.21898603477927675     
  0.21898607717973992     
  0.22080288531892001     
  0.22080293341580809     
  0.22262730892116911     
  0.22262732612973798     
  0.22445925682815349     
  0.22445930407219858     
  0.22629878796492714     
  0.22629880831062951     
  0.22814585960549530     
  0.22814588156405505     
  0.23000046333699023     
  0.23000053223881090     
  0.23186266734412839     
  0.23186269214787755     
  0.23373240260157585     
  0.23373243030288501     
  0.23560970012778282     
  0.23560971568150313     
  0.23749451519161777     
  0.23749459301045264     
  0.23938692707952916     
  0.23938698299994343     
  0.24128690258060001     
  0.24128691884830911     
  0.24319441740917050     
  0.24319442483911813     
  0.24510945234840648     
  0.24510952018336346     
  0.24703208792102355     
  0.24703212435363356     
  0.24896225662166849     
  0.24896230484747528     
  0.25089999303772942     
  0.25090002707318215     
  0.25284527693292691     
  0.25284531126391940     
  0.25479811142173941     
  0.25479815429623354     
  0.25675851841454711     
  0.25675853425728090     
  0.25872645545790124     
  0.25872649359587380     
  0.26070196834516607     
  0.26070198651194948     
  0.26268502605878336     
  0.26268504401930448     
  0.26467561742338236     
  0.26467567728776747     
  0.26667380383722855     
  0.26667382492049913     
  0.26867952383202021     
  0.26867954837219882     
  0.27069280544122543     
  0.27069281960795161     
  0.27271360998899591     
  0.27271367730070017     
  0.27474200520142000     
  0.27474205372381277     
  0.27677796283663431     
  0.27677797710738061     
  0.27882146045169620     
  0.27882146989462642     
  0.28087248443355883     
  0.28087254569367603     
  0.28293110442811820     
  0.28293113485597793     
  0.28499725828345285     
  0.28499729952716113     
  0.28707097804042903     
  0.28707100766336136     
  0.28915224780313359     
  0.28915227515966879     
  0.29124106526654980     
  0.29124110431250694     
  0.29333745487839580     
  0.29333747067379307     
  0.29544138032991413     
  0.29544141054974782     
  0.29755287449666817     
  0.29755289105769567     
  0.29967191765390344     
  0.29967193192138852     
  0.30179849510149037     
  0.30179854783571208     
  0.30393266358695015     
  0.30393268205810875     
  0.30607436786406161     
  0.30607438981971996     
  0.30822363309848949     
  0.30822364595565610     
  0.31038042559991108     
  0.31038048415433556     
  0.31254480330798229     
  0.31254484647814684     
  0.31471674287956125     
  0.31471675625785384     
  0.31689622311429161     
  0.31689623469632794     
  0.31908323498779789     
  0.31908329081337033     
  0.32127783857723791     
  0.32127786453078405     
  0.32347997708969206     
  0.32348001263596354     
  0.32568967805992077     
  0.32568970759202165     
  0.32790693472556642     
  0.32790695616255938     
  0.33013173453343458     
  0.33013177089158857     
  0.33236410596564248     
  0.33236412329852555     
  0.33460401965533820     
  0.33460404274966921     
  0.33685149470087866     
  0.33685151013795472     
  0.33910652289720017     
  0.33910653367021992     
  0.34136908522317672     
  0.34136913236203481     
  0.34363923557182663     
  0.34363925232931680     
  0.34591692383047035     
  0.34591694366638948     
  0.34820217236367795     
  0.34820218401188141     
  0.35049495166981398     
  0.35049500286619240     
  0.35279531123919594     
  0.35279535074390556     
  0.35510323261634458     
  0.35510324608598293     
  0.35741869534267945     
  0.35741870935604769     
  0.35974169429481523     
  0.35974174567274614     
  0.36207228052548934     
  0.36207230398378948     
  0.36441040373837436     
  0.36441043458010897     
  0.36675608361190920     
  0.36675611778172812     
  0.36910932822372139     
  0.36910934551450048     
  0.37147011032840033     
  0.37147014501295322     
  0.37383846278037786     
  0.37383848342623149     
  0.37621436487671472     
  0.37621438145893982     
  0.37859782046580370     
  0.37859783525090424     
  0.38098883342128692     
  0.38098884093353919     
  0.38338737970152309     
  0.38338742254193786     
  0.38579351177922278     
  0.38579352761748031     
  0.38820718383489028     
  0.38820720195553593     
  0.39062841543707333     
  0.39062842599387371     
  0.39305718067201728     
  0.39305722564543916     
  0.39549352155513351     
  0.39549355890341792     
  0.39793742463465465     
  0.39793743920086228     
  0.40038886973983673     
  0.40038888671688860     
  0.40284785524060485     
  0.40284790307609813     
  0.40531442280159935     
  0.40531444661594013     
  0.40778853141027194     
  0.40778855834301081     
  0.41027018793454556     
  0.41027023138826207     
  0.41275942053622133     
  0.41275943759622735     
  0.41525618607909032     
  0.41525622008899671     
  0.41776051872845454     
  0.41776054470744117     
  0.42027240933299181     
  0.42027242060745346     
  0.42279184548647963     
  0.42279186017817788     
  0.42531884268116449     
  0.42531884793691577     
  0.42785337253655614     
  0.42785341225565782     
  0.43039548626164204     
  0.43039550194705067     
  0.43294514202124462     
  0.43294515881235063     
  0.43550235654157354     
  0.43550236613623328     
  0.43806710702402007     
  0.43806714671670921     
  0.44063942867198275     
  0.44063946536444826     
  0.44321931334921705     
  0.44321933018948523     
  0.44580674071722776     
  0.44580676154367771     
  0.44840171249313132     
  0.44840175770287988     
  0.45100425969144020     
  0.45100428765685657     
  0.45361435499982117     
  0.45361437871045085     
  0.45623198576525814     
  0.45623204351588931     
  0.45885720561062920     
  0.45885722846083332     
  0.46148995680807930     
  0.46148999125323087     
  0.46413026869087565     
  0.46413030256981425     
  0.46677814648098431     
  0.46677815719755994     
  0.46943356495208016     
  0.46943358033658267     
  0.47209654474238522     
  0.47209655136512463     
  0.47476705917012785     
  0.47476709695291108     
  0.47744515451479180     
  0.47744517085426541     
  0.48013079396089980     
  0.48013080983375489     
  0.48282399132430048     
  0.48282400009388821     
  0.48552472650549977     
  0.48552476173348197     
  0.48823302827454684     
  0.48823306600556982     
  0.49094889440838774     
  0.49094891509356570     
  0.49367230390099992     
  0.49367233002508953     
  0.49640326193643691     
  0.49640330560612139     
  0.49914178682847687     
  0.49914182353060471     
  0.50188787058873163     
  0.50188789177621418     
  0.50464147242564650     
  0.50464155113404563     
  0.50740267956781793     
  0.50740271439301499     
  0.51017141862575399     
  0.51017145491219573     
  0.51294770840394310     
  0.51294775390345382     
  0.51573157104032630     
  0.51573158924517837     
  0.51852297505555456     
  0.51852299237404154     
  0.52132193587679865     
  0.52132194789121578     
  0.52412843603266035     
  0.52412847324948864     
  0.52694251304549078     
  0.52694253098180044     
  0.52976413623400642     
  0.52976415168740831     
  0.53259331645578689     
  0.53259332454049202     
  0.53543003585840088     
  0.53543006739221921     
  0.53827431687686611     
  0.53827435784703614     
  0.54112616423030180     
  0.54112619112088212     
  0.54398555566067097     
  0.54398558950839015     
  0.54685250022815080     
  0.54685254393376725     
  0.54972700047202649     
  0.54972705187162207     
  0.55260907504416557     
  0.55260909465275476     
  0.55549864306187757     
  0.55549875315990260     
  0.55839583892470257     
  0.55839589302390491     
  0.56130056833208153     
  0.56130060849463514     
  0.56421283386708665     
  0.56421289701712407     
  0.56713268095901970     
  0.56713271319240166     
  0.57006007260375735     
  0.57006009394991453     
  0.57299501365858030     
  0.57299503448327049     
  0.57593750018279655     
  0.57593753870154474     
  0.57888755904056510     
  0.57888757983786832     
  0.58184516612659576     
  0.58184518185359291     
  0.58481032935716470     
  0.58481033689086170     
  0.58778303248730790     
  0.58778306119156754     
  0.59076329141551143     
  0.59076333892983013     
  0.59375111953645499     
  0.59375115659410205     
  0.59674649261671286     
  0.59674653848468850     
  0.59974942434502787     
  0.59974947088552011     
  0.60275989655485362     
  0.60275997198981868     
  0.60577796563785380     
  0.60577798537406757     
  0.60880349139782641     
  0.60880365123554103     
  0.61183667918218709     
  0.61183676428396228     
  0.61487740300536398     
  0.61487745041113051     
  0.61792564046130938     
  0.61792573207572665     
  0.62098147304226159     
  0.62098152784587712     
  0.62404485459292691     
  0.62404488373291145     
  0.62711577503574478     
  0.62711580991380811     
  0.63019424892499420     
  0.63019429177404429     
  0.63328029004971742     
  0.63328031571464838     
  0.63637388137783024     
  0.63637389848533177     
  0.63947502801361822     
  0.63947503510007531     
  0.64258371417255367     
  0.64258374133512353     
  0.64569994868307434     
  0.64570000851136755     
  0.64882375662809144     
  0.64882381130845201     
  0.65195511083747115     
  0.65195517703350325     
  0.65509403088629459     
  0.65509408605675246     
  0.65824046913955458     
  0.65824058607019920     
  0.66139453959788064     
  0.66139456300539512     
  0.66455600670096671     
  0.66455625242651883     
  0.66772519296959287     
  0.66772533193471151     
  0.67090191932700860     
  0.67090198040719440     
  0.67408612094493736     
  0.67408626278448702     
  0.67727794158637356     
  0.67727803543996445     
  0.68047731741626205     
  0.68047736188966690     
  0.68368421565697302     
  0.68368427513251262     
  0.68689867914371494     
  0.68689873219896602     
  0.69012070350967480     
  0.69012073788973505     
  0.69335027987865461     
  0.69335030043270163     
  0.69658741085229070     
  0.69658741750403075     
  0.69983207861553831     
  0.69983210689347575     
  0.70308428403631595     
  0.70308436809610386     
  0.70634406959821294     
  0.70634415805503381     
  0.70961140377725840     
  0.70961150862600908     
  0.71288631447905770     
  0.71288639177157809     
  0.71616870611232220     
  0.71616890322970661     
  0.71945879338950935     
  0.71945882811173412     
  0.72275616427794620     
  0.72275657846258734     
  0.72606136385702225     
  0.72606160951944743     
  0.72937411173072919     
  0.72937420115755558     
  0.73269425911501174     
  0.73269450245297341     
  0.73602207396222485     
  0.73602224583313502     
  0.73935745445105383     
  0.73935753224206480     
  0.74270032659547447     
  0.74270043627717286     
  0.74605078532588698     
  0.74605086262855880     
  0.74940879545643380     
  0.74940884774375460     
  0.75277435898273615     
  0.75277438772736360     
  0.75614747666498305     
  0.75614748264365650     
  0.75952812219320465     
  0.75952815870506740     
  0.76291628687677959     
  0.76291642576055418     
  0.76631204378749307     
  0.76631220892059904     
  0.76971535450079420     
  0.76971554766930850     
  0.77312626208041879     
  0.77312639851809040     
  0.77654457192738924     
  0.77654495656917022     
  0.77997071976026833     
  0.77997078547788612     
  0.78340388551597429     
  0.78340470535573548     
  0.78684513942568279     
