   5344.7941976891307     
   5519.3787231396382     
   5859.0374382108421     
   5948.7209302878146     
   5996.9329971822917     
   6000.9393712964047     
   6007.5281760036814     
   6016.8397541749073     
   6028.1915216848829     
   6042.9162232742019     
   5344.7941976891307     
   5519.3787231396382     
   5859.0374382108421     
   5948.7209302878146     
   5996.9329971822917     
   6000.9393712964047     
   6007.5281760036814     
   6016.8397541749073     
   6028.1915216848829     
   6042.9162232742019     
