   1.4048381277570113E-004
   1.6252693343410849E-004
   3.8354253898700738E-004
   4.3255340418562677E-004
   6.2758673837155895E-004
   6.9542671643557674E-004
   8.7581006276247196E-004
   9.5321486430673130E-004
   1.1296136911224991E-003
   1.2001331206706568E-003
   1.4049650269279904E-003
   1.4473279868695505E-003
   1.6832328720420453E-003
   1.6856485074650679E-003
   1.9212998851832919E-003
   1.9780162513763932E-003
   2.0235211000703070E-003
   2.0389144492320029E-003
   2.1537304518808387E-003
   2.2830915907975508E-003
   2.3827386246560592E-003
   2.5689031112125478E-003
   2.5920374152086662E-003
   2.5954157245058462E-003
   2.6103819274217507E-003
   2.8397049372517703E-003
   2.9092481443617410E-003
   3.0737323621891455E-003
   3.1222547075925510E-003
   3.1291483298801388E-003
   3.2308691774329619E-003
   3.3128428047755109E-003
   3.5479015328622790E-003
   3.5494801451607804E-003
   3.5662211544219779E-003
   3.6723067142407097E-003
   3.7992236749984352E-003
   3.8716678383579127E-003
   3.9634711702312116E-003
   4.0656131316598003E-003
   4.1283842950219519E-003
   4.2469489979057454E-003
   4.2875034462973131E-003
   4.4264185664767150E-003
   4.5113060885932105E-003
   4.6040248275327558E-003
   4.6972408332711397E-003
   4.8065623364545625E-003
   4.9294294755847061E-003
   4.9710362603638553E-003
   5.1622547660126446E-003
   5.1764413209914222E-003
   5.3701838037634609E-003
   5.3825662301365297E-003
   5.5625852685482480E-003
   5.6318625933256495E-003
   5.7792187018870121E-003
   5.8573584696341068E-003
   5.9800642569794475E-003
   6.1108578851628362E-003
   6.1914048770480810E-003
   6.3429671021008275E-003
   6.4114206653789457E-003
   6.5841896165342948E-003
   6.6352149120680404E-003
   6.8110538854813064E-003
   6.8804829032284749E-003
   7.0433994118749817E-003
   7.1355706970758206E-003
   7.2797713421447552E-003
   7.3948335086608226E-003
   7.5291075388083904E-003
   7.6607158432878877E-003
   7.7845878331183312E-003
   7.9289627225184456E-003
   8.0543949983926475E-003
   8.2028836964401289E-003
   8.3284496167775109E-003
   8.4795168160536043E-003
   8.6146035848145650E-003
   8.7623347834545444E-003
   8.9020048027409794E-003
   9.0484584377063422E-003
   9.1999202082460683E-003
   9.3440108650682755E-003
   9.4961065828225825E-003
   9.6430145314434085E-003
   9.8012439325295322E-003
   9.9496137775750681E-003
   1.0104018908257274E-002
   1.0259686491781493E-002
   1.0418276374245819E-002
   1.0575084346697530E-002
   1.0733111377165127E-002
   1.0892938774994226E-002
   1.1059027955485006E-002
   1.1212595535950701E-002
   1.1385927307058908E-002
   1.1535126231353167E-002
   1.1721705318237158E-002
   1.1858106492811452E-002
   1.2059674434258942E-002
   1.2185195359009702E-002
   1.2404865776304241E-002
   1.2513217401952343E-002
   1.2754859905121889E-002
   1.2846910746490721E-002
   1.3112710209952737E-002
   1.3187346319004411E-002
   1.3478019051929210E-002
   1.3538183964997700E-002
   1.3851710035816703E-002
   1.3898541766474067E-002
   1.4232758574210705E-002
   1.4270126510871567E-002
   1.4621252699562248E-002
   1.4651189364888937E-002
   1.5017242556314644E-002
   1.5041753544284128E-002
   1.5419962251004405E-002
   1.5441394524535140E-002
   1.5830939527313365E-002
   1.5849003373113933E-002
   1.6249042110859580E-002
   1.6264749960223056E-002
   1.6676183596143875E-002
   1.6686944914492376E-002
   1.7108656039727669E-002
   1.7118697004554997E-002
   1.7550097453147003E-002
   1.7556588395932417E-002
   1.7996373966798453E-002
   1.8004302396397744E-002
   1.8451332536976124E-002
   1.8458111292606803E-002
   1.8912175821694684E-002
   1.8920596746907811E-002
   1.9381476039227907E-002
   1.9389151250791700E-002
   1.9857760599925667E-002
   1.9865158684353120E-002
   2.0341385374125717E-002
   2.0348223041883592E-002
   2.0832432390143679E-002
   2.0838208823831743E-002
   2.1330738881453204E-002
   2.1335224450673273E-002
   2.1835284112023800E-002
   2.1840259810270352E-002
   2.2347568567224793E-002
   2.2351778518076532E-002
   2.2866336384462792E-002
   2.2871006864678953E-002
   2.3392908339654028E-002
   2.3396593737718338E-002
   2.3926433385099474E-002
   2.3929366156349257E-002
   2.4466605623585880E-002
   2.4469617624459657E-002
   2.5014767783075501E-002
   2.5015983773082829E-002
   2.5568474242601537E-002
   2.5570893396202433E-002
   2.6130600341842530E-002
   2.6131446595824826E-002
   2.6698005934443027E-002
   2.6700784279554104E-002
   2.7273784318097034E-002
   2.7275785662372667E-002
   2.7855619675448334E-002
   2.7858758428361188E-002
   2.8444835473181398E-002
   2.8448371275250829E-002
   2.9041523010068786E-002
   2.9044518555828180E-002
   2.9644936665083201E-002
   2.9647936991378368E-002
   3.0255773193803171E-002
   3.0257919481028489E-002
   3.0873220091229874E-002
   3.0875271755444772E-002
   3.1497604185066197E-002
   3.1499659709675686E-002
   3.2129035902442600E-002
   3.2130961782303499E-002
   3.2767483079715741E-002
   3.2769205087122326E-002
   3.3412789981518184E-002
   3.3414540773592509E-002
   3.4065443424862757E-002
   3.4066474714794709E-002
   3.4724507320813489E-002
   3.4725941604158490E-002
   3.5391164011203922E-002
   3.5391747632712946E-002
   3.6064248782296991E-002
   3.6065060148030847E-002
   3.6744455440277990E-002
   3.6745174180262276E-002
   3.7431421331438675E-002
   3.7432452142407133E-002
   3.8125252182185577E-002
   3.8126786314197601E-002
   3.8826283997252263E-002
   3.8827829270922827E-002
   3.9533931122111440E-002
   3.9536172714728542E-002
   4.0249164796146493E-002
   4.0250833493030033E-002
   4.0970940926880632E-002
   4.0972860343298528E-002
   4.1700063173943085E-002
   4.1701439387981987E-002
   4.2435933470658820E-002
   4.2437171177261694E-002
   4.3178751547522841E-002
   4.3179850514992443E-002
   4.3928424439758321E-002
   4.3929568720117988E-002
   4.4685157674663446E-002
   4.4686116448826148E-002
   4.5448699479690338E-002
   4.5449746267366059E-002
   4.6219356486429691E-002
   4.6220146560720814E-002
   4.6996910928939130E-002
   4.6997535859575022E-002
   4.7781324325349338E-002
   4.7781948563382991E-002
   4.8572884072252034E-002
   4.8573095911463866E-002
   4.9371022972830830E-002
   4.9371545525894268E-002
   5.0176288574647891E-002
   5.0176744077731414E-002
   5.0988231245939486E-002
   5.0989144828871798E-002
   5.1807243185281363E-002
   5.1808349570929148E-002
   5.2633152475313694E-002
   5.2634531343325693E-002
   5.3466111581212637E-002
   5.3467535486385859E-002
   5.4306170980916342E-002
   5.4307309905356711E-002
   5.5153017345075696E-002
   5.5154167906588301E-002
   5.6006964836706322E-002
   5.6007792523949010E-002
   5.6867705125133762E-002
   5.6868492368414576E-002
   5.7735410881183669E-002
   5.7736092325618792E-002
   5.8609955757527005E-002
   5.8610718491457318E-002
   5.9491530140725654E-002
   5.9492179392960726E-002
   6.0379988290117842E-002
   6.0380620187917830E-002
   6.1275434057993197E-002
   6.1275935449249606E-002
   6.2177818750902010E-002
   6.2178174023976497E-002
   6.3087061961676003E-002
   6.3087414226693700E-002
   6.4003311298623120E-002
   6.4003508769317652E-002
   6.4926304144880764E-002
   6.4926719411559100E-002
   6.5856305934516191E-002
   6.5856778805198482E-002
   6.6793121964218688E-002
   6.6793883264785026E-002
   6.7736901765971150E-002
   6.7737879756888927E-002
   6.8687684061874907E-002
   6.8688731522414184E-002
   6.9645446768482749E-002
   6.9646457778027387E-002
   7.0610207954805396E-002
   7.0611041692016208E-002
   7.1581852232930204E-002
   7.1582596713562985E-002
   7.2560473632810416E-002
   7.2561029224951445E-002
   7.3545940919240507E-002
   7.3546469277079113E-002
   7.4538332931094575E-002
   7.4538837517407475E-002
   7.5537602147020252E-002
   7.5538181264016319E-002
   7.6543908995491058E-002
   7.6544339640365042E-002
   7.7557065867807168E-002
   7.7557499659457740E-002
   7.8577177069475507E-002
   7.8577556611490060E-002
   7.9604268032454850E-002
   7.9604484870711478E-002
   8.0638164981140695E-002
   8.0638457235122363E-002
   8.1679083120017787E-002
   8.1679258963101964E-002
   8.2726749564218563E-002
   8.2727161901421001E-002
   8.3781454163503119E-002
   8.3781875932528713E-002
   8.4842949997268186E-002
   8.4843648161115753E-002
   8.5911440700948999E-002
   8.5912273602854985E-002
   8.6986940066207968E-002
   8.6987739275578124E-002
   8.8069349873857380E-002
   8.8070141868499610E-002
   8.9158773371858666E-002
   8.9159379080901130E-002
   9.0255058881135358E-002
   9.0255601054702414E-002
   9.1358310813777849E-002
   9.1358704213890807E-002
   9.2468415048335098E-002
   9.2468801507461451E-002
   9.3585426836057140E-002
   9.3585837769742622E-002
   9.4709355073142418E-002
   9.4709803873388579E-002
   9.5840305744820220E-002
   9.5840593603237823E-002
   9.6978067727077816E-002
   9.6978417729418342E-002
   9.8122802241296644E-002
   9.8123114901098832E-002
   9.9274517630050227E-002
   9.9274676566715597E-002
  0.10043301289710448     
  0.10043330324825522     
  0.10159856242047732     
  0.10159872091358937     
  0.10277083880790891     
  0.10277125611329695     
  0.10395019711115848     
  0.10395055402167448     
  0.10513629209012927     
  0.10513695957197501     
  0.10632945903729059     
  0.10633013710684792     
  0.10752956316713110     
  0.10753022152454561     
  0.10873658813775137     
  0.10873722858293219     
  0.10995062000207072     
  0.10995107260028578     
  0.11117149296790282     
  0.11117191851226847     
  0.11239933603241026     
  0.11239963790237729     
  0.11363403896360395     
  0.11363434018586269     
  0.11487564071993780     
  0.11487598658823542     
  0.11612418329569832     
  0.11612453490918902     
  0.11737972166051341     
  0.11737993005787278     
  0.11864205446071896     
  0.11864237319431412     
  0.11991139131173183     
  0.11991165463738672     
  0.12118766819458150     
  0.12118783824808381     
  0.12247076161558634     
  0.12247104728548330     
  0.12376089159846425     
  0.12376106194132874     
  0.12505776734529880     
  0.12505817241595277     
  0.12636172526559158     
  0.12636204259575701     
  0.12767240071820835     
  0.12767303674959238     
  0.12899020268435102     
  0.12899074587416987     
  0.13031485842553853     
  0.13031544257585131     
  0.13164648641423324     
  0.13164700823760672     
  0.13298508453035573     
  0.13298544502097739     
  0.13433052966049563     
  0.13433087563969398     
  0.13568293511539906     
  0.13568318709536911     
  0.13704221854006596     
  0.13704246123212918     
  0.13840839066471283     
  0.13840868747634752     
  0.13978151720012039     
  0.13978179995374185     
  0.14116161190376580     
  0.14116178484486491     
  0.14254850257900015     
  0.14254881423748095     
  0.14394242759647566     
  0.14394264971447449     
  0.14534323337249855     
  0.14534344475155378     
  0.14675092410032486     
  0.14675119503533879     
  0.14816559970806958     
  0.14816580076661151     
  0.14958707081810682     
  0.14958745091036010     
  0.15101558659923586     
  0.15101589655341685     
  0.15245084226939543     
  0.15245144216414491     
  0.15389324254190434     
  0.15389368309482424     
  0.15534243222539346     
  0.15534297436579619     
  0.15679864935718846     
  0.15679907795846235     
  0.15826178902674462     
  0.15826209868986926     
  0.15973180042166230     
  0.15973208721907478     
  0.16120875242262628     
  0.16120897480581536     
  0.16269260360503959     
  0.16269280256594668     
  0.16418333201492386     
  0.16418359256836959     
  0.16568102281215644     
  0.16568125952770754     
  0.16718565666137647     
  0.16718582275010377     
  0.16869709957399756     
  0.16869741615961256     
  0.17021560076974776     
  0.17021579049849378     
  0.17174092484697345     
  0.17174118109995135     
  0.17327320439717969     
  0.17327345530335167     
  0.17481240827358493     
  0.17481264434122462     
  0.17635846718605416     
  0.17635881720556210     
  0.17791151466613464     
  0.17791184057534729     
  0.17947135088684096     
  0.17947191403207127     
  0.18103832036582967     
  0.18103869312988166     
  0.18261204265814929     
  0.18261255817105440     
  0.18419283440105214     
  0.18419319258153619     
  0.18578050424803008     
  0.18578078757736297     
  0.18737507687346602     
  0.18737531845046443     
  0.18897656805126101     
  0.18897676947288486     
  0.19058497649716941     
  0.19058514174349170     
  0.19220025106978761     
  0.19220048648687668     
  0.19382249364373114     
  0.19382270173072050     
  0.19545165700104566     
  0.19545183468293348     
  0.19708764882063312     
  0.19708797762398655     
  0.19873071482136465     
  0.19873088480187248     
  0.20038055619147482     
  0.20038085498983518     
  0.20203741524810523     
  0.20203764582047046     
  0.20370113958279640     
  0.20370140977498716     
  0.20537177762734843     
  0.20537209818255545     
  0.20704934253414609     
  0.20704969807822582     
  0.20873375673435640     
  0.20873428683071557     
  0.21042527308472461     
  0.21042561164506507     
  0.21212353286366298     
  0.21212403113937042     
  0.21382888633535935     
  0.21382919511403911     
  0.21554108314621725     
  0.21554135379491721     
  0.21726021176104804     
  0.21726041873694435     
  0.21898623904103875     
  0.21898642307733299     
  0.22071919621003588     
  0.22071933548054931     
  0.22245900957041592     
  0.22245922970709428     
  0.22420579605776020     
  0.22420598874162956     
  0.22595948303492533     
  0.22595968522435605     
  0.22772002122750290     
  0.22772036840155729     
  0.22948764083929993     
  0.22948780804005706     
  0.23126200293168422     
  0.23126234306205321     
  0.23304343363602414     
  0.23304364728906948     
  0.23483167512492109     
  0.23483197862697203     
  0.23662688425367220     
  0.23662718000103816     
  0.23842895921410492     
  0.23842935340903448     
  0.24023794730360085     
  0.24023845137088476     
  0.24205399398379362     
  0.24205432848232325     
  0.24387679736197845     
  0.24387728656379501     
  0.24570670203062447     
  0.24570698107764780     
  0.24754342696009973     
  0.24754369294022269     
  0.24938710678500042     
  0.24938728755787923     
  0.25123766905728795     
  0.25123783735536970     
  0.25309516814795141     
  0.25309528789409413     
  0.25495951469233774     
  0.25495972859003380     
  0.25683084007964696     
  0.25683102798389112     
  0.25870904639959724     
  0.25870928400052046     
  0.26059412892276190     
  0.26059450134600481     
  0.26248629199466939     
  0.26248647564970845     
  0.26438517962908442     
  0.26438556289697518     
  0.26629117587357004     
  0.26629137898913874     
  0.26820393334529946     
  0.26820427140501069     
  0.27012370642697764     
  0.27012398553278083     
  0.27205028760018091     
  0.27205072910702383     
  0.27398384548182286     
  0.27398433331843347     
  0.27592441111541943     
  0.27592476718905773     
  0.27787176304906147     
  0.27787225211700972     
  0.27982621073781688     
  0.27982647869364224     
  0.28178746700537949     
  0.28178773399598361     
  0.28375569429040426     
  0.28375585563287520     
  0.28573079135071100     
  0.28573094481527950     
  0.28771282688120325     
  0.28771293280727189     
  0.28970170202663981     
  0.28970191851034011     
  0.29169756297102312     
  0.29169775567277595     
  0.29370028479875521     
  0.29370056923782872     
  0.29570991007732161     
  0.29571031661271524     
  0.29772660884817620     
  0.29772682773728304     
  0.29975002586261423     
  0.29975045786884857     
  0.30178058314078321     
  0.30178078492951071     
  0.30381785643673831     
  0.30381823328749508     
  0.30586218693222667     
  0.30586246149691126     
  0.30791327223464859     
  0.30791377221907468     
  0.30997139659226625     
  0.30997188097553890     
  0.31203647393087514     
  0.31203687393060708     
  0.31410837774093697     
  0.31410887754463568     
  0.31618736260181846     
  0.31618763728282245     
  0.31827315416855578     
  0.31827342739904046     
  0.32036592644417866     
  0.32036607393843769     
  0.32246555857560588     
  0.32246569772235317     
  0.32457212590602397     
  0.32457222338263270     
  0.32668552547286372     
  0.32668575392834753     
  0.32880591952841659     
  0.32880612703457351     
  0.33093315271268314     
  0.33093349810669670     
  0.33306731967393116     
  0.33306777246148006     
  0.33520854898485519     
  0.33520882151836762     
  0.33735649744868185     
  0.33735698848565304     
  0.33951161283058523     
  0.33951182553392589     
  0.34167340210141312     
  0.34167382584962930     
  0.34384228366734787     
  0.34384257069973601     
  0.34601787172163262     
  0.34601844624540345     
  0.34820056039032993     
  0.34820105805815565     
  0.35039014482998410     
  0.35039061111803665     
  0.35258660293277072     
  0.35258712747274579     
  0.35479012145983518     
  0.35479042041379388     
  0.35700045240883582     
  0.35700073785140884     
  0.35921776860671673     
  0.35921790700636219     
  0.36144193646390971     
  0.36144206144036761     
  0.36367303134111301     
  0.36367312577711303     
  0.36591095093702158     
  0.36591120237019775     
  0.36815587603938121     
  0.36815611034523393     
  0.37040761538048139     
  0.37040804104208125     
  0.37266632353552198     
  0.37266683982988613     
  0.37493208005370804     
  0.37493242717080277     
  0.37720456065843244     
  0.37720512734675360     
  0.37948423313704033     
  0.37948447250257000     
  0.38177053813261036     
  0.38177102219877790     
  0.38406396451799013     
  0.38406428713530144     
  0.38636405354133829     
  0.38636472655365711     
  0.38867130582005299     
  0.38867183941140965     
  0.39098539390496695     
  0.39098595337427794     
  0.39330640894884089     
  0.39330697719765978     
  0.39563445992008500     
  0.39563480198880319     
  0.39796933450164007     
  0.39796963995804419     
  0.40031119513868618     
  0.40031132870921476     
  0.40265989978219136     
  0.40266001027099302     
  0.40501551790748419     
  0.40501561515692264     
  0.40737795214256201     
  0.40737824080449292     
  0.40974740622325162     
  0.40974768336370759     
  0.41212364446466504     
  0.41212417863505779     
  0.41450689407709718     
  0.41450749931341907     
  0.41689717538701415     
  0.41689762511896850     
  0.41929418802251278     
  0.41929485640743647     
  0.42169841927345880     
  0.42169870582517749     
  0.42410923850264165     
  0.42410980427649175     
  0.42652720374354619     
  0.42652759314010691     
  0.42895178996394095     
  0.42895259815690451     
  0.43138360717248847     
  0.43138420868591537     
  0.43382219516345250     
  0.43382288528726637     
  0.43626777131856675     
  0.43626841042220299     
  0.43872035574372453     
  0.43872076410857958     
  0.44117977903847805     
  0.44118011560322901     
  0.44364618665264055     
  0.44364631951178168     
  0.44611942964747536     
  0.44611952476475847     
  0.44859956621648123     
  0.44859967315731086     
  0.45108650751192253     
  0.45108685362816942     
  0.45358048809650031     
  0.45358083144926664     
  0.45608121424728620     
  0.45608190053479852     
  0.45858900665838187     
  0.45858974002186709     
  0.46110381046968890     
  0.46110440488508864     
  0.46362535462394361     
  0.46362616611380308     
  0.46615415024408885     
  0.46615451254356000     
  0.46868947996911453     
  0.46869016189431917     
  0.47123197844714726     
  0.47123247866163409     
  0.47378105393372755     
  0.47378205567332315     
  0.47633744054259380     
  0.47633815781723127     
  0.47890052272106021     
  0.47890140124908925     
  0.48147066742292338     
  0.48147141872964133     
  0.48404778877973875     
  0.48404829634739671     
  0.48663176802866293     
  0.48663215264275567     
  0.48922272815422158     
  0.48922286470348625     
  0.49182051148373446     
  0.49182059021460239     
  0.49442516075980258     
  0.49442528641533390     
  0.49703659726345784     
  0.49703703216491557     
  0.49965510085347603     
  0.49965554734142931     
  0.50228029702835086     
  0.50228120677997923     
  0.50491263531384434     
  0.50491356063928383     
  0.50755195857847679     
  0.50755276630448432     
  0.51019803356904481     
  0.51019905684238653     
  0.51285140530550311     
  0.51285188725966668     
  0.51551123799931242     
  0.51551209384594865     
  0.51817826383922816     
  0.51817894307278600     
  0.52085181313903950     
  0.52085310640433946     
  0.52353277906090023     
  0.52353368898270669     
  0.52622034501538384     
  0.52622150848562066     
  0.52891507205854715     
  0.52891600330705757     
  0.53161673725075964     
  0.53161739680795672     
  0.53432528435572835     
  0.53432574483265372     
  0.53704080768647766     
  0.53704095318188616     
  0.53976313194652648     
  0.53976319720335963     
  0.54249228808870542     
  0.54249244590555379     
  0.54522819950701928     
  0.54522877613687504     
  0.54797122030564904     
  0.54797183332783661     
  0.55072085508258894     
  0.55072211350987776     
  0.55347774540396288     
  0.55347897448458871     
  0.55624158284293368     
  0.55624272524470553     
  0.55901218791292795     
  0.55901354480476895     
  0.56179015846935687     
  0.56179083552863962     
  0.56457447963596086     
  0.56457561303246284     
  0.56736602488166432     
  0.56736700154125386     
  0.57016401819437657     
  0.57016578028090426     
  0.57296958368935136     
  0.57297082196007365     
  0.57578161279953433     
  0.57578323728964820     
  0.57860094897270320     
  0.57860218167043131     
  0.58142717095055563     
  0.58142807724618661     
  0.58426030782563709     
  0.58426089413614335     
  0.58710041525795276     
  0.58710057689547945     
  0.58994727015791826     
  0.58994734874995602     
  0.59280093457315364     
  0.59280114755775970     
  0.59566128244979610     
  0.59566209985340357     
  0.59852880926780760     
  0.59852970921954685     
  0.60140282178957316     
  0.60140467022428512     
  0.60428427648180361     
  0.60428602499154682     
  0.60717261707081249     
  0.60717433115704356     
  0.61006775123757007     
  0.61006967980153071     
  0.61297036604209132     
  0.61297138466464562     
  0.61587914616100681     
  0.61588076225714250     
  0.61879519583055376     
  0.61879670379868890     
  0.62171757181442144     
  0.62172015919419521     
  0.62464777935398086     
  0.62464961636352601     
  0.62758422683632897     
  0.62758667174977578     
  0.63052822878470627     
  0.63053000808719195     
  0.63347903347763479     
  0.63348037923211364     
  0.63643680562242710     
  0.63643761860848858     
  0.63940154140007643     
  0.63940173054533933     
  0.64237289573942724     
  0.64237306047391030     
  0.64535108194161062     
  0.64535139482437309     
  0.64833578296977812     
  0.64833705178410006     
  0.65132779014834652     
  0.65132923776253882     
  0.65432604522462234     
  0.65432901435692181     
  0.65733209041570739     
  0.65733483564090656     
  0.66034490693678161     
  0.66034772421674803     
  0.66336456738041238     
  0.66336760377715709     
  0.66639192872120434     
  0.66639362019156212     
  0.66942509896001012     
  0.66942766763748374     
  0.67246561526356807     
  0.67246819793182944     
  0.67551222815589385     
  0.67551647764616285     
  0.67856717669547506     
  0.67857024946754219     
  0.68162792924310789     
  0.68163205848494213     
  0.68469673512119678     
  0.68469964728240718     
  0.68777218246293714     
  0.68777443416727702     
  0.69085470125882853     
  0.69085598350436994     
  0.69394417242627993     
  0.69394441589877842     
  0.69703995778259509     
  0.69704037066142654     
  0.70014269451956324     
  0.70014320962881749     
  0.70325152811607083     
  0.70325379098756391     
  0.70636794164469408     
  0.70637062437314324     
  0.70949006750643828     
  0.70949558851630423     
  0.71262076477957625     
  0.71262581140496528     
  0.71575797119142792     
  0.71576336942244623     
  0.71890214045887746     
  0.71890779427012441     
  0.72205453291132904     
