   2.1342244760152388E-004
   2.1345644636732068E-004
   2.1391850616176897E-004
   2.1413495395054800E-004
   5.4901685917531167E-004
   5.4905159764441914E-004
   5.4977615417042141E-004
   5.5080851129325282E-004
   8.7153981057000777E-004
   8.7175394768771331E-004
   8.7280604305750142E-004
   8.7461048883625062E-004
   1.1934471293903836E-003
   1.1941545629738615E-003
   1.1968618217422045E-003
   1.1972292508479498E-003
   1.4897680228286453E-003
   1.4908675856920147E-003
   1.4946770552398136E-003
   1.4966147733770029E-003
   1.7837040114923491E-003
   1.7842525657348447E-003
   1.7891082508408372E-003
   1.7894853256284454E-003
   2.0596993755652923E-003
   2.0608757568843618E-003
   2.0662152684296328E-003
   2.0670945438297427E-003
   2.3113778659677249E-003
   2.3159356789625666E-003
   2.3223546263044150E-003
   2.3267245059109894E-003
   2.5172023141471554E-003
   2.5286537894124131E-003
   2.5551046825228038E-003
   2.5727706402138800E-003
   2.6892504222201948E-003
   2.7187030996047557E-003
   2.7708352484097226E-003
   2.8216706681193429E-003
   2.8839081617371824E-003
   2.9567738028098097E-003
   2.9924045511768547E-003
   3.0884524024727303E-003
   3.1211685436642804E-003
   3.2376639337012556E-003
   3.2531518676099805E-003
   3.3842004817836282E-003
   3.4066466083403808E-003
   3.5504551900103574E-003
   3.5586955254644261E-003
   3.7141639378023973E-003
   3.7299563990556223E-003
   3.8951145842783409E-003
   3.9005615052433258E-003
   4.0765762478772120E-003
   4.0862990138701583E-003
   4.2699158983812626E-003
   4.2758431552153749E-003
   4.4689121400664335E-003
   4.4749243095129256E-003
   4.6779282139802290E-003
   4.6790245597549702E-003
   4.8920343372668776E-003
   4.8928695571902750E-003
   5.1124693629135669E-003
   5.1151497168779219E-003
   5.3410381445522714E-003
   5.3439317817152191E-003
   5.5775180895838369E-003
   5.5793187512705820E-003
   5.8205284686360000E-003
   5.8226127790662312E-003
   6.0714279545783364E-003
   6.0723894212660143E-003
   6.3282113740001636E-003
   6.3306010686132678E-003
   6.5937992816205108E-003
   6.5942724704496341E-003
   6.8642111693532921E-003
   6.8673493445754177E-003
   7.1442130124140480E-003
   7.1450236781302320E-003
   7.4291940338151608E-003
   7.4318697375120495E-003
   7.7229981931509137E-003
   7.7240222880502023E-003
   8.0227031816295560E-003
   8.0243710739536338E-003
   8.3302038126022594E-003
   8.3310062077129963E-003
   8.6442167180165955E-003
   8.6451886610550126E-003
   8.9654134336945475E-003
   8.9662323269356879E-003
   9.2936274145867127E-003
   9.2942873730726475E-003
   9.6289759006500959E-003
   9.6292227096553950E-003
   9.9710632034908375E-003
   9.9714218463928528E-003
   1.0319874312048975E-002
   1.0320889995675089E-002
   1.0675734293941509E-002
   1.0677293897824468E-002
   1.1039450705043093E-002
   1.1039813684872328E-002
   1.1409480117872028E-002
   1.1409983652891149E-002
   1.1786753175962193E-002
   1.1786868141353518E-002
   1.2170311781635575E-002
   1.2171419464448927E-002
   1.2561803626999310E-002
   1.2561982636957023E-002
   1.2959256356271492E-002
   1.2960525034246976E-002
   1.3364642333678607E-002
   1.3365069202989504E-002
   1.3776335395447389E-002
   1.3777235720277791E-002
   1.4195471809655587E-002
   1.4195885133725397E-002
   1.4621281175698924E-002
   1.4621783284854240E-002
   1.5054199779320992E-002
   1.5054490845159333E-002
   1.5493967631491199E-002
   1.5494264349629696E-002
   1.5940713551162635E-002
   1.5940972073579845E-002
   1.6394422034693903E-002
   1.6394626668686539E-002
   1.6855111689335320E-002
   1.6855206911647918E-002
   1.7322671705981285E-002
   1.7322821200295959E-002
   1.7797020624763609E-002
   1.7797548941946271E-002
   1.8278297929527343E-002
   1.8279249196565529E-002
   1.8767151216035914E-002
   1.8767271558836559E-002
   1.9262514281735324E-002
   1.9262680034638945E-002
   1.9764897133175096E-002
   1.9764963689888199E-002
   2.0273874185081645E-002
   2.0274546836088689E-002
   2.0790372798632134E-002
   2.0790500299938057E-002
   2.1313280704232464E-002
   2.1313935024379897E-002
   2.1843593693058175E-002
   2.1843854078524495E-002
   2.2380572886198939E-002
   2.2380994916375740E-002
   2.2924682176050367E-002
   2.2924892767011294E-002
   2.3475622507754808E-002
   2.3475845547758740E-002
   2.4033551247719453E-002
   2.4033695011307636E-002
   2.4598386029126552E-002
   2.4598522595366729E-002
   2.5170168268272702E-002
   2.5170286044013914E-002
   2.5748893974153333E-002
   2.5748988540131437E-002
   2.6334578805477651E-002
   2.6334613663398548E-002
   2.6927160637739162E-002
   2.6927222821463044E-002
   2.7526573832404509E-002
   2.7526881020118729E-002
   2.8132894421421691E-002
   2.8133511817498392E-002
   2.8746588002731627E-002
   2.8746648726420004E-002
   2.9366939114429485E-002
   2.9367006487175416E-002
   2.9994234725403836E-002
   2.9994297850912545E-002
   3.0628273272328158E-002
   3.0628723981792772E-002
   3.1269621845086373E-002
   3.1269717180929871E-002
   3.1917586152204559E-002
   3.1917971266890804E-002
   3.2572740839192212E-002
   3.2572911234717200E-002
   3.3234692947238714E-002
   3.3234929559704487E-002
   3.3903672833424055E-002
   3.3903795562690610E-002
   3.4579534261326601E-002
   3.4579655092693631E-002
   3.5262350523128545E-002
   3.5262434534084737E-002
   3.5952089583941138E-002
   3.5952165589231373E-002
   3.6648767430872468E-002
   3.6648831961146051E-002
   3.7352382377298855E-002
   3.7352435038940757E-002
   3.8062947973698642E-002
   3.8062960987856227E-002
   3.8780422773383456E-002
   3.8780450984570440E-002
   3.9504759460552721E-002
   3.9504952098390236E-002
   4.0235999197653340E-002
   4.0236423014637729E-002
   4.0974480284265188E-002
   4.0974525088532179E-002
   4.1719711969726216E-002
   4.1719748783332164E-002
   4.2471865858799918E-002
   4.2471922381848215E-002
   4.3230833857055423E-002
   4.3231153822220258E-002
   4.3996993656469557E-002
   4.3997065164913494E-002
   4.4769877588276351E-002
   4.4770123877398961E-002
   4.5549849106156899E-002
   4.5549966364588142E-002
   4.6336676471650774E-002
   4.6336824167064590E-002
   4.7130489520893173E-002
   4.7130567308302097E-002
   4.7931205308214944E-002
   4.7931278573537128E-002
   4.8738863784485928E-002
   4.8738917871940290E-002
   4.9553451835103964E-002
   4.9553498175721918E-002
   5.0374975133224094E-002
   5.0375013676764023E-002
   5.1203433043030010E-002
   5.1203464881134579E-002
   5.2038836254882939E-002
   5.2038840973644689E-002
   5.2881156268972974E-002
   5.2881170334806556E-002
   5.3730359363262141E-002
   5.3730486574641696E-002
   5.4586465595036791E-002
   5.4586769567994610E-002
   5.5449727481645020E-002
   5.5449766642904387E-002
   5.6319796892681663E-002
   5.6319825799106119E-002
   5.7196785409674156E-002
   5.7196835401087345E-002
   5.8080625964209633E-002
   5.8080862445866382E-002
   5.8971585882092822E-002
   5.8971639492770560E-002
   5.9869332631857744E-002
   5.9869498976465749E-002
   6.0774111761490841E-002
   6.0774195284096826E-002
   6.1685776492212227E-002
   6.1685875101982555E-002
   6.2604406611180899E-002
   6.2604458574016919E-002
   6.3529950144055394E-002
   6.3529997598499865E-002
   6.4462431219552002E-002
   6.4462467978486482E-002
   6.5401845127085079E-002
   6.5401874355495979E-002
   6.6348192515734872E-002
   6.6348216014265965E-002
   6.7301473383965846E-002
   6.7301492892528000E-002
   6.8261695650544227E-002
   6.8261697010151057E-002
   6.9228840042963799E-002
   6.9228847580270994E-002
   7.0202882064285307E-002
   7.0202969043161437E-002
   7.1183828829794626E-002
   7.1184054249134002E-002
   7.2171873723725910E-002
   7.2171909736947787E-002
   7.3166762453762316E-002
   7.3166789733487531E-002
   7.4168572349073161E-002
   7.4168616880360833E-002
   7.5177257214266574E-002
   7.5177437336433117E-002
   7.6193014011112337E-002
   7.6193054081167319E-002
   7.7215596663351163E-002
   7.7215713139909298E-002
   7.8245179438072826E-002
   7.8245240212262590E-002
   7.9281664464537785E-002
   7.9281733121282949E-002
   8.0325103888353261E-002
   8.0325139684397737E-002
   8.1375462855550043E-002
   8.1375494715770436E-002
   8.2432756981144037E-002
   8.2432782563984022E-002
   8.3496985623126491E-002
   8.3497003834320516E-002
   8.4568146790310092E-002
   8.4568160482494256E-002
   8.5646240864137899E-002
   8.5646252092718464E-002
   8.6731272855883390E-002
   8.6731273621066363E-002
   8.7823231638736718E-002
   8.7823236161739357E-002
   8.8922098041810740E-002
   8.8922158854716327E-002
   9.0027871138826349E-002
   9.0028042607098319E-002
   9.1140702263247983E-002
   9.1140736043814286E-002
   9.2260401787682175E-002
   9.2260428756941779E-002
   9.3387025116472955E-002
   9.3387065324959440E-002
   9.4520538773883056E-002
   9.4520679203204838E-002
   9.5661091696301326E-002
   9.5661121422873280E-002
   9.6808496199850741E-002
   9.6808579639168627E-002
   9.7962880734640684E-002
   9.7962925383342475E-002
   9.9124177489861937E-002
   9.9124226439662497E-002
  0.10029242212879889     
  0.10029244712364903     
  0.10146759020834178     
  0.10146761185591599     
  0.10264969229487869     
  0.10264971004923426     
  0.10383872970650700     
  0.10383874036454660     
  0.10503469916799105     
  0.10503470605671042     
  0.10623760133042277     
  0.10623760645478093     
  0.10744743793715643     
  0.10744743979711553     
  0.10866420548442039     
  0.10866420956783811     
  0.10988788832732062     
  0.10988793139414020     
  0.11111847937079809     
  0.11111861235956791     
  0.11235609946034353     
  0.11235613159470080     
  0.11360060535471779     
  0.11360063232043799     
  0.11485203734532176     
  0.11485207423473641     
  0.11611037062858995     
  0.11611048212891656     
  0.11737571971963280     
  0.11737574146888737     
  0.11864793817366399     
  0.11864799868240197     
  0.11992712350930185     
  0.11992715623967307     
  0.12121322732849797     
  0.12121326252305553     
  0.12250627486937506     
  0.12250629228160764     
  0.12380624855920831     
  0.12380626307454241     
  0.12511315567257530     
  0.12511316761465288     
  0.12642699813575980     
  0.12642700396300463     
  0.12774777233173371     
  0.12774777572424534     
  0.12907547997929458     
  0.12907548116740747     
  0.13041011916570000     
  0.13041012219477852     
  0.13175169173616963     
  0.13175169694806987     
  0.13310018620889466     
  0.13310021689875801     
  0.13445558996061965     
  0.13445569466274068     
  0.13581800110981837     
  0.13581803210716281     
  0.13718731086087857     
  0.13718733801509073     
  0.13856354858044995     
  0.13856358301314275     
  0.13994669578918500     
  0.13994678557282847     
  0.14133684130660851     
  0.14133685686296257     
  0.14273386900375487     
  0.14273391300195470     
  0.14413785462848197     
  0.14413787823486995     
  0.14554876280653437     
  0.14554878792621820     
  0.14696661185006524     
  0.14696662375574820     
  0.14839138910734875     
  0.14839139836665738     
  0.14982309937150484     
  0.14982310695780698     
  0.15126174354260555     
  0.15126174862113564     
  0.15270731964332140     
  0.15270732532609113     
  0.15415983011134640     
  0.15415983462712948     
  0.15561927356686581     
  0.15561927789825544     
  0.15708564917043347     
  0.15708565596917670     
  0.15855895187937177     
  0.15855897387670759     
  0.16003916494457282     
  0.16003924836497702     
  0.16152636872015103     
  0.16152639907105590     
  0.16302048080656859     
  0.16302050838600726     
  0.16452152238950943     
  0.16452155512001254     
  0.16602947985502026     
  0.16602955288167395     
  0.16754442205453243     
  0.16754443281211789     
  0.16906625606656323     
  0.16906628782606148     
  0.17059504169679604     
  0.17059505811312031     
  0.17213075258730035     
  0.17213077002492802     
  0.17367340220605784     
  0.17367341008819087     
  0.17522298182190796     
  0.17522298702846267     
  0.17677949366850873     
  0.17677949860679387     
  0.17834293740314949     
  0.17834294516065471     
  0.17991331509768521     
  0.17991332461296405     
  0.18149062763483331     
  0.18149063607569874     
  0.18307487436234030     
  0.18307488019833112     
  0.18466605187530441     
  0.18466606037750538     
  0.18626416032409357     
  0.18626417645998342     
  0.18786918049297599     
  0.18786924765791332     
  0.18948117807510481     
  0.18948120827287426     
  0.19110009153181154     
  0.19110011983700023     
  0.19272593574941155     
  0.19272596746178880     
  0.19435870106874134     
  0.19435876080247835     
  0.19599844009932180     
  0.19599844724466381     
  0.19764507857139210     
  0.19764510105364586     
  0.19929866403595076     
  0.19929867467518009     
  0.20095917660527038     
  0.20095918799278439     
  0.20262662605047885     
  0.20262663123173086     
  0.20430100737401219     
  0.20430100938576773     
  0.20598231894408067     
  0.20598232408308417     
  0.20767056245715085     
  0.20767057362365987     
  0.20936574126091173     
  0.20936575465620835     
  0.21106785512337373     
  0.21106786740895964     
  0.21277690416372963     
  0.21277691176217345     
  0.21449288289974458     
  0.21449289319008116     
  0.21621579509828834     
  0.21621580792521783     
  0.21794562100755779     
  0.21794567571660550     
  0.21968241331632710     
  0.21968244387275440     
  0.22142612750845067     
  0.22142615690380099     
  0.22317677352572562     
  0.22317680486745828     
  0.22493434512924942     
  0.22493439399948922     
  0.22669888091137622     
  0.22669888570428556     
  0.22847032274903606     
  0.22847033810190728     
  0.23024870788218171     
  0.23024871395007987     
  0.23203402149875688     
  0.23203402805797063     
  0.23382626994423444     
  0.23382627407758444     
  0.23562545198390827     
  0.23562545324095813     
  0.23743156283752700     
  0.23743157032583259     
  0.23924460658487809     
  0.23924462124993501     
  0.24106458597545588     
  0.24106460326120502     
  0.24289150059668066     
  0.24289151676941287     
  0.24472535127460104     
  0.24472536094989197     
  0.24656613079597994     
  0.24656614300710553     
  0.24841384506047920     
  0.24841385704284166     
  0.25026847589224965     
  0.25026852123055832     
  0.25213006369904506     
  0.25213009516195656     
  0.25399857819635918     
  0.25399860911490374     
  0.25587402543070997     
  0.25587405704413513     
  0.25775640232813396     
  0.25775644202082043     
  0.25964573439266808     
  0.25964573853877104     
  0.26154197915196620     
  0.26154198906825282     
  0.26344516340039104     
  0.26344516681319408     
  0.26535527786355129     
  0.26535528104596040     
  0.26727232474269924     
  0.26727232956346675     
  0.26919630645148956     
  0.26919630995014926     
  0.27112721733330158     
  0.27112722786085552     
  0.27306506123178237     
  0.27306507945013481     
  0.27500984078841550     
  0.27500986207461259     
  0.27696155575227033     
  0.27696157598296972     
  0.27892020758456015     
  0.27892021971737668     
  0.28088578760765592     
  0.28088580194481644     
  0.28285830268512890     
  0.28285831580536541     
  0.28483773769718201     
  0.28483777641648711     
  0.28682412172398364     
  0.28682415469970807     
  0.28881743622723155     
  0.28881746918484352     
  0.29081768426363819     
  0.29081771681851964     
  0.29282486589164780     
  0.29282489753948338     
  0.29483899367241551     
  0.29483899878524183     
  0.29686004099277730     
  0.29686004716747305     
  0.29888802293395389     
  0.29888802760367450     
  0.30092293798089159     
  0.30092294160744332     
  0.30296478446778213     
  0.30296479084320943     
  0.30501356600608531     
  0.30501357169812382     
  0.30706927646743126     
  0.30706929029929753     
  0.30913192029785086     
  0.30913194219933765     
  0.31120149968602240     
  0.31120152520812377     
  0.31327801468197869     
  0.31327803927364717     
  0.31536146731601838     
  0.31536148237145467     
  0.31745184766026324     
  0.31745186441542311     
  0.31954916281519635     
  0.31954917831150448     
  0.32165340102360912     
  0.32165343581427291     
  0.32376458201474384     
  0.32376461719897726     
  0.32588269631018779     
  0.32588273193207679     
  0.32800774484872186     
  0.32800777908095968     
  0.33013973097887250     
  0.33013975529389550     
  0.33227865421089403     
  0.33227866105997694     
  0.33442450297083404     
  0.33442450795202633     
  0.33657728276063742     
  0.33657729046713236     
  0.33873699778990612     
  0.33873700439462301     
  0.34090364478309959     
  0.34090365300895004     
  0.34307722613317004     
  0.34307723391613859     
  0.34525773580642072     
  0.34525775314901297     
  0.34744517934182245     
  0.34744520516750022     
  0.34963955828378507     
  0.34963958842605969     
  0.35184087307342415     
  0.35184090248161959     
  0.35404912624863072     
  0.35404914480559430     
  0.35626430680871912     
  0.35626432637901356     
  0.35848642166195405     
  0.35848644030405735     
  0.36071546189443254     
  0.36071549549121917     
  0.36295144061618045     
  0.36295147883898432     
  0.36519435454606225     
  0.36519439361055811     
  0.36744420336835304     
  0.36744424013205279     
  0.36970099404218160     
  0.36970101144023937     
  0.37196471256498759     
  0.37196472153771848     
  0.37423536141646896     
  0.37423536794383128     
  0.37651294009785008     
  0.37651295115663841     
  0.37879745490435845     
  0.37879746488009625     
  0.38108890235099419     
  0.38108891259830180     
  0.38338728345815121     
  0.38338729329009197     
  0.38569259204245987     
  0.38569261313828751     
  0.38800483505549488     
  0.38800486519031646     
  0.39032401330325922     
  0.39032404863928999     
  0.39265012769616564     
  0.39265016257255420     
  0.39498318122051951     
  0.39498320401849446     
  0.39732316195223882     
  0.39732318487192886     
  0.39967007630565327     
  0.39967009873532228     
  0.40202391739584836     
  0.40202395248862538     
  0.40438469453729525     
  0.40438473683231929     
  0.40675240797923529     
  0.40675245148891426     
  0.40912705692637114     
  0.40912709727090896     
  0.41150865232100564     
  0.41150866323017404     
  0.41389716601176624     
  0.41389717751901145     
  0.41629261444905158     
  0.41629262368602765     
  0.41869499236825880     
  0.41869500699534862     
  0.42110430681163386     
  0.42110432040405316     
  0.42352055460070048     
  0.42352056708982472     
  0.42594373544200198     
  0.42594374734552870     
  0.42837384266990319     
  0.42837386783654863     
  0.43081088491169595     
  0.43081091993453641     
  0.43325486222098669     
  0.43325490358522967     
  0.43570577605601774     
  0.43570581732738722     
  0.43816362979316770     
  0.43816365780845945     
  0.44062841070862208     
  0.44062843770605442     
  0.44310012444779806     
  0.44310015140241155     
  0.44557876539223529     
  0.44557880450805981     
  0.44806434143697677     
  0.44806438915412228     
  0.45055685428782355     
  0.45055690358806622     
  0.45305630324501805     
  0.45305634853865845     
  0.45556270271539973     
  0.45556270958999473     
  0.45807601239007339     
  0.45807602705329381     
  0.46059626037270707     
  0.46059627282358356     
  0.46312343749389417     
  0.46312345607006966     
  0.46565755145365362     
  0.46565756909208489     
  0.46819859952226756     
  0.46819861461861023     
  0.47074658014097759     
  0.47074659420791476     
  0.47330148575402520     
  0.47330151541584792     
  0.47586332691694738     
  0.47586336768549720     
  0.47843210301640648     
  0.47843215162987857     
  0.48100781614434102     
  0.48100786515243210     
  0.48359047000960076     
  0.48359050458491654     
  0.48618005118096608     
  0.48618008328059964     
  0.48877656422750593     
  0.48877659671818663     
  0.49138000421914696     
  0.49138004981397460     
  0.49399037938556034     
  0.49399043438566476     
  0.49660769154574669     
  0.49660774853230460     
  0.49923194043048258     
  0.49923199257431822     
  0.50186314059069836     
  0.50186315194535447     
  0.50450124992943279     
  0.50450126874724843     
  0.50714629758079899     
  0.50714631384374920     
  0.50979827378076703     
  0.50979829699912171     
  0.51245718714232114     
  0.51245720959956875     
  0.51512303548966631     
  0.51512305382017631     
  0.51779581603837632     
  0.51779583244487182     
  0.52047551976775108     
  0.52047555449492522     
  0.52316215942239586     
  0.52316220722354656     
  0.52585573396738228     
  0.52585579166591856     
  0.52855624622952280     
  0.52855630498712269     
  0.53126370019572300     
  0.53126374327479331     
  0.53397808176991213     
  0.53397812048239657     
  0.53669939405437816     
  0.53669943359622430     
  0.53942763240180036     
  0.53942768723747225     
  0.54216280664625405     
  0.54216287166358501     
  0.54490491799904928     
  0.54490498550802280     
  0.54765396674813771     
  0.54765402857982992     
  0.55040996598021852     
  0.55040998776331473     
  0.55317287706789608     
  0.55317290169622579     
  0.55594272461937810     
  0.55594274576622382     
  0.55871949975665314     
  0.55871952885238318     
  0.56150321239315060     
  0.56150324103993521     
  0.56429386109148327     
  0.56429388376560474     
  0.56709144191847349     
  0.56709146096182594     
  0.56989594347315320     
  0.56989598403098807     
  0.57270738094774709     
  0.57270743777669486     
  0.57552575343414858     
  0.57552582310875067     
  0.57835106462574704     
  0.57835113631752544     
  0.58118331874491580     
  0.58118337333235215     
  0.58402250097707220     
  0.58402254867742753     
  0.58686861241419541     
  0.58686866144245664     
  0.58972164838446639     
  0.58972171624398317     
  0.59258162139144321     
  0.59258170077424321     
  0.59544853176426515     
  0.59544861437644614     
  0.59832238030940288     
  0.59832245644879778     
  0.60120317846046800     
  0.60120321549599220     
  0.60409089219575041     
  0.60409092556333399     
  0.60698554002140637     
  0.60698556813541493     
  0.60988711395332462     
  0.60988715119943138     
  0.61279562568911206     
  0.61279566305490407     
  0.61571107490264432     
  0.61571110402746687     
  0.61863345675300307     
  0.61863347895636078     
  0.62156275584729692     
  0.62156280323770774     
  0.62449898996418773     
  0.62449905908331671     
  0.62744215953509408     
  0.62744224606687438     
  0.63039226932131909     
  0.63039235938889915     
  0.63334932378112663     
  0.63334939495116660     
  0.63631330710599754     
  0.63631336787306925     
  0.63928421754815645     
  0.63928428033496265     
  0.64226205008713688     
  0.64226213722055281     
  0.64524682115584198     
  0.64524692258768812     
  0.64823853022250988     
  0.64823863615504529     
  0.65123717841323614     
  0.65123727730365288     
  0.65424277547348231     
  0.65424283613156331     
  0.65725529308807673     
  0.65725534101760297     
  0.66027474182887425     
  0.66027478136502027     
  0.66330111443749085     
  0.66330116444144893     
  0.66633442494357265     
  0.66633447620936914     
  0.66937467493787095     
  0.66937471507864899     
  0.67242185945986344     
  0.67242188600451125     
  0.67547595607308886     
  0.67547601143171432     
  0.67853698447433275     
  0.67853707163590637     
  0.68160494938577554     
  0.68160506191222636     
  0.68467985704753609     
  0.68467997590718188     
  0.68776171234064598     
  0.68776180982374169     
  0.69085049752828165     
  0.69085057932044636     
  0.69394620661772199     
  0.69394629169432065     
  0.69704883363129921     
  0.69704895248852883     
  0.70015840127654350     
  0.70015854059408278     
  0.70327490822209537     
  0.70327505471537755     
  0.70639835550105301     
  0.70639849546302891     
  0.70952875086858269     
  0.70952885455792214     
  0.71266607497371370     
  0.71266615157222135     
  0.71581032586060012     
  0.71581038837261768     
  0.71896149721229952     
  0.71896157131175531     
  0.72211960561045574     
