   1.1835067099559159E-004
   1.1835067767065020E-004
   3.9989258677207770E-004
   3.9989258946225917E-004
   6.7801054221508690E-004
   6.7801054485000381E-004
   9.4432253232666380E-004
   9.4432253441214240E-004
   1.2028437756284244E-003
   1.2028437759282627E-003
   1.4650832427818463E-003
   1.4650832435657945E-003
   1.7345283920016336E-003
   1.7345283960151496E-003
   1.8940861277170771E-003
   1.8940861282484812E-003
   2.0075258725371879E-003
   2.0075258751300327E-003
   2.2806952900696338E-003
   2.2806952949054513E-003
   2.3162989679084227E-003
   2.3162989690025154E-003
   2.5525707614919842E-003
   2.5525707632086431E-003
   2.7202156867011909E-003
   2.7202156880199425E-003
   2.8227506678824943E-003
   2.8227506724150565E-003
   3.0898059769735057E-003
   3.0898070173390065E-003
   3.1013494532237365E-003
   3.1013506541324614E-003
   3.3483143851208153E-003
   3.3483171580407198E-003
   3.4439967844437508E-003
   3.4440054567830762E-003
   3.5892015296067467E-003
   3.5892262608591663E-003
   3.7308924816650351E-003
   3.7309613478126616E-003
   3.8672733658684454E-003
   3.8674166060526489E-003
   4.0317566489592059E-003
   4.0320554275550587E-003
   4.1950240272659233E-003
   4.1956502282416821E-003
   4.3683574857320663E-003
   4.3696666262112889E-003
   4.5446879507888768E-003
   4.5474338037605677E-003
   4.7243271927411542E-003
   4.7300605459336276E-003
   4.9042013685867284E-003
   4.9160302775731520E-003
   5.0816458128457361E-003
   5.1054398875579540E-003
   5.2525198783009552E-003
   5.2978641442947040E-003
   5.4154690137236160E-003
   5.4939807740501008E-003
   5.5753817524941494E-003
   5.6943740103135168E-003
   5.7429723063741108E-003
   5.9001975052555998E-003
   5.9258078743211085E-003
   6.1124164735156103E-003
   6.1247422253250241E-003
   6.3317928602317107E-003
   6.3373458473373135E-003
   6.5588782476873131E-003
   6.5611415059260141E-003
   6.7938003037350380E-003
   6.7946561274834462E-003
   7.0366847070832067E-003
   7.0368969957587584E-003
   7.2873966128493223E-003
   7.2874196244220599E-003
   7.5458231725073419E-003
   7.5459284243061617E-003
   7.8119641771852676E-003
   7.8121208614485085E-003
   8.0857175355272190E-003
   8.0858661747759686E-003
   8.3669661463529107E-003
   8.3670973153542692E-003
   8.6556263931551660E-003
   8.6557491593312590E-003
   8.9516371868145605E-003
   8.9517605934284310E-003
   9.2549571247813288E-003
   9.2550712132726306E-003
   9.5655419307016792E-003
   9.5656394942549398E-003
   9.8833538349584887E-003
   9.8834301846229961E-003
   1.0208347810207010E-002
   1.0208425640125945E-002
   1.0540510084009479E-002
   1.0540585439059983E-002
   1.0879825135678950E-002
   1.0879877923462769E-002
   1.1226251958747454E-002
   1.1226302799725224E-002
   1.1579786976896950E-002
   1.1579827299170136E-002
   1.1940406904552444E-002
   1.1940442567540101E-002
   1.2308098350187813E-002
   1.2308133457352722E-002
   1.2682855814443908E-002
   1.2682880024290497E-002
   1.3064658758361269E-002
   1.3064680043194143E-002
   1.3453501720543465E-002
   1.3453518541593447E-002
   1.3849374905877624E-002
   1.3849386915013256E-002
   1.4252267512926025E-002
   1.4252279350565684E-002
   1.4662175599203674E-002
   1.4662184748254899E-002
   1.5079091716089654E-002
   1.5079096903388000E-002
   1.5503008022474654E-002
   1.5503011235902460E-002
   1.5933920224972645E-002
   1.5933920714019053E-002
   1.6371820331697044E-002
   1.6371822982313412E-002
   1.6816704050312818E-002
   1.6816712860784667E-002
   1.7268572127967924E-002
   1.7268580914689968E-002
   1.7727417031588154E-002
   1.7727426695207008E-002
   1.8193237154907345E-002
   1.8193244462809448E-002
   1.8666025788070546E-002
   1.8666034156155236E-002
   1.9145780083260365E-002
   1.9145792372086131E-002
   1.9632501869730947E-002
   1.9632511501928931E-002
   2.0126183945089037E-002
   2.0126193397322550E-002
   2.0626825257843689E-002
   2.0626834149349640E-002
   2.1134423613933834E-002
   2.1134431347446851E-002
   2.1648975658853487E-002
   2.1648984066578211E-002
   2.2170481041021432E-002
   2.2170488676145080E-002
   2.2698937356074807E-002
   2.2698943870769317E-002
   2.3234342500697319E-002
   2.3234348294064195E-002
   2.3776695220723218E-002
   2.3776699970216243E-002
   2.4325993497206499E-002
   2.4325997899561629E-002
   2.4882235930547680E-002
   2.4882240657833746E-002
   2.5445421796905471E-002
   2.5445426324633782E-002
   2.6015550438341320E-002
   2.6015553079551109E-002
   2.6592619419023879E-002
   2.6592621033477756E-002
   2.7176627013317682E-002
   2.7176629729123967E-002
   2.7767574107038728E-002
   2.7767576229325269E-002
   2.8365458596236383E-002
   2.8365460708752979E-002
   2.8970280753435589E-002
   2.8970281078964533E-002
   2.9582037869829967E-002
   2.9582038338219280E-002
   3.0200730137308753E-002
   3.0200730682125088E-002
   3.0826356678564662E-002
   3.0826357466788613E-002
   3.1458916698046430E-002
   3.1458918051672918E-002
   3.2098409809366672E-002
   3.2098411466481021E-002
   3.2744835153566736E-002
   3.2744837287635553E-002
   3.3398192581133995E-002
   3.3398194451405572E-002
   3.4058480944312963E-002
   3.4058482957113966E-002
   3.4725699888185191E-002
   3.4725702071915290E-002
   3.5399848917486390E-002
   3.5399851260139864E-002
   3.6080927551179143E-002
   3.6080930025168108E-002
   3.6768935437158180E-002
   3.6768937791429965E-002
   3.7463872146258424E-002
   3.7463874107341297E-002
   3.8165737128949155E-002
   3.8165738685768863E-002
   3.8874529530905678E-002
   3.8874531585821950E-002
   3.9590249559527495E-002
   3.9590251843875886E-002
   4.0312897166507843E-002
   4.0312898788712651E-002
   4.1042471409037842E-002
   4.1042472678192131E-002
   4.1778971984533932E-002
   4.1778973162538494E-002
   4.2522398518526912E-002
   4.2522399994594520E-002
   4.3272751054824282E-002
   4.3272752537928935E-002
   4.4030029535529681E-002
   4.4030030285198161E-002
   4.4794232925370707E-002
   4.4794233732307925E-002
   4.5565361452230127E-002
   4.5565362136467148E-002
   4.6343414772294790E-002
   4.6343415349711370E-002
   4.7128392591793758E-002
   4.7128393195922907E-002
   4.7920294934355567E-002
   4.7920295202311058E-002
   4.8719121327920660E-002
   4.8719121411405317E-002
   4.9524871542094735E-002
   4.9524871642677708E-002
   5.0337545386944342E-002
   5.0337545692782808E-002
   5.1157142875525696E-002
   5.1157143172125864E-002
   5.1983663701518072E-002
   5.1983664026375623E-002
   5.2817107622247568E-002
   5.2817108152640770E-002
   5.3657474495225892E-002
   5.3657475362177909E-002
   5.4504764427928461E-002
   5.4504765229901476E-002
   5.5358977165682936E-002
   5.5358977705827178E-002
   5.6220112240503876E-002
   5.6220112965606452E-002
   5.7088169745467862E-002
   5.7088170635554866E-002
   5.7963149564367433E-002
   5.7963150562436762E-002
   5.8845051710961660E-002
   5.8845052473683351E-002
   5.9733875901313536E-002
   5.9733876404555415E-002
   6.0629621746977565E-002
   6.0629622504481138E-002
   6.1532289533393791E-002
   6.1532290258214176E-002
   6.2441879020381015E-002
   6.2441879684914568E-002
   6.3358390071684853E-002
   6.3358390708202011E-002
   6.4281822663824206E-002
   6.4281823146928249E-002
   6.5212176564156912E-002
   6.5212177036750765E-002
   6.6149451738411288E-002
   6.6149452222261887E-002
   6.7093648128131123E-002
   6.7093648579217569E-002
   6.8044765605158972E-002
   6.8044766059749962E-002
   6.9002804141231291E-002
   6.9002804522479630E-002
   6.9967763661445984E-002
   6.9967763878770406E-002
   7.0939643991317067E-002
   7.0939644145415981E-002
   7.1918445028519837E-002
   7.1918445272641476E-002
   7.2904166827103420E-002
   7.2904167059655092E-002
   7.3896809302671201E-002
   7.3896809449243386E-002
   7.4896372322147048E-002
   7.4896372437788933E-002
   7.5902855757734838E-002
   7.5902856021108744E-002
   7.6916259818485794E-002
   7.6916259862690711E-002
   7.7936584118075414E-002
   7.7936584225733449E-002
   7.8963828653132631E-002
   7.8963828994640467E-002
   7.9997993592254651E-002
   7.9997993885837657E-002
   8.1039078710915646E-002
   8.1039079012704185E-002
   8.2087083983907336E-002
   8.2087084292980020E-002
   8.3142009372781558E-002
   8.3142009661178518E-002
   8.4203854777216022E-002
   8.4203855117080562E-002
   8.5272620197577101E-002
   8.5272620563040094E-002
   8.6348305601818040E-002
   8.6348305936960065E-002
   8.7430910904648149E-002
   8.7430911233001424E-002
   8.8520436094523383E-002
   8.8520436374478026E-002
   8.9616881096698867E-002
   8.9616881350693137E-002
   9.0720245849521736E-002
   9.0720246140542110E-002
   9.1830530334471736E-002
   9.1830530682371098E-002
   9.2947734583886929E-002
   9.2947734866154832E-002
   9.4071858512739914E-002
   9.4071858701626959E-002
   9.5202902014914867E-002
   9.5202902221916880E-002
   9.6340865099773229E-002
   9.6340865346898633E-002
   9.7485747746946072E-002
   9.7485748028317734E-002
   9.8637549995890680E-002
   9.8637550160157003E-002
   9.9796271735963171E-002
   9.9796271788490626E-002
  0.10096191284157982     
  0.10096191297625043     
  0.10213447343309456     
  0.10213447354228246     
  0.10331395343994268     
  0.10331395349813524     
  0.10450035280739746     
  0.10450035284124176     
  0.10569367150469720     
  0.10569367154673462     
  0.10689390951264681     
  0.10689390957978084     
  0.10810106682618777     
  0.10810106689296489     
  0.10931514339359813     
  0.10931514348702713     
  0.11053613921445492     
  0.11053613931285716     
  0.11176405423901391     
  0.11176405437206113     
  0.11299888845573038     
  0.11299888862939510     
  0.11424064185755603     
  0.11424064204642315     
  0.11548931444859381     
  0.11548931457481881     
  0.11674490614327269     
  0.11674490625714844     
  0.11800741690003683     
  0.11800741709314312     
  0.11927684678459827     
  0.11927684697640459     
  0.12055319573301689     
  0.12055319593129141     
  0.12183646377407202     
  0.12183646389050937     
  0.12312665080484442     
  0.12312665091949612     
  0.12442375680578993     
  0.12442375700131401     
  0.12572778186158498     
  0.12572778201577178     
  0.12703872588051762     
  0.12703872602000579     
  0.12835658885484735     
  0.12835658898808755     
  0.12968137078309441     
  0.12968137088870707     
  0.13101307162017800     
  0.13101307173500659     
  0.13235169137076652     
  0.13235169149120701     
  0.13369723003274697     
  0.13369723012910731     
  0.13504968757174504     
  0.13504968765354544     
  0.13640906398386432     
  0.13640906403963246     
  0.13777535924707202     
  0.13777535928134346     
  0.13914857333483202     
  0.13914857337786557     
  0.14052870625277009     
  0.14052870629690725     
  0.14191575800420561     
  0.14191575800914966     
  0.14330972850887230     
  0.14330972856950552     
  0.14471061783392764     
  0.14471061788608686     
  0.14611842592345239     
  0.14611842599069283     
  0.14753315279886095     
  0.14753315283837648     
  0.14895479839824555     
  0.14895479846808701     
  0.15038336273014985     
  0.15038336284887749     
  0.15181884584078997     
  0.15181884591266787     
  0.15326124764784779     
  0.15326124772043603     
  0.15471056815825032     
  0.15471056824442619     
  0.15616680737780400     
  0.15616680745849354     
  0.15762996527634823     
  0.15762996537294560     
  0.15910004186106622     
  0.15910004196121030     
  0.16057703712614252     
  0.16057703721016819     
  0.16206095104458373     
  0.16206095112831956     
  0.16355178361692993     
  0.16355178369705989     
  0.16504953483111598     
  0.16504953491080787     
  0.16655420467376053     
  0.16655420476570168     
  0.16806579314333928     
  0.16806579324641857     
  0.16958430025567581     
  0.16958430032067176     
  0.17110972596819071     
  0.17110972601494817     
  0.17264207025936257     
  0.17264207033504278     
  0.17418133316277368     
  0.17418133323199794     
  0.17572751465095382     
  0.17572751471825376     
  0.17728061473899787     
  0.17728061476401771     
  0.17884063338044079     
  0.17884063340138551     
  0.18040757057629983     
  0.18040757061528559     
  0.18198142635130554     
  0.18198142636724216     
  0.18356220066924389     
  0.18356220068002535     
  0.18514989353004174     
  0.18514989354055608     
  0.18674450492031458     
  0.18674450494935207     
  0.18834603485035467     
  0.18834603488353291     
  0.18995448331301812     
  0.18995448333792353     
  0.19156985028635187     
  0.19156985032242191     
  0.19319213577640171     
  0.19319213581918393     
  0.19482133977540553     
  0.19482133982442534     
  0.19645746227674615     
  0.19645746233345818     
  0.19810050327959497     
  0.19810050333604487     
  0.19975046278569356     
  0.19975046281961042     
  0.20140734076239847     
  0.20140734080618986     
  0.20307113721215683     
  0.20307113728294734     
  0.20474185215758367     
  0.20474185221709559     
  0.20641948556855044     
  0.20641948562879978     
  0.20810403745583203     
  0.20810403749752571     
  0.20979550779422490     
  0.20979550783891690     
  0.21149389657587206     
  0.21149389665146517     
  0.21319920383645807     
  0.21319920389031155     
  0.21491142954119694     
  0.21491142958125112     
  0.21663057367950936     
  0.21663057372605396     
  0.21835663626547822     
  0.21835663630200361     
  0.22008961728178994     
  0.22008961731795337     
  0.22182951672782192     
  0.22182951676623222     
  0.22357633460972115     
  0.22357633463256463     
  0.22533007091111390     
  0.22533007092535604     
  0.22709072562976196     
  0.22709072563903199     
  0.22885829876121008     
  0.22885829877038796     
  0.23063279030352446     
  0.23063279031384770     
  0.23241420025548840     
  0.23241420026326326     
  0.23420252860629762     
  0.23420252862221602     
  0.23599777535399108     
  0.23599777538558420     
  0.23779994051346254     
  0.23779994053152578     
  0.23960902405988177     
  0.23960902407805651     
  0.24142502599382049     
  0.24142502601792015     
  0.24324794631552296     
  0.24324794634431252     
  0.24507778501505317     
  0.24507778506073566     
  0.24691454211423269     
  0.24691454213905423     
  0.24875821758179462     
  0.24875821760433961     
  0.25060881141561364     
  0.25060881145263852     
  0.25246632363005522     
  0.25246632366361760     
  0.25433075420974183     
  0.25433075424679841     
  0.25620210315470021     
  0.25620210319640813     
  0.25808037046920568     
  0.25808037050252686     
  0.25996555614028261     
  0.25996555617259265     
  0.26185766016643680     
  0.26185766020266338     
  0.26375668255025003     
  0.26375668258481733     
  0.26566262328479012     
  0.26566262332074386     
  0.26757548236908268     
  0.26757548240627144     
  0.26949525980975397     
  0.26949525982971945     
  0.27142195558814658     
  0.27142195560478050     
  0.27335556969992608     
  0.27335556973091457     
  0.27529610216371037     
  0.27529610218471534     
  0.27724355296289255     
  0.27724355297808551     
  0.27919792209967609     
  0.27919792210420152     
  0.28115920956102874     
  0.28115920957155627     
  0.28312741535609609     
  0.28312741536654606     
  0.28510253948341752     
  0.28510253948624886     
  0.28708458192781278     
  0.28708458194154240     
  0.28907354270402008     
  0.28907354271345520     
  0.29106942179911965     
  0.29106942181075185     
  0.29307221921357640     
  0.29307221922888194     
  0.29508193495025659     
  0.29508193496096463     
  0.29709856899880133     
  0.29709856901341225     
  0.29912212136000538     
  0.29912212138155042     
  0.30115259203739819     
  0.30115259205803740     
  0.30318998102386491     
  0.30318998104624123     
  0.30523428831877730     
  0.30523428834310418     
  0.30728551392566766     
  0.30728551394147058     
  0.30934365782998247     
  0.30934365785233364     
  0.31140872003457637     
  0.31140872006933351     
  0.31348070055116584     
  0.31348070057731209     
  0.31555959936460687     
  0.31555959938802636     
  0.31764541647535322     
  0.31764541649769135     
  0.31973815188198640     
  0.31973815190445021     
  0.32183780557862651     
  0.32183780561096059     
  0.32394437757858707     
  0.32394437760074030     
  0.32605786786969698     
  0.32605786788284419     
  0.32817827644399661     
  0.32817827646216369     
  0.33030560331075687     
  0.33030560332641318     
  0.33243984846581054     
  0.33243984847679109     
  0.33458101190376160     
  0.33458101191577366     
  0.33672909362924319     
  0.33672909363585485     
  0.33888409363795641     
  0.33888409363850669     
  0.34104601192413142     
  0.34104601192671841     
  0.34321484849206785     
  0.34321484849345057     
  0.34539060333743254     
  0.34539060334034521     
  0.34757327646043706     
  0.34757327646453712     
  0.34976286785750410     
  0.34976286786699545     
  0.35195937752909068     
  0.35195937754469475     
  0.35416280548172202     
  0.35416280548858070     
  0.35637315170247097     
  0.35637315170909384     
  0.35859041619064230     
  0.35859041620447718     
  0.36081459895219659     
  0.36081459896635915     
  0.36304569997938280     
  0.36304570000011743     
  0.36528371928130982     
  0.36528371929430375     
  0.36752865684651631     
  0.36752865685807878     
  0.36978051267227124     
  0.36978051269190615     
  0.37203928676612058     
  0.37203928678600817     
  0.37430497912395105     
  0.37430497914230237     
  0.37657758974213645     
  0.37657758976224587     
  0.37885711862342891     
  0.37885711864095889     
  0.38114356576484643     
  0.38114356577932362     
  0.38343693116169636     
  0.38343693117996319     
  0.38573721481873507     
  0.38573721483608570     
  0.38804441673383477     
  0.38804441674781270     
  0.39035853690308470     
  0.39035853691707634     
  0.39267957533042014     
  0.39267957533799852     
  0.39500753200918254     
  0.39500753201531685     
  0.39734240693650391     
  0.39734240695001055     
  0.39968420012262923     
  0.39968420012997319     
  0.40203291155797022     
  0.40203291156295723     
  0.40438854124366125     
  0.40438854124602353     
  0.40675108917660108     
  0.40675108918048941     
  0.40912055535922576     
  0.40912055536216463     
  0.41149693978955165     
  0.41149693979130508     
  0.41388024246286664     
  0.41388024247091615     
  0.41627046338620122     
  0.41627046339228790     
  0.41866760255408431     
  0.41866760255923618     
  0.42107165996475965     
  0.42107165997188545     
  0.42348263561990246     
  0.42348263562695232     
  0.42590052951747381     
  0.42590052952488955     
  0.42832534165457259     
  0.42832534166703429     
  0.43075707203494557     
  0.43075707204810154     
  0.43319572065688178     
  0.43319572066828166     
  0.43564128751669723     
  0.43564128752976139     
  0.43809377261705706     
  0.43809377262840093     
  0.44055317595398202     
  0.44055317596672000     
  0.44301949752568154     
  0.44301949754507847     
  0.44549273734032635     
  0.44549273735388695     
  0.44797289538999824     
  0.44797289539966989     
  0.45045997167121110     
  0.45045997168453727     
  0.45295396618950107     
  0.45295396620159561     
  0.45545487894013931     
  0.45545487895423559     
  0.45796270992729060     
  0.45796270993697058     
  0.46047745914728772     
  0.46047745915217059     
  0.46299912659560855     
  0.46299912660306919     
  0.46552771227663775     
  0.46552771228402001     
  0.46806321618972518     
  0.46806321619441937     
  0.47060563833213359     
  0.47060563833577485     
  0.47315497870396983     
  0.47315497870676443     
  0.47571123730482551     
  0.47571123730659504     
  0.47827441413362354     
  0.47827441413516392     
  0.48084450919008787     
  0.48084450919157973     
  0.48342152247345699     
  0.48342152247545056     
  0.48600545398342576     
  0.48600545398594830     
  0.48859630371884122     
  0.48859630372310298     
  0.49119407167846912     
  0.49119407168704299     
  0.49379875786708177     
  0.49379875787190913     
  0.49641036227881885     
  0.49641036228247853     
  0.49902888491075009     
  0.49902888492062053     
  0.50165432576916003     
  0.50165432577900682     
  0.50428668484966610     
  0.50428668486097916     
  0.50692596215460550     
  0.50692596216318275     
  0.50957215768031938     
  0.50957215768826492     
  0.51222527142519969     
  0.51222527143684415     
  0.51488530339241079     
  0.51488530340477034     
  0.51755225358117940     
  0.51755225359184798     
  0.52022612198933027     
  0.52022612199929619     
  0.52290690861665146     
  0.52290690862638356     
  0.52559461346389458     
  0.52559461347142489     
  0.52828923652766968     
  0.52828923653688942     
  0.53099077781013648     
  0.53099077781970994     
  0.53369923731194679     
  0.53369923731833757     
  0.53641461502987797     
  0.53641461503511001     
  0.53913691096434513     
  0.53913691096873573     
  0.54186612511550636     
  0.54186612511819776     
  0.54460225747980517     
  0.54460225748619795     
  0.54734530806235171     
  0.54734530806677983     
  0.55009527685936155     
  0.55009527686290471     
  0.55285216387111158     
  0.55285216387346803     
  0.55561596909667810     
  0.55561596909858912     
  0.55838669253603035     
  0.55838669253749751     
  0.56116433418903144     
  0.56116433418953848     
  0.56394889405277770     
  0.56394889405683157     
  0.56674037213063821     
  0.56674037213524475     
  0.56953876842114015     
  0.56953876842548345     
  0.57234408292342831     
  0.57234408292765149     
  0.57515631563637237     
  0.57515631564214009     
  0.57797546656113874     
  0.57797546656704846     
  0.58080153569550630     
  0.58080153570386606     
  0.58363452304106933     
  0.58363452305029273     
  0.58647442859801791     
  0.58647442860542864     
  0.58932125236371613     
  0.58932125237120669     
  0.59217499433822751     
  0.59217499434687293     
  0.59503565452252039     
  0.59503565453078389     
  0.59790323291418546     
  0.59790323292467129     
  0.60077772951660058     
  0.60077772952449437     
  0.60365914432732715     
  0.60365914433203094     
  0.60654747734250414     
  0.60654747735049319     
  0.60944272856680304     
  0.60944272857456994     
  0.61234489799838854     
  0.61234489800546410     
  0.61525398563741474     
  0.61525398564238543     
  0.61816999148264062     
  0.61816999148596341     
  0.62109291553300261     
  0.62109291553665091     
  0.62402275778885252     
  0.62402275779348837     
  0.62695951825111995     
  0.62695951825494811     
  0.62990319691909014     
  0.62990319692115593     
  0.63285379379135709     
  0.63285379379293283     
  0.63581130886869264     
  0.63581130886892478     
  0.63877574214928390     
  0.63877574215038713     
  0.64174709363399196     
  0.64174709363590932     
  0.64472536332324737     
  0.64472536332445773     
  0.64771055121471921     
  0.64771055121783450     
  0.65070265731005039     
  0.65070265731386512     
  0.65370168160805264     
  0.65370168161320252     
  0.65670762411004080     
  0.65670762411400119     
  0.65972048481413803     
  0.65972048481755874     
  0.66274026371815775     
  0.66274026372559336     
  0.66576696082593723     
  0.66576696083375742     
  0.66880057613593547     
  0.66880057614306287     
  0.67184110964766441     
  0.67184110965350652     
  0.67488856135974684     
  0.67488856136595632     
  0.67794293127248684     
  0.67794293127962335     
  0.68100421938597477     
  0.68100421939393385     
  0.68407242570065385     
  0.68407242570796822     
  0.68714755021615415     
  0.68714755022161400     
  0.69022959293048203     
  0.69022959293639785     
  0.69331855384511409     
  0.69331855385037144     
  0.69641443295871763     
  0.69641443296444594     
  0.69951723027154789     
  0.69951723027791124     
  0.70262694578455021     
  0.70262694578924278     
  0.70574357949644306     
  0.70574357949934674     
  0.70886713140566726     
  0.70886713140949087     
  0.71199760151411073     
  0.71199760151733771     
  0.71513498982014556     
  0.71513498982401658     
  0.71827929632474730     
  0.71827929632759913     
  0.72143052102734406     
