   2.0107932943337278E-004
   2.0107932964673900E-004
   2.1317839462989485E-004
   2.1317839595234582E-004
   5.9196996057522052E-004
   5.9196996236874494E-004
   6.2491839326072501E-004
   6.2491839335381840E-004
   9.6179390593676578E-004
   9.6179390733868938E-004
   1.0060987550580729E-003
   1.0060987561874828E-003
   1.3085424478519367E-003
   1.3085424478907254E-003
   1.3516503509972710E-003
   1.3516503525239697E-003
   1.6307089729043389E-003
   1.6307089731475645E-003
   1.6607097774684551E-003
   1.6607097793542803E-003
   1.9275066592994606E-003
   1.9275068198968536E-003
   1.9402991512421719E-003
   1.9402993565304102E-003
   2.1965306320131718E-003
   2.1968677750506403E-003
   2.1973826572042657E-003
   2.1977250831137214E-003
   2.4283128327148617E-003
   2.4300690148341534E-003
   2.4369131963018343E-003
   2.4389496912331525E-003
   2.6107017947296935E-003
   2.6158352340305631E-003
   2.6545244161393896E-003
   2.6638550172187591E-003
   2.7728408125300761E-003
   2.7900458781816863E-003
   2.8579616581643165E-003
   2.8913118193669091E-003
   2.9575545894612921E-003
   3.0125863497508240E-003
   3.0549419970308093E-003
   3.1364926116485181E-003
   3.1629509160347687E-003
   3.2682273711804942E-003
   3.2822626136750545E-003
   3.4064343213534081E-003
   3.4137644051796634E-003
   3.5519171648318100E-003
   3.5555248634291979E-003
   3.7045652310888424E-003
   3.7064594353293256E-003
   3.8645710509579022E-003
   3.8655445644280610E-003
   4.0317876613595776E-003
   4.0323519927852160E-003
   4.2061944088287286E-003
   4.2064947360253681E-003
   4.3876529495718289E-003
   4.3878075550225874E-003
   4.5760655053353316E-003
   4.5761543920370112E-003
   4.7713603955238859E-003
   4.7714216780248807E-003
   4.9734681511686080E-003
   4.9735291872562877E-003
   5.1823518484181335E-003
   5.1823909824922128E-003
   5.3979434214149868E-003
   5.3979730180398625E-003
   5.6202037866674307E-003
   5.6202286267786807E-003
   5.8490969214908444E-003
   5.8491211727634881E-003
   6.0845942027988502E-003
   6.0846172432731669E-003
   6.3266693872602578E-003
   6.3266897593056929E-003
   6.5752972377557829E-003
   6.5753178522143744E-003
   6.8304653677995668E-003
   6.8304738281304133E-003
   7.0921423962542239E-003
   7.0921540576676803E-003
   7.3603207949635195E-003
   7.3603353520329245E-003
   7.6349878718639510E-003
   7.6350033427479676E-003
   7.9161335225045922E-003
   7.9161442060249367E-003
   8.2037437108953074E-003
   8.2037507460642079E-003
   8.4978082916806509E-003
   8.4978142081451845E-003
   8.7983191512961047E-003
   8.7983258301475679E-003
   9.1052708478163245E-003
   9.1052759430290051E-003
   9.4186564280064437E-003
   9.4186579330863100E-003
   9.7384671122084758E-003
   9.7384683686355198E-003
   1.0064698048617437E-002
   1.0064701083979020E-002
   1.0397346638894042E-002
   1.0397348714493281E-002
   1.0736406754972073E-002
   1.0736408359519466E-002
   1.1081873354523760E-002
   1.1081876862547189E-002
   1.1433744393419817E-002
   1.1433748807879326E-002
   1.1792016389802196E-002
   1.1792020877252894E-002
   1.2156686224716103E-002
   1.2156689979800465E-002
   1.2527751117251816E-002
   1.2527753215954040E-002
   1.2905206991590680E-002
   1.2905209456756382E-002
   1.3289053076743215E-002
   1.3289054696744382E-002
   1.3679285897925083E-002
   1.3679288020671518E-002
   1.4075904952038518E-002
   1.4075905890880792E-002
   1.4478906523463784E-002
   1.4478908298494480E-002
   1.4888290265927832E-002
   1.4888292152142376E-002
   1.5304054184462044E-002
   1.5304056269748682E-002
   1.5726197012067053E-002
   1.5726198978409874E-002
   1.6154717353108364E-002
   1.6154718949972360E-002
   1.6589613824572868E-002
   1.6589615040910128E-002
   1.7030885331173362E-002
   1.7030886000255249E-002
   1.7478530492839255E-002
   1.7478531026830918E-002
   1.7932548541743250E-002
   1.7932548858442348E-002
   1.8392938460519717E-002
   1.8392938621209338E-002
   1.8859699054984323E-002
   1.8859699745579973E-002
   1.9332830245421470E-002
   1.9332830664833628E-002
   1.9812330700689509E-002
   1.9812331171711668E-002
   2.0298199553535103E-002
   2.0298200694687563E-002
   2.0790436618562901E-002
   2.0790438072332506E-002
   2.1289041392640651E-002
   2.1289042545929743E-002
   2.1794012799934502E-002
   2.1794014008075315E-002
   2.2305350902607990E-002
   2.2305351286159729E-002
   2.2823054413300032E-002
   2.2823054624572625E-002
   2.3347123085593731E-002
   2.3347123289364502E-002
   2.3877556461423168E-002
   2.3877556816373810E-002
   2.4414354346256429E-002
   2.4414354531950039E-002
   2.4957516076034310E-002
   2.4957516282250590E-002
   2.5507041302220080E-002
   2.5507041644733889E-002
   2.6062929761557659E-002
   2.6062930155213701E-002
   2.6625180966786368E-002
   2.6625181614212911E-002
   2.7193794817236442E-002
   2.7193795473659181E-002
   2.7768770957842422E-002
   2.7768771475374699E-002
   2.8350109044407362E-002
   2.8350109383503623E-002
   2.8937808796626961E-002
   2.8937808929352826E-002
   2.9531869768084203E-002
   2.9531870039420462E-002
   3.0132292045124204E-002
   3.0132292134691138E-002
   3.0739075059401724E-002
   3.0739075316390838E-002
   3.1352218811573976E-002
   3.1352219140718833E-002
   3.1971723097371355E-002
   3.1971723391313100E-002
   3.2597587627764706E-002
   3.2597587957724432E-002
   3.3229812194506388E-002
   3.3229812668610109E-002
   3.3868396813363649E-002
   3.3868397147323384E-002
   3.4513341073802085E-002
   3.4513341461132482E-002
   3.5164645017831148E-002
   3.5164645241354819E-002
   3.5822308295314610E-002
   3.5822308527089446E-002
   3.6486330885504563E-002
   3.6486331042795840E-002
   3.7156712635651255E-002
   3.7156712658850941E-002
   3.7833453280254663E-002
   3.7833453371520262E-002
   3.8516552827809691E-002
   3.8516552915484940E-002
   3.9206011082876885E-002
   3.9206011241091604E-002
   3.9901828069819498E-002
   3.9901828089977005E-002
   4.0604003415681149E-002
   4.0604003611593859E-002
   4.1312537231971508E-002
   4.1312537480862978E-002
   4.2027429386877008E-002
   4.2027429625439372E-002
   4.2748679770971382E-002
   4.2748679959506666E-002
   4.3476288275857616E-002
   4.3476288404673151E-002
   4.4210254742080582E-002
   4.4210254941622208E-002
   4.4950579237411088E-002
   4.4950579331419008E-002
   4.5697261566772451E-002
   4.5697261605199109E-002
   4.6450301588154198E-002
   4.6450301747891845E-002
   4.7209699366014088E-002
   4.7209699544475937E-002
   4.7975454841700425E-002
   4.7975454909235243E-002
   4.8747567787540226E-002
   4.8747567931368828E-002
   4.9526038293802713E-002
   4.9526038387738204E-002
   5.0310866213353594E-002
   5.0310866297944887E-002
   5.1102051496368303E-002
   5.1102051589361652E-002
   5.1899594057830151E-002
   5.1899594229393178E-002
   5.2703493908110591E-002
   5.2703494094667014E-002
   5.3513751029141313E-002
   5.3513751094647691E-002
   5.4330365244321999E-002
   5.4330365301524616E-002
   5.5153336560425502E-002
   5.5153336608113855E-002
   5.5982664905470284E-002
   5.5982664989802977E-002
   5.6818350296692709E-002
   5.6818350336407163E-002
   5.7660392620360795E-002
   5.7660392672189829E-002
   5.8508791847605893E-002
   5.8508791939877167E-002
   5.9363547976735605E-002
   5.9363548058196741E-002
   6.0224660941410178E-002
   6.0224661013562664E-002
   6.1092130694409233E-002
   6.1092130776175368E-002
   6.1965957194505643E-002
   6.1965957313021534E-002
   6.2846140445349016E-002
   6.2846140548872526E-002
   6.3732680411724238E-002
   6.3732680449910553E-002
   6.4625577006288362E-002
   6.4625577036884929E-002
   6.5524830196215494E-002
   6.5524830278364227E-002
   6.6430440027740914E-002
   6.6430440066093790E-002
   6.7342406402581184E-002
   6.7342406438483798E-002
   6.8260729317734400E-002
   6.8260729340719570E-002
   6.9185408736926690E-002
   6.9185408753231856E-002
   7.0116444628300370E-002
   7.0116444653926968E-002
   7.1053836947242363E-002
   7.1053837035283549E-002
   7.1997585705875472E-002
   7.1997585834787395E-002
   7.2947690915934324E-002
   7.2947690991985822E-002
   7.3904152497249131E-002
   7.3904152539938470E-002
   7.4866970425103305E-002
   7.4866970457796583E-002
   7.5836144693475632E-002
   7.5836144707498568E-002
   7.6811675262589377E-002
   7.6811675286166198E-002
   7.7793562126268825E-002
   7.7793562158689905E-002
   7.8781805265724647E-002
   7.8781805303894129E-002
   7.9776404669517353E-002
   7.9776404694520436E-002
   8.0777360307687535E-002
   8.0777360323051883E-002
   8.1784672155177443E-002
   8.1784672178243270E-002
   8.2798340187822242E-002
   8.2798340249088234E-002
   8.3818364420867569E-002
   8.3818364486258123E-002
   8.4844744827148239E-002
   8.4844744883883577E-002
   8.5877481398629260E-002
   8.5877481417974827E-002
   8.6916574084365983E-002
   8.6916574108425668E-002
   8.7962022898926559E-002
   8.7962022910554161E-002
   8.9013827815038346E-002
   8.9013827822423966E-002
   9.0071988815170909E-002
   9.0071988833226757E-002
   9.1136505894944583E-002
   9.1136505919846483E-002
   9.2207379035177242E-002
   9.2207379074778800E-002
   9.3284608236238048E-002
   9.3284608271750821E-002
   9.4368193459557784E-002
   9.4368193524183311E-002
   9.5458134727714972E-002
   9.5458134785077461E-002
   9.6554432022873143E-002
   9.6554432048554031E-002
   9.7657085306150332E-002
   9.7657085330457416E-002
   9.8766094588663603E-002
   9.8766094597290938E-002
   9.9881459836963213E-002
   9.9881459860756944E-002
  0.10100318106653919     
  0.10100318108423080     
  0.10213125824996941     
  0.10213125827459243     
  0.10326569139249932     
  0.10326569140662598     
  0.10440648047058838     
  0.10440648048445406     
  0.10555362548314924     
  0.10555362549028197     
  0.10670712641010556     
  0.10670712642582048     
  0.10786698324727416     
  0.10786698327738811     
  0.10903319599028236     
  0.10903319603197595     
  0.11020576464230077     
  0.11020576466950080     
  0.11138468918235782     
  0.11138468919447517     
  0.11256996959550106     
  0.11256996960583113     
  0.11376160587763295     
  0.11376160589207032     
  0.11495959802914157     
  0.11495959803762033     
  0.11616394603127647     
  0.11616394604644578     
  0.11737464987814457     
  0.11737464991004000     
  0.11859170957774555     
  0.11859170960637777     
  0.11981512511360233     
  0.11981512513827160     
  0.12104489647610546     
  0.12104489650201984     
  0.12228102366689768     
  0.12228102368300683     
  0.12352350667245032     
  0.12352350668211953     
  0.12477234548463555     
  0.12477234549516360     
  0.12602754009248665     
  0.12602754012109393     
  0.12728909051103973     
  0.12728909053316467     
  0.12855699672593426     
  0.12855699673431670     
  0.12983125871918783     
  0.12983125873139706     
  0.13111187649597297     
  0.13111187650837233     
  0.13239885005003288     
  0.13239885006090596     
  0.13369217937864886     
  0.13369217938138250     
  0.13499186446697511     
  0.13499186447456324     
  0.13629790531286526     
  0.13629790533275574     
  0.13761030192062434     
  0.13761030194205248     
  0.13892905428595467     
  0.13892905429737934     
  0.14025416239211430     
  0.14025416240632962     
  0.14158562624157400     
  0.14158562625750110     
  0.14292344583471309     
  0.14292344584179503     
  0.14426762115936725     
  0.14426762116286021     
  0.14561815220467655     
  0.14561815222324134     
  0.14697503898270600     
  0.14697503900275144     
  0.14833828148847145     
  0.14833828149844175     
  0.14970787970836921     
  0.14970787971616517     
  0.15108383364243400     
  0.15108383364831532     
  0.15246614328837360     
  0.15246614328978500     
  0.15385480863712922     
  0.15385480864240350     
  0.15524982968369225     
  0.15524982970411275     
  0.15665120643575192     
  0.15665120646031691     
  0.15805893889340872     
  0.15805893890416270     
  0.15947302704157110     
  0.15947302704414179     
  0.16089347087313063     
  0.16089347088090927     
  0.16232027039502933     
  0.16232027040121152     
  0.16375342560150030     
  0.16375342560464493     
  0.16519293648417344     
  0.16519293649354269     
  0.16663880304861509     
  0.16663880305643494     
  0.16809102528584563     
  0.16809102529652795     
  0.16954960319787354     
  0.16954960320616089     
  0.17101453677804529     
  0.17101453678646134     
  0.17248582602337456     
  0.17248582603500576     
  0.17396347093471659     
  0.17396347094564574     
  0.17544747150955936     
  0.17544747151571258     
  0.17693782774121752     
  0.17693782774682151     
  0.17843453962645614     
  0.17843453963724518     
  0.17993760717005194     
  0.17993760717734686     
  0.18144703036637957     
  0.18144703036799545     
  0.18296280920740060     
  0.18296280921257113     
  0.18448494369687610     
  0.18448494370275301     
  0.18601343383034361     
  0.18601343383853683     
  0.18754827960617393     
  0.18754827961717765     
  0.18908948102093312     
  0.18908948103782408     
  0.19063703807885390     
  0.19063703809204754     
  0.19219095077613205     
  0.19219095077953999     
  0.19375121910296733     
  0.19375121910607429     
  0.19531784306316766     
  0.19531784306389488     
  0.19689082265203292     
  0.19689082265383540     
  0.19847015786787633     
  0.19847015787379244     
  0.20005584871180293     
  0.20005584871894738     
  0.20164789518135254     
  0.20164789518811946     
  0.20324629727447105     
  0.20324629727979385     
  0.20485105498993447     
  0.20485105499169801     
  0.20646216832149797     
  0.20646216832664663     
  0.20807963727182599     
  0.20807963727861314     
  0.20970346183810581     
  0.20970346184711447     
  0.21133364202219879     
  0.21133364202705604     
  0.21297017781731256     
  0.21297017782205971     
  0.21461306922419035     
  0.21461306922827469     
  0.21626231624169773     
  0.21626231624378453     
  0.21791791886546055     
  0.21791791886997333     
  0.21957987709605961     
  0.21957987710332558     
  0.22124819093277706     
  0.22124819094168177     
  0.22292286037610251     
  0.22292286038172737     
  0.22460388541893747     
  0.22460388542778992     
  0.22629126606467287     
  0.22629126607375999     
  0.22798500231309282     
  0.22798500231718530     
  0.22968509415945104     
  0.22968509416019450     
  0.23139154160142017     
  0.23139154160254408     
  0.23310434463757629     
  0.23310434464313609     
  0.23482350327213350     
  0.23482350327528048     
  0.23654901749856838     
  0.23654901750307042     
  0.23828088731753691     
  0.23828088732346372     
  0.24001911272895221     
  0.24001911273420529     
  0.24176369373235787     
  0.24176369373345144     
  0.24351463032281970     
  0.24351463032387710     
  0.24527192250090307     
  0.24527192250269900     
  0.24703557026431497     
  0.24703557027003353     
  0.24880557361540209     
  0.24880557362139391     
  0.25058193255217176     
  0.25058193255667260     
  0.25236464707239359     
  0.25236464707603568     
  0.25415371717547097     
  0.25415371717805302     
  0.25594914286000003     
  0.25594914286213671     
  0.25775092412410400     
  0.25775092412820910     
  0.25955906096741965     
  0.25955906097470888     
  0.26137355339211821     
  0.26137355339757801     
  0.26319440139447747     
  0.26319440139868172     
  0.26502160497355909     
  0.26502160497713600     
  0.26685516412905796     
  0.26685516413145349     
  0.26869507885960081     
  0.26869507886124683     
  0.27054134916443823     
  0.27054134916553352     
  0.27239397504038931     
  0.27239397504579316     
  0.27425295649125847     
  0.27425295649654929     
  0.27611829351549910     
  0.27611829351770467     
  0.27798998610821923     
  0.27798998611253439     
  0.27986803427254597     
  0.27986803427632245     
  0.28175243800699801     
  0.28175243800898830     
  0.28364319730914905     
  0.28364319731142251     
  0.28554031217940568     
  0.28554031218170783     
  0.28744378261686138     
  0.28744378261926401     
  0.28935360861985127     
  0.28935360862429771     
  0.29126979018999444     
  0.29126979019375082     
  0.29319232732503819     
  0.29319232732846484     
  0.29512122002469610     
  0.29512122002733659     
  0.29705646828787019     
  0.29705646829009569     
  0.29899807211451401     
  0.29899807211544416     
  0.30094603150141297     
  0.30094603150527455     
  0.30290034645155400     
  0.30290034645529890     
  0.30486101696274881     
  0.30486101696642393     
  0.30682804303569949     
  0.30682804303668881     
  0.30880142466713384     
  0.30880142466812655     
  0.31078116185714005     
  0.31078116185942795     
  0.31276725460689714     
  0.31276725460821497     
  0.31475970291317024     
  0.31475970291654043     
  0.31675850677691880     
  0.31675850678228318     
  0.31876366619937341     
  0.31876366620306767     
  0.32077518117823656     
  0.32077518118006682     
  0.32279305171154360     
  0.32279305171413525     
  0.32481727780136699     
  0.32481727780211034     
  0.32684785944461631     
  0.32684785944600891     
  0.32888479664161402     
  0.32888479664445053     
  0.33092808939316376     
  0.33092808939558949     
  0.33297773769714789     
  0.33297773770052164     
  0.33503374155467558     
  0.33503374155712612     
  0.33709610096428211     
  0.33709610096587495     
  0.33916481592503395     
  0.33916481592672326     
  0.34123988643674480     
  0.34123988643889513     
  0.34332131249980241     
  0.34332131250105102     
  0.34540909411273879     
  0.34540909411372783     
  0.34750323127476052     
  0.34750323127679805     
  0.34960372398635309     
  0.34960372398886730     
  0.35171057224772873     
  0.35171057224883373     
  0.35382377605649024     
  0.35382377605821397     
  0.35594333541286161     
  0.35594333541591905     
  0.35806925031766529     
  0.35806925032027082     
  0.36020152076982376     
  0.36020152077150802     
  0.36234014676750187     
  0.36234014677063692     
  0.36448512831186397     
  0.36448512831567825     
  0.36663646540360523     
  0.36663646540513106     
  0.36879415803980597     
  0.36879415804112570     
  0.37095820622150333     
  0.37095820622184122     
  0.37312860994740032     
  0.37312860994780850     
  0.37530536921737589     
  0.37530536921838864     
  0.37748848403078722     
  0.37748848403347790     
  0.37967795438844265     
  0.37967795439153262     
  0.38187378029023372     
  0.38187378029193675     
  0.38407596173482161     
  0.38407596173531133     
  0.38628449872149995     
  0.38628449872165938     
  0.38849939124992416     
  0.38849939125063121     
  0.39072063932004819     
  0.39072063932158702     
  0.39294824293220548     
  0.39294824293351971     
  0.39518220208531069     
  0.39518220208684790     
  0.39742251677931351     
  0.39742251678096635     
  0.39966918701434129     
  0.39966918701510162     
  0.40192221278888812     
  0.40192221279011942     
  0.40418159410277871     
  0.40418159410556898     
  0.40644733095712815     
  0.40644733095971436     
  0.40871942335087619     
  0.40871942335300210     
  0.41099787128371540     
  0.41099787128514209     
  0.41328267475458164     
  0.41328267475659858     
  0.41557383376453333     
  0.41557383376573021     
  0.41787134831234451     
  0.41787134831318301     
  0.42017521839811367     
  0.42017521839829008     
  0.42248544402049576     
  0.42248544402183180     
  0.42480202518102489     
  0.42480202518172189     
  0.42712496187796017     
  0.42712496187915161     
  0.42945425411109978     
  0.42945425411378513     
  0.43178990188193472     
  0.43178990188359800     
  0.43413190518894934     
  0.43413190518957984     
  0.43648026403113432     
  0.43648026403222395     
  0.43883497840930419     
  0.43883497841020408     
  0.44119604832277926     
  0.44119604832369369     
  0.44356347377119926     
  0.44356347377255950     
  0.44593725475466278     
  0.44593725475620727     
  0.44831739127297265     
  0.44831739127435388     
  0.45070388332587208     
  0.45070388332677641     
  0.45309673091308134     
  0.45309673091328256     
  0.45549593403327232     
  0.45549593403473576     
  0.45790149268756525     
  0.45790149268955743     
  0.46031340687567357     
  0.46031340687758004     
  0.46273167659732539     
  0.46273167659862779     
  0.46515630185213702     
  0.46515630185264462     
  0.46758728263953819     
  0.46758728263976274     
  0.47002461895908570     
  0.47002461895999792     
  0.47246831081175378     
  0.47246831081194951     
  0.47491835819590922     
  0.47491835819683331     
  0.47737476111202942     
  0.47737476111375721     
  0.47983751956082221     
  0.47983751956160658     
  0.48230663354032183     
  0.48230663354194203     
  0.48478210305183278     
  0.48478210305306424     
  0.48726392809461194     
  0.48726392809532248     
  0.48975210866803837     
  0.48975210866894736     
  0.49224664477203922     
  0.49224664477363356     
  0.49474753640708785     
  0.49474753640852720     
  0.49725478357280162     
  0.49725478357363678     
  0.49976838626831110     
  0.49976838626946440     
  0.50228834449417947     
  0.50228834449508519     
  0.50481465824993133     
  0.50481465825061222     
  0.50734732753538836     
  0.50734732753587042     
  0.50988635235029389     
  0.50988635235076707     
  0.51243173269444731     
  0.51243173269515341     
  0.51498346856767874     
  0.51498346856886124     
  0.51754155997014351     
  0.51754155997139539     
  0.52010600690191977     
  0.52010600690234599     
  0.52267680936180783     
  0.52267680936258476     
  0.52525396735026963     
  0.52525396735132390     
  0.52783748086728799     
  0.52783748086825544     
  0.53042734991279139     
  0.53042734991313878     
  0.53302357448554516     
  0.53302357448689519     
  0.53562615458676721     
  0.53562615458799101     
  0.53823509021594185     
  0.53823509021664373     
  0.54085038137239849     
  0.54085038137321950     
  0.54347202805662842     
  0.54347202805692729     
  0.54610003026784693     
  0.54610003026825804     
  0.54873438800596330     
  0.54873438800700924     
  0.55137510127105149     
  0.55137510127282474     
  0.55402217006366228     
  0.55402217006486232     
  0.55667559438303638     
  0.55667559438360736     
  0.55933537422884594     
  0.55933537422910451     
  0.56200150960088657     
  0.56200150960128537     
  0.56467400049946193     
  0.56467400049957805     
  0.56735284692401011     
  0.56735284692427190     
  0.57003804887471410     
  0.57003804887492548     
  0.57272960635116765     
  0.57272960635167913     
  0.57542751935348901     
  0.57542751935415781     
  0.57813178788158603     
  0.57813178788219466     
  0.58084241193511732     
  0.58084241193588515     
  0.58355939151390579     
  0.58355939151515002     
  0.58628272661826619     
  0.58628272661943215     
  0.58901241724795261     
  0.58901241724873343     
  0.59174846340265297     
  0.59174846340312348     
  0.59449086508190585     
  0.59449086508282978     
  0.59723962228646987     
  0.59723962228685179     
  0.59999473501551126     
  0.59999473501579770     
  0.60275620326913293     
  0.60275620326933077     
  0.60552402704711661     
  0.60552402704744046     
  0.60829820634950682     
  0.60829820634986032     
  0.61107874117567573     
  0.61107874117699212     
  0.61386563152650364     
  0.61386563152773921     
  0.61665887740159597     
  0.61665887740228087     
  0.61945847880064175     
  0.61945847880070970     
  0.62226443572291312     
  0.62226443572354329     
  0.62507674816923942     
  0.62507674816974068     
  0.62789541613923838     
  0.62789541613947708     
  0.63072043963253599     
  0.63072043963292235     
  0.63355181864926313     
  0.63355181864974219     
  0.63638955318939716     
  0.63638955318976576     
  0.63923364325264387     
  0.63923364325307808     
  0.64208408883895396     
  0.64208408883953105     
  0.64494088994822030     
  0.64494088994904109     
  0.64780404658045554     
  0.64780404658141133     
  0.65067355873551547     
  0.65067355873658039     
  0.65354942641380109     
  0.65354942641396685     
  0.65643164961426892     
  0.65643164961445699     
  0.65932022833730286     
  0.65932022833742698     
  0.66221516258268809     
