   8.7304058185623301E-005
   8.7305014115499492E-005
   2.7413203658426682E-004
   2.7413204720388854E-004
   4.6258138378475451E-004
   4.6258188086070365E-004
   6.7176555927831708E-004
   6.7176556471941398E-004
   8.9867435721952015E-004
   8.9867479781307040E-004
   1.1425008579891704E-003
   1.1425008774157120E-003
   1.3982060451632622E-003
   1.3982064404357126E-003
   1.6650326656202283E-003
   1.6650326681901977E-003
   1.9405767079877581E-003
   1.9405770495519543E-003
   2.2238193042590903E-003
   2.2238193131511874E-003
   2.5135492736745378E-003
   2.5135495977668372E-003
   2.8092645930247510E-003
   2.8092646026250077E-003
   3.1099622097921060E-003
   3.1099625293826033E-003
   3.4152549482894929E-003
   3.4152549653480684E-003
   3.7244596810209348E-003
   3.7244599732122459E-003
   4.0372373279079551E-003
   4.0372373332813287E-003
   4.3531535115871297E-003
   4.3531537841669382E-003
   4.6719039946690041E-003
   4.6719040023850723E-003
   4.9931592930482589E-003
   4.9931595617986402E-003
   5.3166766719295469E-003
   5.3166766948732789E-003
   5.6421501263038444E-003
   5.6421503965544016E-003
   5.9693611781249153E-003
   5.9693612112722838E-003
   6.2980558060386979E-003
   6.2980560672191979E-003
   6.6279970487392653E-003
   6.6279970780097359E-003
   6.9589748477911035E-003
   6.9589750890280081E-003
   7.2907617011594671E-003
   7.2907617191263277E-003
   7.6231861964686128E-003
   7.6231864245888525E-003
   7.9560367798515979E-003
   7.9560368030511478E-003
   8.2891548451391826E-003
   8.2891550686995576E-003
   8.6223383774755979E-003
   8.6223384067867139E-003
   8.9554264898697375E-003
   8.9554267115996376E-003
   9.2882192982231063E-003
   9.2882193264044385E-003
   9.6205672495806166E-003
   9.6205674613141744E-003
   9.9522753601645145E-003
   9.9522753788263713E-003
   1.0283217499614725E-002
   1.0283217689596308E-002
   1.0613201601639782E-002
   1.0613201604333570E-002
   1.0942112221591837E-002
   1.0942112388580814E-002
   1.1269762879100850E-002
   1.1269762888514570E-002
   1.1596030544167127E-002
   1.1596030695845798E-002
   1.1920732957312594E-002
   1.1920732974989915E-002
   1.2243753489486427E-002
   1.2243753629740778E-002
   1.2564927473934291E-002
   1.2564927490846926E-002
   1.2884152179327864E-002
   1.2884152309801989E-002
   1.3201278224365490E-002
   1.3201278250889410E-002
   1.3516212923324738E-002
   1.3516213039033744E-002
   1.3828818491402035E-002
   1.3828818528459914E-002
   1.4139002455477568E-002
   1.4139002554572185E-002
   1.4446617082515002E-002
   1.4446617133168822E-002
   1.4751554417264476E-002
   1.4751554497485669E-002
   1.5053657431671598E-002
   1.5053657492879253E-002
   1.5352812966297679E-002
   1.5352813030334629E-002
   1.5648859956196075E-002
   1.5648860027414904E-002
   1.5941667051582828E-002
   1.5941667105797541E-002
   1.6231056686553832E-002
   1.6231056759400224E-002
   1.6516877246666898E-002
   1.6516877293795966E-002
   1.6798947642797529E-002
   1.6798947715154316E-002
   1.7077115632634237E-002
   1.7077115678918304E-002
   1.7351215570414469E-002
   1.7351215639685880E-002
   1.7621120311728661E-002
   1.7621120353818558E-002
   1.7886702837129655E-002
   1.7886702907388276E-002
   1.8147879914885506E-002
   1.8147879950422548E-002
   1.8404554992348606E-002
   1.8404555063154960E-002
   1.8656648902177546E-002
   1.8656648930830601E-002
   1.8904059471992377E-002
   1.8904059543863056E-002
   1.9146705859642732E-002
   1.9146705882153947E-002
   1.9384496852242271E-002
   1.9384496927827070E-002
   1.9617368458861230E-002
   1.9617368471753511E-002
   1.9845245607415813E-002
   1.9845245685029014E-002
   2.0068061361441548E-002
   2.0068061369303641E-002
   2.0285728808157256E-002
   2.0285728884149926E-002
   2.0498168870461592E-002
   2.0498168875066957E-002
   2.0705266627783714E-002
   2.0705266702112850E-002
   2.0906870123281279E-002
   2.0906870152812531E-002
   2.1102752679912247E-002
   2.1102752909455104E-002
   2.1292621055709220E-002
   2.1292622558299241E-002
   2.1476074810740341E-002
   2.1476084488479184E-002
   2.1652583077011303E-002
   2.1652640818701791E-002
   2.1821348593347771E-002
   2.1821664710132419E-002
   2.1980917733877590E-002
   2.1982481524725959E-002
   2.2127980654588920E-002
   2.2134758358240192E-002
   2.2255689236652498E-002
   2.2279561906841137E-002
   2.2360297975878060E-002
   2.2420450737136950E-002
   2.2458685063935488E-002
   2.2562815094364280E-002
   2.2575279385288922E-002
   2.2711265634099479E-002
   2.2714386864325881E-002
   2.2867910406778318E-002
   2.2868577960860923E-002
   2.3032868131431287E-002
   2.3032997527456512E-002
   2.3205504654623739E-002
   2.3205527018297804E-002
   2.3385113115212897E-002
   2.3385116365111678E-002
   2.3571109157117309E-002
   2.3571110319999356E-002
   2.3763033892262728E-002
   2.3763036100657293E-002
   2.3960525087169893E-002
   2.3960525635352465E-002
   2.4163285157108853E-002
   2.4163286427830704E-002
   2.4371071121984469E-002
   2.4371073560244108E-002
   2.4583679088653620E-002
   2.4583680116606665E-002
   2.4800931828749352E-002
   2.4800932294304828E-002
   2.5022676886459257E-002
   2.5022678922456222E-002
   2.5248783333115331E-002
   2.5248785601169436E-002
   2.5479134416985016E-002
   2.5479135185662388E-002
   2.5713624489883562E-002
   2.5713625574711768E-002
   2.5952161451069940E-002
   2.5952163125985649E-002
   2.6194662420764511E-002
   2.6194663687739234E-002
   2.6441051066515394E-002
   2.6441052615079581E-002
   2.6691259321754729E-002
   2.6691260882204471E-002
   2.6945224849180965E-002
   2.6945225829238386E-002
   2.7202889575869367E-002
   2.7202891136171265E-002
   2.7464201765586949E-002
   2.7464203497674089E-002
   2.7729113389497587E-002
   2.7729114191280369E-002
   2.7997578594031288E-002
   2.7997579704381159E-002
   2.8269556399160671E-002
   2.8269558258750119E-002
   2.8545009306742107E-002
   2.8545010530818940E-002
   2.8823900736254921E-002
   2.8823901632788970E-002
   2.9106197177886185E-002
   2.9106198450404706E-002
   2.9391868059984543E-002
   2.9391869328843780E-002
   2.9680884107265656E-002
   2.9680885320968652E-002
   2.9973218100057222E-002
   2.9973219079900811E-002
   3.0268844330439377E-002
   3.0268845093644910E-002
   3.0567738369689353E-002
   3.0567739642017238E-002
   3.0869878126661997E-002
   3.0869879491759507E-002
   3.1175242330112707E-002
   3.1175243193062852E-002
   3.1483810161170918E-002
   3.1483811248105197E-002
   3.1795562972566513E-002
   3.1795564212261922E-002
   3.2110482957010654E-002
   3.2110483863263130E-002
   3.2428552574616326E-002
   3.2428553626435111E-002
   3.2749755837526894E-002
   3.2749757156116784E-002
   3.3074077657285782E-002
   3.3074078866228596E-002
   3.3401503288248618E-002
   3.3401504375412484E-002
   3.3732018869625319E-002
   3.3732019863019991E-002
   3.4065611121545256E-002
   3.4065612279567885E-002
   3.4402267638107394E-002
   3.4402268967837470E-002
   3.4741976712497978E-002
   3.4741977758775265E-002
   3.5084726617391537E-002
   3.5084727618312342E-002
   3.5430506493967541E-002
   3.5430507691170662E-002
   3.5779306296881419E-002
   3.5779307293792029E-002
   3.6131115872652102E-002
   3.6131116778465019E-002
   3.6485925720061485E-002
   3.6485926719636914E-002
   3.6843726984916177E-002
   3.6843727869680973E-002
   3.7204510858669278E-002
   3.7204511714297152E-002
   3.7568269048446748E-002
   3.7568269959698739E-002
   3.7934993694378236E-002
   3.7934994575416256E-002
   3.8304677122614060E-002
   3.8304678004096038E-002
   3.8677312090006938E-002
   3.8677312882096311E-002
   3.9052891484771389E-002
   3.9052892306371198E-002
   3.9431408586456246E-002
   3.9431409544128285E-002
   3.9812857123076292E-002
   3.9812857947249085E-002
   4.0197230713828150E-002
   4.0197231482906208E-002
   4.0584523331906354E-002
   4.0584524245722779E-002
   4.0974729418923203E-002
   4.0974730319847490E-002
   4.1367843379963305E-002
   4.1367844261807278E-002
   4.1763859879782282E-002
   4.1763860783523940E-002
   4.2162773877274302E-002
   4.2162774698277138E-002
   4.2564580335885199E-002
   4.2564581191851011E-002
   4.2969274565714061E-002
   4.2969275463045492E-002
   4.3376852035874026E-002
   4.3376852894907010E-002
   4.3787308289051856E-002
   4.3787309124675038E-002
   4.4200639095580821E-002
   4.4200639875067615E-002
   4.4616840301883752E-002
   4.4616841091994194E-002
   4.5035907982746863E-002
   4.5035908779181774E-002
   4.5457838371421935E-002
   4.5457839055670149E-002
   4.5882627665720557E-002
   4.5882628337967843E-002
   4.6310272340627158E-002
   4.6310273016302604E-002
   4.6740768988274853E-002
   4.6740769604079788E-002
   4.7174114195623208E-002
   4.7174114850181026E-002
   4.7610304807186477E-002
   4.7610305466716393E-002
   4.8049337707304830E-002
   4.8049338337710655E-002
   4.8491209816446786E-002
   4.8491210514204665E-002
   4.8935918292711218E-002
   4.8935919004578866E-002
   4.9383460319028342E-002
   4.9383460979574960E-002
   4.9833833113066793E-002
   4.9833833754985499E-002
   5.0287034023544411E-002
   5.0287034688291543E-002
   5.0743060490287935E-002
   5.0743061211884870E-002
   5.1201910098363862E-002
   5.1201910772533610E-002
   5.1663580395660574E-002
   5.1663581007692298E-002
   5.2128068984551024E-002
   5.2128069648013496E-002
   5.2595373687962604E-002
   5.2595374345716414E-002
   5.3065492286980924E-002
   5.3065492931673029E-002
   5.3538422623792777E-002
   5.3538423307392939E-002
   5.4014162715441280E-002
   5.4014163326422567E-002
   5.4492710496606228E-002
   5.4492711046929619E-002
   5.4974063986057274E-002
   5.4974064560819699E-002
   5.5458221357544329E-002
   5.5458221918607518E-002
   5.5945180774240211E-002
   5.5945181290916121E-002
   5.6434940429836086E-002
   5.6434940923498572E-002
   5.6927498583283810E-002
   5.6927499098776417E-002
   5.7422853589894310E-002
   5.7422854101177360E-002
   5.7921003828559151E-002
   5.7921004286499926E-002
   5.8421947639017063E-002
   5.8421948141373026E-002
   5.8925683521542593E-002
   5.8925684080428524E-002
   5.9432210029107271E-002
   5.9432210551129246E-002
   5.9941525631427683E-002
   5.9941526166831439E-002
   6.0453628930419313E-002
   6.0453629488558376E-002
   6.0968518578221935E-002
   6.0968519104312113E-002
   6.1486193188789409E-002
   6.1486193714926821E-002
   6.2006651471190756E-002
   6.2006651998311867E-002
   6.2529892169314372E-002
   6.2529892667386705E-002
   6.3055914023798454E-002
   6.3055914505881813E-002
   6.3584715819638107E-002
   6.3584716318550810E-002
   6.4116296400783243E-002
   6.4116296914474000E-002
   6.4650654657518819E-002
   6.4650655117660868E-002
   6.5187789429476076E-002
   6.5187789862096696E-002
   6.5727699611155030E-002
   6.5727700084351540E-002
   6.6270384212709019E-002
   6.6270384660996037E-002
   6.6815842181669166E-002
   6.6815842585145918E-002
   6.7364072483816095E-002
   6.7364072883920156E-002
   6.7915074170453282E-002
   6.7915074549560750E-002
   6.8468846269132327E-002
   6.8468846647158549E-002
   6.9025387846223779E-002
   6.9025388250590222E-002
   6.9584698018014896E-002
   6.9584698429978997E-002
   7.0146775894281366E-002
   7.0146776306737518E-002
   7.0711620606870459E-002
   7.0711621023644033E-002
   7.1279231310239305E-002
   7.1279231743014496E-002
   7.1849607199534454E-002
   7.1849607627375217E-002
   7.2422747468273041E-002
   7.2422747880581118E-002
   7.2998651308573900E-002
   7.2998651746421617E-002
   7.3577317994374933E-002
   7.3577318424284277E-002
   7.4158746781903193E-002
   7.4158747167601236E-002
   7.4742936904689042E-002
   7.4742937287790412E-002
   7.5329887671641602E-002
   7.5329888055168992E-002
   7.5919598395015914E-002
   7.5919598770011629E-002
   7.6512068390700280E-002
   7.6512068761318539E-002
   7.7107297007831060E-002
   7.7107297356290364E-002
   7.7705283583553081E-002
   7.7705283924685675E-002
   7.8306027489029137E-002
   7.8306027831958086E-002
   7.8909528116440197E-002
   7.8909528451433675E-002
   7.9515784859294697E-002
   7.9515785183202431E-002
   8.0124797128213257E-002
   8.0124797437562678E-002
   8.0736564333886207E-002
   8.0736564651316983E-002
   8.1351085924091571E-002
   8.1351086250031235E-002
   8.1968361358585540E-002
   8.1968361672444853E-002
   8.2588390075120074E-002
   8.2588390403775691E-002
   8.3211171559209152E-002
   8.3211171905297490E-002
   8.3836705306292211E-002
   8.3836705651542942E-002
   8.4464990800172973E-002
   8.4464991151247268E-002
   8.5096027558425796E-002
   8.5096027901347446E-002
   8.5729815091684924E-002
   8.5729815427114650E-002
   8.6366352924980530E-002
   8.6366353260258183E-002
   8.7005640610706134E-002
   8.7005640925416239E-002
   8.7647677684351402E-002
   8.7647677983896846E-002
   8.8292463698933649E-002
   8.8292463998735582E-002
   8.8939998230399928E-002
   8.8939998528800385E-002
   8.9590280860480501E-002
   8.9590281145456988E-002
   9.0243311171289878E-002
   9.0243311437503679E-002
   9.0899088742694881E-002
   9.0899089013351350E-002
   9.1557613188725254E-002
   9.1557613464174958E-002
   9.2218884129470005E-002
   9.2218884391592620E-002
   9.2882901168509793E-002
   9.2882901429820308E-002
   9.3549663939667668E-002
   9.3549664198520815E-002
   9.4219172074715946E-002
   9.4219172334707890E-002
   9.4891425209322394E-002
   9.4891425486423847E-002
   9.5566423010965559E-002
   9.5566423284455818E-002
   9.6244165128641576E-002
   9.6244165392274997E-002
   9.6924651212314375E-002
   9.6924651486238661E-002
   9.7607880942099323E-002
   9.7607881226072168E-002
   9.8293854000596870E-002
   9.8293854282208618E-002
   9.8982570067551401E-002
   9.8982570340812398E-002
   9.9674028825064487E-002
   9.9674029098258204E-002
  0.10036822997651991     
  0.10036823024190676     
  0.10106517322535301     
  0.10106517347104237     
  0.10176485826307402     
  0.10176485850856958     
  0.10246728481411838     
  0.10246728505588505     
  0.10317245260223749     
  0.10317245282621999     
  0.10388036133643769     
  0.10388036155844212     
  0.10459101075470013     
  0.10459101097307943     
  0.10530440059152767     
  0.10530440080453021     
  0.10602053057798758     
  0.10602053080077899     
  0.10673940047018900     
  0.10673940069468570     
  0.10746101001948517     
  0.10746101023355811     
  0.10818535896928001     
  0.10818535918212309     
  0.10891244707567280     
  0.10891244730166653     
  0.10964227411268335     
  0.10964227434460026     
  0.11037483985171985     
  0.11037484007479048     
  0.11111014404989866     
  0.11111014427903765     
  0.11184818649012916     
  0.11184818672680104     
  0.11258896696286050     
  0.11258896718826192     
  0.11333248523892506     
  0.11333248546129847     
  0.11407874111026650     
  0.11407874133057817     
  0.11482773437298756     
  0.11482773458433600     
  0.11557946481500751     
  0.11557946502654896     
  0.11633393224323127     
  0.11633393244960057     
  0.11709113646253674     
  0.11709113665513335     
  0.11785107727191871     
  0.11785107745774802     
  0.11861375448185786     
  0.11861375466748184     
  0.11937916791083705     
  0.11937916809314322     
  0.12014731737631375     
  0.12014731755119443     
  0.12091820269021657     
  0.12091820287011332     
  0.12169182368118429     
  0.12169182386801640     
  0.12246818018359261     
  0.12246818036349709     
  0.12324727201465745     
  0.12324727219839211     
  0.12402909900880627     
  0.12402909920328155     
  0.12481366101040026     
  0.12481366120464139     
  0.12560095785218583     
  0.12560095804627155     
  0.12639098937690840     
  0.12639098956756120     
  0.12718375542680282     
  0.12718375561388540     
  0.12797925584462005     
  0.12797925603546195     
  0.12877749048501866     
  0.12877749067585234     
  0.12957845920155717     
  0.12957845938485937     
  0.13038216184592349     
  0.13038216201919492     
  0.13118859827072732     
  0.13118859843958244     
  0.13199776833635099     
  0.13199776850380748     
  0.13280967190844400     
  0.13280967206912531     
  0.13362430884591667     
  0.13362430900417122     
  0.13444167901590276     
  0.13444167917390415     
  0.13526178229059013     
  0.13526178244268641     
  0.13608461853526535     
  0.13608461868614929     
  0.13691018762382420     
  0.13691018777559508     
  0.13773848943168823     
  0.13773848958499721     
  0.13856952383441473     
  0.13856952399230521     
  0.13940329071446661     
  0.13940329087259642     
  0.14023978994952313     
  0.14023979010968390     
  0.14107902142109791     
  0.14107902158742253     
  0.14192098501795972     
  0.14192098518621218     
  0.14276568062689285     
  0.14276568079216265     
  0.14361310813450573     
  0.14361310829521468     
  0.14446326742826004     
  0.14446326758803918     
  0.14531615840249612     
  0.14531615855994309     
  0.14617178095279715     
  0.14617178110243759     
  0.14703013497027090     
  0.14703013511489130     
  0.14789122035260460     
  0.14789122049340905     
  0.14875503699786130     
  0.14875503713697585     
  0.14962158480620680     
  0.14962158494566452     
  0.15049086368411863     
  0.15049086381636995     
  0.15136287352944405     
  0.15136287365768947     
  0.15223761424419066     
  0.15223761437707678     
  0.15311508574103982     
  0.15311508587426995     
  0.15399528792643383     
  0.15399528805815149     
  0.15487822070691062     
  0.15487822084035902     
  0.15576388399411029     
  0.15576388413022380     
  0.15665227770117532     
  0.15665227783832172     
  0.15754340174047951     
  0.15754340187869390     
  0.15843725602496342     
  0.15843725616745913     
  0.15933384047417756     
  0.15933384061672362     
  0.16023315500432481     
  0.16023315514449382     
  0.16113519953100341     
  0.16113519967188317     
  0.16203997397787531     
  0.16203997411439988     
  0.16294747826326206     
  0.16294747839530815     
  0.16385771230797994     
  0.16385771243774741     
  0.16477067603963280     
  0.16477067616039734     
  0.16568636937766257     
  0.16568636949238827     
  0.16660479224455629     
  0.16660479236204928     
  0.16752594457235986     
  0.16752594469035689     
  0.16844982628980801     
  0.16844982640376582     
  0.16937643732182245     
  0.16937643743467351     
  0.17030577759721213     
  0.17030577771367933     
  0.17123784705063083     
  0.17123784716759377     
  0.17217264561298440     
  0.17217264572899135     
  0.17311017321437286     
  0.17311017333323958     
  0.17405042979190785     
  0.17405042991063804     
  0.17499341527850859     
  0.17499341539759689     
  0.17593912960817751     
  0.17593912973132306     
  0.17688757272165073     
  0.17688757284413933     
  0.17783874455386695     
  0.17783874467598290     
  0.17879264504221146     
  0.17879264516613089     
  0.17974927412978453     
  0.17974927424990042     
  0.18070863175477217     
  0.18070863186925054     
  0.18167071785527453     
  0.18167071796791878     
  0.18263553237478228     
  0.18263553248592221     
  0.18360307525816694     
  0.18360307536353568     
  0.18457334644625392     
  0.18457334654669127     
  0.18554634588100583     
  0.18554634598176847     
  0.18652207351078065     
  0.18652207361031062     
  0.18750052928052260     
  0.18750052937880574     
  0.18848171313469719     
  0.18848171323572646     
  0.18946562502306874     
  0.18946562512572837     
  0.19045226489268496     
  0.19045226499763993     
  0.19144163269248254     
  0.19144163279983348     
  0.19243372837414224     
  0.19243372847934739     
  0.19342855188474034     
  0.19342855198921002     
  0.19442610317395401     
  0.19442610328120921     
  0.19542638219563460     
  0.19542638230430145     
  0.19642938890263947     
  0.19642938900975840     
  0.19743512324617682     
  0.19743512335179511     
  0.19844358517874822     
  0.19844358528461054     
  0.19945477465621242     
  0.19945477476030299     
  0.20046869163260309     
  0.20046869173403012     
  0.20148533606241117     
  0.20148533616171002     
  0.20250470790299185     
  0.20250470799759179     
  0.20352680710922169     
  0.20352680719957927     
  0.20455163363714182     
  0.20455163372556975     
  0.20557918744482837     
  0.20557918753256799     
  0.20660946848970793     
  0.20660946857934853     
  0.20764247673220559     
  0.20764247682278861     
  0.20867821213197926     
  0.20867821222162197     
  0.20971667464657409     
  0.20971667473776887     
  0.21075786423660473     
  0.21075786433112548     
  0.21180178086426854     
  0.21180178096104318     
  0.21284842449163610     
  0.21284842458802403     
  0.21389779507925158     
  0.21389779517509538     
  0.21494989258853381     
  0.21494989268539863     
  0.21600471698377374     
  0.21600471708018085     
  0.21706226822797037     
  0.21706226832293615     
  0.21812254628458469     
  0.21812254637763911     
  0.21918555111736296     
  0.21918555120890929     
  0.22025128269033870     
  0.22025128278199260     
  0.22131974097065552     
  0.22131974105992627     
  0.22239092592335383     
  0.22239092600874233     
  0.22346483751238200     
  0.22346483759643462     
  0.22454147570563962     
  0.22454147578789485     
  0.22562084046997263     
  0.22562084054992718     
  0.22670293177145615     
  0.22670293185094875     
  0.22778774957817050     
  0.22778774965817797     
  0.22887529385835481     
  0.22887529393948394     
  0.22996556458049208     
  0.22996556466330065     
  0.23105856171319974     
  0.23105856179870735     
  0.23215428522651441     
  0.23215428531413271     
  0.23325273509064137     
  0.23325273517860823     
  0.23435391127474645     
  0.23435391136295378     
  0.23545781374978469     
  0.23545781383693265     
  0.23656444248543532     
  0.23656444257231965     
  0.23767379745238160     
  0.23767379754059570     
  0.23878587862459688     
  0.23878587871065343     
  0.23990068597269806     
  0.23990068605546025     
  0.24101821946688695     
  0.24101821954907768     
  0.24213847908122257     
  0.24213847916236464     
  0.24326146478901498     
  0.24326146486762507     
  0.24438717656244088     
  0.24438717663896736     
  0.24551561437467651     
  0.24551561445011832     
  0.24664677819986264     
  0.24664677827446860     
  0.24778066801195200     
  0.24778066808624338     
  0.24891728378515321     
  0.24891728386004380     
  0.25005662549506674     
  0.25005662556967378     
  0.25119869311580889     
  0.25119869319101734     
  0.25234348662212747     
  0.25234348669992551     
  0.25349100599132796     
  0.25349100607029468     
  0.25464125119843062     
  0.25464125127890330     
  0.25579422221932541     
  0.25579422230218629     
  0.25694991903240355     
  0.25694991911460885     
  0.25810834161336493     
  0.25810834169396224     
  0.25926948993791693     
  0.25926949001855204     
  0.26043336398434508     
  0.26043336406458351     
  0.26159996373092292     
  0.26159996380884393     
  0.26276928915456693     
  0.26276928922998471     
  0.26394134023251203     
  0.26394134030686334     
  0.26511611694382375     
  0.26511611701705345     
  0.26629361926705158     
  0.26629361933909684     
  0.26747384718088507     
  0.26747384725193718     
  0.26865680066492148     
  0.26865680073412135     
  0.26984247969713243     
  0.26984247976618358     
  0.27103088425711241     
  0.27103088432756328     
  0.27222201432622861     
  0.27222201439659821     
  0.27341586988341215     
  0.27341586995444694     
  0.27461245090823666     
  0.27461245098145409     
  0.27581175738224689     
  0.27581175745677644     
  0.27701378928626730     
  0.27701378936133569     
  0.27821854660078388     
  0.27821854667659462     
  0.27942602930692528     
  0.27942602938361244     
  0.28063623738649962     
  0.28063623746315647     
  0.28184917082045280     
  0.28184917089688383     
  0.28306482959047213     
  0.28306482966674534     
  0.28428321367960313     
  0.28428321375401955     
  0.28550432306904261     
  0.28550432314107838     
  0.28672815774038524     
  0.28672815781048816     
  0.28795471767666220     
  0.28795471774515335     
  0.28918400285998869     
  0.28918400292814267     
  0.29041601327348099     
  0.29041601334094208     
  0.29165074890100412     
  0.29165074896683579     
  0.29288820972548985     
  0.29288820979125202     
  0.29412839572961946     
  0.29412839579681888     
  0.29537130689757712     
  0.29537130696602204     
  0.29661694321530963     
  0.29661694328392862     
  0.29786530466447148     
  0.29786530473333217     
  0.29911639122793671     
  0.29911639129840362     
  0.30037020289228844     
  0.30037020296434797     
  0.30162673964005887     
  0.30162673971330722     
  0.30288600145425709     
  0.30288600152811285     
  0.30414798832271622     
  0.30414798839618401     
  0.30541270022280226     
  0.30541270029594447     
  0.30668013713612546     
  0.30668013720846915     
  0.30795029906622751     
  0.30795029913745547     
  0.30922318599857573     
  0.30922318606901777     
  0.31049879787971846     
  0.31049879794847662     
  0.31177713469460394     
  0.31177713476148594     
  0.31305819642020838     
  0.31305819648584970     
  0.31434198302242222     
  0.31434198308703859     
  0.31562849443058588     
  0.31562849449461261     
  0.31691773062001966     
  0.31691773068377821     
  0.31820969148828038     
  0.31820969155285228     
  0.31950437696109818     
  0.31950437702747914     
  0.32080178717411639     
  0.32080178724169595     
  0.32210192214731914     
  0.32210192221571865     
  0.32340478168900533     
  0.32340478175825960     
  0.32471036518952973     
  0.32471036526016633     
  0.32601867028764786     
  0.32601867035968946     
  0.32732969941873141     
  0.32732969949059187     
  0.32864344721374511     
  0.32864344728507316     
  0.32995990696470051     
  0.32995990703572131     
  0.33127899598337285     
  0.33127899605319899     
  0.33260054298119041     
  0.33260054304938602     
  0.33392463184082316     
  0.33392463190760047     
  0.33525229273174834     
  0.33525229279898211     
  0.33657857059729029     
  0.33657857067132829     
  0.33788797815764782     
  0.33788797823836364     
  0.33914938763533087     
  0.33914938769858888     
  0.34053834513976960     
  0.34053834516667059     
  0.34212023218175680     
  0.34212023218998650     
  0.34394828771516817     
  0.34394828771806313     
  0.34591766560863924     
  0.34591766560963089     
  0.34812400392867393     
  0.34812400392915205     
  0.35047607337166781     
  0.35047607337187048     
  0.35316591133312247     
  0.35316591133329339     
  0.35608248497842770     
  0.35608248497864542     
  0.36023329589513958     
  0.36023329589523306     
