   1.7870505005553733E-004
   1.7870505109724265E-004
   5.3785961235783362E-004
   5.3785961274633014E-004
   8.9541179072296327E-004
   8.9541179166824142E-004
   1.2458626533680777E-003
   1.2458626546938756E-003
   1.5870025898009239E-003
   1.5870025908456006E-003
   1.9189534334684150E-003
   1.9189534342194743E-003
   2.2423812314584946E-003
   2.2423812338556296E-003
   2.5580645356053553E-003
   2.5580645373006381E-003
   2.8665498268485119E-003
   2.8665498285717550E-003
   3.1679274063060206E-003
   3.1679274086887674E-003
   3.4622617703457437E-003
   3.4622617721720545E-003
   3.7494223360402847E-003
   3.7494223376464140E-003
   4.0292773478819406E-003
   4.0292773491376992E-003
   4.3018593809935682E-003
   4.3018593818925062E-003
   4.5674189624201446E-003
   4.5674189638261259E-003
   4.8265123354535623E-003
   4.8265123375906089E-003
   5.0798968393147214E-003
   5.0798968415120618E-003
   5.3282817258194339E-003
   5.3282817281979583E-003
   5.5723413516334374E-003
   5.5723413539890132E-003
   5.8128109851868165E-003
   5.8128109884034067E-003
   6.0504090713870712E-003
   6.0504090747561697E-003
   6.2856778268824140E-003
   6.2856778296058605E-003
   6.5189817713701735E-003
   6.5189817742262934E-003
   6.7505338556521528E-003
   6.7505338575469219E-003
   6.9803527640662421E-003
   6.9803527653798511E-003
   7.2083583169112106E-003
   7.2083583196681077E-003
   7.4344139015259936E-003
   7.4344139048436314E-003
   7.6583133397029853E-003
   7.6583133433084987E-003
   7.8798338407968290E-003
   7.8798338440413136E-003
   8.0987942617219266E-003
   8.0987942646046536E-003
   8.3150493645383766E-003
   8.3150493668148803E-003
   8.5284606194119730E-003
   8.5284606219052130E-003
   8.7388509863883281E-003
   8.7388509900846578E-003
   8.9459770536766368E-003
   8.9459770705567435E-003
   9.1495705212814166E-003
   9.1495706310407241E-003
   9.3493630040044056E-003
   9.3493636845873203E-003
   9.5450175650006568E-003
   9.5450215261301437E-003
   9.7360842855483479E-003
   9.7361058407713658E-003
   9.9219589004564245E-003
   9.9220679962370821E-003
   1.0101743267332158E-002
   1.0102252668883187E-002
   1.0273841883328300E-002
   1.0276006227494906E-002
   1.0434968805122615E-002
   1.0443113955691450E-002
   1.0579107088039840E-002
   1.0604717180904402E-002
   1.0702824529090356E-002
   1.0764049404663268E-002
   1.0819244976597336E-002
   1.0925825858272021E-002
   1.0950610056223149E-002
   1.1094194452797487E-002
   1.1104467731359405E-002
   1.1271222339073225E-002
   1.1275629701607117E-002
   1.1457203032018812E-002
   1.1459145269111565E-002
   1.1651683405723492E-002
   1.1652517681266942E-002
   1.1854126768608125E-002
   1.1854442697570963E-002
   1.2064049667952543E-002
   1.2064154740872831E-002
   1.2281051991883488E-002
   1.2281147162999304E-002
   1.2504871152827059E-002
   1.2504992296060191E-002
   1.2735265725473432E-002
   1.2735387979229450E-002
   1.2972011637988062E-002
   1.2972119186257333E-002
   1.3214922285381644E-002
   1.3215010761059543E-002
   1.3463845411024411E-002
   1.3463912160960987E-002
   1.3718649913661632E-002
   1.3718697723891596E-002
   1.3979226206681546E-002
   1.3979256927769610E-002
   1.4245477715690227E-002
   1.4245495903881916E-002
   1.4517321925343711E-002
   1.4517331070786800E-002
   1.4794684729313782E-002
   1.4794690659249689E-002
   1.5077503128398015E-002
   1.5077508764440944E-002
   1.5365721141500322E-002
   1.5365726838597949E-002
   1.5659286212946086E-002
   1.5659295184080428E-002
   1.5958154885207746E-002
   1.5958165563758162E-002
   1.6262286156676263E-002
   1.6262296425757709E-002
   1.6571640872431258E-002
   1.6571652332489029E-002
   1.6886186391973933E-002
   1.6886198302000201E-002
   1.7205892089639858E-002
   1.7205903469688436E-002
   1.7530729708039969E-002
   1.7530740021983252E-002
   1.7860673183716442E-002
   1.7860682760300946E-002
   1.8195699769044647E-002
   1.8195707453580609E-002
   1.8535787102924906E-002
   1.8535793312895666E-002
   1.8880915762611278E-002
   1.8880920044326548E-002
   1.9231066903505605E-002
   1.9231069863958981E-002
   1.9586223531851289E-002
   1.9586225922572188E-002
   1.9946370178063409E-002
   1.9946372365958528E-002
   2.0311492308643677E-002
   2.0311494687793332E-002
   2.0681577127171533E-002
   2.0681578720205349E-002
   2.1056611004178469E-002
   2.1056613018639436E-002
   2.1436583112541749E-002
   2.1436585061292101E-002
   2.1821482441849158E-002
   2.1821484087083634E-002
   2.2211298514498823E-002
   2.2211300247230299E-002
   2.2606021644003563E-002
   2.2606024228034451E-002
   2.3005643740233537E-002
   2.3005646338547302E-002
   2.3410156334663670E-002
   2.3410158388666710E-002
   2.3819550890293837E-002
   2.3819553291807145E-002
   2.4233820674226532E-002
   2.4233823113087059E-002
   2.4652958844168366E-002
   2.4652960910875765E-002
   2.5076958699219137E-002
   2.5076960420568572E-002
   2.5505813999834443E-002
   2.5505815674988316E-002
   2.5939519253174347E-002
   2.5939520664599633E-002
   2.6378068930009154E-002
   2.6378070070839189E-002
   2.6821457956742671E-002
   2.6821458728530059E-002
   2.7269681283371906E-002
   2.7269682016143160E-002
   2.7722734367054615E-002
   2.7722735333867505E-002
   2.8180613212338303E-002
   2.8180614028106191E-002
   2.8643313329323829E-002
   2.8643314400841703E-002
   2.9110831294691466E-002
   2.9110832118676613E-002
   2.9583163122621228E-002
   2.9583163814285201E-002
   3.0060305303015698E-002
   3.0060306022668334E-002
   3.0542254638847841E-002
   3.0542255320192991E-002
   3.1029007997216654E-002
   3.1029008551673794E-002
   3.1520562197823294E-002
   3.1520562921630461E-002
   3.2016914599141799E-002
   3.2016915389312235E-002
   3.2518062507048417E-002
   3.2518063242602056E-002
   3.3024003302623492E-002
   3.3024003953975624E-002
   3.3534734462713982E-002
   3.3534735144831594E-002
   3.4050253734075664E-002
   3.4050254397273667E-002
   3.4570558975024625E-002
   3.4570559399343274E-002
   3.5095647780849219E-002
   3.5095648307367701E-002
   3.5625518370353437E-002
   3.5625518847991623E-002
   3.6160168722599438E-002
   3.6160169170754340E-002
   3.6699597035172636E-002
   3.6699597379841659E-002
   3.7243801473490303E-002
   3.7243801775430969E-002
   3.7792780278454598E-002
   3.7792780737286674E-002
   3.8346531983849769E-002
   3.8346532499161604E-002
   3.8905055092422876E-002
   3.8905055465022494E-002
   3.9468347930963328E-002
   3.9468348346751982E-002
   4.0036409147946046E-002
   4.0036409659725464E-002
   4.0609237569315698E-002
   4.0609237860657059E-002
   4.1186831650846051E-002
   4.1186831889248716E-002
   4.1769190189797314E-002
   4.1769190450897206E-002
   4.2356312032732331E-002
   4.2356312303571592E-002
   4.2948196038511570E-002
   4.2948196289821453E-002
   4.3544841087409095E-002
   4.3544841322947822E-002
   4.4146246094346198E-002
   4.4146246369329366E-002
   4.4752410087733452E-002
   4.4752410365387081E-002
   4.5363332111111640E-002
   4.5363332311986471E-002
   4.5979011160230801E-002
   4.5979011333621603E-002
   4.6599446343554264E-002
   4.6599446514377203E-002
   4.7224636781773403E-002
   4.7224636995075488E-002
   4.7854581676067702E-002
   4.7854581901855570E-002
   4.8489280254849235E-002
   4.8489280396439433E-002
   4.9128731612080305E-002
   4.9128731834982217E-002
   4.9772935128738954E-002
   4.9772935343926045E-002
   5.0421890029409583E-002
   5.0421890260865916E-002
   5.1075595638560733E-002
   5.1075595875861947E-002
   5.1734051276008192E-002
   5.1734051533690706E-002
   5.2397256342775173E-002
   5.2397256545814244E-002
   5.3065210125380138E-002
   5.3065210384033654E-002
   5.3737912153937251E-002
   5.3737912320430646E-002
   5.4415361748218823E-002
   5.4415361879447878E-002
   5.5097558371570057E-002
   5.5097558482205974E-002
   5.5784501491398526E-002
   5.5784501584333672E-002
   5.6476190581741241E-002
   5.6476190671803761E-002
   5.7172625136100094E-002
   5.7172625246574411E-002
   5.7873804690090951E-002
   5.7873804802493815E-002
   5.8579728780887831E-002
   5.8579728864475822E-002
   5.9290396937537522E-002
   5.9290396996871622E-002
   6.0005808702622371E-002
   6.0005808780554677E-002
   6.0725963672947497E-002
   6.0725963771039906E-002
   6.1450861458829172E-002
   6.1450861538057421E-002
   6.2180501616823008E-002
   6.2180501731736948E-002
   6.2914883825434822E-002
   6.2914883905860905E-002
   6.3654007648596009E-002
   6.3654007753399786E-002
   6.4397872734444750E-002
   6.4397872906785933E-002
   6.5146478819414405E-002
   6.5146478932921845E-002
   6.5899825476960355E-002
   6.5899825583591476E-002
   6.6657912377111689E-002
   6.6657912535083713E-002
   6.7420739262292154E-002
   6.7420739411583580E-002
   6.8188305811418312E-002
   6.8188305920318965E-002
   6.8960611692724244E-002
   6.8960611798015894E-002
   6.9737656643338433E-002
   6.9737656730630732E-002
   7.0519440374697109E-002
   7.0519440447275566E-002
   7.1305962631717013E-002
   7.1305962660413350E-002
   7.2097223107827985E-002
   7.2097223150219394E-002
   7.2893221584088286E-002
   7.2893221624884860E-002
   7.3693957807459742E-002
   7.3693957841785188E-002
   7.4499431531836538E-002
   7.4499431565918692E-002
   7.5309642530030835E-002
   7.5309642557407658E-002
   7.6124590571373135E-002
   7.6124590593410354E-002
   7.6944275418321828E-002
   7.6944275471038062E-002
   7.7768696900301471E-002
   7.7768696933067455E-002
   7.8597854778013967E-002
   7.8597854803193798E-002
   7.9431748819868128E-002
   7.9431748909187028E-002
   8.0270378908186515E-002
   8.0270378976285930E-002
   8.1113744793135795E-002
   8.1113744872880464E-002
   8.1961846316945558E-002
   8.1961846385929571E-002
   8.2814683273372103E-002
   8.2814683361137648E-002
   8.3672255512274862E-002
   8.3672255598041631E-002
   8.4534562854961165E-002
   8.4534562934335700E-002
   8.5401605138108752E-002
   8.5401605201637240E-002
   8.6273382178029434E-002
   8.6273382260916423E-002
   8.7149893855956492E-002
   8.7149893916920587E-002
   8.8031139999636882E-002
   8.8031140036300026E-002
   8.8917120457249935E-002
   8.8917120473419681E-002
   8.9807835072797854E-002
   8.9807835094709243E-002
   9.0703283719548708E-002
   9.0703283744969374E-002
   9.1603466270224018E-002
   9.1603466276943990E-002
   9.2508382571274111E-002
   9.2508382576811848E-002
   9.3418032495793779E-002
   9.3418032511047869E-002
   9.4332415929274147E-002
   9.4332415940456216E-002
   9.5251532738556008E-002
   9.5251532751007922E-002
   9.6175382799635764E-002
   9.6175382825835876E-002
   9.7103966011546583E-002
   9.7103966031159991E-002
   9.8037282233761680E-002
   9.8037282278697652E-002
   9.8975331381848719E-002
   9.8975331429830643E-002
   9.9918113339133946E-002
   9.9918113383766036E-002
  0.10086562799191710     
  0.10086562804215586     
  0.10181787524149882     
  0.10181787529690686     
  0.10277485499326232     
  0.10277485504094305     
  0.10373656714028484     
  0.10373656718444547     
  0.10470301158393490     
  0.10470301163410738     
  0.10567418823641085     
  0.10567418829045691     
  0.10665009701660716     
  0.10665009705185459     
  0.10763073781837265     
  0.10763073784610444     
  0.10861611055703016     
  0.10861611058380716     
  0.10960621515884675     
  0.10960621516876877     
  0.11060105152190487     
  0.11060105153700972     
  0.11160061958153090     
  0.11160061959122315     
  0.11260491925224669     
  0.11260491925871216     
  0.11361395045261767     
  0.11361395046643540     
  0.11462771311743039     
  0.11462771312872501     
  0.11564620716884587     
  0.11564620717603402     
  0.11666943253314363     
  0.11666943253809559     
  0.11769738913350448     
  0.11769738915104587     
  0.11873007691305830     
  0.11873007693428669     
  0.11976749579874975     
  0.11976749582652967     
  0.12080964573025653     
  0.12080964575679629     
  0.12185652663264369     
  0.12185652667167834     
  0.12290813845944276     
  0.12290813849217995     
  0.12396448113846337     
  0.12396448116783010     
  0.12502555460851397     
  0.12502555463988480     
  0.12609135881495728     
  0.12609135884570072     
  0.12716189369743430     
  0.12716189373094036     
  0.12823715920677334     
  0.12823715923259466     
  0.12931715528405618     
  0.12931715529985219     
  0.13040188186629789     
  0.13040188188835353     
  0.13149133891327366     
  0.13149133893330278     
  0.13258552637737805     
  0.13258552637954887     
  0.13368444418719327     
  0.13368444419795958     
  0.13478809231219024     
  0.13478809232066111     
  0.13589647069593463     
  0.13589647070778049     
  0.13700957929615143     
  0.13700957930732457     
  0.13812741806484355     
  0.13812741807501241     
  0.13924998695816715     
  0.13924998696434809     
  0.14037728592474230     
  0.14037728593826149     
  0.14150931493402977     
  0.14150931494068533     
  0.14264607392860587     
  0.14264607394423273     
  0.14378756287893124     
  0.14378756289538538     
  0.14493378173512841     
  0.14493378176267127     
  0.14608473047199200     
  0.14608473049161419     
  0.14724040903933078     
  0.14724040905434968     
  0.14840081739406960     
  0.14840081741748223     
  0.14956595550875162     
  0.14956595553354721     
  0.15073582334924066     
  0.15073582336326935     
  0.15191042086804482     
  0.15191042088220241     
  0.15308974803225145     
  0.15308974805275999     
  0.15427380481676092     
  0.15427380483094624     
  0.15546259117963929     
  0.15546259119097131     
  0.15665610708996575     
  0.15665610709736869     
  0.15785435251117130     
  0.15785435252162830     
  0.15905732741622794     
  0.15905732742697401     
  0.16026503177341453     
  0.16026503178256771     
  0.16147746554941153     
  0.16147746556038856     
  0.16269462871715967     
  0.16269462872734242     
  0.16391652124484499     
  0.16391652125625045     
  0.16514314310676073     
  0.16514314311496164     
  0.16637449427193540     
  0.16637449427769752     
  0.16761057470927387     
  0.16761057471988594     
  0.16885138439626760     
  0.16885138440942488     
  0.17009692330766715     
  0.17009692331798895     
  0.17134719141240870     
  0.17134719142407656     
  0.17260218868509905     
  0.17260218870150329     
  0.17386191510481580     
  0.17386191512057989     
  0.17512637064631351     
  0.17512637065688239     
  0.17639555528024395     
  0.17639555529101461     
  0.17766946898390462     
  0.17766946899783631     
  0.17894811173819977     
  0.17894811174948128     
  0.18023148351666249     
  0.18023148352631890     
  0.18151958429727472     
  0.18151958430511325     
  0.18281241405696572     
  0.18281241406450618     
  0.18410997277411098     
  0.18410997278250105     
  0.18541226042742837     
  0.18541226043754794     
  0.18671927699929344     
  0.18671927700521321     
  0.18803102246142547     
  0.18803102247247433     
  0.18934749680203186     
  0.18934749681056193     
  0.19066869999477948     
  0.19066870000596869     
  0.19199463202496780     
  0.19199463203426639     
  0.19332529287119199     
  0.19332529287842098     
  0.19466068251493460     
  0.19466068251919280     
  0.19600080093394512     
  0.19600080094173833     
  0.19734564811558628     
  0.19734564812225056     
  0.19869522403770457     
  0.19869522404707665     
  0.20004952868656298     
  0.20004952869477002     
  0.20140856204154609     
  0.20140856205137228     
  0.20277232408892304     
  0.20277232409664106     
  0.20414081480973062     
  0.20414081481614868     
  0.20551403418578659     
  0.20551403419526054     
  0.20689198220594471     
  0.20689198221286900     
  0.20827465885110821     
  0.20827465885636523     
  0.20966206410472554     
  0.20966206411113539     
  0.21105419795283856     
  0.21105419796049979     
  0.21245106038218001     
  0.21245106038760425     
  0.21385265137358545     
  0.21385265138199894     
  0.21525897091864296     
  0.21525897092297866     
  0.21667001899565119     
  0.21667001900361399     
  0.21808579559552671     
  0.21808579560483374     
  0.21950630070366461     
  0.21950630071355642     
  0.22093153430854467     
  0.22093153431407386     
  0.22236149639110483     
  0.22236149639866759     
  0.22379618694230302     
  0.22379618695004105     
  0.22523560594972694     
  0.22523560595469727     
  0.22667975339970972     
  0.22667975340081997     
  0.22812862927515046     
  0.22812862928043792     
  0.22958223356899615     
  0.22958223357594218     
  0.23104056627042313     
  0.23104056627389052     
  0.23250362736239472     
  0.23250362736744634     
  0.23397141683674250     
  0.23397141684128817     
  0.23544393468019054     
  0.23544393468557789     
  0.23692118088355607     
  0.23692118088675304     
  0.23840315543250371     
  0.23840315543676580     
  0.23988985831831061     
  0.23988985832231163     
  0.24138128952789475     
  0.24138128953479232     
  0.24287744905507072     
  0.24287744905905503     
  0.24437833688482369     
  0.24437833688911190     
  0.24588395300805771     
  0.24588395301338503     
  0.24739429741414137     
  0.24739429742215494     
  0.24890937009630801     
  0.24890937010215375     
  0.25042917104152213     
  0.25042917104669360     
  0.25195370023921870     
  0.25195370024692049     
  0.25348295768272350     
  0.25348295769039048     
  0.25501694336234965     
  0.25501694336796510     
  0.25655565726720975     
  0.25655565727199492     
  0.25809909938920589     
  0.25809909939232428     
  0.25964726971820856     
  0.25964726972110763     
  0.26120016824563058     
  0.26120016824923059     
  0.26275779496476681     
  0.26275779496596324     
  0.26432014986309216     
  0.26432014986665986     
  0.26588723293605782     
  0.26588723293895472     
  0.26745904417359673     
  0.26745904417625826     
  0.26903558356829327     
  0.26903558356957458     
  0.27061685111020617     
  0.27061685111268097     
  0.27220284679266810     
  0.27220284679631951     
  0.27379357060852466     
  0.27379357061195492     
  0.27538902254986830     
  0.27538902255203906     
  0.27698920260667742     
  0.27698920261136450     
  0.27859411077420371     
  0.27859411077967372     
  0.28020374704559614     
  0.28020374704903145     
  0.28181811141015384     
  0.28181811141557145     
  0.28343720386392701     
  0.28343720386888593     
  0.28506102439823289     
  0.28506102440350695     
  0.28668957300620207     
  0.28668957301236242     
  0.28832284968213434     
  0.28832284968740812     
  0.28996085441855474     
  0.28996085442257513     
  0.29160358720808505     
  0.29160358721189167     
  0.29325104804499547     
  0.29325104804792829     
  0.29490323692284837     
  0.29490323692415210     
  0.29656015383411949     
  0.29656015383529860     
  0.29822179877248511     
  0.29822179877508853     
  0.29988817173373544     
  0.29988817173530447     
  0.30155927271030269     
  0.30155927271126198     
  0.30323510169611095     
  0.30323510169695900     
  0.30491565868465170     
  0.30491565868699400     
  0.30660094367257362     
  0.30660094367297575     
  0.30829095665104533     
  0.30829095665215639     
  0.30998569761535433     
  0.30998569761783112     
  0.31168516656086570     
  0.31168516656337580     
  0.31338936348031249     
  0.31338936348495122     
  0.31509828837100884     
  0.31509828837429638     
  0.31681194122513118     
  0.31681194122843354     
  0.31853032203783943     
  0.31853032204155229     
  0.32025343080399621     
  0.32025343080828261     
  0.32198126751877637     
  0.32198126752308937     
  0.32371383217697691     
  0.32371383218095356     
  0.32545112477312277     
  0.32545112477726779     
  0.32719314530304311     
  0.32719314530625704     
  0.32893989376083432     
  0.32893989376401328     
  0.33069137014292205     
  0.33069137014443212     
  0.33244757444276901     
  0.33244757444450052     
  0.33420850665752233     
  0.33420850665765012     
  0.33597416677992203     
  0.33597416678184461     
  0.33774455480881727     
  0.33774455480906446     
  0.33951967073680106     
  0.33951967073766509     
  0.34129951456078861     
  0.34129951456180091     
  0.34308408627613740     
  0.34308408627730425     
  0.34487338587860805     
  0.34487338587971633     
  0.34666741336382273     
  0.34666741336483570     
  0.34846616872701974     
  0.34846616872895336     
  0.35026965196456150     
  0.35026965196734877     
  0.35207786307308786     
  0.35207786307513295     
  0.35389080204696771     
  0.35389080204979440     
  0.35570846888321483     
  0.35570846888628416     
  0.35753086357783931     
  0.35753086358066000     
  0.35935798612627767     
  0.35935798612965342     
  0.36118983652566289     
  0.36118983652840497     
  0.36302641477108782     
  0.36302641477419062     
  0.36486772085937347     
  0.36486772086265651     
  0.36671375478709067     
  0.36671375478979751     
  0.36856451655092570     
  0.36856451655158484     
  0.37042000614489057     
  0.37042000614675924     
  0.37228022356779600     
  0.37228022356935431     
  0.37414516881574733     
  0.37414516881619975     
  0.37601484188399092     
  0.37601484188507101     
  0.37788924277021640     
  0.37788924277139180     
  0.37976837147083981     
  0.37976837147194320     
  0.38165222798219672     
  0.38165222798367499     
  0.38354081230172471     
  0.38354081230251302     
  0.38543412442525821     
  0.38543412442607511     
  0.38733216434982970     
  0.38733216435085932     
  0.38923493207226173     
  0.38923493207365423     
  0.39114242758967915     
  0.39114242759102447     
  0.39305465089845903     
  0.39305465090036124     
  0.39497160199565445     
  0.39497160199845871     
  0.39689328087932929     
  0.39689328088116993     
  0.39881968754511482     
  0.39881968754686020     
  0.40075082199014067     
  0.40075082199246764     
  0.40268668421183551     
  0.40268668421470488     
  0.40462727420802558     
  0.40462727420995709     
  0.40657259197490075     
  0.40657259197631412     
  0.40852263750933443     
  0.40852263751125611     
  0.41047741080938172     
  0.41047741081114619     
  0.41243691187218828     
  0.41243691187332410     
  0.41440114069484973     
  0.41440114069524892     
  0.41637009727403512     
  0.41637009727486712     
  0.41834378160789126     
  0.41834378160871566     
  0.42032219369312751     
  0.42032219369483043     
  0.42230533352834976     
  0.42230533352941213     
  0.42429320110987306     
  0.42429320111101715     
  0.42628579643556869     
  0.42628579643670400     
  0.42828311950296849     
  0.42828311950393033     
  0.43028517030980235     
  0.43028517031001873     
  0.43229194885243505     
  0.43229194885370853     
  0.43430345512968466     
  0.43430345513134716     
  0.43631968913922903     
  0.43631968914047869     
  0.43834065087810847     
  0.43834065087933932     
  0.44036634034397149     
  0.44036634034561384     
  0.44239675753476954     
  0.44239675753673585     
  0.44443190244887787     
  0.44443190244977177     
  0.44647177508248642     
  0.44647177508402092     
  0.44851637543440637     
  0.44851637543622275     
  0.45056570350271447     
  0.45056570350388941     
  0.45261975928458814     
  0.45261975928549475     
  0.45467854277790359     
  0.45467854277885711     
  0.45674205398108486     
  0.45674205398130141     
  0.45881029289090008     
  0.45881029289184794     
  0.46088325950643066     
  0.46088325950725789     
  0.46296095382498931     
  0.46296095382611424     
  0.46504337584490613     
  0.46504337584601846     
  0.46713052556392659     
  0.46713052556519996     
  0.46922240298030510     
  0.46922240298143414     
  0.47131900809158800     
  0.47131900809326355     
  0.47342034089698670     
  0.47342034089756624     
  0.47552640139316688     
  0.47552640139385871     
  0.47763718957887735     
  0.47763718957956602     
  0.47975270545212251     
  0.47975270545296733     
  0.48187294901091859     
  0.48187294901233435     
  0.48399792025428034     
  0.48399792025491800     
  0.48612761917915281     
  0.48612761918016367     
  0.48826204578466970     
  0.48826204578541693     
  0.49040120006835686     
  0.49040120006951582     
  0.49254508202916375     
  0.49254508203001712     
  0.49469369166466381     
  0.49469369166587268     
  0.49684702897416572     
  0.49684702897439442     
