   1.1905159806548369E-004
   1.1905159834444034E-004
   1.3307240864207932E-004
   1.3307240977896163E-004
   3.4564451154535944E-004
   3.4564451228528015E-004
   3.9125721186781143E-004
   3.9125721203734113E-004
   5.5057993462016689E-004
   5.5057993480082251E-004
   6.1576501476447588E-004
   6.1576501536857620E-004
   7.2477663645523173E-004
   7.2477663663202683E-004
   7.9281328059907703E-004
   7.9281328083952174E-004
   8.7264491322876724E-004
   8.7264491339813469E-004
   9.6588260175311852E-004
   9.6588260208440343E-004
   1.0689726072782022E-003
   1.0689726077102609E-003
   1.1813252581396570E-003
   1.1813252587448966E-003
   1.3003238369923894E-003
   1.3003238376438949E-003
   1.4254146525829493E-003
   1.4254146531212507E-003
   1.5555943735230016E-003
   1.5555943744503518E-003
   1.6903676017022409E-003
   1.6903676027695404E-003
   1.8291053995069671E-003
   1.8291054004539932E-003
   1.9713219289754428E-003
   1.9713219301366481E-003
   2.1165182097871186E-003
   2.1165182114898269E-003
   2.2642745964269843E-003
   2.2642745981219284E-003
   2.4141569821647456E-003
   2.4141569834863932E-003
   2.5657612584944049E-003
   2.5657612604801047E-003
   2.7186589272912144E-003
   2.7186589332112315E-003
   2.8724309339269879E-003
   2.8724309580412653E-003
   3.0266551129302858E-003
   3.0266552139221778E-003
   3.1809389043232611E-003
   3.1809393170427083E-003
   3.3349346232272228E-003
   3.3349362544089684E-003
   3.4883633575463749E-003
   3.4883695561544891E-003
   3.6409905954406670E-003
   3.6410131257413195E-003
   3.7926108137074643E-003
   3.7926887909684485E-003
   3.9429562651042633E-003
   3.9432120715995117E-003
   4.0916676411669002E-003
   4.0924593070920355E-003
   4.2381334912968355E-003
   4.2404332061728410E-003
   4.3811268399334665E-003
   4.3873543165376377E-003
   4.5182644795597809E-003
   4.5337562498704654E-003
   4.6463270972145164E-003
   4.6805825691875417E-003
   4.7650685974693465E-003
   4.8291675294014043E-003
   4.8822513597771445E-003
   4.9810120331880391E-003
   5.0091312992989294E-003
   5.1374256387307776E-003
   5.1506325504715308E-003
   5.2993022427026458E-003
   5.3050953673824570E-003
   5.4671095006866956E-003
   5.4695725882052525E-003
   5.6409793458884394E-003
   5.6420531522701281E-003
   5.8208577691936060E-003
   5.8213895404917717E-003
   6.0066112870434136E-003
   6.0069263472513163E-003
   6.1980761526901186E-003
   6.1982763567648719E-003
   6.3950832815540251E-003
   6.3952028828020953E-003
   6.5974785250544213E-003
   6.5975493460311277E-003
   6.8051408946328161E-003
   6.8051918815266758E-003
   7.0179801048257332E-003
   7.0180235827078628E-003
   7.2359197847278430E-003
   7.2359592624708273E-003
   7.4588942448384366E-003
   7.4589303788501586E-003
   7.6868467584230932E-003
   7.6868808148560569E-003
   7.9197316502447341E-003
   7.9197604283318835E-003
   8.1575061665089630E-003
   8.1575299073997892E-003
   8.4001357023569655E-003
   8.4001530366265113E-003
   8.6475883422138348E-003
   8.6476002060019673E-003
   8.8998358645541089E-003
   8.8998458672923976E-003
   9.1568563128985158E-003
   9.1568647329190647E-003
   9.4186283119085078E-003
   9.4186364663903441E-003
   9.6851332328195712E-003
   9.6851427065160096E-003
   9.9563557256244686E-003
   9.9563658680052441E-003
   1.0232281180912886E-002
   1.0232291126148553E-002
   1.0512896108151031E-002
   1.0512905576111731E-002
   1.0798189200534988E-002
   1.0798196779004229E-002
   1.1088149039493957E-002
   1.1088154728145935E-002
   1.1382765289201383E-002
   1.1382770374410173E-002
   1.1682030286038037E-002
   1.1682033796998514E-002
   1.1985935528488681E-002
   1.1985937507547449E-002
   1.2294473440789789E-002
   1.2294474508667200E-002
   1.2607637393470362E-002
   1.2607638119193293E-002
   1.2925421232562129E-002
   1.2925422310792755E-002
   1.3247819234002449E-002
   1.3247821636369138E-002
   1.3574827098408305E-002
   1.3574830132559140E-002
   1.3906439913336649E-002
   1.3906443267149831E-002
   1.4242653412784871E-002
   1.4242656599923588E-002
   1.4583463388180142E-002
   1.4583466301213705E-002
   1.4928865938535835E-002
   1.4928868839265162E-002
   1.5278858012238525E-002
   1.5278860382874281E-002
   1.5633436116554513E-002
   1.5633438042355282E-002
   1.5992597357377247E-002
   1.5992598785544598E-002
   1.6356339002802478E-002
   1.6356339834593940E-002
   1.6724658130452947E-002
   1.6724658983087587E-002
   1.7097552614418789E-002
   1.7097553577123246E-002
   1.7475020415202235E-002
   1.7475021196556802E-002
   1.7857059214358154E-002
   1.7857059994358545E-002
   1.8243667009984865E-002
   1.8243668077606880E-002
   1.8634842235983679E-002
   1.8634843366926480E-002
   1.9030583118087790E-002
   1.9030584221131151E-002
   1.9430887964583386E-002
   1.9430889128940702E-002
   1.9835755411495154E-002
   1.9835756447807915E-002
   2.0245183986610855E-002
   2.0245184825321484E-002
   2.0659172242071006E-002
   2.0659173053316424E-002
   2.1077718971012769E-002
   2.1077719839070839E-002
   2.1500823137121452E-002
   2.1500823864625044E-002
   2.1928483497905472E-002
   2.1928484153308583E-002
   2.2360699085490907E-002
   2.2360699579586019E-002
   2.2797468764329028E-002
   2.2797469302751894E-002
   2.3238791700616480E-002
   2.3238792289602548E-002
   2.3684667012840804E-002
   2.3684667656606369E-002
   2.4135093866903726E-002
   2.4135094568069042E-002
   2.4590071531155756E-002
   2.4590072174902618E-002
   2.5049599229380704E-002
   2.5049599755918580E-002
   2.5513676169995107E-002
   2.5513676683336851E-002
   2.5982301775809763E-002
   2.5982302188124192E-002
   2.6455475356474276E-002
   2.6455475683012899E-002
   2.6933196285132105E-002
   2.6933196581635583E-002
   2.7415463977244040E-002
   2.7415464315796102E-002
   2.7902278028666783E-002
   2.7902278193761443E-002
   2.8393637730049933E-002
   2.8393637882489928E-002
   2.8889542621130374E-002
   2.8889542850197666E-002
   2.9389992320710139E-002
   2.9389992533455526E-002
   2.9894986296963622E-002
   2.9894986564156029E-002
   3.0404524144842529E-002
   3.0404524489566397E-002
   3.0918605484673761E-002
   3.0918605871356024E-002
   3.1437229903062587E-002
   3.1437230342477702E-002
   3.1960397023625249E-002
   3.1960397534359843E-002
   3.2488106602880262E-002
   3.2488106979078633E-002
   3.3020358184322966E-002
   3.3020358453465910E-002
   3.3557151458336772E-002
   3.3557151617498809E-002
   3.4098486094625069E-002
   3.4098486180272586E-002
   3.4644361771997687E-002
   3.4644361868720448E-002
   3.5194778250620361E-002
   3.5194778353958164E-002
   3.5749735270190326E-002
   3.5749735351792711E-002
   3.6309232539320647E-002
   3.6309232632098246E-002
   3.6873269832132856E-002
   3.6873269921058049E-002
   3.7441846875486462E-002
   3.7441847012840541E-002
   3.8014963470416233E-002
   3.8014963647129633E-002
   3.8592619394827700E-002
   3.8592619605458185E-002
   3.9174814455316162E-002
   3.9174814658471634E-002
   3.9761548411815562E-002
   3.9761548640417754E-002
   4.0352821103927974E-002
   4.0352821322002026E-002
   4.0948632349599098E-002
   4.0948632510942225E-002
   4.1548981910517056E-002
   4.1548982085844989E-002
   4.2153869662826325E-002
   4.2153869824804853E-002
   4.2763295442287137E-002
   4.2763295559596765E-002
   4.3377259066626601E-002
   4.3377259152711178E-002
   4.3995760358136043E-002
   4.3995760474177144E-002
   4.4618799215528533E-002
   4.4618799329154718E-002
   4.5246375467805279E-002
   4.5246375603548522E-002
   4.5878489011821899E-002
   4.5878489125948815E-002
   4.6515139707430396E-002
   4.6515139772021916E-002
   4.7156327378098939E-002
   4.7156327463446786E-002
   4.7802051939251140E-002
   4.7802052039156363E-002
   4.8452313262975534E-002
   4.8452313390228749E-002
   4.9107111248244593E-002
   4.9107111389289158E-002
   4.9766445801404456E-002
   4.9766445909659909E-002
   5.0430316792457776E-002
   5.0430316868736565E-002
   5.1098724105906879E-002
   5.1098724176819620E-002
   5.1771667657553838E-002
   5.1771667720003967E-002
   5.2449147350091811E-002
   5.2449147404295619E-002
   5.3131163073558502E-002
   5.3131163154876170E-002
   5.3817714778480609E-002
   5.3817714842693667E-002
   5.4508802347670360E-002
   5.4508802412411371E-002
   5.5204425692298421E-002
   5.5204425786093254E-002
   5.5904584758608308E-002
   5.5904584856259175E-002
   5.6609279461603060E-002
   5.6609279551978323E-002
   5.7318509706085756E-002
   5.7318509817620190E-002
   5.8032275450497842E-002
   5.8032275548815009E-002
   5.8750576615860882E-002
   5.8750576683321939E-002
   5.9473413113580599E-002
   5.9473413173042784E-002
   6.0200784891155788E-002
   6.0200784938139566E-002
   6.0932691886761134E-002
   6.0932691912285480E-002
   6.1669134018125675E-002
   6.1669134053626645E-002
   6.2410111245674672E-002
   6.2410111281490308E-002
   6.3155623513646633E-002
   6.3155623535121719E-002
   6.3905670744394738E-002
   6.3905670779243307E-002
   6.4660252899318801E-002
   6.4660252942991797E-002
   6.5419369918938902E-002
   6.5419369979716632E-002
   6.6183021767592165E-002
   6.6183021822160917E-002
   6.6951208382784802E-002
   6.6951208432994055E-002
   6.7723929711597422E-002
   6.7723929768293667E-002
   6.8501185703716896E-002
   6.8501185784408822E-002
   6.9282976338628025E-002
   6.9282976410664623E-002
   7.0069301554238628E-002
   7.0069301620638555E-002
   7.0860161311570274E-002
   7.0860161367377494E-002
   7.1655555572296623E-002
   7.1655555605767293E-002
   7.2455484288676472E-002
   7.2455484302514139E-002
   7.3259947407869314E-002
   7.3259947431746103E-002
   7.4068944911909310E-002
   7.4068944934958483E-002
   7.4882476762119468E-002
   7.4882476776524085E-002
   7.5700542906744148E-002
   7.5700542935986437E-002
   7.6523143332160898E-002
   7.6523143356778595E-002
   7.7350277995031844E-002
   7.7350278014001989E-002
   7.8181946853445594E-002
   7.8181946883221415E-002
   7.9018149883200939E-002
   7.9018149924117778E-002
   7.9858887055935426E-002
   7.9858887102298534E-002
   8.0704158337668960E-002
   8.0704158390697806E-002
   8.1553963706915741E-002
   8.1553963751407471E-002
   8.2408303123623780E-002
   8.2408303166684585E-002
   8.3267176567137779E-002
   8.3267176600937007E-002
   8.4130584005066913E-002
   8.4130584031805442E-002
   8.4998525412159173E-002
   8.4998525431242533E-002
   8.5871000758335383E-002
   8.5871000777431608E-002
   8.6748010024624997E-002
   8.6748010038806930E-002
   8.7629553175056440E-002
   8.7629553202121069E-002
   8.8515630195314707E-002
   8.8515630233745507E-002
   8.9406241072011658E-002
   8.9406241100362494E-002
   9.0301385767387540E-002
   9.0301385794221936E-002
   9.1201064262623310E-002
   9.1201064289796227E-002
   9.2105276538531247E-002
   9.2105276563051092E-002
   9.3014022572225408E-002
   9.3014022594743534E-002
   9.3927302339538554E-002
   9.3927302367968063E-002
   9.4845115827019599E-002
   9.4845115856132284E-002
   9.5767463018284649E-002
   9.5767463036570522E-002
   9.6694343885914039E-002
   9.6694343898620708E-002
   9.7625758408851196E-002
   9.7625758426194864E-002
   9.8561706578461861E-002
   9.8561706591692375E-002
   9.9502188367997263E-002
   9.9502188386511620E-002
  0.10044720376568830     
  0.10044720378792656     
  0.10139675275552999     
  0.10139675277828251     
  0.10235083531927126     
  0.10235083534297784     
  0.10330945144175420     
  0.10330945146510238     
  0.10427260110450276     
  0.10427260113182923     
  0.10524028429668968     
  0.10524028432342172     
  0.10621250100163630     
  0.10621250102671546     
  0.10718925120478109     
  0.10718925122712868     
  0.10817053489005332     
  0.10817053491226913     
  0.10915635204863809     
  0.10915635206314969     
  0.11014670266166224     
  0.11014670267148355     
  0.11114158671530501     
  0.11114158672455796     
  0.11214100419924908     
  0.11214100420676264     
  0.11314495510088256     
  0.11314495510537426     
  0.11415343940572852     
  0.11415343941010950     
  0.11516645709938932     
  0.11516645711116445     
  0.11618400817923191     
  0.11618400818751400     
  0.11720609262253556     
  0.11720609263875215     
  0.11823271042700720     
  0.11823271044455924     
  0.11926386157974724     
  0.11926386159572411     
  0.12029954606584763     
  0.12029954608553167     
  0.12133976387662297     
  0.12133976390152076     
  0.12238451500557986     
  0.12238451502950028     
  0.12343379944083774     
  0.12343379946111667     
  0.12448761717288735     
  0.12448761718608482     
  0.12554596819025418     
  0.12554596819651129     
  0.12660885248117681     
  0.12660885248520790     
  0.12767627003802207     
  0.12767627004126109     
  0.12874822085024010     
  0.12874822085707299     
  0.12982470491141349     
  0.12982470492129522     
  0.13090572221535055     
  0.13090572222273170     
  0.13199127274807138     
  0.13199127275833875     
  0.13308135650414316     
  0.13308135651688191     
  0.13417597347773461     
  0.13417597348787638     
  0.13527512365694819     
  0.13527512366723829     
  0.13637880703370409     
  0.13637880704739969     
  0.13748702360215923     
  0.13748702361887724     
  0.13859977335897469     
  0.13859977336999788     
  0.13971705628951650     
  0.13971705630069114     
  0.14083887238895085     
  0.14083887240138498     
  0.14196522165334891     
  0.14196522166189443     
  0.14309610407151196     
  0.14309610407958967     
  0.14423151963825509     
  0.14423151964610489     
  0.14537146834699582     
  0.14537146835474302     
  0.14651595018958871     
  0.14651595020063482     
  0.14766496516190003     
  0.14766496517515748     
  0.14881851325875819     
  0.14881851327098003     
  0.14997659447334610     
  0.14997659448266051     
  0.15113920879858728     
  0.15113920880525963     
  0.15230635622703395     
  0.15230635623444283     
  0.15347803675321514     
  0.15347803676412825     
  0.15465425037503322     
  0.15465425038508501     
  0.15583499708507520     
  0.15583499709361731     
  0.15702027687720388     
  0.15702027688496478     
  0.15821008974785392     
  0.15821008975200743     
  0.15940443568908988     
  0.15940443569219642     
  0.16060331469645392     
  0.16060331469970709     
  0.16180672676411756     
  0.16180672677027796     
  0.16301467189043914     
  0.16301467189565289     
  0.16422715006691530     
  0.16422715007462402     
  0.16544416129083905     
  0.16544416130036677     
  0.16666570555895563     
  0.16666570556678412     
  0.16789178286267173     
  0.16789178287329057     
  0.16912239320041988     
  0.16912239321244546     
  0.17035753656858113     
  0.17035753657902558     
  0.17159721296113481     
  0.17159721297037139     
  0.17284142237436784     
  0.17284142238167624     
  0.17409016480370065     
  0.17409016480915351     
  0.17534344024546719     
  0.17534344024825665     
  0.17660124869420069     
  0.17660124869638819     
  0.17786359014682609     
  0.17786359014870443     
  0.17913046459925289     
  0.17913046460151946     
  0.18040187204851305     
  0.18040187205016445     
  0.18167781248873330     
  0.18167781249301232     
  0.18295828591767310     
  0.18295828592493582     
  0.18424329233402109     
  0.18424329234001077     
  0.18553283173184673     
  0.18553283173705798     
  0.18682690410694644     
  0.18682690411329755     
  0.18812550945683451     
  0.18812550946435472     
  0.18942864777882662     
  0.18942864778617219     
  0.19073631906814970     
  0.19073631907689950     
  0.19204852332271208     
  0.19204852333211908     
  0.19336526054102873     
  0.19336526054691985     
  0.19468653071741177     
  0.19468653072070391     
  0.19601233384778943     
  0.19601233385136513     
  0.19734266993135666     
  0.19734266993363575     
  0.19867753896307508     
  0.19867753896658516     
  0.20001694094146072     
  0.20001694094583053     
  0.20136087586391538     
  0.20136087586820220     
  0.20270934372723148     
  0.20270934373123656     
  0.20406234452859812     
  0.20406234453217056     
  0.20541987826484648     
  0.20541987826869074     
  0.20678194493307900     
  0.20678194493830329     
  0.20814854453140702     
  0.20814854453759923     
  0.20951967705754576     
  0.20951967706364963     
  0.21089534250830005     
  0.21089534251452297     
  0.21227554088217740     
  0.21227554088667144     
  0.21366027217552264     
  0.21366027217879149     
  0.21504953638559929     
  0.21504953638874152     
  0.21644333351028069     
  0.21644333351385067     
  0.21784166354835521     
  0.21784166355061071     
  0.21924452649564871     
  0.21924452649855281     
  0.22065192235005157     
  0.22065192235521855     
  0.22206385111148508     
  0.22206385111619215     
  0.22348031277549676     
  0.22348031278150335     
  0.22490130734146094     
  0.22490130734742669     
  0.22632683480758853     
  0.22632683481146926     
  0.22775689517006789     
  0.22775689517322864     
  0.22919148842654727     
  0.22919148843090925     
  0.23063061457668432     
  0.23063061458077283     
  0.23207427361821983     
  0.23207427362106048     
  0.23352246554802983     
  0.23352246555094172     
  0.23497519036531878     
  0.23497519036732065     
  0.23643244806756022     
  0.23643244806889258     
  0.23789423865231957     
  0.23789423865431925     
  0.23936056211871018     
  0.23936056212077486     
  0.24083141846374095     
  0.24083141846759334     
  0.24230680768752563     
  0.24230680769106186     
  0.24378672978720403     
  0.24378672979049684     
  0.24527118476039933     
  0.24527118476478471     
  0.24676017260670255     
  0.24676017261089814     
  0.24825369332379510     
  0.24825369332777100     
  0.24975174690956814     
  0.24975174691417953     
  0.25125433336268610     
  0.25125433336817604     
  0.25276145268311567     
  0.25276145268656108     
  0.25427310486710653     
  0.25427310486990146     
  0.25578928991336441     
  0.25578928991635375     
  0.25731000782175550     
  0.25731000782296209     
  0.25883525858935263     
  0.25883525858961060     
  0.26036504221426593     
  0.26036504221519041     
  0.26189935869632602     
  0.26189935869691605     
  0.26343820803321383     
  0.26343820803419665     
  0.26498159022329509     
  0.26498159022579959     
  0.26652950526642227     
  0.26652950526904745     
  0.26808195316043998     
  0.26808195316330929     
  0.26963893390405397     
  0.26963893390713822     
  0.27120044749588407     
  0.27120044749920996     
  0.27276649393434510     
  0.27276649393844510     
  0.27433707321868012     
  0.27433707322297490     
  0.27591218534781392     
  0.27591218535128809     
  0.27749183031960906     
  0.27749183032297037     
  0.27907600813387595     
  0.27907600813569805     
  0.28066471878839672     
  0.28066471878921012     
  0.28225796228161748     
  0.28225796228261935     
  0.28385573861242119     
  0.28385573861463287     
  0.28545804778104661     
  0.28545804778263828     
  0.28706488978470618     
  0.28706488978708555     
  0.28867626462302776     
  0.28867626462603752     
  0.29029217229565268     
  0.29029217229757720     
  0.29191261280005143     
  0.29191261280199327     
  0.29353758613542680     
  0.29353758613787073     
  0.29516709230103977     
  0.29516709230376675     
  0.29680113129607655     
  0.29680113129834768     
  0.29843970311863599     
  0.29843970312139134     
  0.30008280776856905     
  0.30008280777095642     
  0.30173044524453241     
  0.30173044524632497     
  0.30338261554510171     
  0.30338261554688589     
  0.30503931866950335     
  0.30503931867140777     
  0.30670055461693846     
  0.30670055461870882     
  0.30836632338630071     
  0.30836632338794578     
  0.31003662497649864     
  0.31003662497828538     
  0.31171145938616623     
  0.31171145938919242     
  0.31339082661565876     
  0.31339082661843914     
  0.31507472666352110     
  0.31507472666563335     
  0.31676315952828044     
  0.31676315953042405     
  0.31845612520935396     
  0.31845612521159578     
  0.32015362370611922     
  0.32015362370799577     
  0.32185565501722180     
  0.32185565501922780     
  0.32356221914179489     
  0.32356221914443117     
  0.32527331608007748     
  0.32527331608166088     
  0.32698894583031379     
  0.32698894583099120     
  0.32870910839137502     
  0.32870910839189166     
  0.33043380376258380     
  0.33043380376340153     
  0.33216303194375124     
  0.33216303194409175     
  0.33389679293292540     
  0.33389679293431990     
  0.33563508673030062     
  0.33563508673231679     
  0.33737791333539702     
  0.33737791333700939     
  0.33912527274655502     
  0.33912527274852111     
  0.34087716496345505     
  0.34087716496565945     
  0.34263358998524801     
  0.34263358998777776     
  0.34439454781138823     
  0.34439454781394752     
  0.34616003844106735     
  0.34616003844352139     
  0.34793006187354369     
  0.34793006187580183     
  0.34970461810833997     
  0.34970461810984904     
  0.35148370714442057     
  0.35148370714529559     
  0.35326732898088015     
  0.35326732898166474     
  0.35505548361720746     
  0.35505548361810230     
  0.35684817105294353     
  0.35684817105371908     
  0.35864539128740902     
  0.35864539128786260     
  0.36044714431933078     
  0.36044714432049241     
  0.36225343014893868     
  0.36225343015007994     
  0.36406424877519972     
  0.36406424877637639     
  0.36587960019721194     
  0.36587960019901766     
  0.36769948441507999     
  0.36769948441665223     
  0.36952390142782210     
  0.36952390142902364     
  0.37135285123429118     
  0.37135285123606226     
  0.37318633383434147     
  0.37318633383670918     
  0.37502434922793837     
  0.37502434922981126     
  0.37686689741361501     
  0.37686689741565799     
  0.37871397839136073     
  0.37871397839310256     
  0.38056559216063240     
  0.38056559216154351     
  0.38242173872027724     
  0.38242173872099888     
  0.38428241806994956     
  0.38428241807069752     
  0.38614763020893833     
  0.38614763021024828     
  0.38801737513731704     
  0.38801737513848517     
  0.38989165285420629     
  0.38989165285520866     
  0.39177046335898469     
  0.39177046335997695     
  0.39365380665108279     
  0.39365380665230737     
  0.39554168273038448     
  0.39554168273127760     
  0.39743409159572035     
  0.39743409159702886     
  0.39933103324686436     
  0.39933103324877389     
  0.40123250768381979     
  0.40123250768550650     
  0.40313851490589303     
  0.40313851490692970     
  0.40504905491195703     
  0.40504905491319493     
  0.40696412770218049     
  0.40696412770316132     
  0.40888373327585503     
  0.40888373327658567     
  0.41080787163224969     
  0.41080787163325327     
  0.41273654277115046     
  0.41273654277244437     
  0.41466974669249385     
  0.41466974669330164     
  0.41660748339495640     
  0.41660748339623682     
  0.41854975287858659     
  0.41854975288029755     
  0.42049655514323386     
  0.42049655514474871     
  0.42244789018810536     
  0.42244789018950180     
  0.42440375801288738     
  0.42440375801399843     
  0.42636415861692373     
  0.42636415861804017     
  0.42832909199999358     
  0.42832909200099273     
  0.43029855816153517     
  0.43029855816257878     
  0.43227255710122597     
  0.43227255710229306     
  0.43425108881867297     
  0.43425108881970848     
  0.43623415331354681     
  0.43623415331433862     
  0.43822175058531143     
  0.43822175058592083     
  0.44021388063342670     
  0.44021388063420208     
  0.44221054345773353     
  0.44221054345855521     
  0.44421173905782507     
  0.44421173905861361     
  0.44621746743300145     
  0.44621746743431073     
  0.44822772858354426     
  0.44822772858460724     
  0.45024252250876839     
  0.45024252250944108     
  0.45226184920780427     
  0.45226184920893520     
  0.45428570868073664     
  0.45428570868227636     
  0.45631410092749247     
  0.45631410092881974     
  0.45834702594724486     
  0.45834702594866894     
  0.46038448373979030     
  0.46038448374130808     
  0.46242647430516254     
  0.46242647430603001     
  0.46447299764242955     
  0.46447299764306199     
  0.46652405375132416     
  0.46652405375196060     
  0.46857964263170809     
  0.46857964263224589     
  0.47063976428319648     
  0.47063976428360121     
  0.47270441870525970     
  0.47270441870583113     
