   1.8065400721498559E-004
   1.8065419433620043E-004
   6.3078040762250688E-004
   6.3078040973062459E-004
   1.1744712928184013E-003
   1.1744712933183916E-003
   1.7356033917353556E-003
   1.7356034359325067E-003
   2.3181731558570111E-003
   2.3181731782560837E-003
   2.9075415373570261E-003
   2.9075415795898553E-003
   3.5011889836210788E-003
   3.5011889994887128E-003
   4.0958978110822008E-003
   4.0958979073179736E-003
   4.6906470925340308E-003
   4.6906471072778195E-003
   5.2836982789099428E-003
   5.2836983358608780E-003
   5.8742468437933881E-003
   5.8742468444998152E-003
   6.4604183963472709E-003
   6.4604184202823652E-003
   7.0410093497541570E-003
   7.0410093534293890E-003
   7.6159457987280193E-003
   7.6159458430768321E-003
   8.1847423752868381E-003
   8.1847423880428358E-003
   8.7468607923577597E-003
   8.7468608315355370E-003
   9.3013006010537816E-003
   9.3013006145933712E-003
   9.8476130468499387E-003
   9.8476130854490453E-003
   1.0385021903501757E-002
   1.0385021904926947E-002
   1.0912987858255601E-002
   1.0912987873276133E-002
   1.1430743630238186E-002
   1.1430743646204214E-002
   1.1937930178297841E-002
   1.1937930185404582E-002
   1.2434151673436132E-002
   1.2434151687959383E-002
   1.2919434318374133E-002
   1.2919434318764505E-002
   1.3393671872889328E-002
   1.3393671885807052E-002
   1.3856902711774250E-002
   1.3856902713304588E-002
   1.4308806908260654E-002
   1.4308806911495199E-002
   1.4749121899603045E-002
   1.4749121902373010E-002
   1.5177523425247865E-002
   1.5177523425558934E-002
   1.5594177387305622E-002
   1.5594177395923527E-002
   1.5999458219670401E-002
   1.5999458220664828E-002
   1.6393959168255801E-002
   1.6393959180037398E-002
   1.6778039341304223E-002
   1.6778039344746129E-002
   1.7152037092581798E-002
   1.7152037094435135E-002
   1.7516183607913627E-002
   1.7516183614031205E-002
   1.7870828005304363E-002
   1.7870828007467719E-002
   1.8216165272005622E-002
   1.8216165281925649E-002
   1.8552294170112310E-002
   1.8552294177483910E-002
   1.8879046988869483E-002
   1.8879047003107028E-002
   1.9196187502575450E-002
   1.9196187504603789E-002
   1.9503298835645916E-002
   1.9503298844623772E-002
   1.9800025502152013E-002
   1.9800025503708012E-002
   2.0086082254880126E-002
   2.0086082265186499E-002
   2.0361328486569363E-002
   2.0361328561998685E-002
   2.0625430240952383E-002
   2.0625431009603193E-002
   2.0877795233410268E-002
   2.0877802358489624E-002
   2.1117336771857693E-002
   2.1117396369195511E-002
   2.1342383654767382E-002
   2.1342827177851065E-002
   2.1549603097862195E-002
   2.1552459994557314E-002
   2.1730804312058628E-002
   2.1745693994682083E-002
   2.1872740761700395E-002
   2.1925995241956382E-002
   2.1987536470081705E-002
   2.2102882864412070E-002
   2.2119859029956408E-002
   2.2287384715329969E-002
   2.2289916022069773E-002
   2.2485528276509473E-002
   2.2485863154307544E-002
   2.2698162087557289E-002
   2.2698341686079111E-002
   2.2923934296357178E-002
   2.2924030217296769E-002
   2.3161421378007370E-002
   2.3161473550605161E-002
   2.3409635128733793E-002
   2.3409668327657389E-002
   2.3667851478645818E-002
   2.3667864497589609E-002
   2.3935484888378145E-002
   2.3935506761526382E-002
   2.4212106066631947E-002
   2.4212112770871513E-002
   2.4497317627668533E-002
   2.4497333542015259E-002
   2.4790826298631757E-002
   2.4790839541061333E-002
   2.5092361284775960E-002
   2.5092373813156241E-002
   2.5401701250528479E-002
   2.5401704792976494E-002
   2.5718640354891072E-002
   2.5718645502115528E-002
   2.6043010322440226E-002
   2.6043020414233710E-002
   2.6374664363180641E-002
   2.6374673066785620E-002
   2.6713466435772854E-002
   2.6713470197801806E-002
   2.7059292140192075E-002
   2.7059295626689836E-002
   2.7412033716976657E-002
   2.7412041057685771E-002
   2.7771598021148054E-002
   2.7771604693651562E-002
   2.8137895773968802E-002
   2.8137899179985770E-002
   2.8510842259710741E-002
   2.8510848580399574E-002
   2.8890369352364536E-002
   2.8890374400886404E-002
   2.9276407589917675E-002
   2.9276411870096015E-002
   2.9668894412004324E-002
   2.9668900302830533E-002
   3.0067774898291811E-002
   3.0067781164050452E-002
   3.0472995893203587E-002
   3.0473002912865074E-002
   3.0884511375560853E-002
   3.0884514739703644E-002
   3.1302272587901157E-002
   3.1302275659516300E-002
   3.1726239840764267E-002
   3.1726242027362996E-002
   3.2156373372513307E-002
   3.2156376080931720E-002
   3.2592637707379732E-002
   3.2592641055314890E-002
   3.3034999809901613E-002
   3.3035002561608372E-002
   3.3483426959210472E-002
   3.3483430297606649E-002
   3.3937890411111768E-002
   3.3937894015571388E-002
   3.4398362612553565E-002
   3.4398365976589865E-002
   3.4864817149814153E-002
   3.4864820705252604E-002
   3.5337230405915465E-002
   3.5337233064851495E-002
   3.5815578202106006E-002
   3.5815581374679273E-002
   3.6299839979201359E-002
   3.6299843010522213E-002
   3.6789995043245802E-002
   3.6789997961212101E-002
   3.7286024390813410E-002
   3.7286026823649190E-002
   3.7787908976215132E-002
   3.7787912372001041E-002
   3.8295633053340224E-002
   3.8295636066607804E-002
   3.8809179899401532E-002
   3.8809182193826931E-002
   3.9328533102192038E-002
   3.9328536453897424E-002
   3.9853679399237035E-002
   3.9853683007213869E-002
   4.0384605253756797E-002
   4.0384607793103468E-002
   4.0921296280645038E-002
   4.0921299007031647E-002
   4.1463740750320804E-002
   4.1463743507504321E-002
   4.2011926838387628E-002
   4.2011929484043052E-002
   4.2565843233955479E-002
   4.2565845772771338E-002
   4.3125479007288137E-002
   4.3125481918353747E-002
   4.3690824740130828E-002
   4.3690826978423795E-002
   4.4261870002679365E-002
   4.4261871986109050E-002
   4.4838605496701878E-002
   4.4838607750723555E-002
   4.5421022657628228E-002
   4.5421025203431907E-002
   4.6009113519991485E-002
   4.6009115483186917E-002
   4.6602869392534246E-002
   4.6602871216338097E-002
   4.7202282681376030E-002
   4.7202284651229366E-002
   4.7807346060850658E-002
   4.7807348447932087E-002
   4.8418052971113401E-002
   4.8418055143802402E-002
   4.9034396400145751E-002
   4.9034398337034941E-002
   4.9656369911196208E-002
   4.9656371626984969E-002
   5.0283967106024750E-002
   5.0283969120727572E-002
   5.0917182361509807E-002
   5.0917184668140110E-002
   5.1556010184906083E-002
   5.1556012480086240E-002
   5.2200445267694413E-002
   5.2200447049626876E-002
   5.2850482055083303E-002
   5.2850483559093726E-002
   5.3506115439154518E-002
   5.3506117164914553E-002
   5.4167340849028231E-002
   5.4167342886715653E-002
   5.4834153954964951E-002
   5.4834155883703460E-002
   5.5506550195868885E-002
   5.5506551908774591E-002
   5.6184525410425130E-002
   5.6184526660045010E-002
   5.6868074977503624E-002
   5.6868076624093426E-002
   5.7557195546227090E-002
   5.7557197330458700E-002
   5.8251883321865053E-002
   5.8251885051164763E-002
   5.8952134561250494E-002
   5.8952136291531121E-002
   5.9657945790111883E-002
   5.9657947559816148E-002
   6.0369313792992270E-002
   6.0369315364974481E-002
   6.1086235096433482E-002
   6.1086236721811446E-002
   6.1808706657927787E-002
   6.1808708450985135E-002
   6.2536725691507575E-002
   6.2536727342952195E-002
   6.3270289189373330E-002
   6.3270290626418313E-002
   6.4009394222134849E-002
   6.4009395658691903E-002
   6.4754038372415751E-002
   6.4754039483149742E-002
   6.5504218851940355E-002
   6.5504219703675648E-002
   6.6259933121572537E-002
   6.6259933856575665E-002
   6.7021178722831365E-002
   6.7021179571413278E-002
   6.7787953456623140E-002
   6.7787954385009980E-002
   6.8560254998366543E-002
   6.8560256119407734E-002
   6.9338081289885639E-002
   6.9338082483400246E-002
   7.0121430214871466E-002
   7.0121431390813782E-002
   7.0910299723184314E-002
   7.0910300830246714E-002
   7.1704687814053217E-002
   7.1704688876194786E-002
   7.2504592667987200E-002
   7.2504593551733457E-002
   7.3310012305908709E-002
   7.3310013164228791E-002
   7.4120944927600102E-002
   7.4120945961980295E-002
   7.4937388864609392E-002
   7.4937390176622057E-002
   7.5759342634421578E-002
   7.5759343964483389E-002
   7.6586804522243423E-002
   7.6586805820530443E-002
   7.7419772981005164E-002
   7.7419774174290024E-002
   7.8258246442181545E-002
   7.8258247575133624E-002
   7.9102223493888138E-002
   7.9102224510460215E-002
   7.9951702746585404E-002
   7.9951703536436242E-002
   8.0806682737753918E-002
   8.0806683369919141E-002
   8.1667162056991260E-002
   8.1667162760108769E-002
   8.2533139540809736E-002
   8.2533140290638823E-002
   8.3404613929681071E-002
   8.3404614719553696E-002
   8.4281584057629741E-002
   8.4281584786867203E-002
   8.5164048683772905E-002
   8.5164049380289791E-002
   8.6052006650114005E-002
   8.6052007374824033E-002
   8.6945456824757558E-002
   8.6945457687043828E-002
   8.7844398303148177E-002
   8.7844399071455317E-002
   8.8748829962891962E-002
   8.8748830563373182E-002
   8.9658750633262355E-002
   8.9658751307212070E-002
   9.0574159421379377E-002
   9.0574160228186928E-002
   9.1495055466270361E-002
   9.1495056276224174E-002
   9.2421437793098610E-002
   9.2421438569782674E-002
   9.3353305494152147E-002
   9.3353306212997547E-002
   9.4290657670627512E-002
   9.4290658352098641E-002
   9.5233493446266235E-002
   9.5233494160049351E-002
   9.6181812028294872E-002
   9.6181812773951270E-002
   9.7135612673547519E-002
   9.7135613327329048E-002
   9.8094894528767754E-002
   9.8094895108297830E-002
   9.9059656820207523E-002
   9.9059657368495688E-002
  0.10002989880372307     
  0.10002989937157150     
  0.10100561982078053     
  0.10100562033582282     
  0.10198681910512435     
  0.10198681962621402     
  0.10297349600423356     
  0.10297349653166632     
  0.10396564986577131     
  0.10396565037739436     
  0.10496328002395391     
  0.10496328053737199     
  0.10596638584761350     
  0.10596638638514651     
  0.10697496675845011     
  0.10697496727450463     
  0.10798902211052681     
  0.10798902265893887     
  0.10900855135684792     
  0.10900855192406272     
  0.11003355394442817     
  0.11003355449157613     
  0.11106402931410470     
  0.11106402981852263     
  0.11209997690623043     
  0.11209997739069691     
  0.11314139620861149     
  0.11314139667384099     
  0.11418828670213128     
  0.11418828716718592     
  0.11524064791867043     
  0.11524064834472490     
  0.11629847934376898     
  0.11629847975177668     
  0.11736178048624822     
  0.11736178093461050     
  0.11843055092301771     
  0.11843055139491740     
  0.11950479022697451     
  0.11950479066121256     
  0.12058449790822706     
  0.12058449834693559     
  0.12166967357082542     
  0.12166967399306999     
  0.12276031678627157     
  0.12276031719400336     
  0.12385642714384242     
  0.12385642754659783     
  0.12495800424200265     
  0.12495800465818938     
  0.12606504771970101     
  0.12606504811472435     
  0.12717755715521278     
  0.12717755758136831     
  0.12829553223422993     
  0.12829553263388677     
  0.12941897261452101     
  0.12941897289347329     
  0.13054787787406283     
  0.13054787807812154     
  0.13168224765347597     
  0.13168224785971125     
  0.13282208163803097     
  0.13282208188153743     
  0.13396737952705784     
  0.13396737978845549     
  0.13511814099395347     
  0.13511814126643590     
  0.13627436570209261     
  0.13627436602623658     
  0.13743605338176004     
  0.13743605372606413     
  0.13860320372673238     
  0.13860320407459750     
  0.13977581646713985     
  0.13977581675774578     
  0.14095389128571198     
  0.14095389152203464     
  0.14213742786953878     
  0.14213742812248695     
  0.14332642594810774     
  0.14332642628424055     
  0.14452088531178531     
  0.14452088568373189     
  0.14572080569967125     
  0.14572080606051585     
  0.14692618684608486     
  0.14692618717046776     
  0.14813702848419741     
  0.14813702878184176     
  0.14935333036733969     
  0.14935333065367187     
  0.15057509227771068     
  0.15057509252677390     
  0.15180231397718569     
  0.15180231417266163     
  0.15303499521737543     
  0.15303499538321635     
  0.15427313577830751     
  0.15427313593174641     
  0.15551673543689121     
  0.15551673560426726     
  0.15676579398535448     
  0.15676579418081898     
  0.15802031122828555     
  0.15802031143818734     
  0.15928028696562632     
  0.15928028716667736     
  0.16054572097820183     
  0.16054572118435992     
  0.16181661308519513     
  0.16181661327937938     
  0.16309296308402146     
  0.16309296326986736     
  0.16437477076994725     
  0.16437477098411876     
  0.16566203597771223     
  0.16566203621876893     
  0.16695475854894601     
  0.16695475877118440     
  0.16825293828145199     
  0.16825293848999104     
  0.16955657500178711     
  0.16955657520231074     
  0.17086566853893917     
  0.17086566873990777     
  0.17218021873307091     
  0.17218021893027147     
  0.17350022542169247     
  0.17350022561027553     
  0.17482568845343416     
  0.17482568861224324     
  0.17615660765641133     
  0.17615660779542508     
  0.17749298287010515     
  0.17749298301396241     
  0.17883481396268372     
  0.17883481409941723     
  0.18018210078509872     
  0.18018210090653253     
  0.18153484317346910     
  0.18153484331070271     
  0.18289304100064122     
  0.18289304115628019     
  0.18425669414150503     
  0.18425669429112274     
  0.18562580244783655     
  0.18562580259162273     
  0.18700036577609902     
  0.18700036593477823     
  0.18838038401134713     
  0.18838038417416555     
  0.18976585702092463     
  0.18976585718612390     
  0.19115678468832645     
  0.19115678483577397     
  0.19255316687673033     
  0.19255316701337571     
  0.19395500345804464     
  0.19395500360516710     
  0.19536229432910740     
  0.19536229447705888     
  0.19677503938286892     
  0.19677503950335029     
  0.19819323848942988     
  0.19819323858558244     
  0.19961689152620096     
  0.19961689162228735     
  0.20104599838448145     
  0.20104599850230642     
  0.20248055896980011     
  0.20248055910435922     
  0.20392057318998480     
  0.20392057330888061     
  0.20536604093375579     
  0.20536604101933872     
  0.20681696207377231     
  0.20681696215910139     
  0.20827333651906041     
  0.20827333661892447     
  0.20973516417796154     
  0.20973516429391872     
  0.21120244496089149     
  0.21120244508071195     
  0.21267517877583919     
  0.21267517888187271     
  0.21415336551541431     
  0.21415336561878334     
  0.21563700508747555     
  0.21563700520093987     
  0.21712609742221511     
  0.21712609751879391     
  0.21862064242723606     
  0.21862064248860610     
  0.22012063999810946     
  0.22012064004181675     
  0.22162609004599054     
  0.22162609009736611     
  0.22313699249442134     
  0.22313699256482228     
  0.22465334726601799     
  0.22465334735763295     
  0.22617515428598681     
  0.22617515438954708     
  0.22770241348140569     
  0.22770241357526960     
  0.22923512477053640     
  0.22923512484109301     
  0.23077328806206646     
  0.23077328812559497     
  0.23231690328350671     
  0.23231690335118776     
  0.23386597036363885     
  0.23386597044160942     
  0.23542048922874101     
  0.23542048932565179     
  0.23698045982063032     
  0.23698045991906033     
  0.23854588206872990     
  0.23854588215241740     
  0.24011675588673592     
  0.24011675597442475     
  0.24169308121692831     
  0.24169308130754436     
  0.24327485800264864     
  0.24327485807547314     
  0.24486208617077077     
  0.24486208622062594     
  0.24645476565112451     
  0.24645476568466476     
  0.24805289637960015     
  0.24805289640535061     
  0.24965647829041063     
  0.24965647832423976     
  0.25126551133228947     
  0.25126551137044073     
  0.25287999544425804     
  0.25287999548480711     
  0.25449993056365561     
  0.25449993061186754     
  0.25612531663744276     
  0.25612531668848021     
  0.25775615360762755     
  0.25775615365837284     
  0.25939244141537388     
  0.25939244146799056     
  0.26103418000542838     
  0.26103418006203977     
  0.26268136932312297     
  0.26268136938644027     
  0.26433400932006895     
  0.26433400938260587     
  0.26599209994433021     
  0.26599209999722945     
  0.26765564113599932     
  0.26765564118667501     
  0.26932463284343883     
  0.26932463290070563     
  0.27099907502750792     
  0.27099907507822363     
  0.27267896763689548     
  0.27267896767190508     
  0.27436431061405786     
  0.27436431064223360     
  0.27605510391129556     
  0.27605510394139082     
  0.27775134748660163     
  0.27775134751737984     
  0.27945304129423054     
  0.27945304132343080     
  0.28116018528836895     
  0.28116018531429560     
  0.28287277942338035     
  0.28287277944598016     
  0.28459082365027283     
  0.28459082367925126     
  0.28631431792548601     
  0.28631431797081902     
  0.28804326222061749     
  0.28804326226358784     
  0.28977765648801651     
  0.28977765652103649     
  0.29151750067754945     
  0.29151750071042665     
  0.29326279474979478     
  0.29326279478958939     
  0.29501353866810875     
  0.29501353871482699     
  0.29676973239644877     
  0.29676973244307631     
  0.29853137589939183     
  0.29853137593186008     
  0.30029846913159425     
  0.30029846914980801     
  0.30207101205011849     
  0.30207101206431047     
  0.30384900462251163     
  0.30384900463341480     
  0.30563244680965734     
  0.30563244682295737     
  0.30742133857756404     
  0.30742133859474913     
  0.30921567989384113     
  0.30921567991008408     
  0.31101547072195274     
  0.31101547073546593     
  0.31282071102731601     
  0.31282071103649051     
  0.31463140077174628     
  0.31463140078337826     
  0.31644753992307206     
  0.31644753994134689     
  0.31826912845111127     
  0.31826912847461275     
  0.32009616632601956     
  0.32009616634802790     
  0.32192865350714478     
  0.32192865353820560     
  0.32376658996652358     
  0.32376659001001173     
  0.32560997568219102     
  0.32560997572323158     
  0.32745881061952237     
  0.32745881065121873     
  0.32931309474604692     
  0.32931309476606313     
  0.33117282802942016     
  0.33117282804060216     
  0.33303801044161102     
  0.33303801044421738     
  0.33490864194513609     
  0.33490864195659231     
  0.33678472252389657     
  0.33678472253684910     
  0.33866625214833324     
  0.33866625215839219     
  0.34055323078573912     
  0.34055323079857325     
  0.34244565841380387     
  0.34244565842513175     
  0.34434353500578219     
  0.34434353501102521     
  0.34624686053004394     
  0.34624686053484982     
  0.34815563495917012     
  0.34815563497174462     
  0.35006985827288500     
  0.35006985829043868     
  0.35198953044557940     
  0.35198953046571602     
  0.35391465145076839     
  0.35391465147395412     
  0.35584522126393331     
  0.35584522129025919     
  0.35778123985962762     
  0.35778123989135252     
  0.35972270722164762     
  0.35972270724539390     
  0.36166962331806735     
  0.36166962333692515     
  0.36362198812382346     
  0.36362198814428481     
  0.36557980162251530     
  0.36557980163778681     
  0.36754306378994189     
  0.36754306379618229     
  0.36951177459808404     
  0.36951177460266210     
  0.37148593402713564     
  0.37148593403281560     
  0.37346554205993776     
  0.37346554206018828     
  0.37545059866573793     
  0.37545059867250996     
  0.37744110383068363     
  0.37744110384119556     
  0.37943705753504875     
  0.37943705754410467     
  0.38143845975602875     
  0.38143845976274049     
  0.38344531047000552     
  0.38344531047997643     
  0.38545760965834913     
  0.38545760967424059     
  0.38747535730579930     
  0.38747535732113236     
  0.38949855339106548     
  0.38949855340280798     
  0.39152719789047274     
  0.39152719790432627     
  0.39356129078717250     
  0.39356129080443603     
  0.39560083206509888     
  0.39560083208160768     
  0.39764582170359780     
  0.39764582171939261     
  0.39969625968508277     
  0.39969625969876177     
  0.40175214599186215     
  0.40175214600127435     
  0.40381348060329847     
  0.40381348061190864     
  0.40588026350429857     
  0.40588026351056472     
  0.40795249467709749     
  0.40795249468027200     
  0.41003017410202613     
  0.41003017410641146     
  0.41211330176556221     
  0.41211330176866490     
  0.41420187764954103     
  0.41420187765179267     
  0.41629590173713177     
  0.41629590173965819     
  0.41839537400959026     
  0.41839537401845173     
  0.42050029445495030     
  0.42050029446800757     
  0.42261066306000666     
  0.42261066306980749     
  0.42472647980249217     
  0.42472647981480555     
  0.42684774466806641     
  0.42684774468642889     
  0.42897445764660552     
  0.42897445766427328     
  0.43110661871885808     
  0.43110661873744865     
  0.43324422787172967     
  0.43324422788929445     
  0.43538728509073732     
  0.43538728510490565     
  0.43753579036041657     
  0.43753579037073281     
  0.43968974366541241     
  0.43968974367347663     
  0.44184914499088784     
  0.44184914499968414     
  0.44401399432324501     
  0.44401399433501682     
  0.44618429165255408     
  0.44618429166181289     
  0.44836003696292914     
  0.44836003696871007     
  0.45054123023783260     
  0.45054123024533449     
  0.45272787146515248     
  0.45272787147722626     
  0.45491996063203638     
  0.45491996065096824     
  0.45711749772784988     
  0.45711749775126087     
  0.45932048274227827     
  0.45932048276281134     
  0.46152891565841708     
  0.46152891567722981     
  0.46374279646243127     
  0.46374279648337335     
  0.46596212514529900     
  0.46596212516558155     
  0.46818690169566468     
  0.46818690171081856     
  0.47041712609865688     
  0.47041712610984537     
  0.47265279834204332     
  0.47265279835111074     
  0.47489391841367351     
  0.47489391842324213     
  0.47714048630270633     
  0.47714048631383776     
  0.47939250199977379     
  0.47939250200932637     
  0.48164996549257988     
  0.48164996549933925     
  0.48391287676756461     
  0.48391287677501665     
  0.48618123581574746     
  0.48618123582320943     
  0.48845504262420730     
  0.48845504263497658     
  0.49073429718464545     
  0.49073429719697204     
  0.49301899948425987     
  0.49301899950063344     
  0.49530914951404570     
  0.49530914953387395     
  0.49760474726310439     
  0.49760474728670318     
  0.49990579272248520     
  0.49990579274749231     
  0.50221228588265743     
  0.50221228590542977     
  0.50452422673183117     
  0.50452422675210673     
  0.50684161526006932     
  0.50684161527752458     
  0.50916445145818623     
  0.50916445147121825     
  0.51149273531409234     
  0.51149273532590733     
  0.51382646681932820     
  0.51382646683087418     
  0.51616564596655878     
  0.51616564597434100     
  0.51851027274460271     
  0.51851027274867889     
  0.52086034714214846     
  0.52086034714666951     
  0.52321586915062201     
  0.52321586915867013     
  0.52557683876181094     
  0.52557683877474415     
  0.52794325596923919     
  0.52794325598335068     
  0.53031512076275134     
  0.53031512077678022     
  0.53269243313256787     
  0.53269243314740633     
  0.53507519306913598     
  0.53507519308760554     
  0.53746340056623010     
  0.53746340058639863     
  0.53985705561519082     
  0.53985705563529007     
  0.54225615820703299     
  0.54225615822665296     
  0.54466070833339986     
  0.54466070835245595     
  0.54707070598660823     
  0.54707070600379504     
  0.54948615115896837     
  0.54948615117214927     
  0.55190704384089029     
  0.55190704385132783     
  0.55433338402384591     
  0.55433338403378962     
  0.55676517170105533     
  0.55676517171065454     
  0.55920240686520617     
  0.55920240687396916     
  0.56164508950881975     
  0.56164508951582015     
  0.56409321962185521     
  0.56409321963067538     
  0.56654679719875156     
  0.56654679720961798     
  0.56900582223174168     
  0.56900582224474960     
  0.57147029471323774     
  0.57147029472874222     
  0.57394021463652056     
  0.57394021465458600     
  0.57641558199475107     
  0.57641558201594345     
  0.57889639677996174     
  0.57889639680529847     
  0.58138265898904318     
  0.58138265901275599     
  0.58387436861362418     
  0.58387436863189568     
  0.58637152564255002     
  0.58637152565872674     
  0.58887413007163703     
  0.58887413008714851     
  0.59138218189365743     
  0.59138218190692515     
  0.59389568109923430     
  0.59389568111005819     
  0.59641462768053644     
  0.59641462768907794     
  0.59893902163104995     
  0.59893902163957313     
  0.60146886295065460     
  0.60146886296106794     
  0.60400415164087062     
  0.60400415165293453     
  0.60654488769834458     
  0.60654488771042880     
  0.60909107110356131     
  0.60909107111730254     
  0.61164270182130120     
  0.61164270183965730     
  0.61419977984329810     
  0.61419977986598917     
  0.61676230516092312     
  0.61676230518443120     
  0.61933027780608907     
  0.61933027782867878     
  0.62190369790758804     
  0.62190369792831146     
  0.62448256535052993     
  0.62448256536876079     
  0.62706687995695876     
  0.62706687997141430     
  0.62965664183038406     
  0.62965664184270465     
  0.63225185098245529     
  0.63225185099385361     
  0.63485250719155240     
  0.63485250720217967     
  0.63745861028180328     
  0.63745861029153617     
  0.64007016001565298     
  0.64007016002585870     
  0.64268715649694341     
  0.64268715650793329     
  0.64530960023856110     
  0.64530960024966633     
  0.64793748811045926     
  0.64793748812226226     
  0.65057081798225125     
  0.65057081799664507     
  0.65320958910124249     
  0.65320958911827676     
  0.65585379987424364     
  0.65585379989611969     
  0.65850345750289496     
  0.65850345752714368     
  0.66115856679487706     
  0.66115856681697127     
  0.66381910221879037     
  0.66381910223800689     
  0.66648514194186304     
  0.66648514196076669     
  0.66915504285217475     
  0.66915504286934091     
  0.67182563489366942     
  0.67182563490812863     
  0.67447500508182989     
  0.67447500509469904     
  0.67710916345112016     
  0.67710916346168959     
  0.67978810925102018     
  0.67978810925762867     
  0.68274710844961439     
  0.68274710845279352     
  0.68598990973301832     
  0.68598990973594898     
  0.68970664947790872     
  0.68970664948043736     
  0.69384278174633829     
  0.69384278174688074     
  0.69961363336456683     
  0.69961363336495863     
