   1.6427757614941336E-004
   1.6427757829537437E-004
   1.6546763262922898E-004
   1.6546763467280152E-004
   4.7830296396920996E-004
   4.7830296426122111E-004
   4.8085662091071509E-004
   4.8085662370731002E-004
   7.6278575545820466E-004
   7.6278575869577340E-004
   7.6854373316221183E-004
   7.6854374863364954E-004
   9.8808094162629529E-004
   9.8808095421798014E-004
   1.0348164481414996E-003
   1.0348164672791709E-003
   1.1812585057613032E-003
   1.1812585076930076E-003
   1.3011372465644407E-003
   1.3011372550914945E-003
   1.4431134997975048E-003
   1.4431135128893536E-003
   1.5887560955669653E-003
   1.5887560967449092E-003
   1.7405421986550196E-003
   1.7405422096062552E-003
   1.8959273871728070E-003
   1.8959273938127027E-003
   2.0542582886721459E-003
   2.0542582915318462E-003
   2.2144688346164092E-003
   2.2144688457009878E-003
   2.3750910070988720E-003
   2.3750910098600678E-003
   2.5354155317086997E-003
   2.5354155460600080E-003
   2.6947580741518771E-003
   2.6947581413405215E-003
   2.8526441584899127E-003
   2.8526445894489550E-003
   3.0085353895696020E-003
   3.0085380389438146E-003
   3.1615647629165593E-003
   3.1615802374255256E-003
   3.3108555178711662E-003
   3.3109406207952252E-003
   3.4551987736571848E-003
   3.4556336008862614E-003
   3.5928359225952367E-003
   3.5948646068393194E-003
   3.7198028933700111E-003
   3.7281283616210602E-003
   3.8289288184952383E-003
   3.8563131890374499E-003
   3.9192933189095220E-003
   3.9826297538156155E-003
   4.0098675442092301E-003
   4.1118615620393270E-003
   4.1201638971484185E-003
   4.2479469164284729E-003
   4.2501505887543919E-003
   4.3925446843124487E-003
   4.3932690814956453E-003
   4.5457014112643759E-003
   4.5460349649222897E-003
   4.7068862784323800E-003
   4.7070494389563370E-003
   4.8755699300555870E-003
   4.8756343588727789E-003
   5.0513438832613441E-003
   5.0513708166903711E-003
   5.2339312009273276E-003
   5.2339353297421376E-003
   5.4231022341123406E-003
   5.4231044479218036E-003
   5.6186892869674286E-003
   5.6186939697060448E-003
   5.8205561182698958E-003
   5.8205606875377435E-003
   6.0285879900193011E-003
   6.0285934359790121E-003
   6.2426931993168162E-003
   6.2426986059013782E-003
   6.4627941330411033E-003
   6.4627999154548300E-003
   6.6888275539249871E-003
   6.6888314485082775E-003
   6.9207372725896745E-003
   6.9207400145609443E-003
   7.1584770548822844E-003
   7.1584784725654497E-003
   7.4020055583717166E-003
   7.4020078877786877E-003
   7.6512890266516934E-003
   7.6512925634834644E-003
   7.9062967436339046E-003
   7.9063027851210832E-003
   8.1670044924033926E-003
   8.1670099179987857E-003
   8.4333871760010858E-003
   8.4333926185965798E-003
   8.7054245061338117E-003
   8.7054301923372296E-003
   8.9831001799907488E-003
   8.9831026317258884E-003
   9.2663941819855194E-003
   9.2663976638695453E-003
   9.5552952483850175E-003
   9.5552977424879313E-003
   9.8497868532247367E-003
   9.8497936056097142E-003
   1.0149860616175187E-002
   1.0149870482217077E-002
   1.0455508426748646E-002
   1.0455515640378044E-002
   1.0766718726920005E-002
   1.0766721825384691E-002
   1.1083479936527292E-002
   1.1083483595000566E-002
   1.1405787021796017E-002
   1.1405790544484248E-002
   1.1733633264274805E-002
   1.1733635359350960E-002
   1.2067010257364561E-002
   1.2067013664284405E-002
   1.2405914573439038E-002
   1.2405917221307874E-002
   1.2750340664207594E-002
   1.2750340911761894E-002
   1.3100281645247635E-002
   1.3100281848728378E-002
   1.3455733970195961E-002
   1.3455734612204312E-002
   1.3816693885598074E-002
   1.3816694714376739E-002
   1.4183157675604833E-002
   1.4183158284355698E-002
   1.4555121719328035E-002
   1.4555121948276859E-002
   1.4932582264394832E-002
   1.4932583000205887E-002
   1.5315537037575898E-002
   1.5315537742057100E-002
   1.5703983065335891E-002
   1.5703983618923396E-002
   1.6097917565686074E-002
   1.6097918287777714E-002
   1.6497338452128169E-002
   1.6497339078185007E-002
   1.6902243370941931E-002
   1.6902243923285588E-002
   1.7312630368185488E-002
   1.7312630664262939E-002
   1.7728497338173051E-002
   1.7728497576156067E-002
   1.8149842566979209E-002
   1.8149842801150791E-002
   1.8576664297944405E-002
   1.8576664762096767E-002
   1.9008961010960293E-002
   1.9008961864225987E-002
   1.9446731422285517E-002
   1.9446732478109258E-002
   1.9889974221678531E-002
   1.9889975186875061E-002
   2.0338688172652625E-002
   2.0338688671721630E-002
   2.0792871683215298E-002
   2.0792872128214093E-002
   2.1252523901975767E-002
   2.1252524158352003E-002
   2.1717643428378876E-002
   2.1717644049533132E-002
   2.2188229852320975E-002
   2.2188230225062763E-002
   2.2664281640955686E-002
   2.2664282348304580E-002
   2.3145798150595174E-002
   2.3145799302490919E-002
   2.3632779234686097E-002
   2.3632779575136764E-002
   2.4125223039655894E-002
   2.4125223455204837E-002
   2.4623129345809961E-002
   2.4623129685781793E-002
   2.5126497184654015E-002
   2.5126497840831947E-002
   2.5635326129651456E-002
   2.5635327028983464E-002
   2.6149615953052822E-002
   2.6149616231665201E-002
   2.6669365262506836E-002
   2.6669365661845801E-002
   2.7194573714713007E-002
   2.7194574546083618E-002
   2.7725241263238248E-002
   2.7725241872728536E-002
   2.8261366959359244E-002
   2.8261367587398729E-002
   2.8802950408886880E-002
   2.8802951132740326E-002
   2.9349991413392677E-002
   2.9349991804033044E-002
   2.9902489293361985E-002
   2.9902489423094702E-002
   3.0460443304447693E-002
   3.0460443919292996E-002
   3.1023853804668038E-002
   3.1023854159805256E-002
   3.1592720007316361E-002
   3.1592720194340985E-002
   3.2167041539717812E-002
   3.2167041694181463E-002
   3.2746818105867007E-002
   3.2746818287486573E-002
   3.3332049467328165E-002
   3.3332049576475724E-002
   3.3922735234559555E-002
   3.3922735344313941E-002
   3.4518875081004360E-002
   3.4518875339349407E-002
   3.5120468862515679E-002
   3.5120469154123438E-002
   3.5727516288271033E-002
   3.5727516552994970E-002
   3.6340017100865013E-002
   3.6340017290677776E-002
   3.6957970990430716E-002
   3.6957971196835929E-002
   3.7581377799400593E-002
   3.7581377970122135E-002
   3.8210237318819874E-002
   3.8210237380735881E-002
   3.8844549249066697E-002
   3.8844549308645338E-002
   3.9484313378363244E-002
   3.9484313564083058E-002
   4.0129529597092699E-002
   4.0129529872295011E-002
   4.0780197772937475E-002
   4.0780197997524012E-002
   4.1436317595854394E-002
   4.1436317897210903E-002
   4.2097889082045203E-002
   4.2097889217245728E-002
   4.2764911856473034E-002
   4.2764912008719916E-002
   4.3437385914592411E-002
   4.3437385965506281E-002
   4.4115310954008960E-002
   4.4115311091951950E-002
   4.4798686925974683E-002
   4.4798687150767055E-002
   4.5487513785994971E-002
   4.5487513911841346E-002
   4.6181791222316415E-002
   4.6181791423210369E-002
   4.6881519243839931E-002
   4.6881519422626923E-002
   4.7586697730728447E-002
   4.7586697786464398E-002
   4.8297326391122344E-002
   4.8297326572542272E-002
   4.9013405365262566E-002
   4.9013405415567819E-002
   4.9734934286531689E-002
   4.9734934465680856E-002
   5.0461913226353010E-002
   5.0461913443165765E-002
   5.1194342142373325E-002
   5.1194342189897789E-002
   5.1932220707195831E-002
   5.1932220840261382E-002
   5.2675548980380273E-002
   5.2675549148816468E-002
   5.3424326907397804E-002
   5.3424326991029170E-002
   5.4178554225944364E-002
   5.4178554456660977E-002
   5.4938231073518369E-002
   5.4938231241905236E-002
   5.5703357297249054E-002
   5.5703357339290979E-002
   5.6473932661732541E-002
   5.6473932829591414E-002
   5.7249957260525744E-002
   5.7249957470085683E-002
   5.8031431049906053E-002
   5.8031431160569601E-002
   5.8818353863593062E-002
   5.8818353928413551E-002
   5.9610725631385371E-002
   5.9610725709716546E-002
   6.0408546334741790E-002
   6.0408546393527156E-002
   6.1211815906455753E-002
   6.1211815921978691E-002
   6.2020534209465954E-002
   6.2020534311299225E-002
   6.2834701276146876E-002
   6.2834701412348828E-002
   6.3654317045385059E-002
   6.3654317173379549E-002
   6.4479381465192886E-002
   6.4479381537266178E-002
   6.5309894427214674E-002
   6.5309894506851318E-002
   6.6145855930001177E-002
   6.6145855981528334E-002
   6.6987265891540790E-002
   6.6987265944575630E-002
   6.7834124284373520E-002
   6.7834124327912110E-002
   6.8686431029637285E-002
   6.8686431117930283E-002
   6.9544186116845347E-002
   6.9544186235597827E-002
   7.0407389535006845E-002
   7.0407389605225953E-002
   7.1276041175842908E-002
   7.1276041251145714E-002
   7.2150141044416138E-002
   7.2150141086974789E-002
   7.3029689054402075E-002
   7.3029689120249833E-002
   7.3914685203486707E-002
   7.3914685276931291E-002
   7.4805129465408363E-002
   7.4805129509275300E-002
   7.5701021748030409E-002
   7.5701021837672119E-002
   7.6602362087988554E-002
   7.6602362155917939E-002
   7.7509150422191739E-002
   7.7509150459633441E-002
   7.8421386697535497E-002
   7.8421386736476556E-002
   7.9339070911054091E-002
   7.9339070925917257E-002
   8.0262202974659441E-002
   8.0262203054427619E-002
   8.1190782930440547E-002
   8.1190783020118257E-002
   8.2124810756643463E-002
   8.2124810786692537E-002
   8.3064286344252170E-002
   8.3064286406805743E-002
   8.4009209737883381E-002
   8.4009209781110927E-002
   8.4959580875908366E-002
   8.4959580918080799E-002
   8.5915399719872027E-002
   8.5915399804534623E-002
   8.6876666301143865E-002
   8.6876666358934734E-002
   8.7843380564404216E-002
   8.7843380587851114E-002
   8.8815542427310948E-002
   8.8815542526246599E-002
   8.9793151985172501E-002
   8.9793152032758089E-002
   9.0776209118485329E-002
   9.0776209182114279E-002
   9.1764713841984716E-002
   9.1764713916042018E-002
   9.2758666134905243E-002
   9.2758666212966148E-002
   9.3758066009217267E-002
   9.3758066019733105E-002
   9.4762913353155911E-002
   9.4762913408043437E-002
   9.5773208235288732E-002
   9.5773208270349103E-002
   9.6788950602858290E-002
   9.6788950621474815E-002
   9.7810140423977773E-002
   9.7810140456389374E-002
   9.8836777685261862E-002
   9.8836777752541904E-002
   9.9868862396820052E-002
   9.9868862464837435E-002
  0.10090639454287437     
  0.10090639457498944     
  0.10194937407041232     
  0.10194937410283776     
  0.10299780098918693     
  0.10299780100631964     
  0.10405167526265900     
  0.10405167529050331     
  0.10511099688922676     
  0.10511099692632912     
  0.10617576585480594     
  0.10617576589800598     
  0.10724598213927883     
  0.10724598219653894     
  0.10832164575724616     
  0.10832164577895367     
  0.10940275664925972     
  0.10940275667703971     
  0.11048931483253147     
  0.11048931484662232     
  0.11158132026717860     
  0.11158132030129511     
  0.11267877296078610     
  0.11267877300783699     
  0.11378167291408510     
  0.11378167294051605     
  0.11489002008407888     
  0.11489002011794297     
  0.11600381447788718     
  0.11600381450920978     
  0.11712305608889616     
  0.11712305609772142     
  0.11824774487152236     
  0.11824774490641607     
  0.11937788085795038     
  0.11937788088101042     
  0.12051346400864001     
  0.12051346403947705     
  0.12165449432109279     
  0.12165449436326159     
  0.12280097180472732     
  0.12280097182239445     
  0.12395289640936423     
  0.12395289644699044     
  0.12511026815467854     
  0.12511026819778198     
  0.12627308703916784     
  0.12627308705714010     
  0.12744135301499662     
  0.12744135305421378     
  0.12861506611247109     
  0.12861506614044585     
  0.12979422631153301     
  0.12979422631806561     
  0.13097883357278919     
  0.13097883360904694     
  0.13216888792204276     
  0.13216888797056717     
  0.13336438936149636     
  0.13336438938379183     
  0.13456533784455099     
  0.13456533787906721     
  0.13577173339156190     
  0.13577173342015036     
  0.13698357599128980     
  0.13698357600275279     
  0.13820086561564943     
  0.13820086563977740     
  0.13942360227372105     
  0.13942360230730219     
  0.14065178596715522     
  0.14065178598916278     
  0.14188541667590171     
  0.14188541669121796     
  0.14312449438567168     
  0.14312449441387542     
  0.14436901910114819     
  0.14436901913887584     
  0.14561899083360882     
  0.14561899084166222     
  0.14687440953318695     
  0.14687440955910969     
  0.14813527523030676     
  0.14813527524808284     
  0.14940158790142630     
  0.14940158791968730     
  0.15067334754309103     
  0.15067334756520545     
  0.15195055415293027     
  0.15195055417509806     
  0.15323320772178481     
  0.15323320774686663     
  0.15452130825371890     
  0.15452130826503579     
  0.15581485572388057     
  0.15581485574328702     
  0.15711385014040188     
  0.15711385016255147     
  0.15841829149865694     
  0.15841829151674719     
  0.15972817978437184     
  0.15972817980966345     
  0.16104351500567946     
  0.16104351502289951     
  0.16236429714570713     
  0.16236429716327222     
  0.16369052620300803     
  0.16369052622237909     
  0.16502220217788918     
  0.16502220219026509     
  0.16635932505461209     
  0.16635932507321741     
  0.16770189483525705     
  0.16770189485989714     
  0.16904991152478729     
  0.16904991153626833     
  0.17040337509711476     
  0.17040337511952966     
  0.17176228556892145     
  0.17176228558428799     
  0.17312664292058330     
  0.17312664294162938     
  0.17449644715409593     
  0.17449644718119228     
  0.17587169827447116     
  0.17587169828976207     
  0.17725239626660277     
  0.17725239627440489     
  0.17863854111878594     
  0.17863854113894420     
  0.18003013284728012     
  0.18003013285939268     
  0.18142717143060014     
  0.18142717144965928     
  0.18282965687270955     
  0.18282965689834982     
  0.18423758917761546     
  0.18423758919417196     
  0.18565096833096237     
  0.18565096834433537     
  0.18706979432996343     
  0.18706979434461921     
  0.18849406718037268     
  0.18849406718239473     
  0.18992378686135070     
  0.18992378687175801     
  0.19135895337853204     
  0.19135895340045900     
  0.19279956673672116     
  0.19279956675720386     
  0.19424562693114752     
  0.19424562694039466     
  0.19569713394465077     
  0.19569713396094324     
  0.19715408778706509     
  0.19715408780288410     
  0.19861648845662569     
  0.19861648846196431     
  0.20008433593283273     
  0.20008433595277805     
  0.20155763023331230     
  0.20155763025190315     
  0.20303637134924110     
  0.20303637136247191     
  0.20452055927372112     
  0.20452055928579790     
  0.20601019400638348     
  0.20601019401676651     
  0.20750527554072715     
  0.20750527555649528     
  0.20900580388346321     
  0.20900580389298792     
  0.21051177902061066     
  0.21051177903503457     
  0.21202320095653826     
  0.21202320097317084     
  0.21354006969138256     
  0.21354006970225395     
  0.21506238521566645     
  0.21506238522684595     
  0.21659014752919184     
  0.21659014754231720     
  0.21812335663283289     
  0.21812335664305171     
  0.21966201251716724     
  0.21966201253381276     
  0.22120611519104716     
  0.22120611520117267     
  0.22275566464267449     
  0.22275566465243413     
  0.22431066087046594     
  0.22431066088476295     
  0.22587110387952497     
  0.22587110388871542     
  0.22743699365805520     
  0.22743699367182466     
  0.22900833021067607     
  0.22900833022528022     
  0.23058511353687736     
  0.23058511354547387     
  0.23216734362553837     
  0.23216734363947999     
  0.23375502048616278     
  0.23375502049381569     
  0.23534814411046978     
  0.23534814411285337     
  0.23694671448845925     
  0.23694671450274926     
  0.23855073163255558     
  0.23855073164730020     
  0.24016019553791065     
  0.24016019554764251     
  0.24177510619592099     
  0.24177510620872608     
  0.24339546361286046     
  0.24339546362068695     
  0.24502126778106298     
  0.24502126778766203     
  0.24665251869750013     
  0.24665251870920885     
  0.24828921636834461     
  0.24828921637574131     
  0.24993136078507791     
  0.24993136079242020     
  0.25157895194544044     
  0.25157895195820557     
  0.25323198985210221     
  0.25323198986717826     
  0.25489047450635993     
  0.25489047451485036     
  0.25655440589754203     
  0.25655440590875067     
  0.25822378403023061     
  0.25822378404120672     
  0.25989860890501104     
  0.25989860890859368     
  0.26157888050878753     
  0.26157888052101724     
  0.26326459885145925     
  0.26326459886563658     
  0.26495576393162795     
  0.26495576394095366     
  0.26665237574383738     
  0.26665237574957540     
  0.26835443428474121     
  0.26835443429204686     
  0.27006193955492797     
  0.27006193956502106     
  0.27177489155491441     
  0.27177489156526680     
  0.27349329028314051     
  0.27349329029167208     
  0.27521713573460843     
  0.27521713574660567     
  0.27694642791512902     
  0.27694642792166924     
  0.27868116681574756     
  0.27868116682326993     
  0.28042135243815186     
  0.28042135244721372     
  0.28216698478249741     
  0.28216698479087515     
  0.28391806384571250     
  0.28391806385489632     
  0.28567458962852310     
  0.28567458963616027     
  0.28743656212861080     
  0.28743656213462854     
  0.28920398134265002     
  0.28920398135130893     
  0.29097684727324652     
  0.29097684728131173     
  0.29275515991670603     
  0.29275515992608325     
  0.29453891927306480     
  0.29453891928337189     
  0.29632812534389719     
  0.29632812534942415     
  0.29812277812323074     
  0.29812277812806381     
  0.29992287761038128     
  0.29992287761786207     
  0.30172842380840381     
  0.30172842381367937     
  0.30353941671038093     
  0.30353941672038071     
  0.30535585632039536     
  0.30535585633186463     
  0.30717774263918185     
  0.30717774264540482     
  0.30900507565898161     
  0.30900507566679825     
  0.31083785538396808     
  0.31083785538993974     
  0.31267608181118733     
  0.31267608181587925     
  0.31451975493749856     
  0.31451975494588341     
  0.31636887476630676     
  0.31636887477469944     
  0.31822344129565239     
  0.31822344130246505     
  0.32008345452281151     
  0.32008345453011128     
  0.32194891444670692     
  0.32194891445694818     
  0.32381982107120433     
  0.32381982107736684     
  0.32569617438882498     
  0.32569617439712917     
  0.32757797440241260     
  0.32757797441170050     
  0.32946522111326138     
  0.32946522111811866     
  0.33135791451511104     
  0.33135791452100000     
  0.33325605460845709     
  0.33325605461823049     
  0.33515964139787741     
  0.33515964140363264     
  0.33706867487677605     
  0.33706867488223197     
  0.33898315504595039     
  0.33898315505167509     
  0.34090308190415647     
  0.34090308191167940     
  0.34282845545249396     
  0.34282845545963703     
  0.34475927569002429     
  0.34475927569499915     
  0.34669554261222596     
  0.34669554262082031     
  0.34863725622448460     
  0.34863725623027242     
  0.35058441652185374     
  0.35058441652687250     
  0.35253702350320348     
  0.35253702351034927     
  0.35449507717121498     
  0.35449507717663314     
  0.35645857752265037     
  0.35645857752759791     
  0.35842752455693511     
  0.35842752456246757     
  0.36040191827413948     
  0.36040191827984536     
  0.36238175867241040     
  0.36238175868027067     
  0.36436704575354661     
  0.36436704576065454     
  0.36635777951594062     
  0.36635777952132864     
  0.36835395995661480     
  0.36835395996401216     
  0.37035558707959831     
  0.37035558708343513     
  0.37236266087993103     
  0.37236266088333447     
  0.37437518135642822     
  0.37437518136368769     
  0.37639314851315514     
  0.37639314851923755     
  0.37841656234608895     
  0.37841656235283344     
  0.38044542285548155     
  0.38044542286306260     
  0.38247973004301156     
  0.38247973004710339     
  0.38451948390307750     
  0.38451948390943014     
  0.38656468443918068     
  0.38656468444542536     
  0.38861533165012174     
  0.38861533165519152     
  0.39067142553424627     
  0.39067142553929829     
  0.39273296609056341     
  0.39273296609766822     
  0.39479995332132328     
  0.39479995332699214     
  0.39687238722365775     
  0.39687238722909962     
  0.39895026779722792     
  0.39895026780329979     
  0.40103359504268077     
  0.40103359504793074     
  0.40312236895840831     
  0.40312236896359854     
  0.40521658954307144     
  0.40521658955065559     
  0.40731625680001021     
  0.40731625680478351     
  0.40942137072552087     
  0.40942137072872609     
  0.41153193131774557     
  0.41153193132338589     
  0.41364793857981452     
  0.41364793858469945     
  0.41576939250939021     
  0.41576939251407485     
  0.41789629310589022     
  0.41789629311117954     
  0.42002864036953147     
  0.42002864037489546     
  0.42216643430011902     
  0.42216643430452500     
  0.42430967489638294     
  0.42430967490045646     
  0.42645836215645955     
  0.42645836216368849     
  0.42861249608384333     
  0.42861249608986457     
  0.43077207667645145     
  0.43077207668022288     
  0.43293710393178475     
  0.43293710393642493     
  0.43510757785160215     
  0.43510757785588589     
  0.43728349843505987     
  0.43728349843863490     
  0.43946486568035181     
  0.43946486568567000     
  0.44165167958893026     
  0.44165167959474666     
  0.44384394015963718     
  0.44384394016623457     
  0.44604164739319979     
  0.44604164739863189     
  0.44824480128876804     
  0.44824480129202338     
  0.45045340184340604     
  0.45045340184858451     
  0.45266744905991080     
  0.45266744906477419     
  0.45488694293726772     
  0.45488694294086601     
  0.45711188347266551     
  0.45711188347894482     
  0.45934227066955974     
  0.45934227067483163     
  0.46157810452549208     
  0.46157810453027648     
  0.46381938504014347     
  0.46381938504489184     
  0.46606611221373778     
  0.46606611221775962     
  0.46831828604480819     
  0.46831828604966280     
  0.47057590653380987     
  0.47057590653946652     
  0.47283897368125233     
  0.47283897368599220     
  0.47510748748604942     
  0.47510748748966392     
  0.47738144794673376     
  0.47738144795129567     
  0.47966085506428874     
  0.47966085506925682     
  0.48194570883888482     
  0.48194570884274057     
  0.48423600926838795     
  0.48423600927325006     
  0.48653175635413043     
  0.48653175635882684     
  0.48883295009583871     
  0.48883295009913158     
  0.49113959049073008     
  0.49113959049633787     
  0.49345167754209918     
  0.49345167754654756     
  0.49576921124808737     
  0.49576921125102930     
  0.49809219160668866     
  0.49809219161119639     
  0.50042061861999976     
  0.50042061862437592     
  0.50275449228702185     
  0.50275449229099212     
  0.50509381260684816     
  0.50509381261138053     
  0.50743857957999783     
  0.50743857958446503     
  0.50978879320618242     
  0.50978879320998083     
  0.51214445348440230     
  0.51214445348837867     
  0.51450556041387296     
  0.51450556041989992     
  0.51687211399644650     
  0.51687211400216282     
  0.51924411423194994     
  0.51924411423480576     
  0.52162156111705382     
  0.52162156112063796     
  0.52400445465343215     
  0.52400445465746581     
  0.52639279484104895     
  0.52639279484481116     
  0.52878658167851844     
  0.52878658168357318     
  0.53118581516687424     
  0.53118581517220598     
  0.53359049530581415     
  0.53359049531050917     
  0.53600062209440613     
  0.53600062209892074     
  0.53841619553365849     
  0.53841619553599374     
  0.54083721562024034     
  0.54083721562452758     
  0.54326368235658662     
  0.54326368236165301     
  0.54569559574307813     
  0.54569559574650028     
  0.54813295577685384     
  0.54813295578146393     
  0.55057576245992801     
  0.55057576246411477     
  0.55302401579157268     
  0.55302401579469052     
  0.55547771577008209     
  0.55547771577444349     
  0.55793686239698881     
  0.55793686240143103     
  0.56040145567171229     
  0.56040145567577615     
  0.56287149559344618     
  0.56287149559785965     
  0.56534698216267498     
  0.56534698216676893     
  0.56782791537898825     
  0.56782791538249811     
  0.57031429524168697     
  0.57031429524533372     
  0.57280612175065870     
  0.57280612175494505     
  0.57530339490666549     
  0.57530339491014704     
  0.57780611470801613     
  0.57780611471222765     
  0.58031428115538553     
  0.58031428116009476     
  0.58282789424949710     
  0.58282789425262849     
  0.58534695398795844     
  0.58534695399178382     
  0.58787146037183036     
  0.58787146037611893     
  0.59040141340151298     
  0.59040141340490759     
  0.59293681307520396     
  0.59293681307949597     
  0.59547765939404929     
  0.59547765939833486     
  0.59802395235782568     
  0.59802395236117278     
  0.60057569196519944     
  0.60057569196905103     
  0.60313287821639294     
  0.60313287822108075     
  0.60569551111181785     
  0.60569551111625131     
  0.60826359065072300     
  0.60826359065451152     
  0.61083711683241870     
  0.61083711683699837     
  0.61341608965880878     
  0.61341608966337757     
  0.61600050912656223     
  0.61600050912912485     
  0.61859037523710991     
  0.61859037524093885     
  0.62118568798558649     
  0.62118568798987761     
  0.62378644737823108     
  0.62378644738184996     
  0.62639265339616423     
  0.62639265340061623     
  0.62900430610088853     
  0.62900430610499969     
  0.63162140543341327     
  0.63162140543699141     
  0.63424395143056012     
  0.63424395143458034     
  0.63687194397307734     
  0.63687194397588553     
  0.63950538319283434     
  0.63950538319716144     
  0.64214426916246226     
  0.64214426916718881     
  0.64478860182402176     
  0.64478860182715414     
  0.64743838083217009     
  0.64743838083601390     
  0.65009360667702465     
  0.65009360668061356     
  0.65275427891937154     
  0.65275427892238158     
  0.65542039815595765     
  0.65542039816044451     
  0.65809196287665483     
  0.65809196288141569     
  0.66076897267095103     
  0.66076897267498269     
  0.66345142594528850     
  0.66345142594848727     
  0.66613930954145062     
  0.66613930954524259     
  0.66883206609429646     
  0.66883206609821244     
  0.67152826008298250     
  0.67152826008657784     
  0.67422009941379901     
  0.67422009941776029     
  0.67694999882829732     
  0.67694999883188967     
  0.67955443403991078     
  0.67955443404516225     
  0.68284205843850398     
  0.68284205844021006     
