   1.6697923901429413E-004
   1.8370000889319366E-004
   5.2378533966384536E-004
   5.5781422953941212E-004
   8.7614616548199731E-004
   9.2139074724368730E-004
   1.2413413562660791E-003
   1.2966328247011639E-003
   1.6145327036602686E-003
   1.6783042173479342E-003
   1.9946150049466572E-003
   2.0651524365702372E-003
   2.3808242937248653E-003
   2.4566185821666112E-003
   2.7724998831208923E-003
   2.8524723622852513E-003
   3.1694290768011649E-003
   3.2528233327492632E-003
   3.5713639945570488E-003
   3.6576769383417835E-003
   3.9785060213230576E-003
   4.0675063590590961E-003
   4.3910261803067844E-003
   4.4827131322717848E-003
   4.8090487784996847E-003
   4.9035565338721538E-003
   5.2325024483645365E-003
   5.3300372057950825E-003
   5.6611640069905243E-003
   5.7619523134340824E-003
   6.0947633050306418E-003
   6.1990220690709055E-003
   6.5329042291081265E-003
   6.6408200956915757E-003
   6.9751737128487742E-003
   7.0868947014578118E-003
   7.4212489654159148E-003
   7.5369150526228851E-003
   7.8708366065386049E-003
   7.9905703595555145E-003
   8.3236785451359287E-003
   8.4475876071509557E-003
   8.7795094443768977E-003
   8.9076864680538593E-003
   9.2380867897344735E-003
   9.3706159065475129E-003
   9.6992028198846659E-003
   9.8361704289602683E-003
   1.0162653975234352E-002
   1.0304144777586684E-002
   1.0628239293229912E-002
   1.0774334017137652E-002
   1.1095788534971403E-002
   1.1246572201920149E-002
   1.1565138685331371E-002
   1.1720695367666642E-002
   1.2036133245357603E-002
   1.2196548549632358E-002
   1.2508635380376068E-002
   1.2674003857489036E-002
   1.2982521863175089E-002
   1.3152940906536499E-002
   1.3457686416292245E-002
   1.3633260336600865E-002
   1.3934033247052604E-002
   1.4114874370318274E-002
   1.4411481455803132E-002
   1.4597704863391441E-002
   1.4889951912179816E-002
   1.5081676421977257E-002
   1.5369373882390451E-002
   1.5566721177883901E-002
   1.5849690744605731E-002
   1.6052782812162051E-002
   1.6330865480266528E-002
   1.6539827268997779E-002
   1.6812899281735412E-002
   1.7027853688969440E-002
   1.7295830313048290E-002
   1.7516897611481879E-002
   1.7779744725513792E-002
   1.8007044387651914E-002
   1.8264768424718067E-002
   1.8498414540655969E-002
   1.8751053039957666E-002
   1.8991154267189600E-002
   1.9238745613629524E-002
   1.9485403187648982E-002
   1.9727967969500316E-002
   1.9981275241575162E-002
   2.0218821838812604E-002
   2.0478864668296088E-002
   2.0711396596368243E-002
   2.0978253343481638E-002
   2.1205782351702496E-002
   2.1479521359656997E-002
   2.1702066522221463E-002
   2.1982746526849502E-002
   2.2200321304101323E-002
   2.2487990115054774E-002
   2.2700604492923018E-002
   2.2995297467521228E-002
   2.3202961952329102E-002
   2.3504702360430330E-002
   2.3707437833427131E-002
   2.4016235897750603E-002
   2.4214070255490956E-002
   2.4529921595284748E-002
   2.4722881897446265E-002
   2.5045769805438652E-002
   2.5233883093541552E-002
   2.5563779337509366E-002
   2.5747075394249398E-002
   2.6083945289768644E-002
   2.6262452316436931E-002
   2.6606257992032051E-002
   2.6779994116550902E-002
   2.7130696083760716E-002
   2.7299670864629214E-002
   2.7657228560860839E-002
   2.7821443563485704E-002
   2.8185814411121793E-002
   2.8345267347641669E-002
   2.8716404970925272E-002
   2.8871085626409065E-002
   2.9248939085777741E-002
   2.9398826523864226E-002
   2.9783340520213402E-002
   2.9928404909718868E-002
   3.0319518615053481E-002
   3.0459720100668951E-002
   3.0857366663995887E-002
   3.0992651143181928E-002
   3.1396755402306811E-002
   3.1527055136678368E-002
   3.1937531705701468E-002
   3.2062769176273508E-002
   3.2479521879626959E-002
   3.2599613688155615E-002
   3.3022532143146217E-002
   3.3137394192627331E-002
   3.3566352065954735E-002
   3.3675908632185822E-002
   3.4110759075488356E-002
   3.4214954449334228E-002
   3.4655524801922230E-002
   3.4754329599289140E-002
   3.5200417614492371E-002
   3.5293827428373115E-002
   3.5745198422195354E-002
   3.5833231704034060E-002
   3.6289617538867176E-002
   3.6372308465757744E-002
   3.6833404123225409E-002
   3.6910800191302141E-002
   3.7376258139284906E-002
   3.7448422698497741E-002
   3.7917845141048040E-002
   3.7984867067901516E-002
   3.8457796695901936E-002
   3.8519799545284499E-002
   3.8995707632325995E-002
   3.9052851071069983E-002
   3.9531125085514610E-002
   3.9583602383845555E-002
   4.0063528707041961E-002
   4.0111561303804000E-002
   4.0592301189305055E-002
   4.0636133604108907E-002
   4.1116685974341434E-002
   4.1156587033995447E-002
   4.1635721719484431E-002
   4.1671994945083390E-002
   4.2148101789344715E-002
   4.2181140203873237E-002
   4.2651759569604632E-002
   4.2682427478554039E-002
   4.3142569665839597E-002
   4.3174207961526385E-002
   4.3612547685266144E-002
   4.3655679973807905E-002
   4.4056836424301603E-002
   4.4124430611706206E-002
   4.4491074190850202E-002
   4.4575173789015342E-002
   4.4941931970357091E-002
   4.5012422541176468E-002
   4.5418164578019095E-002
   4.5460097124104516E-002
   4.5915861113312625E-002
   4.5936440638908872E-002
   4.6431023053904716E-002
   4.6440379832311321E-002
   4.6961416039413555E-002
   4.6965577131886850E-002
   4.7505669413481263E-002
   4.7507530573319093E-002
   4.8062756147121931E-002
   4.8063614908313290E-002
   4.8631833507572740E-002
   4.8632255134138588E-002
   4.9212199758354995E-002
   4.9212426757171322E-002
   4.9803272105616359E-002
   4.9803407993112447E-002
   5.0404567024199647E-002
   5.0404656567288500E-002
   5.1015681727940999E-002
   5.1015745373115672E-002
   5.1636278283172250E-002
   5.1636326367616558E-002
   5.2266070683248442E-002
   5.2266108872338228E-002
   5.2904814658816406E-002
   5.2904845644674216E-002
   5.3552298792465224E-002
   5.3552324367244226E-002
   5.4208338722299715E-002
   5.4208360541894859E-002
   5.4872772831693249E-002
   5.4872792007121390E-002
   5.5545458135812589E-002
   5.5545475473376182E-002
   5.6226267489328706E-002
   5.6226283352763105E-002
   5.6915087171484309E-002
   5.6915101414227627E-002
   5.7611814741205601E-002
   5.7611827080535714E-002
   5.8316357448211557E-002
   5.8316367871259420E-002
   5.9028631106296699E-002
   5.9028639931492370E-002
   5.9748559211933991E-002
   5.9748566748293562E-002
   6.0476071612661018E-002
   6.0476078663414222E-002
   6.1211104423365782E-002
   6.1211111417551360E-002
   6.1953599118784695E-002
   6.1953605746000694E-002
   6.2703501404677356E-002
   6.2703507382650917E-002
   6.3460761070698105E-002
   6.3460766237107641E-002
   6.4225331349435658E-002
   6.4225336194725438E-002
   6.4997169256714199E-002
   6.4997174043701464E-002
   6.5776234841925435E-002
   6.5776239583592092E-002
   6.6562490888509102E-002
   6.6562495361366200E-002
   6.7355902637369305E-002
   6.7355906450819417E-002
   6.8156437319762481E-002
   6.8156440479384059E-002
   6.8964064371776809E-002
   6.8964067022360367E-002
   6.9778755187069941E-002
   6.9778757501301553E-002
   7.0600482754889227E-002
   7.0600485233982338E-002
   7.1429222014839144E-002
   7.1429224799770055E-002
   7.2264949437156084E-002
   7.2264952207646060E-002
   7.3107642579538640E-002
   7.3107645112406694E-002
   7.3957280217937307E-002
   7.3957282478710459E-002
   7.4813842318713464E-002
   7.4813844423021678E-002
   7.5677310130437561E-002
   7.5677311953009571E-002
   7.6547665627616973E-002
   7.6547667370205394E-002
   7.7424891868205198E-002
   7.7424893772434555E-002
   7.8308972978612182E-002
   7.8308974940843670E-002
   7.9199893829358353E-002
   7.9199895547135329E-002
   8.0097639887642680E-002
   8.0097641193630345E-002
   8.1002197246749827E-002
   8.1002198285251403E-002
   8.1913552827883179E-002
   8.1913553736985265E-002
   8.2831694158815972E-002
   8.2831695111672488E-002
   8.3756609339846647E-002
   8.3756610576954743E-002
   8.4688287178945360E-002
   8.4688288698898884E-002
   8.5626717077188164E-002
   8.5626718490661904E-002
   8.6571888607081163E-002
   8.6571889773115404E-002
   8.7523791821041363E-002
   8.7523792809743553E-002
   8.8482417293499288E-002
   8.8482418211947467E-002
   8.9447756065889339E-002
   8.9447756945162368E-002
   9.0419799543707824E-002
   9.0419800386289245E-002
   9.1398539439862037E-002
   9.1398540337933792E-002
   9.2383967901150971E-002
   9.2383968862371296E-002
   9.3376077440154456E-002
   9.3376078312714605E-002
   9.4374860765904359E-002
   9.4374861467721435E-002
   9.5380310913322192E-002
   9.5380311370055690E-002
   9.6392421078183715E-002
   9.6392421461075906E-002
   9.7411184846912219E-002
   9.7411185322698726E-002
   9.8436596115031250E-002
   9.8436596732347531E-002
   9.9468648949530239E-002
   9.9468649775627457E-002
  0.10050733777991944     
  0.10050733863180844     
  0.10155265710617530     
  0.10155265784382390     
  0.10260460162363891     
  0.10260460217261472     
  0.10366316617813068     
  0.10366316662246457     
  0.10472834586641656     
  0.10472834632211013     
  0.10580013604414647     
  0.10580013649942838     
  0.10687853214721282     
  0.10687853264367925     
  0.10796352981844642     
  0.10796353036332461     
  0.10905512488396969     
  0.10905512539504150     
  0.11015331324838405     
  0.11015331369469827     
  0.11125809098930077     
  0.11125809132973022     
  0.11236945429896537     
  0.11236945452512304     
  0.11348739945933792     
  0.11348739967659065     
  0.11461192295483681     
  0.11461192322670298     
  0.11574302135128411     
  0.11574302177538887     
  0.11688069142651729     
  0.11688069193930989     
  0.11802493000236032     
  0.11802493051038419     
  0.11917573397662930     
  0.11917573441475081     
  0.12033310036530227     
  0.12033310066202059     
  0.12149702619240202     
  0.12149702644723478     
  0.12266750870688159     
  0.12266750892621897     
  0.12384454516652522     
  0.12384454542429661     
  0.12502813296652543     
  0.12502813330068058     
  0.12621826961790653     
  0.12621826996335078     
  0.12741495264691138     
  0.12741495296328545     
  0.12861817966010877     
  0.12861817992326671     
  0.12982794834226252     
  0.12982794853420884     
  0.13104425642730785     
  0.13104425657864108     
  0.13226710174917974     
  0.13226710187459551     
  0.13349648216798995     
  0.13349648234437839     
  0.13473239565697662     
  0.13473239592280098     
  0.13597484026953383     
  0.13597484058553683     
  0.13722381407138109     
  0.13722381441254919     
  0.13847931521978565     
  0.13847931550465289     
  0.13974134187020848     
  0.13974134207283656     
  0.14100989222621840     
  0.14100989238448844     
  0.14228496458909931     
  0.14228496471009655     
  0.14356655726715076     
  0.14356655741041013     
  0.14485466865622598     
  0.14485466885250681     
  0.14614929720140854     
  0.14614929744487490     
  0.14745044139989882     
  0.14745044163140597     
  0.14875809975507706     
  0.14875809993434919     
  0.15007227079936536     
  0.15007227092858233     
  0.15139295311528031     
  0.15139295321780941     
  0.15272014534303099     
  0.15272014542432685     
  0.15405384613167886     
  0.15405384623532720     
  0.15539405418885224     
  0.15539405435075282     
  0.15674076827748817     
  0.15674076848421553     
  0.15809398717404208     
  0.15809398740254157     
  0.15945370969240324     
  0.15945370989969801     
  0.16081993465674768     
  0.16081993482186019     
  0.16219266093128568     
  0.16219266103566990     
  0.16357188738036324     
  0.16357188746621673     
  0.16495761294399727     
  0.16495761301964604     
  0.16634983655862509     
  0.16634983666063938     
  0.16774855720558957     
  0.16774855736221278     
  0.16915377391797912     
  0.16915377409722751     
  0.17056548573346714     
  0.17056548588396414     
  0.17198369168547833     
  0.17198369179342335     
  0.17340839084069221     
  0.17340839091034915     
  0.17483958228588956     
  0.17483958234496172     
  0.17627726514694736     
  0.17627726521259110     
  0.17772143856688605     
  0.17772143865431006     
  0.17917210170572737     
  0.17917210183579763     
  0.18062925376319999     
  0.18062925392340756     
  0.18209289395276232     
  0.18209289410895893     
  0.18356302148662790     
  0.18356302162356342     
  0.18503963560751480     
  0.18503963570476997     
  0.18652273555988325     
  0.18652273562426358     
  0.18801232061674367     
  0.18801232066002133     
  0.18950839006436823     
  0.18950839011060761     
  0.19101094320664574     
  0.19101094328985802     
  0.19251997938379073     
  0.19251997950723743     
  0.19403549795460712     
  0.19403549808468079     
  0.19555749827084384     
  0.19555749838136649     
  0.19708597970204922     
  0.19708597976802292     
  0.19862094160821758     
  0.19862094165346933     
  0.20016238339345940     
  0.20016238343016035     
  0.20171030446555219     
  0.20171030451387376     
  0.20326470424927262     
  0.20326470432964383     
  0.20482558219861480     
  0.20482558229883216     
  0.20639293775775164     
  0.20639293787747481     
  0.20796677040005326     
  0.20796677051659779     
  0.20954707959926808     
  0.20954707969039182     
  0.21113386482921026     
  0.21113386489589583     
  0.21272712558902721     
  0.21272712562712845     
  0.21432686137506307     
  0.21432686140263146     
  0.21593307170595569     
  0.21593307173980938     
  0.21754575610992460     
  0.21754575616708791     
  0.21916491412388606     
  0.21916491422426418     
  0.22079054532637357     
  0.22079054542906995     
  0.22242264926660488     
  0.22242264934760195     
  0.22406122550209617     
  0.22406122555621935     
  0.22570627360681472     
  0.22570627363292045     
  0.22735779314871216     
  0.22735779317935201     
  0.22901578373607437     
  0.22901578377401419     
  0.23068024496336728     
  0.23068024502598117     
  0.23235117644957545     
  0.23235117653614865     
  0.23402857782323574     
  0.23402857791179188     
  0.23571244869968977     
  0.23571244878891687     
  0.23740278872123285     
  0.23740278879173324     
  0.23909959752264531     
  0.23909959756674878     
  0.24080287474232778     
  0.24080287477127124     
  0.24251262003941371     
  0.24251262005595081     
  0.24422883306510221     
  0.24422883309310081     
  0.24595151349398459     
  0.24595151354504563     
  0.24768066100824968     
  0.24768066107959022     
  0.24941627528871535     
  0.24941627537867839     
  0.25115835604257802     
  0.25115835611033827     
  0.25290690294416895     
  0.25290690298763391     
  0.25466191568846586     
  0.25466191571486263     
  0.25642339397951014     
  0.25642339399886122     
  0.25819133752059209     
  0.25819133755855239     
  0.25996574604436079     
  0.25996574609456524     
  0.26174661926593029     
  0.26174661933587690     
  0.26353395692273079     
  0.26353395699971155     
  0.26532775874946013     
  0.26532775881634457     
  0.26712802447410972     
  0.26712802453284235     
  0.26893475384735221     
  0.26893475388344124     
  0.27074794660748841     
  0.27074794662438323     
  0.27256760249711737     
  0.27256760251702178     
  0.27439372128223982     
  0.27439372130851097     
  0.27622630271881582     
  0.27622630276503940     
  0.27806534658064308     
  0.27806534664375021     
  0.27991085264091581     
  0.27991085271099181     
  0.28176282067290348     
  0.28176282074144038     
  0.28362125046381342     
  0.28362125050405956     
  0.28548614177560899     
  0.28548614180109760     
  0.28735749439540492     
  0.28735749441751557     
  0.28923530811302905     
  0.28923530814325860     
  0.29111958272176541     
  0.29111958277233624     
  0.29301031803154037     
  0.29301031808948763     
  0.29490751383608949     
  0.29490751390284220     
  0.29681116994780332     
  0.29681117000892737     
  0.29872128617222393     
  0.29872128621801786     
  0.30063786231389200     
  0.30063786234814477     
  0.30256089819278636     
  0.30256089820850868     
  0.30449039361294289     
  0.30449039363072328     
  0.30642634839846550     
  0.30642634843266919     
  0.30836876238325717     
  0.30836876242862449     
  0.31031763538922957     
  0.31031763545093616     
  0.31227296725505693     
  0.31227296732112819     
  0.31423475781236948     
  0.31423475787359229     
  0.31620300689587216     
  0.31620300694534442     
  0.31817771434580672     
  0.31817771437344972     
  0.32015887998898002     
  0.32015888001387494     
  0.32214650367399345     
  0.32214650370614906     
  0.32414058524897965     
  0.32414058529552098     
  0.32614112456672462     
  0.32614112462772482     
  0.32814812148723066     
  0.32814812154631767     
  0.33016157585577643     
  0.33016157591451123     
  0.33218148753631443     
  0.33218148758168881     
  0.33420785638346784     
  0.33420785641129452     
  0.33624068225272796     
  0.33624068227055476     
  0.33827996500293650     
  0.33827996502789748     
  0.34032570450535848     
  0.34032570454378902     
  0.34237790062897949     
  0.34237790068535234     
  0.34443655325066308     
  0.34443655331611867     
  0.34650166223928380     
  0.34650166231181601     
  0.34857322747546793     
  0.34857322754054015     
  0.35065124883078935     
  0.35065124888348387     
  0.35273572618167076     
  0.35273572622095478     
  0.35482665940550023     
  0.35482665943618369     
  0.35692404837966712     
  0.35692404841620823     
  0.35902789299172039     
  0.35902789304165333     
  0.36113819313089363     
  0.36113819319511942     
  0.36325494869047387     
  0.36325494875875652     
  0.36537815956275793     
  0.36537815961923203     
  0.36750782562807260     
  0.36750782567864815     
  0.36964394678910495     
  0.36964394682014040     
  0.37178652293105097     
  0.37178652294767195     
  0.37393555393991673     
  0.37393555396766659     
  0.37609103971955882     
  0.37609103977190705     
  0.37825298018086650     
  0.37825298024829035     
  0.38042137521869918     
  0.38042137530383946     
  0.38259622474464222     
  0.38259622483188360     
  0.38477752865878939     
  0.38477752874022020     
  0.38696528686708614     
  0.38696528693371945     
  0.38915949927298965     
  0.38915949932261207     
  0.39136016577912530     
  0.39136016582077454     
  0.39356728629336990     
  0.39356728633959948     
  0.39578086072917656     
  0.39578086078762048     
  0.39800088900076963     
  0.39800088907526510     
  0.40022737102712891     
  0.40022737111082146     
  0.40246030672907668     
  0.40246030680331385     
  0.40469969601904637     
  0.40469969607267153     
  0.40694553880374135     
  0.40694553884704265     
  0.40919783501260881     
  0.40919783503426249     
  0.41145658454228506     
  0.41145658457737211     
  0.41372178732426595     
  0.41372178738690302     
  0.41599344328569915     
  0.41599344338004168     
  0.41827155235997909     
  0.41827155247000158     
  0.42055611446383001     
  0.42055611458888770     
  0.42284712953523290     
  0.42284712964974530     
  0.42514459749357497     
  0.42514459758635853     
  0.42744851825739549     
  0.42744851833547604     
  0.42975889176279586     
  0.42975889181836263     
  0.43207571792227895     
  0.43207571798192140     
  0.43439899667356463     
  0.43439899674984650     
  0.43672872795406464     
  0.43672872804810958     
  0.43906491169844342     
  0.43906491180736856     
  0.44140754784648784     
  0.44140754795506620     
  0.44375663633818052     
  0.44375663642031821     
  0.44611217709722734     
  0.44611217715036028     
  0.44847417005412926     
  0.44847417008744184     
  0.45084261513463342     
  0.45084261518034385     
  0.45321751228002205     
  0.45321751236406521     
  0.45559886144157813     
  0.45559886156531954     
  0.45798666255960468     
  0.45798666272349409     
  0.46038091558770783     
  0.46038091576633361     
  0.46278162045817217     
  0.46278162064454231     
  0.46518877712945256     
  0.46518877728426017     
  0.46760238552989142     
  0.46760238564332052     
  0.47002244558012407     
  0.47002244568882012     
  0.47244895725768737     
  0.47244895733248521     
  0.47488192046324884     
  0.47488192056441381     
  0.47732133517105813     
  0.47732133530260251     
  0.47976720133414785     
  0.47976720148772367     
  0.48221951890280862     
  0.48221951906461774     
  0.48467828782973021     
  0.48467828797714313     
  0.48714350807060808     
  0.48714350816753366     
  0.48961517955286482     
  0.48961517960765849     
  0.49209330222894848     
  0.49209330224570813     
  0.49457787598044467     
  0.49457787610205234     
  0.49706890085377070     
  0.49706890103353329     
  0.49956637677804772     
  0.49956637701556139     
  0.50207030370796657     
  0.50207030399924146     
  0.50458068161730496     
  0.50458068191782590     
  0.50709751044709284     
  0.50709751073853848     
  0.50962079017211470     
  0.50962079039603947     
  0.51215052071833800     
  0.51215052087499768     
  0.51468670199874111     
  0.51468670217422408     
  0.51722933405125537     
  0.51722933416872796     
  0.51977841672892511     
  0.51977841691952797     
  0.52233395006739403     
  0.52233395030615015     
  0.52489593402468204     
  0.52489593428684234     
  0.52746436856290246     
  0.52746436881682457     
  0.53003925363802007     
  0.53003925385853357     
  0.53262058922740529     
  0.53262058935403356     
  0.53520837525138076     
  0.53520837530346621     
  0.53780261163264698     
  0.53780261170560628     
  0.54040329827749534     
  0.54040329857663127     
  0.54301043532177729     
  0.54301043570413488     
  0.54562402265200538     
  0.54562402312602076     
  0.54824406024164840     
  0.54824406079418075     
  0.55087054809136704     
  0.55087054863425311     
  0.55350348613993761     
  0.55350348663468008     
  0.55614287437524601     
  0.55614287473570079     
  0.55878871270492336     
  0.55878871295870913     
  0.56144100101954564     
  0.56144100134303121     
  0.56409973946331782     
  0.56409973967523330     
  0.56676492776188803     
  0.56676492816129054     
  0.56943656608969373     
  0.56943656655922925     
  0.57211465438104048     
  0.57211465486804225     
  0.57479919260851109     
  0.57479919304925853     
  0.57749018071280145     
  0.57749018109709915     
  0.58018761872677849     
  0.58018761891441128     
  0.58289150652589061     
  0.58289150656223798     
  0.58560184389900505     
  0.58560184418897832     
  0.58831863091114445     
  0.58831863166762866     
  0.59104186781421408     
  0.59104186868505593     
  0.59377155437435336     
  0.59377155541463922     
  0.59650769060860764     
  0.59650769177955609     
  0.59925027656917018     
  0.59925027766856609     
  0.60199931216329372     
  0.60199931311606536     
  0.60475479738844640     
  0.60475479806694743     
  0.60751673210717505     
  0.60751673260170058     
  0.61028511614233849     
  0.61028511684117481     
  0.61305994989033763     
  0.61305995033336658     
  0.61584123270197577     
  0.61584123367250243     
  0.61862896516522203     
  0.61862896621629027     
  0.62142314707390778     
  0.62142314811721810     
  0.62422377842367238     
  0.62422377932658935     
  0.62703085908448009     
  0.62703085992203156     
  0.62984438928519915     
  0.62984438962284450     
  0.63266436859435171     
  0.63266436880929688     
  0.63549079670428132     
  0.63549079773843009     
  0.63832367389959799     
  0.63832367607559992     
  0.64116300083045918     
  0.64116300312119312     
  0.64400877681505619     
  0.64400877950818047     
  0.64686100203736829     
  0.64686100500420496     
  0.64971967669487951     
  0.64971967936399666     
  0.65258480054558132     
  0.65258480278234010     
  0.65545637359250519     
  0.65545637520956457     
  0.65833439561356544     
  0.65833439682155870     
  0.66121886613250336     
  0.66121886804897667     
  0.66410978644853746     
  0.66410978754762107     
  0.66700715441413128     
  0.66700715742038463     
  0.66991097236743979     
  0.66991097528483834     
  0.67282123927630988     
  0.67282124212967420     
  0.67573795530306480     
  0.67573795774928103     
  0.67866111997523959     
  0.67866112257381672     
  0.68159073442519846     
  0.68159073542846493     
  0.68452679682467432     
