   2.0035934627062513E-004
   2.0946883439072471E-004
   6.1471014006890534E-004
   6.2115868098258176E-004
   7.6112334983054327E-004
   8.5589764874869051E-004
   1.0114236441632130E-003
   1.0158909733480436E-003
   1.3340301599683744E-003
   1.3891332796308305E-003
   1.3926861254565746E-003
   1.4207970704364177E-003
   1.7410792456539262E-003
   1.7452505576674910E-003
   1.8373624087597124E-003
   1.9028197686843016E-003
   2.0550433628847334E-003
   2.0551872080084650E-003
   2.2263844054166448E-003
   2.2578742900532791E-003
   2.4039735467148416E-003
   2.4414099765096022E-003
   2.6238796025254644E-003
   2.6674095823256689E-003
   2.8509698335009831E-003
   2.9028671139193010E-003
   3.0934466475997782E-003
   3.1517872922154281E-003
   3.3473648303542635E-003
   3.4121295681897685E-003
   3.6114514162099605E-003
   3.6826834977035294E-003
   3.8848264503475367E-003
   3.9624130151474915E-003
   4.1669137567114508E-003
   4.2508304658182222E-003
   4.4570067986831313E-003
   4.5472877128346313E-003
   4.7546577430176455E-003
   4.8513005570164393E-003
   5.0594863328070261E-003
   5.1625008916758013E-003
   5.3711147833045416E-003
   5.4805482613859363E-003
   5.6892547090624810E-003
   5.8051191259194347E-003
   6.0137098685692216E-003
   6.1360212225731138E-003
   6.3442310807091994E-003
   6.4730345970222328E-003
   6.6806563149550448E-003
   6.8159663393038278E-003
   7.0228480357886055E-003
   7.1646940136975328E-003
   7.3706371154387091E-003
   7.5190561858360485E-003
   7.7238953969703712E-003
   7.8789183446419126E-003
   8.0824809264467400E-003
   8.2441505859989252E-003
   8.4462569768367964E-003
   8.6146157969749382E-003
   8.8151015691009475E-003
   8.9901929414742208E-003
   9.1888993650279891E-003
   9.3707702224804772E-003
   9.5675330126907612E-003
   9.7562296076773580E-003
   9.9509010573074121E-003
   1.0146462547321140E-002
   1.0338892789367993E-002
   1.0541361896042755E-002
   1.0731405432001160E-002
   1.0940812993574774E-002
   1.1128350835169299E-002
   1.1344715500019299E-002
   1.1529635529730936E-002
   1.1752972722394813E-002
   1.1935177537733049E-002
   1.2165486811798880E-002
   1.2344896633786897E-002
   1.2582170169969344E-002
   1.2758706113309469E-002
   1.3002931191278148E-002
   1.3176529667455977E-002
   1.3427685136980764E-002
   1.3598287820555022E-002
   1.3856350915552991E-002
   1.4023903285945830E-002
   1.4288847402842170E-002
   1.4453299678203437E-002
   1.4725093778242283E-002
   1.4886400375398109E-002
   1.5165008790071793E-002
   1.5323132491508374E-002
   1.5608513579341890E-002
   1.5763422574789573E-002
   1.6055530184625088E-002
   1.6207193002824423E-002
   1.6505981296505767E-002
   1.6654362038983395E-002
   1.6959783395663865E-002
   1.7104842801963401E-002
   1.7416853221661768E-002
   1.7558538499038264E-002
   1.7877098311409576E-002
   1.8015347319728935E-002
   1.8340417724679970E-002
   1.8475155560044813E-002
   1.8806702896398134E-002
   1.8937836666007641E-002
   1.9275828597859233E-002
   1.9403257872860815E-002
   1.9747662126469435E-002
   1.9871273525729111E-002
   2.0222059805756767E-002
   2.0341731456352104E-002
   2.0698865550147473E-002
   2.0814475515272102E-002
   2.1177916658420552E-002
   2.1289348916591393E-002
   2.1659043641682273E-002
   2.1766197708490725E-002
   2.2142075755607719E-002
   2.2244868648610434E-002
   2.2626841793344777E-002
   2.2725207282988217E-002
   2.3113168631592611E-002
   2.3207055832528679E-002
   2.3600880640315555E-002
   2.3690249126211770E-002
   2.4089794798363075E-002
   2.4174611344486778E-002
   2.4579716257459101E-002
   2.4659955355315111E-002
   2.5070438081960522E-002
   2.5146082057220284E-002
   2.5561738468818065E-002
   2.5632784398488172E-002
   2.6053382986376796E-002
   2.6119843846955055E-002
   2.6545122283227540E-002
   2.6607031210406799E-002
   2.7036687178544051E-002
   2.7094099854102383E-002
   2.7527785803663961E-002
   2.7580777093850484E-002
   2.8018094772979073E-002
   2.8066757240121309E-002
   2.8507250161173180E-002
   2.8551691251346580E-002
   2.8994838680055500E-002
   2.9035182338877131E-002
   2.9480381651414117E-002
   2.9516771243077836E-002
   2.9963313653115588E-002
   2.9995912816805328E-002
   3.0442944801805896E-002
   3.0471940768433355E-002
   3.0918393206819706E-002
   3.0944014342968555E-002
   3.1388418610121767E-002
   3.1411069324465274E-002
   3.1850870946324709E-002
   3.1871938037454924E-002
   3.2301139931404925E-002
   3.2326117080006378E-002
   3.2732063605368025E-002
   3.2773442754030338E-002
   3.3141797595547792E-002
   3.3210865584873725E-002
   3.3545009615462411E-002
   3.3633302253565506E-002
   3.3963334609221671E-002
   3.4041460312218122E-002
   3.4403392226137267E-002
   3.4452846309526074E-002
   3.4861890143982749E-002
   3.4887173642146711E-002
   3.5335555757577200E-002
   3.5347259315369174E-002
   3.5822614392223208E-002
   3.5827812209669734E-002
   3.6322013201774722E-002
   3.6324282635720379E-002
   3.6832952069718101E-002
   3.6833938670722474E-002
   3.7354744235862991E-002
   3.7355176840641192E-002
   3.7886794966788116E-002
   3.7886993395242249E-002
   3.8428600420382916E-002
   3.8428705092018602E-002
   3.8979741522656076E-002
   3.8979809612579484E-002
   3.9539868251463071E-002
   3.9539919023405180E-002
   4.0108683937458429E-002
   4.0108725049097682E-002
   4.0685938135077176E-002
   4.0685973199796568E-002
   4.1271418020440868E-002
   4.1271448679018455E-002
   4.1864941089301375E-002
   4.1864967480507033E-002
   4.2466348616466587E-002
   4.2466371005439645E-002
   4.3075501888650065E-002
   4.3075520840212218E-002
   4.3692278826173284E-002
   4.3692295218047253E-002
   4.4316571384953013E-002
   4.4316586202060512E-002
   4.4948283537867950E-002
   4.4948297400829576E-002
   4.5587329560524907E-002
   4.5587342217993640E-002
   4.6233632189447427E-002
   4.6233642872021953E-002
   4.6887121057879171E-002
   4.6887129638031787E-002
   4.7547732148521996E-002
   4.7547739466131000E-002
   4.8215407612888957E-002
   4.8215414546537008E-002
   4.8890094696938204E-002
   4.8890102020645421E-002
   4.9571745602705351E-002
   4.9571752960996120E-002
   5.0260316137450106E-002
   5.0260322731633056E-002
   5.0955765135310110E-002
   5.0955770714561657E-002
   5.1658054720569689E-002
   5.1658059309905462E-002
   5.2367149718146301E-002
   5.2367153885350966E-002
   5.3083017832878499E-002
   5.3083022038120466E-002
   5.3805629182655752E-002
   5.3805633572015774E-002
   5.4534955982509063E-002
   5.4534960382172600E-002
   5.5270972380336403E-002
   5.5270976238435340E-002
   5.6013653902007930E-002
   5.6013657002552161E-002
   5.6762977666652385E-002
   5.6762980112508195E-002
   5.7518922246802509E-002
   5.7518924454360930E-002
   5.8281467761015525E-002
   5.8281470029779368E-002
   5.9050595503030608E-002
   5.9050598111676608E-002
   5.9826288019554981E-002
   5.9826290972805500E-002
   6.0608528982457603E-002
   6.0608531838939619E-002
   6.1397302799646405E-002
   6.1397305120136150E-002
   6.2192594563858207E-002
   6.2192596318921850E-002
   6.2994390292456459E-002
   6.2994391660633392E-002
   6.3802676691435842E-002
   6.3802678211265618E-002
   6.4617441557599922E-002
   6.4617443367599461E-002
   6.5438673303327338E-002
   6.5438675234084892E-002
   6.6266360811487013E-002
   6.6266362677955049E-002
   6.7100493589703700E-002
   6.7100495092513354E-002
   6.7941061473284395E-002
   6.7941062618532597E-002
   6.8788054880764199E-002
   6.8788055819144600E-002
   6.9641464751210413E-002
   6.9641465678494177E-002
   7.0501282509421531E-002
   7.0501283577492052E-002
   7.1367500024094810E-002
   7.1367501281137738E-002
   7.2240109518195789E-002
   7.2240110977762048E-002
   7.3119103687345643E-002
   7.3119105113994068E-002
   7.4004475435106867E-002
   7.4004476616253867E-002
   7.4896217944043400E-002
   7.4896218779587451E-002
   7.5794324666502794E-002
   7.5794325239631866E-002
   7.6698789338287929E-002
   7.6698789924302083E-002
   7.7609606098331493E-002
   7.7609606901870590E-002
   7.8526769426109991E-002
   7.8526770413502048E-002
   7.9450273967350257E-002
   7.9450275019519775E-002
   8.0380114638929898E-002
   8.0380115468333110E-002
   8.1316286349291361E-002
   8.1316286951570158E-002
   8.2258784300362334E-002
   8.2258784779276908E-002
   8.3207603962559898E-002
   8.3207604383499389E-002
   8.4162740933302657E-002
   8.4162741439702288E-002
   8.5124191073061253E-002
   8.5124191711900637E-002
   8.6091950391230576E-002
   8.6091951149125850E-002
   8.7066015039077516E-002
   8.7066015875889385E-002
   8.8046381367589147E-002
   8.8046382118741259E-002
   8.9033045767819258E-002
   8.9033046351257555E-002
   9.0026004787976677E-002
   9.0026005163146072E-002
   9.1025255056317353E-002
   9.1025255324347548E-002
   9.2030793379454454E-002
   9.2030793674468106E-002
   9.3042616708649176E-002
   9.3042617144924816E-002
   9.4060722150890327E-002
   9.4060722736951180E-002
   9.5085106940389741E-002
   9.5085107539798985E-002
   9.6115768338834728E-002
   9.6115768820740091E-002
   9.7152703657663278E-002
   9.7152703993584388E-002
   9.8195910322248156E-002
   9.8195910545782111E-002
   9.9245385834255517E-002
   9.9245386067813884E-002
  0.10030112785580884     
  0.10030112816121549     
  0.10136313413635926     
  0.10136313450430234     
  0.10243140244216462     
  0.10243140291566852     
  0.10350593070429168     
  0.10350593119952459     
  0.10458671684415582     
  0.10458671731383624     
  0.10567375889143453     
  0.10567375924640475     
  0.10676705488694957     
  0.10676705510628463     
  0.10786660292469255     
  0.10786660307633116     
  0.10897240120730814     
  0.10897240135256457     
  0.11008444797432755     
  0.11008444821102958     
  0.11120274158726851     
  0.11120274191802604     
  0.11232728043749771     
  0.11232728081779937     
  0.11345806296663119     
  0.11345806330790474     
  0.11459508763515593     
  0.11459508786654807     
  0.11573835291206398     
  0.11573835305910306     
  0.11688785733894390     
  0.11688785747034870     
  0.11804359953790705     
  0.11804359969303711     
  0.11920557814942934     
  0.11920557838671014     
  0.12037379190954915     
  0.12037379219730764     
  0.12154823954570552     
  0.12154823985827774     
  0.12272891982279989     
  0.12272892014159950     
  0.12391583157420674     
  0.12391583182398609     
  0.12510897360413117     
  0.12510897378186137     
  0.12630834478619907     
  0.12630834489021955     
  0.12751394400314789     
  0.12751394408049596     
  0.12872577018505174     
  0.12872577030000285     
  0.12994382232130888     
  0.12994382249770869     
  0.13116809942132779     
  0.13116809966140797     
  0.13239860054291958     
  0.13239860078727358     
  0.13363532473389744     
  0.13363532493629268     
  0.13487827106752698     
  0.13487827119692736     
  0.13612743862014143     
  0.13612743870568930     
  0.13738282651615105     
  0.13738282660039611     
  0.13864443391252881     
  0.13864443403401602     
  0.13991226000017620     
  0.13991226017170735     
  0.14118630398563448     
  0.14118630420756548     
  0.14246656512151928     
  0.14246656533271887     
  0.14375304262298619     
  0.14375304281744242     
  0.14504573576067575     
  0.14504573591685135     
  0.14634464382052662     
  0.14634464390977792     
  0.14764976607151234     
  0.14764976612977851     
  0.14896110183456876     
  0.14896110189499406     
  0.15027865045314714     
  0.15027865053642986     
  0.15160241127718577     
  0.15160241141286696     
  0.15293238370362119     
  0.15293238386926994     
  0.15426856712191953     
  0.15426856729021818     
  0.15561096094119031     
  0.15561096107179176     
  0.15695956456228391     
  0.15695956464850980     
  0.15831437740646467     
  0.15831437746373150     
  0.15967539891199597     
  0.15967539897217539     
  0.16104262854134901     
  0.16104262863184929     
  0.16241606577592574     
  0.16241606590849486     
  0.16379571011743388     
  0.16379571027341544     
  0.16518156106547749     
  0.16518156122510899     
  0.16657361814191218     
  0.16657361826416914     
  0.16797188084234985     
  0.16797188094106072     
  0.16937634871432813     
  0.16937634877725632     
  0.17078702129540577     
  0.17078702132647078     
  0.17220389812179132     
  0.17220389816538670     
  0.17362697877789987     
  0.17362697884347134     
  0.17505626284056255     
  0.17505626293816609     
  0.17649174990512304     
  0.17649175002820300     
  0.17793343958033792     
  0.17793343969814562     
  0.17938133146537086     
  0.17938133156084837     
  0.18083542517083376     
  0.18083542523588977     
  0.18229572031093400     
  0.18229572035691535     
  0.18376221651546834     
  0.18376221655915465     
  0.18523491342130127     
  0.18523491348746410     
  0.18671381068388024     
  0.18671381078435267     
  0.18819890797430103     
  0.18819890809247342     
  0.18969020495964789     
  0.18969020507384934     
  0.19118770130813703     
  0.19118770140431474     
  0.19269139670125654     
  0.19269139676097136     
  0.19420129080521978     
  0.19420129085034490     
  0.19571738332412744     
  0.19571738335484243     
  0.19723967395220360     
  0.19723967398015455     
  0.19876816238800699     
  0.19876816244068238     
  0.20030284836057372     
  0.20030284843305760     
  0.20184373158714630     
  0.20184373167807584     
  0.20339081180073629     
  0.20339081189281305     
  0.20494408873398332     
  0.20494408880645276     
  0.20650356211269241     
  0.20650356216644705     
  0.20806923167584568     
  0.20806923171820774     
  0.20964109717194884     
  0.20964109720847748     
  0.21121915834761087     
  0.21121915839647151     
  0.21280341496320199     
  0.21280341503795253     
  0.21439386679248162     
  0.21439386688534223     
  0.21599051361062277     
  0.21599051369944300     
  0.21759335518541759     
  0.21759335525798928     
  0.21920239129077354     
  0.21920239134191233     
  0.22081762170790337     
  0.22081762173391956     
  0.22243904620932739     
  0.22243904623426844     
  0.22406666459375801     
  0.22406666462566313     
  0.22570047666141005     
  0.22570047669773449     
  0.22734048220022712     
  0.22734048226060666     
  0.22898668103023850     
  0.22898668110034204     
  0.23063907295473282     
  0.23063907302757375     
  0.23229765778717326     
  0.23229765785040168     
  0.23396243533988242     
  0.23396243538552500     
  0.23563340542136627     
  0.23563340546074013     
  0.23731056785737026     
  0.23731056789371238     
  0.23899392247126708     
  0.23899392251141977     
  0.24068346908842392     
  0.24068346914562352     
  0.24237920754787867     
  0.24237920762103085     
  0.24408113769138765     
  0.24408113776609602     
  0.24578925935860035     
  0.24578925941769153     
  0.24750357238324741     
  0.24750357242477861     
  0.24922407660805743     
  0.24922407663334409     
  0.25095077187636117     
  0.25095077189466103     
  0.25268365803442600     
  0.25268365806281612     
  0.25442273494297546     
  0.25442273498306511     
  0.25616800246207977     
  0.25616800250680805     
  0.25791946043971786     
  0.25791946050290887     
  0.25967710875380512     
  0.25967710881554373     
  0.26144094726086914     
  0.26144094731540751     
  0.26321097582478764     
  0.26321097587086478     
  0.26498719431393075     
  0.26498719435069062     
  0.26676960259374849     
  0.26676960263138078     
  0.26855820054260993     
  0.26855820058120278     
  0.27035298803154312     
  0.27035298808035307     
  0.27215396494236382     
  0.27215396500272965     
  0.27396113115979442     
  0.27396113122371335     
  0.27577448656854658     
  0.27577448662299292     
  0.27759403105133335     
  0.27759403108645797     
  0.27941976448668704     
  0.27941976450828993     
  0.28125168675936046     
  0.28125168678047313     
  0.28308979776214110     
  0.28308979779089782     
  0.28493409738935982     
  0.28493409742976283     
  0.28678458553839831     
  0.28678458558798758     
  0.28864126210753693     
  0.28864126215928915     
  0.29050412698628164     
  0.29050412704976902     
  0.29237318009009161     
  0.29237318014311942     
  0.29424842130904150     
  0.29424842135187879     
  0.29612985054159169     
  0.29612985058359526     
  0.29801746769864745     
  0.29801746773669252     
  0.29991127268074441     
  0.29991127272322043     
  0.30181126539971470     
  0.30181126544711917     
  0.30371744576305981     
  0.30371744581977811     
  0.30562981368778269     
  0.30562981374614490     
  0.30754836908676786     
  0.30754836913828409     
  0.30947311187400034     
  0.30947311191009169     
  0.31140404196172439     
  0.31140404198007954     
  0.31334115925759393     
  0.31334115927416845     
  0.31528446367702445     
  0.31528446371327862     
  0.31723395515562280     
  0.31723395520084480     
  0.31918963360787400     
  0.31918963366407482     
  0.32115149896002709     
  0.32115149902101325     
  0.32311955113588114     
  0.32311955119470015     
  0.32509379005235689     
  0.32509379011755202     
  0.32707421565103256     
  0.32707421569977818     
  0.32906082784300850     
  0.32906082788446367     
  0.33105362655454473     
  0.33105362660188997     
  0.33305261172543921     
  0.33305261177110590     
  0.33505778327727825     
  0.33505778333163555     
  0.33706914114829656     
  0.33706914120857429     
  0.33908668527153768     
  0.33908668533438613     
  0.34111041558530986     
  0.34111041563840422     
  0.34314033202068955     
  0.34314033205928873     
  0.34517643451312263     
  0.34517643453338159     
  0.34721872298984635     
  0.34721872300725132     
  0.34926719738746770     
  0.34926719742007128     
  0.35132185764671620     
  0.35132185770883362     
  0.35338270372642333     
  0.35338270379433062     
  0.35544973555349807     
  0.35544973563114529     
  0.35752295307695658     
  0.35752295315358495     
  0.35960235623731290     
  0.35960235630625803     
  0.36168794496889450     
  0.36168794504172319     
  0.36377971923371361     
  0.36377971928658909     
  0.36587767895608958     
  0.36587767900685525     
  0.36798182408522223     
  0.36798182414531022     
  0.37009215457745026     
  0.37009215463924405     
  0.37220867037096217     
  0.37220867044570288     
  0.37433137142521145     
  0.37433137150204887     
  0.37646025768932451     
  0.37646025775752184     
  0.37859532911468052     
  0.37859532916062871     
  0.38073658564417812     
  0.38073658566985585     
  0.38288402722735393     
  0.38288402723851706     
  0.38503765379781074     
  0.38503765383730360     
  0.38719746533137001     
  0.38719746539610272     
  0.38936346177379144     
  0.38936346187625448     
  0.39153564310480826     
  0.39153564320649276     
  0.39371400925554406     
  0.39371400936550122     
  0.39589856019470920     
  0.39589856029569542     
  0.39808929587244868     
  0.39808929595935288     
  0.40028621623340760     
  0.40028621632552364     
  0.40248932125906789     
  0.40248932132766574     
  0.40469861088023662     
  0.40469861095114817     
  0.40691408506327292     
  0.40691408514698885     
  0.40913574377489947     
  0.40913574386703017     
  0.41136358696942910     
  0.41136358707669096     
  0.41359761462210537     
  0.41359761472160239     
  0.41583782669111979     
  0.41583782676557618     
  0.41808422313545596     
  0.41808422317273630     
  0.42033680390583977     
  0.42033680391655354     
  0.42259556894582306     
  0.42259556897873990     
  0.42486051822857029     
  0.42486051831244692     
  0.42713165173865159     
  0.42713165186045521     
  0.42940896942866164     
  0.42940896959853270     
  0.43169247129887450     
  0.43169247145577061     
  0.43398215727401179     
  0.43398215743779150     
  0.43627802734362753     
  0.43627802748635219     
  0.43858008146015703     
  0.43858008158127737     
  0.44088831957350677     
  0.44088831970585551     
  0.44320274168861445     
  0.44320274178925928     
  0.44552334773211738     
  0.44552334783986525     
  0.44785013768440984     
  0.44785013781318395     
  0.45018311152158624     
  0.45018311166989516     
  0.45252226921508848     
  0.45252226937619267     
  0.45486761075056020     
  0.45486761088491195     
  0.45721913608956760     
  0.45721913617379945     
  0.45957684519388176     
  0.45957684522121262     
  0.46194073800896046     
  0.46194073802262836     
  0.46431081448330341     
  0.46431081457127060     
  0.46668707462718095     
  0.46668707479937399     
  0.46906951843030720     
  0.46906951866049351     
  0.47145814584909962     
  0.47145814614223547     
  0.47385295690826146     
  0.47385295716466463     
  0.47625395150928979     
  0.47625395177177710     
  0.47866112967069385     
  0.47866112989127796     
  0.48107449133665636     
  0.48107449152590770     
  0.48349403645845590     
  0.48349403667200419     
  0.48591976507616363     
  0.48591976523779901     
  0.48835167709130123     
  0.48835167727074430     
  0.49078977250189637     
  0.49078977272245605     
  0.49323405129655401     
  0.49323405155461947     
  0.49568451346752102     
  0.49568451372592459     
  0.49814115900353217     
  0.49814115919920476     
  0.50060398786380167     
  0.50060398796743888     
  0.50307299999973554     
  0.50307300003202493     
  0.50554819534516682     
  0.50554819541254148     
  0.50802957387395398     
  0.50802957408913030     
  0.51051713561891121     
  0.51051713598357507     
  0.51301088058671718     
  0.51301088104435466     
  0.51551080872999799     
  0.51551080927458759     
  0.51801692011137401     
  0.51801692056793791     
  0.52052921457392198     
  0.52052921503817684     
  0.52304769218965741     
  0.52304769257067663     
  0.52557235287327864     
  0.52557235320865858     
  0.52810319657359828     
  0.52810319696175745     
  0.53064022339670869     
  0.53064022368284303     
  0.53318343316852734     
  0.53318343350547825     
  0.53573282592567018     
  0.53573282635302799     
  0.53828840167854031     
  0.53828840217556018     
  0.54085016045190859     
  0.54085016090925830     
  0.54341810221932096     
  0.54341810254202594     
  0.54599222693070648     
  0.54599222708584738     
  0.54857253449153298     
  0.54857253459763933     
  0.55115902486376056     
  0.55115902507828085     
  0.55375169799589541     
  0.55375169854256412     
  0.55635055400015077     
  0.55635055484201890     
  0.55895559290644248     
  0.55895559391090810     
  0.56156681464643665     
  0.56156681578218115     
  0.56418421936103225     
  0.56418422027998372     
  0.56680780674012321     
  0.56680780767987438     
  0.56943757698560060     
  0.56943757774584125     
  0.57207352992479765     
  0.57207353061684219     
  0.57471566549856878     
  0.57471566631870907     
  0.57736398397330091     
  0.57736398455214022     
  0.58001848494365560     
  0.58001848568996484     
  0.58267916856866331     
  0.58267916954101573     
  0.58534603490472714     
  0.58534603601712676     
  0.58801908404860215     
  0.58801908499013611     
  0.59069831588699395     
  0.59069831654234661     
  0.59338373035879177     
  0.59338373070422323     
  0.59607532726602774     
  0.59607532764344429     
  0.59877310662042715     
  0.59877310731835165     
  0.60147706826967939     
  0.60147706985167015     
  0.60418721257706620     
  0.60418721485088733     
  0.60690353961278254     
  0.60690354221692200     
  0.60962604923089281     
  0.60962605206709963     
  0.61235474179471394     
  0.61235474400991530     
  0.61508961650114258     
  0.61508961882048052     
  0.61783067398015978     
  0.61783067584127249     
  0.62057791375402460     
  0.62057791552276276     
  0.62333133574324973     
  0.62333133791743855     
  0.62609094075384153     
  0.62609094219267880     
  0.62885672749739308     
  0.62885672961064387     
  0.63162869665021082     
  0.63162869946894817     
  0.63440684838706640     
  0.63440685156698440     
  0.63719118304807099     
  0.63719118553898912     
  0.63998170003211197     
  0.63998170196108595     
  0.64277839941911052     
  0.64277840072850778     
  0.64558128070548504     
  0.64558128232013334     
  0.64839034391835981     
  0.64839034668450934     
  0.65120558846066068     
