   1.6479447196659223E-004
   1.6479447326693433E-004
   5.2575344699120068E-004
   5.2575344818812442E-004
   8.5775510331698515E-004
   8.5775510523385286E-004
   1.0124156229037061E-003
   1.0124156241519801E-003
   1.1378935867999874E-003
   1.1378935893677435E-003
   1.2646055422318816E-003
   1.2646055429479117E-003
   1.4129053995948384E-003
   1.4129054022700195E-003
   1.5815362538090111E-003
   1.5815362548613789E-003
   1.7668125832038285E-003
   1.7668125856204404E-003
   1.9634444573992118E-003
   1.9634444583729871E-003
   2.1705753119984380E-003
   2.1705753137369987E-003
   2.3861162575050743E-003
   2.3861162586543026E-003
   2.6093091885783632E-003
   2.6093091893926862E-003
   2.8390954263932417E-003
   2.8390954273600634E-003
   3.0747799937761943E-003
   3.0747799950541464E-003
   3.3157199604966999E-003
   3.3157199616103928E-003
   3.5612851947697038E-003
   3.5612851950232094E-003
   3.8109690216472612E-003
   3.8109690228396425E-003
   4.0642775043385568E-003
   4.0642775052661430E-003
   4.3208039829780798E-003
   4.3208039840193831E-003
   4.5801359058321922E-003
   4.5801359063149145E-003
   4.8419417221766603E-003
   4.8419417227946937E-003
   5.1058913415123639E-003
   5.1058913415180374E-003
   5.3716852411138435E-003
   5.3716852417540354E-003
   5.6390263911233725E-003
   5.6390263917047876E-003
   5.9076346125322265E-003
   5.9076346128927601E-003
   6.1772284799999433E-003
   6.1772284800033599E-003
   6.4475450711697349E-003
   6.4475450714104746E-003
   6.7183010018887681E-003
   6.7183010019158810E-003
   6.9892362804466193E-003
   6.9892362818611735E-003
   7.2600789336657486E-003
   7.2600789337070142E-003
   7.5305696285004409E-003
   7.5305696290704268E-003
   7.8004406625541752E-003
   7.8004406627112510E-003
   8.0694290963988988E-003
   8.0694290969874367E-003
   8.3372485433223231E-003
   8.3372485435112258E-003
   8.6036121563025352E-003
   8.6036121569880927E-003
   8.8682097473101861E-003
   8.8682097476155044E-003
   9.1307138516382811E-003
   9.1307138522173648E-003
   9.3907635309539647E-003
   9.3907635309720978E-003
   9.6479601911644668E-003
   9.6479601917439286E-003
   9.9018478426979393E-003
   9.9018478429839345E-003
   1.0151898893424601E-002
   1.0151898894235345E-002
   1.0397491483219185E-002
   1.0397491488492486E-002
   1.0637888626581493E-002
   1.0637888667086638E-002
   1.0872209447951151E-002
   1.0872209755163715E-002
   1.1099418776960095E-002
   1.1099421025912772E-002
   1.1318306792855141E-002
   1.1318322518517221E-002
   1.1527448774149310E-002
   1.1527552351399463E-002
   1.1724953240249599E-002
   1.1725583321304807E-002
   1.1907512033239913E-002
   1.1910940111768882E-002
   1.2067706706366197E-002
   1.2083257154412008E-002
   1.2195163157433004E-002
   1.2245564033271967E-002
   1.2301249731177570E-002
   1.2405301290966285E-002
   1.2422230236532319E-002
   1.2570783977861396E-002
   1.2574051291041279E-002
   1.2746626408570095E-002
   1.2747280390803205E-002
   1.2933652610625295E-002
   1.2933954610034689E-002
   1.3130904417551999E-002
   1.3131050973978963E-002
   1.3337231831402034E-002
   1.3337293741414721E-002
   1.3551817147290252E-002
   1.3551842634270329E-002
   1.3774060655163187E-002
   1.3774084058042667E-002
   1.4003512806450711E-002
   1.4003539148032472E-002
   1.4239815509939984E-002
   1.4239832505307144E-002
   1.4482665944793527E-002
   1.4482673269269263E-002
   1.4731815621092017E-002
   1.4731820181462608E-002
   1.4987059840469354E-002
   1.4987067665152452E-002
   1.5248226654774657E-002
   1.5248239570308424E-002
   1.5515171487612219E-002
   1.5515181949505224E-002
   1.5787763347655134E-002
   1.5787767431893588E-002
   1.6065885030818999E-002
   1.6065887842038374E-002
   1.6349439824048340E-002
   1.6349441920440345E-002
   1.6638340666652707E-002
   1.6638341764502691E-002
   1.6932507562717060E-002
   1.6932511900080976E-002
   1.7231874754608252E-002
   1.7231879262351316E-002
   1.7536379510392573E-002
   1.7536382080720458E-002
   1.7845964605592183E-002
   1.7845965474839982E-002
   1.8160578553384280E-002
   1.8160579623058344E-002
   1.8480176894959399E-002
   1.8480177127606582E-002
   1.8804715916731607E-002
   1.8804718160640027E-002
   1.9134159669436008E-002
   1.9134162477692462E-002
   1.9468473151689168E-002
   1.9468475405839868E-002
   1.9807624434756203E-002
   1.9807625005955211E-002
   2.0151582711434527E-002
   2.0151583406960525E-002
   2.0500321640533961E-002
   2.0500322925118272E-002
   2.0853817367611223E-002
   2.0853817575145654E-002
   2.1212045109843976E-002
   2.1212046074994554E-002
   2.1574984586023790E-002
   2.1574986054787481E-002
   2.1942616327126206E-002
   2.1942617427406424E-002
   2.2314921607371776E-002
   2.2314922174973873E-002
   2.2691883155317814E-002
   2.2691883386735195E-002
   2.3073484838123489E-002
   2.3073485351048875E-002
   2.3459712431878142E-002
   2.3459712585078063E-002
   2.3850551353969362E-002
   2.3850551923221438E-002
   2.4245989024421166E-002
   2.4245989994791866E-002
   2.4646013529468404E-002
   2.4646014415480675E-002
   2.5050613400817819E-002
   2.5050613877283252E-002
   2.5459777715868746E-002
   2.5459777929972734E-002
   2.5873496265215810E-002
   2.5873496706393200E-002
   2.6291760052708033E-002
   2.6291760325063640E-002
   2.6714560001213132E-002
   2.6714560095880607E-002
   2.7141887513797779E-002
   2.7141887878269086E-002
   2.7573734900449481E-002
   2.7573735580831565E-002
   2.8010094971670882E-002
   2.8010095500445059E-002
   2.8450960603700708E-002
   2.8450960695413963E-002
   2.8896324784863123E-002
   2.8896324882615215E-002
   2.9346181422425639E-002
   2.9346181578754415E-002
   2.9800524631132672E-002
   2.9800524764123534E-002
   3.0259348740531423E-002
   3.0259348831351656E-002
   3.0722648229444587E-002
   3.0722648610441636E-002
   3.1190418308396334E-002
   3.1190418748971428E-002
   3.1662654158985531E-002
   3.1662654438187637E-002
   3.2139351137316322E-002
   3.2139351177627069E-002
   3.2620504683673661E-002
   3.2620504835855886E-002
   3.3106110881179096E-002
   3.3106111064382666E-002
   3.3596165778240462E-002
   3.3596165949753051E-002
   3.4090665626508664E-002
   3.4090665751946067E-002
   3.4589606783106942E-002
   3.4589606980154709E-002
   3.5092985916954166E-002
   3.5092986165997368E-002
   3.5600799798690137E-002
   3.5600800054527329E-002
   3.6113045421314299E-002
   3.6113045465817208E-002
   3.6629719553342127E-002
   3.6629719725216316E-002
   3.7150819644672484E-002
   3.7150819741989284E-002
   3.7676342890012197E-002
   3.7676342931409548E-002
   3.8206286697908452E-002
   3.8206286732184631E-002
   3.8740648563285525E-002
   3.8740648721234727E-002
   3.9279426219068353E-002
   3.9279426450192383E-002
   3.9822617453083971E-002
   3.9822617617361916E-002
   4.0370220069970007E-002
   4.0370220095362654E-002
   4.0922231866286844E-002
   4.0922231946207831E-002
   4.1478650974807761E-002
   4.1478651067797224E-002
   4.2039475488594484E-002
   4.2039475561181122E-002
   4.2604703579279118E-002
   4.2604703604128449E-002
   4.3174333428147069E-002
   4.3174333512373340E-002
   4.3748363392617715E-002
   4.3748363565911753E-002
   4.4326791953036161E-002
   4.4326792055402506E-002
   4.4909617452746457E-002
   4.4909617535674975E-002
   4.5496838445560697E-002
   4.5496838472205633E-002
   4.6088453419302691E-002
   4.6088453511855899E-002
   4.6684461117880341E-002
   4.6684461155403686E-002
   4.7284860110983332E-002
   4.7284860182742090E-002
   4.7889649190172814E-002
   4.7889649251966829E-002
   4.8498827081967122E-002
   4.8498827181727329E-002
   4.9112392636275606E-002
   4.9112392758475419E-002
   4.9730344747976746E-002
   4.9730344810797085E-002
   5.0352682260467720E-002
   5.0352682301990595E-002
   5.0979404115832905E-002
   5.0979404176225478E-002
   5.1610509330420717E-002
   5.1610509379486073E-002
   5.2245996916083136E-002
   5.2245996935027579E-002
   5.2885865900598662E-002
   5.2885865919821140E-002
   5.3530115359402150E-002
   5.3530115429846196E-002
   5.4178744457346988E-002
   5.4178744535504093E-002
   5.4831752326503780E-002
   5.4831752401131070E-002
   5.5489138159423398E-002
   5.5489138189183038E-002
   5.6150901125641590E-002
   5.6150901141302327E-002
   5.6817040444801660E-002
   5.6817040502884608E-002
   5.7487555441277198E-002
   5.7487555466255683E-002
   5.8162445337371721E-002
   5.8162445375380782E-002
   5.8841709461957291E-002
   5.8841709515228137E-002
   5.9525347157636861E-002
   5.9525347202709508E-002
   6.0213357743055085E-002
   6.0213357822554679E-002
   6.0905740649580972E-002
   6.0905740688903746E-002
   6.1602495222743643E-002
   6.1602495242223311E-002
   6.2303620861198103E-002
   6.2303620908767322E-002
   6.3009117043411986E-002
   6.3009117072390514E-002
   6.3718983196832626E-002
   6.3718983203948268E-002
   6.4433218769806025E-002
   6.4433218788008229E-002
   6.5151823257804664E-002
   6.5151823295315076E-002
   6.5874796165290073E-002
   6.5874796219678899E-002
   6.6602137023929267E-002
   6.6602137058561203E-002
   6.7333845344437690E-002
   6.7333845360091377E-002
   6.8069920654596702E-002
   6.8069920683954357E-002
   6.8810362543078360E-002
   6.8810362556519705E-002
   6.9555170548189313E-002
   6.9555170581096934E-002
   7.0304344286396869E-002
   7.0304344308448785E-002
   7.1057883323762228E-002
   7.1057883364439856E-002
   7.1815787297895228E-002
   7.1815787327202882E-002
   7.2578055808346378E-002
   7.2578055835901351E-002
   7.3344688481943185E-002
   7.3344688524585880E-002
   7.4115684985290781E-002
   7.4115685008918575E-002
   7.4891044940410975E-002
   7.4891044969788656E-002
   7.5670768026670762E-002
   7.5670768050673021E-002
   7.6454853914208670E-002
   7.6454853923522775E-002
   7.7243302270800854E-002
   7.7243302281242363E-002
   7.8036112787342543E-002
   7.8036112811574812E-002
   7.8833285171931403E-002
   7.8833285202415518E-002
   7.9634819130888504E-002
   7.9634819160205872E-002
   8.0440714384850565E-002
   8.0440714393284735E-002
   8.1250970637610706E-002
   8.1250970642508302E-002
   8.2065587617325061E-002
   8.2065587639527912E-002
   8.2884565087612133E-002
   8.2884565095193610E-002
   8.3707902767608283E-002
   8.3707902779020946E-002
   8.4535600409317929E-002
   8.4535600441380948E-002
   8.5367657792462096E-002
   8.5367657818210457E-002
   8.6204074670102090E-002
   8.6204074684961315E-002
   8.7044850804492896E-002
   8.7044850820339109E-002
   8.7889985978462343E-002
   8.7889985994527617E-002
   8.8739479967314613E-002
   8.8739479996907816E-002
   8.9593332577968740E-002
   8.9593332596551500E-002
   9.0451543592068459E-002
   9.0451543598760592E-002
   9.1314112800173472E-002
   9.1314112810534587E-002
   9.2181040014698554E-002
   9.2181040027306330E-002
   9.3052325040862000E-002
   9.3052325061676308E-002
   9.3927967700284484E-002
   9.3927967719509300E-002
   9.4807967809252588E-002
   9.4807967821378208E-002
   9.5692325187509156E-002
   9.5692325193492189E-002
   9.6581039658882387E-002
   9.6581039666791199E-002
   9.7474111057615775E-002
   9.7474111070355071E-002
   9.8371539226354082E-002
   9.8371539233162386E-002
   9.9273323997651403E-002
   9.9273324002336988E-002
  0.10017946520437834     
  0.10017946523250396     
  0.10108996272610572     
  0.10108996273917657     
  0.10200481639000802     
  0.10200481639763261     
  0.10292402605274543     
  0.10292402606081799     
  0.10384759157788301     
  0.10384759158172174     
  0.10477551281199393     
  0.10477551283707291     
  0.10570778965133142     
  0.10570778966047639     
  0.10664442194073087     
  0.10664442194332507     
  0.10758540954879257     
  0.10758540955943455     
  0.10853075236098805     
  0.10853075237176635     
  0.10948045024822314     
  0.10948045026369310     
  0.11043450309768964     
  0.11043450310798596     
  0.11139291078827659     
  0.11139291079124397     
  0.11235567319827648     
  0.11235567320603690     
  0.11332279022512154     
  0.11332279023102096     
  0.11429426175522284     
  0.11429426176095575     
  0.11527008768124647     
  0.11527008768929102     
  0.11625026790201906     
  0.11625026790812577     
  0.11723480230481359     
  0.11723480232579481     
  0.11822369081319732     
  0.11822369081889299     
  0.11921693330751335     
  0.11921693331167298     
  0.12021452969885708     
  0.12021452970195066     
  0.12121647989218977     
  0.12121647989787777     
  0.12222278379328702     
  0.12222278381088188     
  0.12323344132878931     
  0.12323344133550918     
  0.12424845239546523     
  0.12424845240005609     
  0.12526781690877117     
  0.12526781691791083     
  0.12629153479102531     
  0.12629153479927910     
  0.12731960595591071     
  0.12731960596658815     
  0.12835203032912720     
  0.12835203033374121     
  0.12938880782665166     
  0.12938880782776965     
  0.13042993836830638     
  0.13042993837517555     
  0.13147542188817904     
  0.13147542189143122     
  0.13252525830698658     
  0.13252525830853035     
  0.13357944754943676     
  0.13357944755754883     
  0.13463798955335865     
  0.13463798955943759     
  0.13570088424004217     
  0.13570088425460772     
  0.13676813155710985     
  0.13676813155998785     
  0.13783973142248770     
  0.13783973142497993     
  0.13891568377756700     
  0.13891568377823230     
  0.13999598855399936     
  0.13999598856077636     
  0.14108064569436018     
  0.14108064570529932     
  0.14216965514045007     
  0.14216965514778016     
  0.14326301682806633     
  0.14326301683265663     
  0.14436073069621563     
  0.14436073070355482     
  0.14546279669216375     
  0.14546279669817988     
  0.14656921475634310     
  0.14656921476335491     
  0.14767998483778103     
  0.14767998483953618     
  0.14879510687618269     
  0.14879510687867920     
  0.14991458082046760     
  0.14991458082564976     
  0.15103840662283519     
  0.15103840662410786     
  0.15216658422718879     
  0.15216658422803800     
  0.15329911358175694     
  0.15329911358907630     
  0.15443599464523922     
  0.15443599465032301     
  0.15557722736167531     
  0.15557722737142590     
  0.15672281169308769     
  0.15672281169589436     
  0.15787274758444650     
  0.15787274758609307     
  0.15902703499258741     
  0.15902703499428256     
  0.16018567387131205     
  0.16018567387747898     
  0.16134866418137031     
  0.16134866418743163     
  0.16251600587684190     
  0.16251600588420467     
  0.16368769891872323     
  0.16368769892255219     
  0.16486374326051850     
  0.16486374326629330     
  0.16604413886612898     
  0.16604413887038244     
  0.16722888569316180     
  0.16722888569757402     
  0.16841798370489322     
  0.16841798370641869     
  0.16961143285943867     
  0.16961143286206565     
  0.17080923312120705     
  0.17080923312477472     
  0.17201138445507463     
  0.17201138445571079     
  0.17321788682074132     
  0.17321788682256092     
  0.17442874018301660     
  0.17442874018921431     
  0.17564394451183643     
  0.17564394451572221     
  0.17686349976706661     
  0.17686349977346169     
  0.17808740592030922     
  0.17808740592330582     
  0.17931566293466428     
  0.17931566293583420     
  0.18054827077684046     
  0.18054827077919569     
  0.18178522941564701     
  0.18178522942059405     
  0.18302653882271469     
  0.18302653882553849     
  0.18427219896180197     
  0.18427219896851776     
  0.18552220980940320     
  0.18552220981236547     
  0.18677657132922462     
  0.18677657133376349     
  0.18803528349623611     
  0.18803528349916629     
  0.18929834627940098     
  0.18929834628205142     
  0.19056575965131420     
  0.19056575965325914     
  0.19183752358345710     
  0.19183752358571679     
  0.19311363804916409     
  0.19311363805145157     
  0.19439410302202531     
  0.19439410302317134     
  0.19567891847398231     
  0.19567891847614563     
  0.19696808437923169     
  0.19696808438428592     
  0.19826160071577154     
  0.19826160071857998     
  0.19955946745416978     
  0.19955946745830691     
  0.20086168457282805     
  0.20086168457575429     
  0.20216825204665734     
  0.20216825204752584     
  0.20347916984953951     
  0.20347916985206538     
  0.20479443796014654     
  0.20479443796381772     
  0.20611405635716573     
  0.20611405635799171     
  0.20743802501203565     
  0.20743802501780539     
  0.20876634391059737     
  0.20876634391282112     
  0.21009901302421952     
  0.21009901302780726     
  0.21143603233527777     
  0.21143603233724195     
  0.21277740182047827     
  0.21277740182197546     
  0.21412312145900150     
  0.21412312146107532     
  0.21547319123127825     
  0.21547319123303371     
  0.21682761111669430     
  0.21682761111805290     
  0.21818638109506902     
  0.21818638109654984     
  0.21954950114682070     
  0.21954950114898250     
  0.22091697125238743     
  0.22091697125641321     
  0.22228879139539079     
  0.22228879139733554     
  0.22366496155382612     
  0.22366496155647111     
  0.22504548171106337     
  0.22504548171375655     
  0.22643035184975915     
  0.22643035185042198     
  0.22781957194920610     
  0.22781957195163016     
  0.22921314199461806     
  0.22921314199717852     
  0.23061106196910594     
  0.23061106196951622     
  0.23201333185131526     
  0.23201333185609510     
  0.23341995163155985     
  0.23341995163322365     
  0.23483092128751401     
  0.23483092129036839     
  0.23624624080653883     
  0.23624624080781609     
  0.23766591017078845     
  0.23766591017155780     
  0.23908992936425405     
  0.23908992936623813     
  0.24051829837331770     
  0.24051829837458899     
  0.24195101718172785     
  0.24195101718244805     
  0.24338808577386836     
  0.24338808577547949     
  0.24482950413596466     
  0.24482950413796076     
  0.24627527225285131     
  0.24627527225600432     
  0.24772539011211436     
  0.24772539011341041     
  0.24917985769704037     
  0.24917985769870879     
  0.25063867499468268     
  0.25063867499708326     
  0.25210184199285429     
  0.25210184199337304     
  0.25356935867500097     
  0.25356935867719160     
  0.25504122503072330     
  0.25504122503239862     
  0.25651744104592639     
  0.25651744104694063     
  0.25799800670589668     
  0.25799800670976769     
  0.25948292200243300     
  0.25948292200369866     
  0.26097218691848756     
  0.26097218692077040     
  0.26246580144479320     
  0.26246580144560472     
  0.26396376556746010     
  0.26396376556780560     
  0.26546607927407062     
  0.26546607927585780     
  0.26697274255496567     
  0.26697274255583292     
  0.26848375539716596     
  0.26848375539746672     
  0.26999911778845254     
  0.26999911779006808     
  0.27151882971905827     
  0.27151882972082197     
  0.27304289117701086     
  0.27304289117944514     
  0.27457130215273678     
  0.27457130215357012     
  0.27610406263338605     
  0.27610406263442117     
  0.27764117260876442     
  0.27764117261087079     
  0.27918263207017863     
  0.27918263207059590     
  0.28072844100429800     
  0.28072844100620592     
  0.28227859940369271     
  0.28227859940470118     
  0.28383310725649946     
  0.28383310725780292     
  0.28539196455264204     
  0.28539196455572835     
  0.28695517128500864     
  0.28695517128600528     
  0.28852272744054686     
  0.28852272744237523     
  0.29009463301225968     
  0.29009463301279548     
  0.29167088798922047     
  0.29167088798941176     
  0.29325149236179276     
  0.29325149236334380     
  0.29483644612286969     
  0.29483644612343290     
  0.29642574926202114     
  0.29642574926209520     
  0.29801940176963088     
  0.29801940177118391     
  0.29961740363867767     
  0.29961740364019279     
  0.30121975485957508     
  0.30121975486142666     
  0.30282645542481074     
  0.30282645542534437     
  0.30443750532444147     
  0.30443750532506991     
  0.30605290455032003     
  0.30605290455215878     
  0.30767265309617114     
  0.30767265309651937     
  0.30929675095118703     
  0.30929675095280745     
  0.31092519810996144     
  0.31092519811049912     
  0.31255799456248851     
  0.31255799456388039     
  0.31419514030188772     
  0.31419514030432105     
  0.31583663532192652     
  0.31583663532274941     
  0.31748247961260367     
  0.31748247961406695     
  0.31913267316843047     
  0.31913267316885979     
  0.32078721598079946     
  0.32078721598103122     
  0.32244610804223306     
  0.32244610804354734     
  0.32410934934722158     
  0.32410934934759650     
  0.32577693988732592     
  0.32577693988748369     
  0.32744887965517250     
  0.32744887965663289     
  0.32912516864538255     
  0.32912516864665731     
  0.33080580685026978     
  0.33080580685164945     
  0.33249079426382389     
  0.33249079426420991     
  0.33418013087838339     
  0.33418013087875897     
  0.33587381668728417     
  0.33587381668889171     
  0.33757185168596349     
  0.33757185168626791     
  0.33927423586561178     
  0.33927423586696270     
  0.34098096922217369     
  0.34098096922245463     
  0.34269205174730910     
  0.34269205174867401     
  0.34440748343624000     
  0.34440748343813959     
  0.34612726428350132     
  0.34612726428421881     
  0.34785139428144701     
  0.34785139428261080     
  0.34957987342557761     
  0.34957987342601565     
  0.35131270170920165     
  0.35131270170948020     
  0.35304987912636282     
  0.35304987912745789     
  0.35479140567266576     
  0.35479140567298523     
  0.35653728134135665     
  0.35653728134160079     
  0.35828750612665267     
  0.35828750612801269     
  0.36004208002439131     
  0.36004208002544252     
  0.36180100302833179     
  0.36180100302933027     
  0.36356427513355544     
  0.36356427513392281     
  0.36533189633425683     
  0.36533189633448887     
  0.36710386662482103     
  0.36710386662623762     
  0.36888018600192607     
  0.36888018600220757     
  0.37066085445835539     
  0.37066085445946240     
  0.37244587199088997     
  0.37244587199119072     
  0.37423523859286961     
  0.37423523859414287     
  0.37602895426068050     
  0.37602895426214666     
  0.37782701898959820     
  0.37782701899025667     
  0.37962943277381456     
  0.37962943277473021     
  0.38143619560948622     
  0.38143619560997188     
  0.38324730749148922     
  0.38324730749178199     
  0.38506276841493731     
  0.38506276841583664     
  0.38688257837625156     
  0.38688257837661383     
  0.38870673737013250     
  0.38870673737041950     
  0.39053524539184270     
  0.39053524539310613     
  0.39236810243821529     
  0.39236810243906250     
  0.39420530850408636     
  0.39420530850477736     
  0.39604686358536051     
  0.39604686358577063     
  0.39789276767771969     
  0.39789276767789122     
  0.39974302077633417     
  0.39974302077759627     
  0.40159762287877132     
  0.40159762287904571     
  0.40345657397910106     
  0.40345657397999374     
  0.40531987407463027     
  0.40531987407505199     
  0.40718752316022266     
  0.40718752316137152     
  0.40905952123291106     
  0.40905952123402473     
  0.41093586828863615     
  0.41093586828926892     
  0.41281656432304392     
  0.41281656432375091     
  0.41470160933272243     
  0.41470160933325473     
  0.41659100331381849     
  0.41659100331410270     
  0.41848474626222676     
  0.41848474626295523     
  0.42038283817497657     
  0.42038283817541389     
  0.42228527904798663     
  0.42228527904828794     
  0.42419206887722977     
  0.42419206887840777     
  0.42610320766035120     
  0.42610320766101445     
  0.42801869539299364     
  0.42801869539343879     
  0.42993853207170785     
  0.42993853207217220     
  0.43186271769333917     
  0.43186271769350304     
  0.43379125225368420     
  0.43379125225482706     
  0.43572413575095170     
  0.43572413575123531     
  0.43766136818025403     
  0.43766136818095835     
  0.43960294953924545     
  0.43960294953977047     
  0.44154887982405538     
  0.44154887982506547     
  0.44349915903212811     
  0.44349915903295289     
  0.44545378715996264     
  0.44545378716059308     
  0.44741276420437331     
  0.44741276420490167     
  0.44937609016222019     
  0.44937609016279001     
  0.45134376503068213     
  0.45134376503094181     
  0.45331578880624146     
  0.45331578880682083     
  0.45529216148638735     
  0.45529216148690038     
  0.45727288306804492     
  0.45727288306834080     
