   1.6738900525285693E-004
   1.6738900549746635E-004
   4.9453939334214315E-004
   4.9453939418275805E-004
   8.0923931871355306E-004
   8.0923932001862034E-004
   9.0399541766663337E-004
   9.0399541817092366E-004
   1.1133520539658749E-003
   1.1133520545200117E-003
   1.2140148120239271E-003
   1.2140148121152780E-003
   1.4066760764324879E-003
   1.4066760766531083E-003
   1.5104805501817344E-003
   1.5104805507460955E-003
   1.6888617084393094E-003
   1.6888617088941672E-003
   1.7941481971003150E-003
   1.7941481975465579E-003
   1.9592611040102378E-003
   1.9592611048600316E-003
   2.0646859991557812E-003
   2.0646859994795717E-003
   2.2166937242045427E-003
   2.2166937245186929E-003
   2.3206482696129884E-003
   2.3206482697560741E-003
   2.4593940393977630E-003
   2.4593940401025295E-003
   2.5600205383009785E-003
   2.5600205441338405E-003
   2.6847359736452540E-003
   2.6847360504011304E-003
   2.7790505004394971E-003
   2.7790510285621009E-003
   2.8865916983455459E-003
   2.8865959455256838E-003
   2.9685443357645100E-003
   2.9685624450480246E-003
   3.0577964359190931E-003
   3.0578566284488961E-003
   3.1463268154820734E-003
   3.1464819379910702E-003
   3.2457633991229253E-003
   3.2461372992788049E-003
   3.3490453852650097E-003
   3.3499402645301704E-003
   3.4555336294234918E-003
   3.4576659734438624E-003
   3.5625239603954226E-003
   3.5675338316586615E-003
   3.6678517111852142E-003
   3.6792457531969274E-003
   3.7682784434942135E-003
   3.7924669315539299E-003
   3.8622878566969632E-003
   3.9076331321921190E-003
   3.9537263169925254E-003
   4.0254480205993677E-003
   4.0509205026848776E-003
   4.1468955990562762E-003
   4.1591303640192189E-003
   4.2727783137259823E-003
   4.2781824541153722E-003
   4.4036774396913501E-003
   4.4059334461077357E-003
   4.5398201936787180E-003
   4.5407587129721039E-003
   4.6812839538819071E-003
   4.6816791474579714E-003
   4.8279986987533963E-003
   4.8281860571927340E-003
   4.9798767675328474E-003
   4.9799722180590925E-003
   5.1368067988659524E-003
   5.1368624896892005E-003
   5.2986985258557358E-003
   5.2987296544555317E-003
   5.4654665195032447E-003
   5.4654885379205433E-003
   5.6370476323183609E-003
   5.6370651592982232E-003
   5.8133879164466856E-003
   5.8134011405123294E-003
   5.9944390898406669E-003
   5.9944513531140402E-003
   6.1801635975058536E-003
   6.1801747005521502E-003
   6.3705269365296304E-003
   6.3705387682582524E-003
   6.5655019418176235E-003
   6.5655132805191351E-003
   6.7650636716358467E-003
   6.7650734939743206E-003
   6.9691911067896036E-003
   6.9691971630277951E-003
   7.1778621160976559E-003
   7.1778685218775616E-003
   7.3910632608944161E-003
   7.3910676389302718E-003
   7.6087775617495659E-003
   7.6087819702720175E-003
   7.8309939183372479E-003
   7.8309963847217404E-003
   8.0576992050351726E-003
   8.0577006104286929E-003
   8.2888826502780667E-003
   8.2888844750826588E-003
   8.5245354884929871E-003
   8.5245379352291550E-003
   8.7646502405215650E-003
   8.7646515271035657E-003
   9.0092174012350364E-003
   9.0092194510320994E-003
   9.2582318987395780E-003
   9.2582329176602290E-003
   9.5116854695951204E-003
   9.5116876058620788E-003
   9.7695742394319114E-003
   9.7695759383218724E-003
   1.0031891966847083E-002
   1.0031893713153339E-002
   1.0298634185265991E-002
   1.0298635853868678E-002
   1.0569796356329908E-002
   1.0569798161593459E-002
   1.0845374945266778E-002
   1.0845376157056797E-002
   1.1125365611172139E-002
   1.1125366817717652E-002
   1.1409765571851445E-002
   1.1409766148952553E-002
   1.1698570984942785E-002
   1.1698571746390784E-002
   1.1991779508364711E-002
   1.1991780185362993E-002
   1.2289388374642152E-002
   1.2289388902049359E-002
   1.2591395079317468E-002
   1.2591395465412275E-002
   1.2897797080164104E-002
   1.2897797842573399E-002
   1.3208592768400659E-002
   1.3208593395909693E-002
   1.3523779858421897E-002
   1.3523780464908590E-002
   1.3843356734549206E-002
   1.3843356993885801E-002
   1.4167321225010267E-002
   1.4167321735016095E-002
   1.4495672213342988E-002
   1.4495672616195008E-002
   1.4828407882943272E-002
   1.4828408477756150E-002
   1.5165527106405374E-002
   1.5165527666171224E-002
   1.5507028472846436E-002
   1.5507028991352966E-002
   1.5852910790408979E-002
   1.5852911210192826E-002
   1.6203172814444524E-002
   1.6203173285681841E-002
   1.6557813693269991E-002
   1.6557813929592095E-002
   1.6916832142228191E-002
   1.6916832417872958E-002
   1.7280227423570643E-002
   1.7280227601139266E-002
   1.7647998510958263E-002
   1.7647998731364665E-002
   1.8020144660315245E-002
   1.8020144882966237E-002
   1.8396665133760280E-002
   1.8396665221484153E-002
   1.8777558955873283E-002
   1.8777559240530727E-002
   1.9162825653522626E-002
   1.9162826015732045E-002
   1.9552464618328144E-002
   1.9552464836531933E-002
   1.9946475059369310E-002
   1.9946475248204646E-002
   2.0344856470334020E-002
   2.0344856579840889E-002
   2.0747608184166922E-002
   2.0747608385208276E-002
   2.1154729802954644E-002
   2.1154730008718328E-002
   2.1566220775779618E-002
   2.1566221003738766E-002
   2.1982080652732185E-002
   2.1982080875031978E-002
   2.2402308978766241E-002
   2.2402309181612665E-002
   2.2826905345036369E-002
   2.2826905482363258E-002
   2.3255869280274673E-002
   2.3255869441829908E-002
   2.3689200498269784E-002
   2.3689200580116077E-002
   2.4126898540352576E-002
   2.4126898627957739E-002
   2.4568963115685603E-002
   2.4568963184162459E-002
   2.5015393859939290E-002
   2.5015393954820421E-002
   2.5466190500826127E-002
   2.5466190585800998E-002
   2.5921352730035027E-002
   2.5921352788982503E-002
   2.6380880185670488E-002
   2.6380880358100794E-002
   2.6844772724608060E-002
   2.6844772894793416E-002
   2.7313030072778296E-002
   2.7313030156823782E-002
   2.7785651902430538E-002
   2.7785651979417566E-002
   2.8262638021695558E-002
   2.8262638084395355E-002
   2.8743988175310656E-002
   2.8743988278222932E-002
   2.9229702191814994E-002
   2.9229702303669773E-002
   2.9719779859196042E-002
   2.9719779963087795E-002
   3.0214220971014481E-002
   3.0214221071279444E-002
   3.0713025343865209E-002
   3.0713025437089845E-002
   3.1216192812178561E-002
   3.1216192867717884E-002
   3.1723723164652259E-002
   3.1723723231449237E-002
   3.2235616280339371E-002
   3.2235616320784019E-002
   3.2751871972702767E-002
   3.2751872007643075E-002
   3.3272490100919316E-002
   3.3272490131370930E-002
   3.3797470510766911E-002
   3.3797470557192420E-002
   3.4326813087416280E-002
   3.4326813122805999E-002
   3.4860517672665209E-002
   3.4860517720567134E-002
   3.5398584129368200E-002
   3.5398584232511354E-002
   3.5941012393162608E-002
   3.5941012478110927E-002
   3.6487802325071282E-002
   3.6487802361182903E-002
   3.7038953771366373E-002
   3.7038953809565157E-002
   3.7594466649308524E-002
   3.7594466688940981E-002
   3.8154340844728081E-002
   3.8154340904844937E-002
   3.8718576275010984E-002
   3.8718576339289164E-002
   3.9287172843216152E-002
   3.9287172896274883E-002
   3.9860130444698050E-002
   3.9860130494822295E-002
   4.0437448993887640E-002
   4.0437449041857608E-002
   4.1019128414758577E-002
   4.1019128441434599E-002
   4.1605168601751369E-002
   4.1605168633512567E-002
   4.2195569495176687E-002
   4.2195569518271629E-002
   4.2790331010264346E-002
   4.2790331026796316E-002
   4.3389453071313734E-002
   4.3389453086672337E-002
   4.3992935604493605E-002
   4.3992935628944047E-002
   4.4600778554939005E-002
   4.4600778570790756E-002
   4.5212981833471041E-002
   4.5212981868588548E-002
   4.5829545385347149E-002
   4.5829545448953450E-002
   4.6450469176741130E-002
   4.6450469222065222E-002
   4.7075753129586111E-002
   4.7075753146637471E-002
   4.7705397165001315E-002
   4.7705397186312545E-002
   4.8339401243207049E-002
   4.8339401269578128E-002
   4.8977765307638046E-002
   4.8977765345491746E-002
   4.9620489314788595E-002
   4.9620489353682878E-002
   5.0267573214481054E-002
   5.0267573243937144E-002
   5.0919016949339424E-002
   5.0919016976584436E-002
   5.1574820475136660E-002
   5.1574820502017733E-002
   5.2234983753365820E-002
   5.2234983767995131E-002
   5.2899506726967895E-002
   5.2899506743791243E-002
   5.3568389363109481E-002
   5.3568389377303662E-002
   5.4241631619603804E-002
   5.4241631628521990E-002
   5.4919233452871197E-002
   5.4919233461462068E-002
   5.5601194824179502E-002
   5.5601194837824247E-002
   5.6287515704445831E-002
   5.6287515712095594E-002
   5.6978196040316148E-002
   5.6978196065379162E-002
   5.7673235809362802E-002
   5.7673235850107460E-002
   5.8372634992178943E-002
   5.8372635017864848E-002
   5.9076393541487526E-002
   5.9076393550197344E-002
   5.9784511413946931E-002
   5.9784511426730476E-002
   6.0496988588526729E-002
   6.0496988606719336E-002
   6.1213825035207947E-002
   6.1213825060278462E-002
   6.1935020729329125E-002
   6.1935020753967618E-002
   6.2660575642432645E-002
   6.2660575659880660E-002
   6.3390489740996356E-002
   6.3390489756852131E-002
   6.4124763000363100E-002
   6.4124763016468314E-002
   6.4863395399451448E-002
   6.4863395408298899E-002
   6.5606386905449718E-002
   6.5606386915148709E-002
   6.6353737498819079E-002
   6.6353737508002136E-002
   6.7105447156974113E-002
   6.7105447162291929E-002
   6.7861515853461757E-002
   6.7861515858672505E-002
   6.8621943566471028E-002
   6.8621943574463551E-002
   6.9386730279181644E-002
   6.9386730283255454E-002
   7.0155875958349614E-002
   7.0155875976284421E-002
   7.0929380594810493E-002
   7.0929380621883545E-002
   7.1707244176795179E-002
   7.1707244192131592E-002
   7.2489466673995834E-002
   7.2489466678746714E-002
   7.3276048061275523E-002
   7.3276048069341196E-002
   7.4066988326567412E-002
   7.4066988339486925E-002
   7.4862287453151516E-002
   7.4862287470404854E-002
   7.5661945426171953E-002
   7.5661945442415446E-002
   7.6465962228327827E-002
   7.6465962239217075E-002
   7.7274337838983020E-002
   7.7274337848744379E-002
   7.8087072243562830E-002
   7.8087072253745643E-002
   7.8904165429779266E-002
   7.8904165435526474E-002
   7.9725617377788272E-002
   7.9725617383767725E-002
   8.0551428075249384E-002
   8.0551428081439738E-002
   8.1381597509340611E-002
   8.1381597512761736E-002
   8.2216125663286954E-002
   8.2216125666650694E-002
   8.3055012524089852E-002
   8.3055012528967270E-002
   8.3898258081268134E-002
   8.3898258083754104E-002
   8.4745862313533371E-002
   8.4745862326537372E-002
   8.5597825217252718E-002
   8.5597825235844499E-002
   8.6454146785028177E-002
   8.6454146794604295E-002
   8.7314826996542527E-002
   8.7314826999282322E-002
   8.8179865836564827E-002
   8.8179865841855845E-002
   8.9049263297672390E-002
   8.9049263307075147E-002
   8.9923019370223234E-002
   8.9923019382472297E-002
   9.0801134044808357E-002
   9.0801134055894045E-002
   9.1683607310319798E-002
   9.1683607317415247E-002
   9.2570439153489767E-002
   9.2570439159786772E-002
   9.3461629565289195E-002
   9.3461629572018867E-002
   9.4357178538180125E-002
   9.4357178542118100E-002
   9.5257086059648360E-002
   9.5257086063536625E-002
   9.6161352121522631E-002
   9.6161352125842134E-002
   9.7069976716173192E-002
   9.7069976718504952E-002
   9.7982959832559835E-002
   9.7982959834838165E-002
   9.8900301462567314E-002
   9.8900301465649168E-002
   9.9822001599241400E-002
   9.9822001600991861E-002
  0.10074806022867890     
  0.10074806023826539     
  0.10167847734954318     
  0.10167847736268758     
  0.10261325295706680     
  0.10261325296328105     
  0.10355238703712880     
  0.10355238703878682     
  0.10449587958016215     
  0.10449587958374472     
  0.10544373058132440     
  0.10544373058831495     
  0.10639594003491902     
  0.10639594004384653     
  0.10735250793473376     
  0.10735250794252986     
  0.10831343427331686     
  0.10831343427811119     
  0.10927871904181874     
  0.10927871904604335     
  0.11024836223442677     
  0.11024836223904223     
  0.11122236384631554     
  0.11122236384912809     
  0.11220072386931353     
  0.11220072387195175     
  0.11318344229779234     
  0.11318344230089698     
  0.11417051912704049     
  0.11417051912870153     
  0.11516195434955384     
  0.11516195435115610     
  0.11615774796006520     
  0.11615774796207107     
  0.11715789995372407     
  0.11715789995508874     
  0.11816241032129182     
  0.11816241032848146     
  0.11917127906237707     
  0.11917127907191032     
  0.12018450617384267     
  0.12018450617801242     
  0.12120209164557656     
  0.12120209164662392     
  0.12222403547138735     
  0.12222403547387851     
  0.12325033764795575     
  0.12325033765325065     
  0.12428099817186436     
  0.12428099817851984     
  0.12531601703886794     
  0.12531601704449613     
  0.12635539424378339     
  0.12635539424712497     
  0.12739912978052040     
  0.12739912978345044     
  0.12844722364521255     
  0.12844722364847971     
  0.12949967583466004     
  0.12949967583673799     
  0.13055648634336930     
  0.13055648634522085     
  0.13161765516732751     
  0.13161765516961732     
  0.13268318230354179     
  0.13268318230476669     
  0.13375306774676585     
  0.13375306774792675     
  0.13482731149346591     
  0.13482731149480456     
  0.13590591354012468     
  0.13590591354124748     
  0.13698887388050010     
  0.13698887388598321     
  0.13807619251458289     
  0.13807619252165435     
  0.13916786944026724     
  0.13916786944314849     
  0.14026390465012734     
  0.14026390465081565     
  0.14136429814005505     
  0.14136429814182733     
  0.14246904990767856     
  0.14246904991175577     
  0.14357815995093551     
  0.14357815995599668     
  0.14469162826684093     
  0.14469162827099877     
  0.14580945485167679     
  0.14580945485406985     
  0.14693163970113832     
  0.14693163970322909     
  0.14805818281258062     
  0.14805818281495750     
  0.14918908418381582     
  0.14918908418539670     
  0.15032434381106241     
  0.15032434381239768     
  0.15146396169136797     
  0.15146396169309595     
  0.15260793782279422     
  0.15260793782372284     
  0.15375627220157934     
  0.15375627220244087     
  0.15490896482528335     
  0.15490896482619684     
  0.15606601569127945     
  0.15606601569222786     
  0.15722742479528143     
  0.15722742479952981     
  0.15839319213742556     
  0.15839319214277597     
  0.15956331771626978     
  0.15956331771831350     
  0.16073780152624373     
  0.16073780152671346     
  0.16191664356456426     
  0.16191664356584912     
  0.16309984382947482     
  0.16309984383266027     
  0.16428740231973737     
  0.16428740232365457     
  0.16547931903320245     
  0.16547931903633753     
  0.16667559396713255     
  0.16667559396888751     
  0.16787622711841307     
  0.16787622711994202     
  0.16908121848518873     
  0.16908121848696034     
  0.17029056806592499     
  0.17029056806715925     
  0.17150427585796948     
  0.17150427585895173     
  0.17272234185908236     
  0.17272234186041277     
  0.17394476606799819     
  0.17394476606871817     
  0.17517154848195721     
  0.17517154848260882     
  0.17640268909923063     
  0.17640268909986664     
  0.17763818791780980     
  0.17763818791862310     
  0.17887804493471127     
  0.17887804493805196     
  0.18012226015011210     
  0.18012226015423222     
  0.18137083356300734     
  0.18137083356449157     
  0.18262376516913970     
  0.18262376516947276     
  0.18388105496659271     
  0.18388105496754037     
  0.18514270295402485     
  0.18514270295654575     
  0.18640870913070667     
  0.18640870913378699     
  0.18767907349506149     
  0.18767907349746901     
  0.18895379604502510     
  0.18895379604634005     
  0.19023287677829989     
  0.19023287677944198     
  0.19151631569355318     
  0.19151631569490266     
  0.19280411278968518     
  0.19280411279067275     
  0.19409626806480912     
  0.19409626806554361     
  0.19539278151717557     
  0.19539278151821921     
  0.19669365314596163     
  0.19669365314653051     
  0.19799888294909998     
  0.19799888294960019     
  0.19930847092533654     
  0.19930847092578743     
  0.20062241707310596     
  0.20062241707381145     
  0.20194072139030797     
  0.20194072139297220     
  0.20326338387711740     
  0.20326338388034088     
  0.20459040453282026     
  0.20459040453392208     
  0.20592178335411132     
  0.20592178335435707     
  0.20725752033965292     
  0.20725752034036179     
  0.20859761548839242     
  0.20859761549041039     
  0.20994206879991847     
  0.20994206880237609     
  0.21129088027305742     
  0.21129088027493739     
  0.21264404990622127     
  0.21264404990722582     
  0.21400157769768260     
  0.21400157769855169     
  0.21536346364646433     
  0.21536346364751324     
  0.21672970775176403     
  0.21672970775257339     
  0.21810031001222716     
  0.21810031001278241     
  0.21947527042644738     
  0.21947527042728013     
  0.22085458899390156     
  0.22085458899435842     
  0.22223826571301103     
  0.22223826571340000     
  0.22362630058284466     
  0.22362630058317318     
  0.22501869360216678     
  0.22501869360278642     
  0.22641544476948408     
  0.22641544477163722     
  0.22781655408495108     
  0.22781655408750950     
  0.22922202154805241     
  0.22922202154888721     
  0.23063184715618507     
  0.23063184715637416     
  0.23204603090840767     
  0.23204603090894355     
  0.23346457280387273     
  0.23346457280550401     
  0.23488747284236997     
  0.23488747284435715     
  0.23631473102301587     
  0.23631473102450629     
  0.23774634734456479     
  0.23774634734534628     
  0.23918232180569934     
  0.23918232180637150     
  0.24062265440568725     
  0.24062265440651809     
  0.24206734514393269     
  0.24206734514461273     
  0.24351639401946296     
  0.24351639401988698     
  0.24496980103111349     
  0.24496980103178834     
  0.24642756617856973     
  0.24642756617894171     
  0.24788968946060383     
  0.24788968946090842     
  0.24935617087650833     
  0.24935617087675593     
  0.25082701042529970     
  0.25082701042585148     
  0.25230220810590820     
  0.25230220810767068     
  0.25378176391846174     
  0.25378176392051865     
  0.25526567786258142     
  0.25526567786322668     
  0.25675394993619283     
  0.25675394993634509     
  0.25824658013863000     
  0.25824658013903901     
  0.25974356846919583     
  0.25974356847052588     
  0.26124491492780483     
  0.26124491492943264     
  0.26275061951378914     
  0.26275061951498785     
  0.26426068222615456     
  0.26426068222677290     
  0.26577510306388158     
  0.26577510306440910     
  0.26729388202640969     
  0.26729388202708010     
  0.26881701911329187     
  0.26881701911387751     
  0.27034451432383233     
  0.27034451432415885     
  0.27187636765704037     
  0.27187636765759676     
  0.27341257911275113     
  0.27341257911305739     
  0.27495314868999093     
  0.27495314869023096     
  0.27649807638820856     
  0.27649807638840745     
  0.27804736220662274     
  0.27804736220712106     
  0.27960100614445821     
  0.27960100614591926     
  0.28115900820181622     
  0.28115900820349038     
  0.28272136837841411     
  0.28272136837892275     
  0.28428808667258010     
  0.28428808667270944     
  0.28585916308384496     
  0.28585916308415793     
  0.28743459761162088     
  0.28743459761271350     
  0.28901439025590170     
  0.28901439025725129     
  0.29059854101618282     
  0.29059854101716021     
  0.29218704989165550     
  0.29218704989215322     
  0.29377991688152216     
  0.29377991688194155     
  0.29537714198534393     
  0.29537714198589532     
  0.29697872520278207     
  0.29697872520329976     
  0.29858466653334675     
  0.29858466653360449     
  0.30019496597617740     
  0.30019496597664164     
  0.30180962353121049     
  0.30180962353146568     
  0.30342863919766627     
  0.30342863919785545     
  0.30505201297509721     
  0.30505201297527251     
  0.30667974486289551     
  0.30667974486335370     
  0.30831183486048658     
  0.30831183486171343     
  0.30994828296794913     
  0.30994828296932692     
  0.31158908918506617     
  0.31158908918547679     
  0.31323425351048167     
  0.31323425351059714     
  0.31488377594386674     
  0.31488377594410794     
  0.31653765648471432     
  0.31653765648561671     
  0.31819589513306623     
  0.31819589513419849     
  0.31985849188854654     
  0.31985849188935400     
  0.32152544675048372     
  0.32152544675089068     
  0.32319675971824979     
  0.32319675971858686     
  0.32487243079149131     
  0.32487243079195316     
  0.32655245996994930     
  0.32655245997041965     
  0.32823684725328994     
  0.32823684725350266     
  0.32992559264075549     
  0.32992559264114951     
  0.33161869613234685     
  0.33161869613256179     
  0.33331615772743400     
  0.33331615772758161     
  0.33501797742563960     
  0.33501797742580947     
  0.33672415522650490     
  0.33672415522693494     
  0.33843469112959323     
  0.33843469113063651     
  0.34014958513496285     
  0.34014958513610921     
  0.34186883724244432     
  0.34186883724278128     
  0.34359244745092665     
  0.34359244745103484     
  0.34532041576018618     
  0.34532041576037181     
  0.34705274216977833     
  0.34705274217052773     
  0.34878942667977003     
  0.34878942668073132     
  0.35053046928988679     
  0.35053046929056381     
  0.35227586999956439     
  0.35227586999990390     
  0.35402562880830230     
  0.35402562880857630     
  0.35577974571580773     
  0.35577974571620291     
  0.35753822072188440     
  0.35753822072232333     
  0.35930105382631211     
  0.35930105382650351     
  0.36106824502842644     
  0.36106824502876583     
  0.36283979432825841     
  0.36283979432844166     
  0.36461570172529861     
  0.36461570172541352     
  0.36639596721921458     
  0.36639596721939227     
  0.36818059080968041     
  0.36818059081009186     
  0.36996957249635121     
  0.36996957249725082     
  0.37176291227926650     
  0.37176291228023040     
  0.37356061015829278     
  0.37356061015857672     
  0.37536266613251379     
  0.37536266613261970     
  0.37716908020178419     
  0.37716908020192769     
  0.37897985236570603     
  0.37897985236632897     
  0.38079498262435757     
  0.38079498262518352     
  0.38261447097754953     
  0.38261447097812318     
  0.38443831742479595     
  0.38443831742508405     
  0.38626652196569855     
  0.38626652196592309     
  0.38809908460000675     
  0.38809908460035286     
  0.38993600532757011     
  0.38993600532799200     
  0.39177728414825663     
  0.39177728414845009     
  0.39362292106149038     
  0.39362292106178731     
  0.39547291606730073     
  0.39547291606745716     
  0.39732726916527999     
  0.39732726916536704     
  0.39918598035512298     
  0.39918598035531816     
  0.40104904963662263     
  0.40104904963702648     
  0.40291647700949662     
  0.40291647701028371     
  0.40478826247376709     
  0.40478826247458638     
  0.40666440602932263     
  0.40666440602956810     
  0.40854490767540719     
  0.40854490767551560     
  0.41042976741193415     
  0.41042976741204640     
  0.41231898523854327     
  0.41231898523906213     
  0.41421256115531058     
  0.41421256115602895     
  0.41611049516212034     
  0.41611049516261389     
  0.41801278725854840     
  0.41801278725879792     
  0.41991943744427346     
  0.41991943744445909     
  0.42183044571907485     
  0.42183044571938433     
  0.42374581208284018     
  0.42374581208325723     
  0.42566553653550326     
  0.42566553653571793     
  0.42758961907657250     
  0.42758961907683590     
  0.42951805970605489     
  0.42951805970618923     
  0.43145085842363007     
  0.43145085842369202     
  0.43338801522900716     
  0.43338801522922599     
  0.43532953012208175     
  0.43532953012248804     
  0.43727540310261903     
  0.43727540310332058     
  0.43922563417062394     
  0.43922563417132604     
  0.44118022332599821     
  0.44118022332621665     
  0.44313917056811791     
  0.44313917056823166     
  0.44510247589693891     
  0.44510247589702973     
  0.44707013931213241     
  0.44707013931256351     
  0.44904216081376563     
  0.44904216081440018     
  0.45101854040178946     
  0.45101854040222050     
  0.45299927807582052     
  0.45299927807604018     
  0.45498437383560369     
  0.45498437383575863     
