   1.0284983865372667E-004
   1.0284983902180791E-004
   1.0380984529030917E-004
   1.0380984706426929E-004
   2.9844588181339774E-004
   2.9844588189048636E-004
   2.9864645929902922E-004
   2.9864645963563767E-004
   4.6727216631587348E-004
   4.6727216854288486E-004
   4.7153654334963925E-004
   4.7153654471652774E-004
   5.8254838986186892E-004
   5.8254845473992671E-004
   6.2012797537013692E-004
   6.2012797618160142E-004
   6.9359801715472970E-004
   6.9359808984260137E-004
   7.7109180528631106E-004
   7.7109180549054222E-004
   8.5446087110730839E-004
   8.5446092391296938E-004
   9.4333408312188838E-004
   9.4333408341249403E-004
   1.0362149621804041E-003
   1.0362150070762472E-003
   1.1325200095045967E-003
   1.1325200097251358E-003
   1.2315587420339421E-003
   1.2315587821827006E-003
   1.3330544172446531E-003
   1.3330544180041501E-003
   1.4363775794657301E-003
   1.4363776156969803E-003
   1.5413635096102392E-003
   1.5413635099531349E-003
   1.6475474206389862E-003
   1.6475474538547297E-003
   1.7547027435687449E-003
   1.7547027442220866E-003
   1.8625346500997912E-003
   1.8625346806562637E-003
   1.9707787698387438E-003
   1.9707787701699312E-003
   2.0792010259349162E-003
   2.0792010540707897E-003
   2.1875704465694639E-003
   2.1875704469805921E-003
   2.2956639372064573E-003
   2.2956639638270428E-003
   2.4032669291908040E-003
   2.4032669299651819E-003
   2.5101446511519594E-003
   2.5101446761727798E-003
   2.6160842180437145E-003
   2.6160842389030704E-003
   2.7208060881140830E-003
   2.7208062118138578E-003
   2.8240649294624821E-003
   2.8240656106514697E-003
   2.9255473021981126E-003
   2.9255509537607885E-003
   3.0249195284227860E-003
   3.0249381589725639E-003
   3.1217341522634498E-003
   3.1218240023985757E-003
   3.2153572492667881E-003
   3.2157629235306379E-003
   3.3046184531265134E-003
   3.3063048557488979E-003
   3.3870761240714030E-003
   3.3933054095975916E-003
   3.4586432591137855E-003
   3.4774526656905407E-003
   3.5192144886044443E-003
   3.5606577369319643E-003
   3.5798608473022620E-003
   3.6455345105292527E-003
   3.6519773315330855E-003
   3.7341765627504635E-003
   3.7359581712426392E-003
   3.8275210831351086E-003
   3.8279720015831210E-003
   3.9256337411187345E-003
   3.9257469346209604E-003
   4.0282494138244498E-003
   4.0282774090197393E-003
   4.1350617677176731E-003
   4.1350688560854399E-003
   4.2458164121316824E-003
   4.2458222166145091E-003
   4.3603198518315312E-003
   4.3603250151389690E-003
   4.4784166419019012E-003
   4.4784226816313357E-003
   4.5999862841393313E-003
   4.5999919516031117E-003
   4.7249294710206757E-003
   4.7249361213301333E-003
   4.8531673988228743E-003
   4.8531735483038456E-003
   4.9846325770294079E-003
   4.9846384636932830E-003
   5.1192692624319131E-003
   5.1192745792819931E-003
   5.2570297113899078E-003
   5.2570344773029938E-003
   5.3978728965173852E-003
   5.3978776322849151E-003
   5.5417638280750841E-003
   5.5417686002523321E-003
   5.6886720993458316E-003
   5.6886765409684525E-003
   5.8385706534098475E-003
   5.8385749290761329E-003
   5.9914362203300217E-003
   5.9914399024340193E-003
   6.1472477131487100E-003
   6.1472508860229199E-003
   6.3059863821843098E-003
   6.3059896386768767E-003
   6.4676362416916768E-003
   6.4676391690818413E-003
   6.6321820460940638E-003
   6.6321852143570474E-003
   6.7996109363314483E-003
   6.7996141381262299E-003
   6.9699108557419965E-003
   6.9699141313331100E-003
   7.1430712357711925E-003
   7.1430742020627616E-003
   7.3190821144820586E-003
   7.3190847807778799E-003
   7.4979344921536724E-003
   7.4979371282881228E-003
   7.6796203503489069E-003
   7.6796231133226993E-003
   7.8641323990562041E-003
   7.8641352896996353E-003
   8.0514640110248142E-003
   8.0514668095646742E-003
   8.2416089394556150E-003
   8.2416115729406006E-003
   8.4345615256711890E-003
   8.4345639039936499E-003
   8.6303165057620129E-003
   8.6303186425675388E-003
   8.8288689426732556E-003
   8.8288711224895587E-003
   9.0302146191762155E-003
   9.0302166994860184E-003
   9.2343493554258946E-003
   9.2343513635855020E-003
   9.4412694562720952E-003
   9.4412712296309542E-003
   9.6509712939111588E-003
   9.6509728992822171E-003
   9.8634515867212589E-003
   9.8634531327979526E-003
   1.0078707300398778E-002
   1.0078708903730882E-002
   1.0296735624835822E-002
   1.0296737382459164E-002
   1.0517534049125863E-002
   1.0517535825616391E-002
   1.0741100099583203E-002
   1.0741101806061245E-002
   1.0967431473413919E-002
   1.0967433050337913E-002
   1.1196525990337521E-002
   1.1196527460970709E-002
   1.1428381618860523E-002
   1.1428383066579203E-002
   1.1662996491861583E-002
   1.1662997984885371E-002
   1.1900368878215580E-002
   1.1900370431647010E-002
   1.2140497223961072E-002
   1.2140498661803971E-002
   1.2383379902382054E-002
   1.2383381203286201E-002
   1.2629015447640935E-002
   1.2629016608682856E-002
   1.2877402447949597E-002
   1.2877403548640134E-002
   1.3128539617992889E-002
   1.3128540727152051E-002
   1.3382425783749355E-002
   1.3382426885483009E-002
   1.3639059805896461E-002
   1.3639060868439365E-002
   1.3898440615636581E-002
   1.3898441579061139E-002
   1.4160567123242871E-002
   1.4160568061359386E-002
   1.4425438368865997E-002
   1.4425439341483907E-002
   1.4693053454073164E-002
   1.4693054488788129E-002
   1.4963411538302935E-002
   1.4963412612551089E-002
   1.5236511835809183E-002
   1.5236512858732827E-002
   1.5512353540258242E-002
   1.5512354479550815E-002
   1.5790935893073108E-002
   1.5790936759746722E-002
   1.6072258160819006E-002
   1.6072259034206612E-002
   1.6356319722863874E-002
   1.6356320595670475E-002
   1.6643119945761235E-002
   1.6643120816053670E-002
   1.6932658243509081E-002
   1.6932659082197026E-002
   1.7224934059286722E-002
   1.7224934810421071E-002
   1.7519946814018444E-002
   1.7519947494510187E-002
   1.7817695981429717E-002
   1.7817696627443477E-002
   1.8118181059652655E-002
   1.8118181726793834E-002
   1.8421401612871167E-002
   1.8421402290288928E-002
   1.8727357198053237E-002
   1.8727357866472647E-002
   1.9036047385200029E-002
   1.9036048032020095E-002
   1.9347471762243457E-002
   1.9347472384564534E-002
   1.9661629916675399E-002
   1.9661630558938770E-002
   1.9978521497842603E-002
   1.9978522162886994E-002
   2.0298146157606844E-002
   2.0298146834538768E-002
   2.0620503577471978E-002
   2.0620504213531194E-002
   2.0945593411588182E-002
   2.0945593996364597E-002
   2.1273415339370015E-002
   2.1273415882244365E-002
   2.1603969050767100E-002
   2.1603969586363899E-002
   2.1937254264370234E-002
   2.1937254820439518E-002
   2.2273270740770845E-002
   2.2273271278073773E-002
   2.2612018206397400E-002
   2.2612018709716811E-002
   2.2953496406481554E-002
   2.2953496868568981E-002
   2.3297705088814874E-002
   2.3297705525758782E-002
   2.3644644020814651E-002
   2.3644644452273128E-002
   2.3994312982675483E-002
   2.3994313424858502E-002
   2.4346711764332750E-002
   2.4346712228165517E-002
   2.4701840181980957E-002
   2.4701840637386903E-002
   2.5059698023792029E-002
   2.5059698471743708E-002
   2.5420285103592396E-002
   2.5420285540056431E-002
   2.5783601230724346E-002
   2.5783601670173135E-002
   2.6149646238338195E-002
   2.6149646680005145E-002
   2.6518419962292206E-002
   2.6518420397990562E-002
   2.6889922245813554E-002
   2.6889922657832306E-002
   2.7264152931312794E-002
   2.7264153306113488E-002
   2.7641111851813761E-002
   2.7641112210327237E-002
   2.8020798868251380E-002
   2.8020799221067559E-002
   2.8403213840466617E-002
   2.8403214200548678E-002
   2.8788356646767547E-002
   2.8788357002583545E-002
   2.9176227162987092E-002
   2.9176227493089606E-002
   2.9566825251488217E-002
   2.9566825560668263E-002
   2.9960150787754585E-002
   2.9960151089620878E-002
   3.0356203651511211E-002
   3.0356203968453049E-002
   3.0754983747123196E-002
   3.0754984069120646E-002
   3.1156490960281516E-002
   3.1156491290005226E-002
   3.1560725193806635E-002
   3.1560725519788876E-002
   3.1967686343629370E-002
   3.1967686661166519E-002
   3.2377374310050021E-002
   3.2377374619296025E-002
   3.2789788997886066E-002
   3.2789789301372121E-002
   3.3204930316528512E-002
   3.3204930616305729E-002
   3.3622798184118126E-002
   3.3622798470295388E-002
   3.4043392510283890E-002
   3.4043392783848839E-002
   3.4466713215871386E-002
   3.4466713471825713E-002
   3.4892760214809186E-002
   3.4892760461351757E-002
   3.5321533428894748E-002
   3.5321533676824446E-002
   3.5753032790195108E-002
   3.5753033037313767E-002
   3.6187258225579687E-002
   3.6187258471838547E-002
   3.6624209670975190E-002
   3.6624209904930004E-002
   3.7063887049522327E-002
   3.7063887278302350E-002
   3.7506290297965331E-002
   3.7506290524295723E-002
   3.7951419347264134E-002
   3.7951419585107199E-002
   3.8399274145227334E-002
   3.8399274390004866E-002
   3.8849854635480199E-002
   3.8849854876215124E-002
   3.9303160756098229E-002
   3.9303160990150444E-002
   3.9759192450460397E-002
   3.9759192676423340E-002
   4.0217949662341136E-002
   4.0217949882626738E-002
   4.0679432341699143E-002
   4.0679432553423538E-002
   4.1143640434610745E-002
   4.1143640640496526E-002
   4.1610573894192093E-002
   4.1610574091514065E-002
   4.2080232670914139E-002
   4.2080232859708390E-002
   4.2552616715331046E-002
   4.2552616901044192E-002
   4.3027725985780946E-002
   4.3027726166419006E-002
   4.3505560433935490E-002
   4.3505560616019366E-002
   4.3986120021744117E-002
   4.3986120202285796E-002
   4.4469404704995497E-002
   4.4469404886264566E-002
   4.4955414446728660E-002
   4.4955414624111886E-002
   4.5444149203682810E-002
   4.5444149380565409E-002
   4.5935608938547534E-002
   4.5935609116615844E-002
   4.6429793614883211E-002
   4.6429793794512828E-002
   4.6926703195824808E-002
   4.6926703378989826E-002
   4.7426337651865068E-002
   4.7426337829412878E-002
   4.7928696945654159E-002
   4.7928697114914889E-002
   4.8433781042806406E-002
   4.8433781203525851E-002
   4.8941589908713487E-002
   4.8941590065298808E-002
   4.9452123514099514E-002
   4.9452123666696296E-002
   4.9965381829797831E-002
   4.9965381975757249E-002
   5.0481364822425268E-002
   5.0481364966368632E-002
   5.1000072466157460E-002
   5.1000072606437921E-002
   5.1521504729697180E-002
   5.1521504870874500E-002
   5.2045661589173009E-002
   5.2045661728643097E-002
   5.2572543015663782E-002
   5.2572543155192247E-002
   5.3102148984454277E-002
   5.3102149123153815E-002
   5.3634479468820169E-002
   5.3634479608515140E-002
   5.4169534444982084E-002
   5.4169534585623381E-002
   5.4707313890265175E-002
   5.4707314028985092E-002
   5.5247817778856533E-002
   5.5247817917470812E-002
   5.5791046090055016E-002
   5.5791046226027569E-002
   5.6336998799792960E-002
   5.6336998934121529E-002
   5.6885675887937436E-002
   5.6885676018401193E-002
   5.7437077333492750E-002
   5.7437077457462363E-002
   5.7991203114383147E-002
   5.7991203232032086E-002
   5.8548053209659993E-002
   5.8548053322731400E-002
   5.9107627597792277E-002
   5.9107627711753548E-002
   5.9669926264245152E-002
   5.9669926375256761E-002
   6.0234949186807087E-002
   6.0234949298009814E-002
   6.0802696349054622E-002
   6.0802696459898227E-002
   6.1373167732447380E-002
   6.1373167843804859E-002
   6.1946363320549903E-002
   6.1946363431362027E-002
   6.2522283095993711E-002
   6.2522283205964521E-002
   6.3100927041384036E-002
   6.3100927151839653E-002
   6.3682295141495857E-002
   6.3682295251828558E-002
   6.4266387379616249E-002
   6.4266387491021121E-002
   6.4853203742831669E-002
   6.4853203851447425E-002
   6.5442744214456824E-002
   6.5442744319628904E-002
   6.6035008779199683E-002
   6.6035008881391452E-002
   6.6629997422953141E-002
   6.6629997522056950E-002
   6.7227710130997570E-002
   6.7227710228219731E-002
   6.7828146891477079E-002
   6.7828146984253546E-002
   6.8431307688914839E-002
   6.8431307778777761E-002
   6.9037192511199996E-002
   6.9037192597653882E-002
   6.9645801342539851E-002
   6.9645801431016771E-002
   7.0257134173276767E-002
   7.0257134263442558E-002
   7.0871190991640437E-002
   7.0871191082178722E-002
   7.1487971785432272E-002
   7.1487971875447975E-002
   7.2107476542726756E-002
   7.2107476631728534E-002
   7.2729705251270496E-002
   7.2729705340345230E-002
   7.3354657900916123E-002
   7.3354657989018524E-002
   7.3982334479392009E-002
   7.3982334568083216E-002
   7.4612734977400411E-002
   7.4612735065377425E-002
   7.5245859384258790E-002
   7.5245859470588039E-002
   7.5881707689702024E-002
   7.5881707773437557E-002
   7.6520279884138176E-002
   7.6520279963416052E-002
   7.7161575955538839E-002
   7.7161576032879389E-002
   7.7805595895537843E-002
   7.7805595970940208E-002
   7.8452339693830420E-002
   7.8452339769056773E-002
   7.9101807343280858E-002
   7.9101807415916645E-002
   7.9753998833002840E-002
   7.9753998904344550E-002
   8.0408914154465855E-002
   8.0408914225188574E-002
   8.1066553298303159E-002
   8.1066553370499395E-002
   8.1726916256344873E-002
   8.1726916331491942E-002
   8.2390003022485211E-002
   8.2390003097665948E-002
   8.3055813587997629E-002
   8.3055813661483763E-002
   8.3724347944381466E-002
   8.3724348015514968E-002
   8.4395606082233315E-002
   8.4395606153556874E-002
   8.5069587995227763E-002
   8.5069588066645815E-002
   8.5746293676218943E-002
   8.5746293746947824E-002
   8.6425723117731515E-002
   8.6425723187260467E-002
   8.7107876313428603E-002
   8.7107876379536958E-002
   8.7792753254503544E-002
   8.7792753318488029E-002
   8.8480353935012065E-002
   8.8480353996242628E-002
   8.9170678346707416E-002
   8.9170678407506018E-002
   8.9863726484141482E-002
   8.9863726544452238E-002
   9.0559498340396227E-002
   9.0559498400986538E-002
   9.1257993910010493E-002
   9.1257993969811463E-002
   9.1959213186289010E-002
   9.1959213245113539E-002
   9.2663156161995316E-002
   9.2663156221863274E-002
   9.3369822832068780E-002
   9.3369822893092494E-002
   9.4079213190498889E-002
   9.4079213253015395E-002
   9.4791327232822159E-002
   9.4791327294525538E-002
   9.5506164952949668E-002
   9.5506165012363323E-002
   9.6223726344559363E-002
   9.6223726401718682E-002
   9.6944011401288097E-002
   9.6944011458033594E-002
   9.7667020117911049E-002
   9.7667020175819214E-002
   9.8392752491308841E-002
   9.8392752547682191E-002
   9.9121208515211792E-002
   9.9121208569577304E-002
   9.9852388184915666E-002
   9.9852388236087219E-002
  0.10058629149384818     
  0.10058629154385046     
  0.10132291843771800     
  0.10132291848740942     
  0.10206226901169661     
  0.10206226906202373     
  0.10280434321169328     
  0.10280434326239185     
  0.10354914103335232     
  0.10354914108364942     
  0.10429666247148588     
  0.10429666252193305     
  0.10504690752222051     
  0.10504690757222969     
  0.10579987618025941     
  0.10579987623111102     
  0.10655556844203457     
  0.10655556849357789     
  0.10731398430374595     
  0.10731398435501706     
  0.10807512376137632     
  0.10807512381118453     
  0.10883898681072185     
  0.10883898685816996     
  0.10960557344668145     
  0.10960557349310525     
  0.11037488366585568     
  0.11037488371156148     
  0.11114691746375242     
  0.11114691751034249     
  0.11192167483847865     
  0.11192167488378717     
  0.11269915578572168     
  0.11269915582878777     
  0.11347936030121968     
  0.11347936034231508     
  0.11426228838052956     
  0.11426228842164896     
  0.11504794002044723     
  0.11504794006295437     
  0.11583631521853964     
  0.11583631526174767     
  0.11662741397127241     
  0.11662741401476484     
  0.11742123627570272     
  0.11742123631826921     
  0.11821778212750352     
  0.11821778217002162     
  0.11901705152372424     
  0.11901705156651868     
  0.11981904446147247     
  0.11981904450430933     
  0.12062376093759858     
  0.12062376098030662     
  0.12143120094958111     
  0.12143120099090175     
  0.12224136449373402     
  0.12224136453375384     
  0.12305425156740254     
  0.12305425160559098     
  0.12386986216654947     
  0.12386986220462413     
  0.12468819628924098     
  0.12468819632705767     
  0.12550925393250581     
  0.12550925397022886     
  0.12633303509399127     
  0.12633303513094890     
  0.12715953977099112     
  0.12715953980647512     
  0.12798876796004652     
  0.12798876799490738     
  0.12882071965833336     
  0.12882071969379830     
  0.12965539486328306     
  0.12965539490053049     
  0.13049279357365690     
  0.13049279361124261     
  0.13133291578667902     
  0.13133291582369197     
  0.13217576149958091     
  0.13217576153571214     
  0.13302133070958744     
  0.13302133074521921     
  0.13386962341399816     
  0.13386962345013667     
  0.13472063961145600     
  0.13472063964711958     
  0.13557437929929406     
  0.13557437933420766     
  0.13643084247556705     
  0.13643084250879303     
  0.13729002913709884     
  0.13729002916957120     
  0.13815193928211972     
  0.13815193931390249     
  0.13901657290815259     
  0.13901657293992412     
  0.13988393001331897     
  0.13988393004524205     
  0.14075401059593154     
  0.14075401062733917     
  0.14162681465354410     
  0.14162681468452287     
  0.14250234218419650     
  0.14250234221467892     
  0.14338059318543792     
  0.14338059321624691     
  0.14426156765558448     
  0.14426156768696161     
  0.14514526559264210     
  0.14514526562492916     
  0.14603168699527702     
  0.14603168702765504     
  0.14692083186186183     
  0.14692083189299734     
  0.14781270018961898     
  0.14781270022002230     
  0.14870729197690144     
  0.14870729200672173     
  0.14960460722154093     
  0.14960460725166394     
  0.15050464592266088     
  0.15050464595218094     
  0.15140740807820641     
  0.15140740810683670     
  0.15231289368646725     
  0.15231289371390222     
  0.15322110274520426     
  0.15322110277222969     
  0.15413203525278762     
  0.15413203528011360     
  0.15504569120810280     
  0.15504569123538037     
  0.15596207060930667     
  0.15596207063663586     
  0.15688117345506924     
  0.15688117348202174     
  0.15780299974346887     
  0.15780299977031692     
  0.15872754947300771     
  0.15872754949992288     
  0.15965482264206909     
  0.15965482266940639     
  0.16058481924935333     
  0.16058481927706164     
  0.16151753929367604     
  0.16151753932111113     
  0.16245298277319109     
  0.16245298280048265     
  0.16339114968701149     
  0.16339114971318677     
  0.16433204003300719     
  0.16433204005852034     
  0.16527565380990572     
  0.16527565383496146     
  0.16622199101617802     
  0.16622199104128657     
  0.16717105165093471     
  0.16717105167567192     
  0.16812283571280498     
  0.16812283573681294     
  0.16907734320015422     
  0.16907734322370815     
  0.17003457411170786     
  0.17003457413503398     
  0.17099452844592128     
  0.17099452846977231     
  0.17195720620211175     
  0.17195720622608046     
  0.17292260737896989     
  0.17292260740277887     
  0.17389073197514662     
  0.17389073199876093     
  0.17486157998929600     
  0.17486158001295229     
  0.17583515142022302     
  0.17583515144416156     
  0.17681144626706025     
  0.17681144629090351     
  0.17779046452836905     
  0.17779046455229647     
  0.17877220620350645     
  0.17877220622669440     
  0.17975667129077577     
  0.17975667131353934     
  0.18074385978929872     
  0.18074385981148244     
  0.18173377169786512     
  0.18173377171954155     
  0.18272640701533313     
  0.18272640703669241     
  0.18372176574062032     
  0.18372176576188293     
  0.18471984787271689     
  0.18471984789401841     
  0.18572065341088509     
  0.18572065343175839     
  0.18672418235371546     
  0.18672418237446411     
  0.18773043470031037     
  0.18773043472101320     
  0.18873941044955098     
  0.18873941047053019     
  0.18975110960062111     
  0.18975110962186445     
  0.19076553215277031     
  0.19076553217382600     
  0.19178267810477975     
  0.19178267812572039     
  0.19280254745577619     
  0.19280254747653156     
  0.19382514020457675     
  0.19382514022557856     
  0.19485045635081572     
  0.19485045637138940     
  0.19587849589318038     
  0.19587849591346190     
  0.19690925883093482     
  0.19690925885074137     
  0.19794274516310922     
  0.19794274518243160     
  0.19897895488871009     
  0.19897895490778209     
  0.20001788800701351     
  0.20001788802579679     
  0.20105954451706329     
  0.20105954453573352     
  0.20210392441811145     
  0.20210392443666417     
  0.20315102770915078     
  0.20315102772794191     
  0.20420085438970265     
  0.20420085440841335     
  0.20525340445886719     
  0.20525340447736645     
  0.20630867791566201     
  0.20630867793419308     
  0.20736667475940562     
  0.20736667477800491     
  0.20842739498923249     
  0.20842739500811705     
  0.20949083860472034     
  0.20949083862342194     
  0.21055700560484672     
  0.21055700562343205     
  0.21162589598907305     
  0.21162589600719411     
  0.21269750975628565     
  0.21269750977434962     
  0.21377184690603909     
  0.21377184692389053     
  0.21484890743765467     
  0.21484890745506111     
  0.21592869135018183     
  0.21592869136739318     
  0.21701119864309409     
  0.21701119866001498     
  0.21809642931558412     
  0.21809642933235204     
  0.21918438336703716     
  0.21918438338365456     
  0.22027506079666223     
  0.22027506081336698     
  0.22136846160394036     
  0.22136846162067839     
  0.22246458578816200     
  0.22246458580498185     
  0.22356343334869364     
  0.22356343336561496     
  0.22466500428510508     
  0.22466500430172645     
  0.22576929859642297     
  0.22576929861302322     
  0.22687631628215030     
  0.22687631629875260     
  0.22798605734154809     
  0.22798605735841884     
  0.22909852177438664     
  0.22909852179103191     
  0.23021370957985438     
  0.23021370959619791     
  0.23133162075737529     
  0.23133162077330235     
  0.23245225530625885     
  0.23245225532186206     
  0.23357561322575315     
  0.23357561324146681     
  0.23470169451565404     
  0.23470169453117251     
  0.23583049917524507     
  0.23583049919056256     
  0.23696202720395462     
  0.23696202721908910     
  0.23809627860117352     
  0.23809627861625376     
  0.23923325336639628     
  0.23923325338147103     
  0.24037295149905141     
  0.24037295151423105     
  0.24151537299861106     
  0.24151537301399495     
  0.24266051786477313     
  0.24266051788001061     
  0.24380838609676328     
  0.24380838611200895     
  0.24495897769426220     
  0.24495897770928066     
  0.24611229265654302     
  0.24611229267153670     
  0.24726833098319745     
  0.24726833099817930     
  0.24842709267366220     
  0.24842709268877675     
  0.24958857772767265     
  0.24958857774261226     
  0.25075278614477242     
  0.25075278615917046     
  0.25191971792413625     
  0.25191971793831908     
  0.25308937306543899     
  0.25308937307943780     
  0.25426175156805919     
  0.25426175158220826     
  0.25543685343173889     
  0.25543685344596229     
  0.25661467865613458     
  0.25661467867012594     
  0.25779522724063791     
  0.25779522725440512     
  0.25897849918469151     
  0.25897849919846155     
  0.26016449448785323     
  0.26016449450185714     
  0.26135321314991083     
  0.26135321316392907     
  0.26254465517025716     
  0.26254465518441833     
  0.26373882054870368     
  0.26373882056265924     
  0.26493570928462440     
  0.26493570929843285     
  0.26613532137761148     
  0.26613532139131663     
  0.26733765682720589     
  0.26733765684094496     
  0.26854271563306298     
  0.26854271564684346     
  0.26975049779487292     
  0.26975049780850691     
  0.27096100331212075     
  0.27096100332565659     
  0.27217423218462089     
  0.27217423219769132     
  0.27339018441165236     
  0.27339018442455748     
  0.27460885999282880     
  0.27460886000587492     
  0.27583025892793994     
  0.27583025894107910     
  0.27705438121660192     
  0.27705438122979009     
  0.27828122685854351     
  0.27828122687153595     
  0.27951079585325944     
  0.27951079586609323     
  0.28074308820034616     
  0.28074308821314831     
  0.28197810389930666     
  0.28197810391247075     
  0.28321584295014957     
  0.28321584296333946     
  0.28445630535240979     
  0.28445630536549854     
  0.28569949110570381     
  0.28569949111862875     
  0.28694540020965048     
  0.28694540022242643     
  0.28819403266386145     
  0.28819403267665605     
  0.28944538846807710     
  0.28944538848086504     
  0.29069946762186444     
  0.29069946763474608     
  0.29195627012512537     
  0.29195627013774395     
  0.29321579597731345     
  0.29321579598975478     
  0.29447804517815956     
  0.29447804519048415     
  0.29574301772740380     
  0.29574301773957978     
  0.29701071362449266     
  0.29701071363686976     
  0.29828113286928298     
  0.29828113288177022     
  0.29955427546147601     
  0.29955427547392222     
  0.30083014140081932     
  0.30083014141305958     
  0.30210873068671096     
  0.30210873069895916     
  0.30339004331934388     
  0.30339004333159725     
  0.30467407929827095     
  0.30467407931074214     
  0.30596083862290230     
  0.30596083863549145     
  0.30725032129310281     
  0.30725032130546442     
  0.30854252730813347     
  0.30854252732036169     
  0.30983745666786183     
  0.30983745668000140     
  0.31113510937372568     
  0.31113510938598254     
  0.31243548542253968     
  0.31243548543473293     
  0.31373858481118194     
  0.31373858482336475     
  0.31504440754139140     
  0.31504440755348867     
  0.31635295361032756     
  0.31635295362216176     
  0.31766422301798536     
  0.31766422302987196     
  0.31897821576333757     
  0.31897821577521440     
  0.32029493183622515     
  0.32029493184817670     
  0.32161437125602188     
  0.32161437126805614     
  0.32293653395508332     
  0.32293653396714805     
  0.32426141990324414     
  0.32426141991513008     
  0.32558902907051657     
  0.32558902908240706     
  0.32691936093277918     
  0.32691936094482804     
  0.32825241526668408     
  0.32825241527876925     
  0.32958818773358151     
  0.32958818774580656     
  0.33092667216435551     
  0.33092667217646943     
  0.33226784580142216     
  0.33226784581348978     
  0.33361168163592081     
  0.33361168164790816     
  0.33495759928014152     
  0.33495759929167918     
  0.33630206928166462     
  0.33630206929201967     
  0.33764486810675809     
  0.33764486811702416     
  0.33904485137523427     
  0.33904485139099749     
  0.34020420711227861     
  0.34020420712722343     
  0.34245927940907739     
  0.34245927941054433     
