   2.2893657890264441E-004
   2.5576873852500349E-004
   5.9413897759794229E-004
   6.5749700338865551E-004
   9.5237892367388925E-004
   1.0470919402282668E-003
   1.3167884434781036E-003
   1.4455073556759088E-003
   1.6600467791571399E-003
   1.8116836794962565E-003
   2.0215913226939064E-003
   2.1932385790375594E-003
   2.3689312526175869E-003
   2.5632668422801625E-003
   2.7048196501330197E-003
   2.9168896259383656E-003
   3.0419292881175603E-003
   3.2662470922398836E-003
   3.3767778575752843E-003
   3.6122095011633590E-003
   3.7019632243395434E-003
   3.9489979461423746E-003
   4.0183005321994258E-003
   4.2766928501329566E-003
   4.3282128821831075E-003
   4.5964494286288978E-003
   4.6327449783171021E-003
   4.9113415388708868E-003
   4.9296284667971774E-003
   5.2176204580268431E-003
   5.2229596550527665E-003
   5.5093668431596314E-003
   5.5212158726363342E-003
   5.7945963473273682E-003
   5.8172241422291106E-003
   6.0729719327024690E-003
   6.1123871670231275E-003
   6.3498775199422519E-003
   6.4024123404817258E-003
   6.6235031781724657E-003
   6.6899939576397687E-003
   6.8940159312771507E-003
   6.9747656491916561E-003
   7.1640724129648009E-003
   7.2554616826333903E-003
   7.4326895366282645E-003
   7.5340189893901705E-003
   7.7002937865440005E-003
   7.8106247975853471E-003
   7.9660382139216425E-003
   8.0855276206230880E-003
   8.2288817983616064E-003
   8.3583300955425502E-003
   8.4892625787864901E-003
   8.6281876860891792E-003
   8.7475073754392195E-003
   8.8944570034328665E-003
   9.0038035972497300E-003
   9.1568283348324384E-003
   9.2579639749214709E-003
   9.4151993834108300E-003
   9.5097225209130002E-003
   9.6690224881359130E-003
   9.7579985415491583E-003
   9.9176547791671645E-003
   1.0000738065090218E-002
   1.0159390455061645E-002
   1.0236462389766818E-002
   1.0388177499456717E-002
   1.0464289959583494E-002
   1.0592690316261326E-002
   1.0690657367326167E-002
   1.0775002807369894E-002
   1.0925826762274136E-002
   1.0966007186638005E-002
   1.1173492878679726E-002
   1.1186103688474572E-002
   1.1432744851952396E-002
   1.1433946675496128E-002
   1.1700897107435757E-002
   1.1704419667794527E-002
   1.1983132494030383E-002
   1.1987469006454398E-002
   1.2278532390714247E-002
   1.2281429590575169E-002
   1.2584643821776254E-002
   1.2587201442323954E-002
   1.2901894179675025E-002
   1.2903257292389890E-002
   1.3228938762086064E-002
   1.3230088335382653E-002
   1.3565863734926761E-002
   1.3566926115234232E-002
   1.3912577951321461E-002
   1.3913310511053498E-002
   1.4268375728377410E-002
   1.4269500225139281E-002
   1.4633690688717445E-002
   1.4634697989672877E-002
   1.5008051075515989E-002
   1.5009067211674706E-002
   1.5391425239271747E-002
   1.5392378789748374E-002
   1.5783799330236419E-002
   1.5784418208187507E-002
   1.6184881709248894E-002
   1.6185284989492371E-002
   1.6594619081286524E-002
   1.6594867103859462E-002
   1.7012908234939127E-002
   1.7013124257361487E-002
   1.7439750399896540E-002
   1.7439928700751006E-002
   1.7875049981730565E-002
   1.7875263081683222E-002
   1.8318740134213786E-002
   1.8319094235403548E-002
   1.8770918013534230E-002
   1.8771235012322328E-002
   1.9231431351706380E-002
   1.9231757330121078E-002
   1.9700111230427683E-002
   1.9700758213879389E-002
   2.0177437988319828E-002
   2.0177691739350370E-002
   2.0662419450743846E-002
   2.0663491886021051E-002
   2.1156380166749974E-002
   2.1156780510808538E-002
   2.1657912574659294E-002
   2.1658916315735230E-002
   2.2168165223604361E-002
   2.2168706734777159E-002
   2.2686374695963629E-002
   2.2686873311777534E-002
   2.3212753464558106E-002
   2.3213167375657588E-002
   2.3747281971498713E-002
   2.3747574268380148E-002
   2.4289926537235933E-002
   2.4290096534667266E-002
   2.4840637356569099E-002
   2.4840755250534821E-002
   2.5399391323678026E-002
   2.5399547058474713E-002
   2.5966241619393836E-002
   2.5966394190205907E-002
   2.6541127164060607E-002
   2.6541335014496285E-002
   2.7124086681589849E-002
   2.7124309736326516E-002
   2.7715058826592268E-002
   2.7715360159716873E-002
   2.8314071747278787E-002
   2.8314440027851318E-002
   2.8921145972264698E-002
   2.8921511831192143E-002
   2.9536194264497405E-002
   2.9536647128527171E-002
   3.0159301864415896E-002
   3.0159746042264467E-002
   3.0790342247593611E-002
   3.0790921451606765E-002
   3.1429590730334855E-002
   3.1429885053611648E-002
   3.2076553101642605E-002
   3.2077119061943472E-002
   3.2731768361910038E-002
   3.2732073309420698E-002
   3.3394842895035692E-002
   3.3395130734428048E-002
   3.4065936687156087E-002
   3.4066121609489228E-002
   3.4745004603285501E-002
   3.4745081783118408E-002
   3.5432002472298170E-002
   3.5432046709204870E-002
   3.6126901078516925E-002
   3.6127037425142540E-002
   3.6829814095457360E-002
   3.6829932521360118E-002
   3.7540661937170060E-002
   3.7540804281077221E-002
   3.8259458347697992E-002
   3.8259632100646278E-002
   3.8986181165781356E-002
   3.8986431666511813E-002
   3.9720875820571849E-002
   3.9721151428871462E-002
   4.0463525775500310E-002
   4.0463802112236380E-002
   4.1214103660906519E-002
   4.1214405615067937E-002
   4.1972609723037818E-002
   4.1972956558847647E-002
   4.2739087521207947E-002
   4.2739406442346591E-002
   4.3513498194464713E-002
   4.3513789460597155E-002
   4.4295879200942377E-002
   4.4296063707202266E-002
   4.5086106716993535E-002
   4.5086348848191141E-002
   4.5884293332704086E-002
   4.5884528349734117E-002
   4.6690419349645150E-002
   4.6690618112017059E-002
   4.7504453513828142E-002
   4.7504645807916697E-002
   4.8326477061789608E-002
   4.8326526787198343E-002
   4.9156344799392682E-002
   4.9156402989436840E-002
   4.9994107118028715E-002
   4.9994220957809560E-002
   5.0839817351781516E-002
   5.0839924405854907E-002
   5.1693424504355046E-002
   5.1693561521693895E-002
   5.2554943570966885E-002
   5.2555114639289004E-002
   5.3424368092091147E-002
   5.3424587674333467E-002
   5.4301736588393393E-002
   5.4301939661340219E-002
   5.5187000201760865E-002
   5.5187217129841093E-002
   5.6080167303496964E-002
   5.6080409503711452E-002
   5.6981253768647627E-002
   5.6981498792549275E-002
   5.7890271230695324E-002
   5.7890471308427852E-002
   5.8807191501474392E-002
   5.8807353302556320E-002
   5.9732022369607896E-002
   5.9732135124723335E-002
   6.0664736230980343E-002
   6.0664842612823622E-002
   6.1605330767248744E-002
   6.1605476391292179E-002
   6.2553854803740386E-002
   6.2553986001631617E-002
   6.3510251926031366E-002
   6.3510426300729117E-002
   6.4474620592549187E-002
   6.4474697326572697E-002
   6.5446832138909339E-002
   6.5446926301294714E-002
   6.6426962219932467E-002
   6.6427036203498352E-002
   6.7414960585367931E-002
   6.7415075959898416E-002
   6.8410875748544986E-002
   6.8410995789158296E-002
   6.9414673407714997E-002
   6.9414828773875906E-002
   7.0426377210103502E-002
   7.0426550099502785E-002
   7.1445995689686334E-002
   7.1446150099315570E-002
   7.2473489383159881E-002
   7.2473667158653679E-002
   7.3508886125355041E-002
   7.3509072409459919E-002
   7.4552191280730706E-002
   7.4552359481872638E-002
   7.5603402321687385E-002
   7.5603529931153865E-002
   7.6662501407069844E-002
   7.6662600676714751E-002
   7.7729493858033669E-002
   7.7729565504560741E-002
   7.8804373092495814E-002
   7.8804430140672371E-002
   7.9887124006717852E-002
   7.9887208862963049E-002
   8.0977783212667423E-002
   8.0977864260449534E-002
   8.2076301907331617E-002
   8.2076444372634033E-002
   8.3182774027758713E-002
   8.3182854516616958E-002
   8.4297098794990921E-002
   8.4297194752112212E-002
   8.5419333955195492E-002
   8.5419406648402432E-002
   8.6549431471867999E-002
   8.6549537576056088E-002
   8.7687437641116667E-002
   8.7687540597579036E-002
   8.8833316513196037E-002
   8.8833451042910475E-002
   8.9987100551007171E-002
   8.9987235851426012E-002
   9.1148780164144197E-002
   9.1148904031024894E-002
   9.2318331890471561E-002
   9.2318478489470876E-002
   9.3495786907190209E-002
   9.3495927510943239E-002
   9.4681139399086872E-002
   9.4681256384191156E-002
   9.5874384045035385E-002
   9.5874469923357838E-002
   9.7075511383812416E-002
   9.7075577104632035E-002
   9.8284525080758217E-002
   9.8284573790551541E-002
   9.9501423324456467E-002
   9.9501461336828370E-002
  0.10072619786077040     
  0.10072624755621148     
  0.10195886650003656     
  0.10195891420935105     
  0.10319938927722908     
  0.10319950085143478     
  0.10444784900275142     
  0.10444792426838818     
  0.10570417257704878     
  0.10570425716855564     
  0.10696838815570954     
  0.10696847102333654     
  0.10824048575606024     
  0.10824057544983655     
  0.10952047292697263     
  0.10952056254594635     
  0.11080833333676487     
  0.11080844830233505     
  0.11210409557332748     
  0.11210420379869475     
  0.11340774266457600     
  0.11340784568314893     
  0.11471926371382390     
  0.11471938454347819     
  0.11603868628283223     
  0.11603879251428650     
  0.11736599787173002     
  0.11736608179895511     
  0.11870119471482636     
  0.11870125587791104     
  0.12004427256309595     
  0.12004431872487571     
  0.12139523290307271     
  0.12139526858456168     
  0.12275407630755317     
  0.12275410462374703     
  0.12412079953899045     
  0.12412082982672837     
  0.12549540979046922     
  0.12549543675322650     
  0.12687787300911862     
  0.12687795922022935     
  0.12826825937914932     
  0.12826832680946579     
  0.12966651891168798     
  0.12966658928248329     
  0.13107265509931340     
  0.13107274292980631     
  0.13248669095602708     
  0.13248676452274658     
  0.13390860027913873     
  0.13390868005625689     
  0.13533838696267608     
  0.13533848543668320     
  0.13677607127471436     
  0.13677616019874064     
  0.13822163488573647     
  0.13822172248041856     
  0.13967507502920062     
  0.13967517486493422     
  0.14113641379797812     
  0.14113649507765708     
  0.14260563585223587     
  0.14260569828146205     
  0.14408273983618752     
  0.14408278566156094     
  0.14556772437229151     
  0.14556775842974939     
  0.14706058896898486     
  0.14706061691545402     
  0.14856133626563348     
  0.14856135832190323     
  0.15006996448445376     
  0.15006998427314389     
  0.15158647672434200     
  0.15158649151958922     
  0.15311084313331119     
  0.15311090977000469     
  0.15464312161068422     
  0.15464318098124447     
  0.15618328001184778     
  0.15618333715895413     
  0.15773130449260675     
  0.15773139201438749     
  0.15928724010613013     
  0.15928730036133784     
  0.16085103819394311     
  0.16085111072963362     
  0.16242271832328817     
  0.16242280342908696     
  0.16400229193973276     
  0.16400236689087799     
  0.16558974221554743     
  0.16558981782383164     
  0.16718507112329759     
  0.16718515414092877     
  0.16878829550560975     
  0.16878835888539501     
  0.17039939959612224     
  0.17039944771281632     
  0.17201838401139641     
  0.17201841989948019     
  0.17364524892521699     
  0.17364527516697667     
  0.17527999234227715     
  0.17528001540807561     
  0.17692261857468392     
  0.17692263621111051     
  0.17857312544849480     
  0.17857313965233798     
  0.18023151497167536     
  0.18023152362747691     
  0.18189776165097898     
  0.18189781353930293     
  0.18357191142736079     
  0.18357196335368567     
  0.18525394564018077     
  0.18525399164308190     
  0.18694383921361335     
  0.18694392339810681     
  0.18864165027650595     
  0.18864170040377184     
  0.19034731710812755     
  0.19034738429778086     
  0.19206087013176740     
  0.19206094457782555     
  0.19378231293155834     
  0.19378237757933700     
  0.19551163133546179     
  0.19551169739755322     
  0.19724882980576366     
  0.19724889949569244     
  0.19899392079431277     
  0.19899397134733351     
  0.20074688943229493     
  0.20074692774912389     
  0.20250773755566134     
  0.20250776679501312     
  0.20427646626747142     
  0.20427648731326861     
  0.20605307251800523     
  0.20605309228617197     
  0.20783756175074466     
  0.20783757620486409     
  0.20962993086660345     
  0.20962994210401475     
  0.21143018143155096     
  0.21143018835343666     
  0.21323829374263836     
  0.21323833459746416     
  0.21505430161787137     
  0.21505434695440190     
  0.21687819671537495     
  0.21687823370887213     
  0.21870994715919834     
  0.21871002667996564     
  0.22054961795535613     
  0.22054966080380967     
  0.22239714091812102     
  0.22239720421074291     
  0.22425255342844999     
  0.22425261946711261     
  0.22611585252544869     
  0.22611590947934665     
  0.22798702700681017     
  0.22798708539852672     
  0.22986608242479073     
  0.22986614162218466     
  0.23175302776732895     
  0.23175306911201701     
  0.23364784971393956     
  0.23364788113988788     
  0.23555055060869451     
  0.23555057531426951     
  0.23746113225369891     
  0.23746114978648181     
  0.23937959089005265     
  0.23937960826957372     
  0.24130593253513263     
  0.24130594470186364     
  0.24324015332001536     
  0.24324016290852235     
  0.24518225439670008     
  0.24518226169294116     
  0.24713222209695687     
  0.24713225468513486     
  0.24909007932558883     
  0.24909011893400898     
  0.25105582530751852     
  0.25105585517737944     
  0.25302942442701926     
  0.25302949899149191     
  0.25501094452779310     
  0.25501098249256265     
  0.25700031532890966     
  0.25700037592360231     
  0.25899757828617298     
  0.25899763779247525     
  0.26100272512870759     
  0.26100277633196406     
  0.26301574755918250     
  0.26301579980434936     
  0.26503665138365951     
  0.26503670236870031     
  0.26706544292584050     
  0.26706547766631394     
  0.26910211068688289     
  0.26910213716232423     
  0.27114665694413731     
  0.27114667854630065     
  0.27319908416522365     
  0.27319909931814385     
  0.27525938813544942     
  0.27525940366046270     
  0.27732757492790039     
  0.27732758546933078     
  0.27940364033915133     
  0.27940364891780706     
  0.28148758515693856     
  0.28148759318575101     
  0.28357940063844778     
  0.28357942699174182     
  0.28567910120837359     
  0.28567913587473648     
  0.28778669115445427     
  0.28778671552360985     
  0.28990213324011910     
  0.28990220314626219     
  0.29202549553772772     
  0.29202553064184927     
  0.29415670852144454     
  0.29415676750975717     
  0.29629581566960811     
  0.29629587024577353     
  0.29844280440823617     
  0.29844285139646182     
  0.30059766913927843     
  0.30059771653542677     
  0.30276041544106375     
  0.30276046005948049     
  0.30493104760229189     
  0.30493107765499461     
  0.30710955602478979     
  0.30710957889618917     
  0.30929594247706688     
  0.30929596199089832     
  0.31149021014982714     
  0.31149022372521717     
  0.31369235456985839     
  0.31369236854933974     
  0.31590238137890814     
  0.31590239079953775     
  0.31812028656717445     
  0.31812029446429657     
  0.32034607049260344     
  0.32034607916080748     
  0.32257972821509295     
  0.32257974981542353     
  0.32482126785914789     
  0.32482129827212158     
  0.32707069679896089     
  0.32707071714392377     
  0.32932797777749123     
  0.32932804366580160     
  0.33159317728721693     
  0.33159321132464947     
  0.33386622847410796     
  0.33386628695586323     
  0.33614717539790345     
  0.33614722648062589     
  0.33843600192684697     
  0.33843604601042321     
  0.34073270493857677     
  0.34073274865037972     
  0.34303728951707047     
  0.34303732929837222     
  0.34534975838503940     
  0.34534978521353898     
  0.34767010383779767     
  0.34767012408318809     
  0.34999832679052634     
  0.34999834497482535     
  0.35233443125616043     
  0.35233444385860019     
  0.35467841267917649     
  0.35467842527313759     
  0.35703027577447660     
  0.35703028448753732     
  0.35939001729985731     
  0.35939002472912818     
  0.36175763699566332     
  0.36175764623703299     
  0.36413313297305350     
  0.36413315089528248     
  0.36651650857551027     
  0.36651653532954404     
  0.36890777274647452     
  0.36890779059288858     
  0.37130688970705827     
  0.37130695244574130     
  0.37371392281462168     
  0.37371395751568076     
  0.37612880932948156     
  0.37612886852932126     
  0.37855159287542750     
  0.37855164184816231     
  0.38098225424855386     
  0.38098229666076366     
  0.38342079262852491     
  0.38342083377530806     
  0.38586721246206090     
  0.38586724873153350     
  0.38832151523862013     
  0.38832154002650027     
  0.39078369511742084     
  0.39078371348816243     
  0.39325375187085554     
  0.39325376933117862     
  0.39573169045832518     
  0.39573170258359119     
  0.39821750642459186     
  0.39821751768797292     
  0.40071120300308610     
  0.40071121139899274     
  0.40321277836595415     
  0.40321278553457995     
  0.40572223135133451     
  0.40572224123783573     
  0.40823956272793677     
  0.40823957774425895     
  0.41076477195341404     
  0.41076479556175144     
  0.41329786829033072     
  0.41329788543396040     
  0.41583881920902216     
  0.41583887987316881     
  0.41838768317567698     
  0.41838772040236027     
  0.42094440289399315     
  0.42094446430895049     
  0.42350902080975955     
  0.42350906913506842     
  0.42608151487330931     
  0.42608155691851274     
  0.42866188648925085     
  0.42866192624628863     
  0.43125013938682338     
  0.43125017337881727     
  0.43384627404100523     
  0.43384629783092499     
  0.43645028646355233     
  0.43645030358125447     
  0.43906217500445610     
  0.43906219226991811     
  0.44168194572341651     
  0.44168195782775227     
  0.44430959446726553     
  0.44430960439823725     
  0.44694512234008299     
  0.44694513086820747     
  0.44958852969207597     
  0.44958853688181316     
  0.45223981407969288     
  0.45223982486308145     
  0.45489897883797975     
  0.45489899149217733     
  0.45756601989037571     
  0.45756604080196173     
  0.46024094571064850     
  0.46024096433711165     
  0.46292372922177039     
  0.46292378915560439     
  0.46561442183178681     
  0.46561446384219968     
  0.46831297315478793     
  0.46831303877735181     
  0.47101942386999329     
  0.47101947327091048     
  0.47373374902560439     
  0.47373379226535128     
  0.47645595231942861     
  0.47645599205749500     
  0.47918603670050131     
  0.47918606969019029     
  0.48192400174891481     
  0.48192402557549735     
  0.48466984536848406     
  0.48466986180235144     
  0.48742356416409255     
  0.48742358175811457     
  0.49018516550146080     
  0.49018517806985129     
  0.49295464571666547     
  0.49295465439390296     
  0.49573200312730126     
  0.49573201240546860     
  0.49851724108889101     
  0.49851724874782521     
  0.50131035541483226     
  0.50131036758393266     
  0.50411135219458048     
  0.50411136285556535     
  0.50692022365488287     
  0.50692024227382315     
  0.50973697648701422     
  0.50973699918416482     
  0.51256159163398929     
  0.51256165261886999     
  0.51539411090159382     
  0.51539416076880451     
  0.51823449261077292     
  0.51823456531079248     
  0.52108277512353840     
  0.52108282787141558     
  0.52393893017275484     
  0.52393897671049450     
  0.52680296403830640     
  0.52680300554548642     
  0.52967487880134911     
  0.52967491228861763     
  0.53255467317130156     
  0.53255469822431567     
  0.53544234707441474     
  0.53544236342085905     
  0.53833789492814121     
  0.53833791345450710     
  0.54124132570815497     
  0.54124133934405816     
  0.54415263620897047     
  0.54415264428889720     
  0.54707182186861336     
  0.54707183284484229     
  0.54999888941601982     
  0.54999889828756887     
  0.55293383251757244     
  0.55293384691733960     
  0.55587666052699336     
  0.55587666943870007     
  0.55882736124426813     
  0.55882737795357718     
  0.56178593859462700     
  0.56178596860497299     
  0.56475238466319377     
  0.56475244927019719     
  0.56772672851481298     
  0.56772679088642253     
  0.57070893967960679     
  0.57070902392497058     
  0.57369905354789386     
  0.57369911298119414     
  0.57669703759059765     
  0.57669709057874385     
  0.57970290132282154     
  0.57970294720279369     
  0.58271664578803650     
  0.58271668180412972     
  0.58573826874038881     
  0.58573829662367194     
  0.58876777242181277     
  0.58876778941542640     
  0.59180514836291864     
  0.59180516864340249     
  0.59485040764461683     
  0.59485042322245918     
  0.59790354676333668     
  0.59790355665105055     
  0.60096456020358946     
  0.60096457443858586     
  0.60403345661437080     
  0.60403346795033908     
  0.60711022751736854     
  0.60711024560996874     
  0.61019488652518816     
  0.61019489391535564     
  0.61328741556796296     
  0.61328743076445713     
  0.61638781440742052     
  0.61638785652556827     
  0.61949609091880997     
  0.61949616325727086     
  0.62261225671007592     
  0.62261233936350657     
  0.62573629663685604     
  0.62573639999543174     
  0.62886824212376302     
  0.62886831370634944     
  0.63200805449433339     
  0.63200811916972677     
  0.63515574782655926     
  0.63515580231197055     
  0.63831132176754868     
  0.63831136348033457     
  0.64147477287361865     
  0.64147480611442786     
  0.64464610631987029     
  0.64464612503635510     
  0.64782530949879924     
  0.64782533284852417     
  0.65101239648849341     
  0.65101241546971067     
  0.65420736183685568     
  0.65420737834738463     
  0.65741020336573841     
  0.65741022365188229     
  0.66062092823656016     
  0.66062094425597995     
  0.66383952601096274     
  0.66383955049410304     
  0.66706601637323470     
  0.66706602290860062     
  0.67030037316157709     
  0.67030038732043107     
  0.67354258883254292     
  0.67354265154257142     
  0.67679269568786038     
  0.67679278313836377     
  0.68005067920717133     
  0.68005079666294144     
  0.68331654743332981     
  0.68331668409019941     
  0.68659032598055669     
  0.68659041976397339     
  0.68987196620974212     
  0.68987205232519999     
  0.69316148952033008     
  0.69316156038644938     
  0.69645889336631994     
  0.69645894648681017     
  0.69976417256273793     
  0.69976421580768133     
  0.70307733657234694     
  0.70307735888491740     
  0.70639836610932893     
  0.70639839499838619     
  0.70972728005461749     
  0.70972730526505257     
  0.71306406844202697     
  0.71306409964611372     
  0.71640873870086086     
  0.71640877069802644     
  0.71976129210619655     
  0.71976131723081993     
  0.72312171560081884     
  0.72312175206523854     
  0.72649003831922576     
  0.72649004660266714     
  0.72986622324068595     
  0.72986623706726239     
  0.73325024671651273     
  0.73325034775519771     
  0.73664218462200337     
  0.73664230246132378     
  0.74004197744009725     
  0.74004216080394913     
  0.74344967379881866     
  0.74344987419636688     
  0.74686528942294528     
  0.74686542681381507     
  0.75028875718578725     
  0.75028888579846942     
  0.75372011216116719     
  0.75372021610734918     
  0.75715934766784931     
  0.75715942440944151     
  0.76060645548915085     
  0.76060651891781872     
  0.76406145270955528     
  0.76406148254915873     
  0.76752430731461174     
  0.76752434730782093     
  0.77099504726768553     
  0.77099508522997307     
  0.77447365261563472     
  0.77447371626088657     
  0.77796015313642175     
  0.77796021058352149     
  0.78145453623053440     
  0.78145458105315058     
  0.78495678328164642     
  0.78495684559705348     
  0.78846694180894306     
  0.78846695830638291     
  0.79198495688757420     
  0.79198497170592264     
  0.79551076581433944     
  0.79551095049073028     
  0.79904453779138251     
  0.79904472440891861     
  0.80258611804192859     
  0.80258644859828199     
  0.80613564286173212     
  0.80613598688783705     
  0.80969310698893993     
  0.80969334421519912     
  0.81325840175098285     
  0.81325862932393078     
  0.81683159373640557     
  0.81683177572323318     
  0.82041266643714961     
  0.82041279988564508     
  0.82400160482927054     
