   1.6642722925596664E-004
   1.6787315800498474E-004
   1.7200918098341921E-004
   1.7640672010777800E-004
   4.2932131498187736E-004
   4.2970090414094520E-004
   4.4383857626739893E-004
   4.4743761763191796E-004
   6.5776115143113367E-004
   6.6093997955157823E-004
   6.8508727371455929E-004
   6.8960065655833923E-004
   8.2853468553062025E-004
   8.3474941155509228E-004
   9.1654113576705601E-004
   9.2466932854732935E-004
   1.0456625880253072E-003
   1.0559519244979834E-003
   1.1792631877393153E-003
   1.1912074065262212E-003
   1.3237601987482236E-003
   1.3377754120084716E-003
   1.4757521175644359E-003
   1.4915068670401329E-003
   1.6346256655258090E-003
   1.6522487686156098E-003
   1.7995101331119952E-003
   1.8188100299997680E-003
   1.9696094868616875E-003
   1.9907870739070636E-003
   2.1449026671947940E-003
   2.1675254591724206E-003
   2.3238511015266699E-003
   2.3479307934145283E-003
   2.5075451933385443E-003
   2.5324355330961206E-003
   2.6941352862272796E-003
   2.7198062726839388E-003
   2.8838158701713097E-003
   2.9099789326591449E-003
   3.0756463054546390E-003
   3.1018132413313890E-003
   3.2696349272090691E-003
   3.2951765247769432E-003
   3.4654480659355841E-003
   3.4892921266657675E-003
   3.6628975521712081E-003
   3.6833706590435945E-003
   3.8611630283848586E-003
   3.8762896196914962E-003
   4.0580687325919660E-003
   4.0687807848857139E-003
   4.2457465367641088E-003
   4.2664243243999943E-003
   4.4214336825709709E-003
   4.4676637607432455E-003
   4.5879501297462488E-003
   4.6721488392021593E-003
   4.7536313012464049E-003
   4.8827903617535166E-003
   4.9273773150185548E-003
   5.0979785751119836E-003
   5.1189733836356560E-003
   5.3195415978868283E-003
   5.3294756985679294E-003
   5.5481504335792749E-003
   5.5564840165081069E-003
   5.7858508876024650E-003
   5.7957317305741655E-003
   6.0339374113187790E-003
   6.0442619280647557E-003
   6.2918796672602932E-003
   6.3014475443888031E-003
   6.5588356479160843E-003
   6.5673933862366455E-003
   6.8346167384813012E-003
   6.8417816031007099E-003
   7.1187172113076303E-003
   7.1247448720063991E-003
   7.4110971245664545E-003
   7.4160448521847968E-003
   7.7115933918306600E-003
   7.7156217591606725E-003
   8.0202209927310274E-003
   8.0232789026633330E-003
   8.3368238722221193E-003
   8.3390244673683372E-003
   8.6612321159959850E-003
   8.6629116030739316E-003
   8.9933440744305315E-003
   8.9949436366886151E-003
   9.3332199608065162E-003
   9.3349770157834001E-003
   9.6809049118728278E-003
   9.6828950581077343E-003
   1.0036462354671595E-002
   1.0038571894383678E-002
   1.0399889483717428E-002
   1.0401955495196614E-002
   1.0770792393310899E-002
   1.0773395213411242E-002
   1.1149941585889080E-002
   1.1152078544302571E-002
   1.1536683426558319E-002
   1.1538620002759788E-002
   1.1931083744904548E-002
   1.1932925162177194E-002
   1.2332973476854246E-002
   1.2335136584085710E-002
   1.2742818329085939E-002
   1.2744763906636680E-002
   1.3160328437166420E-002
   1.3162073822101977E-002
   1.3585583915165822E-002
   1.3586966245281079E-002
   1.4018437926677575E-002
   1.4019570633783165E-002
   1.4458907148336668E-002
   1.4459855103955565E-002
   1.4906995317461277E-002
   1.4907801787862839E-002
   1.5362690683744153E-002
   1.5363410009877327E-002
   1.5825984202672238E-002
   1.5826677321938730E-002
   1.6296890263621709E-002
   1.6297578748593118E-002
   1.6775394480703434E-002
   1.6776119171974878E-002
   1.7261514221834279E-002
   1.7262272438393293E-002
   1.7755250974288296E-002
   1.7756028947228154E-002
   1.8256552606009689E-002
   1.8257433618622927E-002
   1.8765409670710265E-002
   1.8766489398427157E-002
   1.9282217292107412E-002
   1.9282794292010935E-002
   1.9806330309602330E-002
   1.9806987521379094E-002
   2.0337889468733630E-002
   2.0338924207493555E-002
   2.0877071047066237E-002
   2.0878423610681436E-002
   2.1424270791669441E-002
   2.1425084465638691E-002
   2.1978840072182777E-002
   2.1979550755301312E-002
   2.2541017953500123E-002
   2.2541580275744922E-002
   2.3110708407937466E-002
   2.3111265525928903E-002
   2.3687995050063099E-002
   2.3688519678766166E-002
   2.4272884486551193E-002
   2.4273332995799014E-002
   2.4865363867467790E-002
   2.4865715489198869E-002
   2.5465405640479832E-002
   2.5465692023622134E-002
   2.6073013220697532E-002
   2.6073256714571957E-002
   2.6688173672511282E-002
   2.6688420205562315E-002
   2.7310899838878584E-002
   2.7311167463005381E-002
   2.7941186964198547E-002
   2.7941501212346492E-002
   2.8579035086086231E-002
   2.8579419546544641E-002
   2.9224485939201308E-002
   2.9224878883710614E-002
   2.9877669780424297E-002
   2.9877747170439860E-002
   3.0538104365692251E-002
   3.0538505153039987E-002
   3.1206108029294809E-002
   3.1206833328808890E-002
   3.1881847246772045E-002
   3.1882563723489826E-002
   3.2565366945814050E-002
   3.2565649704448425E-002
   3.3256205730058490E-002
   3.3256551506171857E-002
   3.3954651838643983E-002
   3.3954979937540514E-002
   3.4660627712366318E-002
   3.4661011423026904E-002
   3.5374208317049786E-002
   3.5374569958967206E-002
   3.6095376673193895E-002
   3.6095671499140669E-002
   3.6824110795681396E-002
   3.6824337102952624E-002
   3.7560401405448501E-002
   3.7560575172043024E-002
   3.8304263634127395E-002
   3.8304369745007796E-002
   3.9055682779879627E-002
   3.9055734741947956E-002
   3.9814647934514655E-002
   3.9814680321666289E-002
   4.0581146695984345E-002
   4.0581218182610304E-002
   4.1355212219408938E-002
   4.1355314492286369E-002
   4.2136871495882001E-002
   4.2136941601393710E-002
   4.2926065554197146E-002
   4.2926157866133831E-002
   4.3722750558783385E-002
   4.3723006573275165E-002
   4.4526994453260360E-002
   4.4527419289903523E-002
   4.5338933770225145E-002
   4.5339258899127967E-002
   4.6158521606110253E-002
   4.6158571710612550E-002
   4.6985456150066413E-002
   4.6985659125918948E-002
   4.7820013952618375E-002
   4.7820244184716171E-002
   4.8662116911831872E-002
   4.8662404541627152E-002
   4.9511814636050006E-002
   4.9512090172192873E-002
   5.0369085798080929E-002
   5.0369321989862367E-002
   5.1233910796677010E-002
   5.1234119221771984E-002
   5.2106290668042315E-002
   5.2106480481958969E-002
   5.2986239732607111E-002
   5.2986391102741184E-002
   5.3873744368866223E-002
   5.3873864375671966E-002
   5.4768805005945692E-002
   5.4768899562193003E-002
   5.5671428349933369E-002
   5.5671489654640458E-002
   5.6581597366923315E-002
   5.6581651396713090E-002
   5.7499308005634138E-002
   5.7499388571619146E-002
   5.8424564371110800E-002
   5.8424696808443262E-002
   5.9357395824382375E-002
   5.9357546487352600E-002
   6.0297757770259690E-002
   6.0297981974387176E-002
   6.1245767525348153E-002
   6.1245885708751446E-002
   6.2201320100029288E-002
   6.2201362435099342E-002
   6.3164348656150657E-002
   6.3164478798274054E-002
   6.4134961546466973E-002
   6.4135126248717728E-002
   6.5113124529310076E-002
   6.5113338827859427E-002
   6.6098871183764313E-002
   6.6099082764147776E-002
   6.7092183383920104E-002
   6.7092375992038503E-002
   6.8093046420029002E-002
   6.8093233044527246E-002
   6.9101462227748767E-002
   6.9101651826827357E-002
   7.0117444962308137E-002
   7.0117618018091993E-002
   7.1140984648019018E-002
   7.1141141431437085E-002
   7.2172080600267030E-002
   7.2172222605185701E-002
   7.3210737626866640E-002
   7.3210856582487674E-002
   7.4256942278536547E-002
   7.4257056677241057E-002
   7.5310691061530863E-002
   7.5310826256966140E-002
   7.6372008611783490E-002
   7.6372140549541695E-002
   7.7440873888673684E-002
   7.7441020461094745E-002
   7.8517302091006130E-002
   7.8517450682331610E-002
   7.9601331234415845E-002
   7.9601393077817773E-002
   8.0692870556374238E-002
   8.0692938292928604E-002
   8.1791959724714161E-002
   8.1792046554531109E-002
   8.2898602701795263E-002
   8.2898713801441370E-002
   8.4012795950879265E-002
   8.4012943470180151E-002
   8.5134563600854612E-002
   8.5134711332942120E-002
   8.6263892160767269E-002
   8.6264030783318499E-002
   8.7400770904007233E-002
   8.7400912454212082E-002
   8.8545199600000374E-002
   8.8545356495397617E-002
   8.9697193263004613E-002
   8.9697347807528166E-002
   9.0856745789975629E-002
   9.0856892404614017E-002
   9.2023853529829017E-002
   9.2023993860513631E-002
   9.3198521410120513E-002
   9.3198647167696769E-002
   9.4380741175033450E-002
   9.4380860513452389E-002
   9.5570505476239714E-002
   9.5570641176587937E-002
   9.6767842270791701E-002
   9.6767961125103677E-002
   9.7972697561731631E-002
   9.7972874285421424E-002
   9.9185152873967591E-002
   9.9185299075268962E-002
  0.10040518257489410     
  0.10040526105553002     
  0.10163274171098741     
  0.10163280511964613     
  0.10286784464671588     
  0.10286791684267822     
  0.10411050710312195     
  0.10411058045089186     
  0.10536071721768017     
  0.10536080775126985     
  0.10661849437102167     
  0.10661857930817729     
  0.10788382801540029     
  0.10788390561612722     
  0.10915671133105515     
  0.10915679344158277     
  0.11043714214364192     
  0.11043724491290544     
  0.11172513568890376     
  0.11172524474817067     
  0.11302068915403626     
  0.11302079570894770     
  0.11432379618878104     
  0.11432390410087268     
  0.11563446283823618     
  0.11563456383416224     
  0.11695268693275741     
  0.11695277703866507     
  0.11827845373668779     
  0.11827855840810146     
  0.11961178679914032     
  0.11961188435144206     
  0.12095262946600793     
  0.12095281148614000     
  0.12230108993636266     
  0.12230123157837951     
  0.12365711699408631     
  0.12365719579691489     
  0.12502068311714531     
  0.12502073163223243     
  0.12639177256870934     
  0.12639185478569845     
  0.12777044192163711     
  0.12777050865348172     
  0.12915666020261107     
  0.12915672417536772     
  0.13055044441121755     
  0.13055048431927507     
  0.13195178057563903     
  0.13195180302589696     
  0.13336066284106687     
  0.13336068611904045     
  0.13477709155612011     
  0.13477713322100424     
  0.13620107980638252     
  0.13620113121905503     
  0.13763262733601392     
  0.13763268033942669     
  0.13907172677833804     
  0.13907178792128871     
  0.14051838497598396     
  0.14051844709610495     
  0.14197260703366352     
  0.14197265273265020     
  0.14343436973565757     
  0.14343442802137116     
  0.14490368885686378     
  0.14490375716272044     
  0.14638052289857156     
  0.14638068163600818     
  0.14786497739780585     
  0.14786509587986743     
  0.14935699477056583     
  0.14935705744780825     
  0.15085655330695252     
  0.15085658803215557     
  0.15236362220209784     
  0.15236371841683841     
  0.15387828459716668     
  0.15387836544042074     
  0.15540049700929079     
  0.15540057256408890     
  0.15693027557665465     
  0.15693032362956413     
  0.15846760249893874     
  0.15846763641766456     
  0.16001247647188396     
  0.16001251221474505     
  0.16156491378479257     
  0.16156493471212049     
  0.16312490681272815     
  0.16312491151668593     
  0.16469244514187198     
  0.16469245302513177     
  0.16626753529804847     
  0.16626755269411317     
  0.16785017969819541     
  0.16785020809036313     
  0.16944039083935733     
  0.16944040669937049     
  0.17103815330710628     
  0.17103816392021992     
  0.17264345632471301     
  0.17264349051285610     
  0.17425628433038715     
  0.17425640202818629     
  0.17587672640217564     
  0.17587680937071262     
  0.17750472812058143     
  0.17750476694171488     
  0.17914026794673887     
  0.17914029626865730     
  0.18078332132358615     
  0.18078342189618010     
  0.18243397088183952     
  0.18243406117946953     
  0.18409217025553146     
  0.18409226046977192     
  0.18575793457499007     
  0.18575800462394224     
  0.18743124801661293     
  0.18743130945246816     
  0.18911210844075635     
  0.18911217708452183     
  0.19080053158811516     
  0.19080059176685901     
  0.19249651157444139     
  0.19249655937033608     
  0.19420004275116798     
  0.19420008553291387     
  0.19591113232069779     
  0.19591116304101810     
  0.19762977101610385     
  0.19762980114976109     
  0.19935595790367969     
  0.19935600078412880     
  0.20108971110019525     
  0.20108974381600972     
  0.20283102905581574     
  0.20283103178189410     
  0.20457985133469944     
  0.20457992511114592     
  0.20633627857203060     
  0.20633632315756689     
  0.20810026138467655     
  0.20810027529345307     
  0.20987177775225258     
  0.20987180353043175     
  0.21165082244005623     
  0.21165091309547082     
  0.21343745717781593     
  0.21343754224928527     
  0.21523164168241524     
  0.21523173126478065     
  0.21703338979527523     
  0.21703346629217254     
  0.21884268995620432     
  0.21884275888229543     
  0.22065953583959327     
  0.22065961535397816     
  0.22248394176918163     
  0.22248402137608539     
  0.22431590720122863     
  0.22431597748217710     
  0.22615542578653261     
  0.22615549001377055     
  0.22800250232104735     
  0.22800255416790452     
  0.22985713213041994     
  0.22985717460940056     
  0.23171930332927862     
  0.23171936322262740     
  0.23358903873591852     
  0.23358909717794446     
  0.23546634381925607     
  0.23546637099557072     
  0.23735117782610252     
  0.23735122542478782     
  0.23924359268816364     
  0.23924360852889362     
  0.24114355006319921     
  0.24114355864219267     
  0.24305105317002168     
  0.24305107253882283     
  0.24496609237842776     
  0.24496615984332687     
  0.24688871198799936     
  0.24688877625039449     
  0.24881888135630248     
  0.24881895239543242     
  0.25075661200316635     
  0.25075667675296365     
  0.25270189846327301     
  0.25270195478152319     
  0.25465473015011103     
  0.25465479706236877     
  0.25661511789492059     
  0.25661519276018113     
  0.25858306733090292     
  0.25858313623458756     
  0.26055857127180554     
  0.26055863466556184     
  0.26254163126930324     
  0.26254168649699433     
  0.26453224894850597     
  0.26453229009609192     
  0.26653040680145007     
  0.26653046297425098     
  0.26853612236551838     
  0.26853618758201198     
  0.27054940766835267     
  0.27054945188377683     
  0.27257023250323592     
  0.27257028608392891     
  0.27459863097219511     
  0.27459865607993433     
  0.27663456986117624     
  0.27663459507814481     
  0.27867807207304685     
  0.27867808017057094     
  0.28072910477199287     
  0.28072914418782113     
  0.28278771127039004     
  0.28278774381480071     
  0.28485386632312398     
  0.28485390429187962     
  0.28692757880817049     
  0.28692761673699974     
  0.28900885044794528     
  0.28900887942312464     
  0.29109766960774935     
  0.29109770398050128     
  0.29319403931280980     
  0.29319408738106567     
  0.29529797173583644     
  0.29529801744770418     
  0.29740945929037271     
  0.29740950176197511     
  0.29952849962850703     
  0.29952854266862960     
  0.30165510210537644     
  0.30165513080693129     
  0.30378925012022573     
  0.30378928278151462     
  0.30593094468628951     
  0.30593099756800379     
  0.30808020580778323     
  0.30808025515725129     
  0.31023701121137415     
  0.31023707782122267     
  0.31240139353185609     
  0.31240143292663236     
  0.31457331829609869     
  0.31457335493879202     
  0.31675280466560496     
  0.31675282469331539     
  0.31893982792460396     
  0.31893986690059817     
  0.32113442333451891     
  0.32113444629830445     
  0.32333657033867225     
  0.32333658343986899     
  0.32554626885461219     
  0.32554627840449996     
  0.32776351452858016     
  0.32776353554325860     
  0.32998832463750710     
  0.32998833757590035     
  0.33222068647109854     
  0.33222069720947373     
  0.33446059916176368     
  0.33446061530908133     
  0.33670806816317939     
  0.33670808641797767     
  0.33896308728723734     
  0.33896311672146162     
  0.34122566655868042     
  0.34122569619110349     
  0.34349581285536795     
  0.34349581795182044     
  0.34577349151464609     
  0.34577351665687511     
  0.34805872537449567     
  0.34805876946574660     
  0.35035151014680099     
  0.35035158066613326     
  0.35265187560853906     
  0.35265192048219152     
  0.35495978344022666     
  0.35495982722652886     
  0.35727524481724221     
  0.35727528972296807     
  0.35959824848836142     
  0.35959831921745428     
  0.36192882507649282     
  0.36192888508667370     
  0.36426695416180188     
  0.36426700774806375     
  0.36661264022137441     
  0.36661268272174341     
  0.36896586821158750     
  0.36896592504999670     
  0.37132665612375371     
  0.37132671674006523     
  0.37369500736040945     
  0.37369505438526962     
  0.37607090591204118     
  0.37607095399319285     
  0.37845436014798683     
  0.37845440719328877     
  0.38084537058507983     
  0.38084541346587802     
  0.38324392782118899     
  0.38324398221015060     
  0.38565004878345482     
  0.38565009650390097     
  0.38806373934994220     
  0.38806375045779523     
  0.39048495512071996     
  0.39048498847103935     
  0.39291372120919660     
  0.39291378543167660     
  0.39535006768614250     
  0.39535011126874986     
  0.39779395639573556     
  0.39779400413263266     
  0.40024539143764154     
  0.40024545992428201     
  0.40270437534462200     
  0.40270447610656651     
  0.40517093307515373     
  0.40517102772030406     
  0.40764504341433999     
  0.40764513597843482     
  0.41012671444897075     
  0.41012679279169395     
  0.41261592820785919     
  0.41261601613024534     
  0.41511269512716664     
  0.41511279555866731     
  0.41761702797192513     
  0.41761711830776083     
  0.42012891150047926     
  0.42012899961656636     
  0.42264835091314090     
  0.42264843428466875     
  0.42517535071661711     
  0.42517541780272161     
  0.42770989213777860     
  0.42770996893967150     
  0.43025198948293408     
  0.43025207340391580     
  0.43280166361142119     
  0.43280171031383657     
  0.43535888446161686     
  0.43535890973278119     
  0.43792363632523795     
  0.43792368737392945     
  0.44049596139507979     
  0.44049600104493419     
  0.44307583136886020     
  0.44307587904161472     
  0.44566324239912852     
  0.44566332521284291     
  0.44825820918277098     
  0.44825832485896938     
  0.45086074756642319     
  0.45086086213256488     
  0.45347083873851757     
  0.45347095584355718     
  0.45608849318735645     
  0.45608859550157849     
  0.45871369491757857     
  0.45871379710019522     
  0.46134644248921730     
  0.46134656208152935     
  0.46398675555685920     
  0.46398687078840722     
  0.46663462397342598     
  0.46663473336419897     
  0.46929004770892591     
  0.46929014983871103     
  0.47195303389195792     
  0.47195311308152316     
  0.47462356221457275     
  0.47462364339328184     
  0.47730163613310778     
  0.47730173735050796     
  0.47998728959583370     
  0.47998736096002176     
  0.48268050623546022     
  0.48268053059553911     
  0.48538124917808384     
  0.48538128314036405     
  0.48808955100564327     
  0.48808958601967461     
  0.49080540556982238     
  0.49080544536721843     
  0.49352879763367713     
  0.49352887642251747     
  0.49625975003277212     
  0.49625985634854514     
  0.49899826885686011     
  0.49899837905605332     
  0.50174434051953354     
  0.50174445813015234     
  0.50449797579936284     
  0.50449808279082908     
  0.50725916729681564     
  0.50725926043486824     
  0.51002789925224745     
  0.51002800682353477     
  0.51280419192997606     
  0.51280430169244107     
  0.51558804573899730     
  0.51558814462863567     
  0.51837945290204746     
  0.51837954340827630     
  0.52117842153211535     
  0.52117848991775428     
  0.52398494007278684     
  0.52398499570247103     
  0.52679899092792293     
  0.52679907841398399     
  0.52962061863440280     
  0.52962069343935636     
  0.53244981965249316     
  0.53244984433282339     
  0.53528655693985117     
  0.53528656814923081     
  0.53813083400022566     
  0.53813086140946897     
  0.54098267677544909     
  0.54098269813667943     
  0.54384205886067027     
  0.54384210474224470     
  0.54670899912887339     
  0.54670906235064753     
  0.54958349848305654     
  0.54958357006301750     
  0.55246554959064575     
  0.55246563521076819     
  0.55535515943130898     
  0.55535525081363490     
  0.55825233651465300     
  0.55825240835987211     
  0.56115706128959086     
  0.56115712739952084     
  0.56406933350837363     
  0.56406940818135121     
  0.56698917228471635     
  0.56698923158939596     
  0.56991656204947738     
  0.56991661319090281     
  0.57285150239520033     
  0.57285155339311611     
  0.57579401456640067     
  0.57579403093784520     
  0.57874405563597819     
  0.57874408883016359     
  0.58170165199653923     
  0.58170170056603576     
  0.58466681658175912     
  0.58466685323960244     
  0.58763953517810852     
  0.58763956107440674     
  0.59061979973912859     
  0.59061983217506886     
  0.59360761523071059     
  0.59360766150259969     
  0.59660300097905561     
  0.59660302974838719     
  0.59960593399553430     
  0.59960595989210286     
  0.60261641505329888     
  0.60261645117127216     
  0.60563444559832114     
  0.60563450213786152     
  0.60866001960686666     
  0.60866011881571414     
  0.61169315823529213     
  0.61169328005027745     
  0.61473386884944148     
  0.61473397847207922     
  0.61778212659482801     
  0.61778223893244144     
  0.62083793669421394     
  0.62083805621039789     
  0.62390130602758453     
  0.62390142342425015     
  0.62697222342292769     
  0.62697235174339894     
  0.63005069864831431     
  0.63005083138338946     
  0.63313675533487990     
  0.63313683882494987     
  0.63623036438002123     
  0.63623040300191214     
  0.63933148199835610     
  0.63933156775752131     
  0.64244017511017382     
  0.64244026616944172     
  0.64555642569255589     
  0.64555651637535605     
  0.64868020710963825     
  0.64868034487296722     
  0.65181155431145665     
  0.65181171675669447     
  0.65495045993503986     
  0.65495063936523290     
  0.65809692354898675     
  0.65809711315087449     
  0.66125094352814817     
  0.66125113973302641     
  0.66441250791213025     
  0.66441273107186749     
  0.66758161198733545     
  0.66758189188970085     
  0.67075829159752920     
  0.67075858634332486     
  0.67394253292282591     
  0.67394282823503537     
  0.67713431927035395     
  0.67713463426533049     
  0.68033367164078318     
  0.68033398343228302     
  0.68354058240911864     
  0.68354088334970886     
  0.68675503262961302     
  0.68675535293123480     
  0.68997707560819932     
  0.68997733911273262     
  0.69320669673340585     
  0.69320685612902311     
  0.69644380985860921     
  0.69644399028870041     
  0.69968847678078805     
  0.69968867977421356     
  0.70294070575055667     
  0.70294091655421598     
  0.70620044965765438     
  0.70620074746563677     
  0.70946774768785326     
  0.70946813343458492     
  0.71274262023821933     
  0.71274305401227100     
  0.71602505541748696     
  0.71602552112832163     
  0.71931505388604733     
  0.71931553410670368     
  0.72261261067085925     
  0.72261309791742068     
  0.72591769296312847     
  0.72591824538071958     
  0.72923033832246886     
  0.72923093896344149     
  0.73255056076863445     
  0.73255116459745206     
  0.73587832704860690     
  0.73587895554918414     
  0.73921366260604859     
  0.73921428636901843     
  0.74255657257159324     
  0.74255715189590732     
  0.74590700098734974     
  0.74590760796319799     
  0.74926502881092572     
  0.74926557451283438     
  0.75263066815637147     
  0.75263103801645881     
  0.75600378872343832     
  0.75600412939321260     
  0.75938442213380930     
  0.75938481701360416     
  0.76277262082513608     
  0.76277304898369036     
  0.76616831595390189     
  0.76616889337672067     
  0.76957154420750651     
  0.76957231385103497     
  0.77298236897984685     
  0.77298324691763998     
  0.77640076117121759     
  0.77640172175845079     
  0.77982672757790761     
  0.77982773153730178     
  0.78326027365659279     
  0.78326127078812069     
  0.78670134800522407     
